#
# A fatal error has been detected by the Java Runtime Environment:
#
#  SIGSEGV (0xb) at pc=0x00007fb1c66d7d39, pid=82491, tid=0x00007fb1e4f20640
#
# JRE version: OpenJDK Runtime Environment (8.0_442-b06) (build 1.8.0_442-8u442-b06~us1-0ubuntu1~20.04-b06)
# Java VM: OpenJDK 64-Bit Server VM (25.442-b06 mixed mode linux-amd64 compressed oops)
# Problematic frame:
# C  [librocksdbjni4045295623429518223.so+0x2d7d39]  rocksdb_put_helper(JNIEnv_*, rocksdb::DB*, rocksdb::WriteOptions const&, rocksdb::ColumnFamilyHandle*, _jbyteArray*, int, int, _jbyteArray*, int, int)+0x1d9
#
# Failed to write core dump. Core dumps have been disabled. To enable core dumping, try "ulimit -c unlimited" before starting Java again
#
# If you would like to submit a bug report, please visit:
#   http://bugreport.java.com/bugreport/crash.jsp
# The crash happened outside the Java Virtual Machine in native code.
# See problematic frame for where to report the bug.
#

---------------  T H R E A D  ---------------

Current thread (0x00007fb1e0011000):  JavaThread "main" [_thread_in_native, id=82496, stack(0x00007fb1e4e21000,0x00007fb1e4f21000)]

siginfo: si_signo: 11 (SIGSEGV), si_code: 1 (SEGV_MAPERR), si_addr: 0x000000000000008e

Registers:
RAX=0x000000000000002e, RBX=0x00007fb1e0011260, RCX=0x00007fb1e4f1f5a0, RDX=0x00007fb1c7156ab0
RSP=0x00007fb1e4f1f580, RBP=0x00007fb1e4f1f620, RSI=0x00007fb1e06f5340, RDI=0x00007fb1e4f1f5e0
R8 =0x00007fb1e4f1f5b0, R9 =0x0000000000000079, R10=0x00007fb1d102081c, R11=0x00007fb1e5c30a10
R12=0x00007fb1e0a60a30, R13=0x00007fb1e4f1f5e0, R14=0x00007fb1e094e5f0, R15=0x00007fb1e06f5340
RIP=0x00007fb1c66d7d39, EFLAGS=0x0000000000010246, CSGSFS=0x002b000000000033, ERR=0x0000000000000004
  TRAPNO=0x000000000000000e

Top of Stack: (sp=0x00007fb1e4f1f580)
0x00007fb1e4f1f580:   0000000000000001 0000000000000000
0x00007fb1e4f1f590:   00007fb1c7156ab0 0000000000000079
0x00007fb1e4f1f5a0:   00007fb1e0a60a30 0000000000000018
0x00007fb1e4f1f5b0:   00007fb1e094e5f0 0000000000000079
0x00007fb1e4f1f5c0:   0000000000000000 0000000000000000
0x00007fb1e4f1f5d0:   0000000000000000 0000000000000000
0x00007fb1e4f1f5e0:   00000000e0f3fbc8 00007fb1e4f1f5e8
0x00007fb1e4f1f5f0:   00007fb1c51bae78 00007fb1e0011260
0x00007fb1e4f1f600:   00007fb1e06f5340 00007fb1e4f1f768
0x00007fb1e4f1f610:   00007fb1e4f1f780 00007fb1e0011000
0x00007fb1e4f1f620:   00007fb1e4f1f680 00007fb1c66d7dc8
0x00007fb1e4f1f630:   0000000000000018 00007fb1e4f1f750
0x00007fb1e4f1f640:   0000000000000000 0000000000000079
0x00007fb1e4f1f650:   0000000000000000 00007fb1e4f1f6f0
0x00007fb1e4f1f660:   00007fb1e4f1f6b8 00007fb1cd17a9b8
0x00007fb1e4f1f670:   0000000000000000 00007fb1cd17a9b0
0x00007fb1e4f1f680:   00007fb1e4f1f720 00007fb1d1020848
0x00007fb1e4f1f690:   00007fb1e4f1f750 0000000000000000
0x00007fb1e4f1f6a0:   0000000000000079 00000000000000bc
0x00007fb1e4f1f6b0:   00007fb1e0011000 00007fb1e4f1f6b8
0x00007fb1e4f1f6c0:   00007fb1c5198c58 00007fb1e4f1f710
0x00007fb1e4f1f6d0:   00007fb1c519c5f0 00007fb1c4ef2fb0
0x00007fb1e4f1f6e0:   00007fb1e4f1f6e0 0000000000000000
0x00007fb1e4f1f6f0:   00007fb1e4f1f780 00007fb1cd190310
0x00007fb1e4f1f700:   0000000000000000 00007fb1cd17a9b8
0x00007fb1e4f1f710:   0000000000000000 00007fb1e4f1f740
0x00007fb1e4f1f720:   00007fb1e4f1f7c8 00007fb1d100809d
0x00007fb1e4f1f730:   0000000000000000 00007fb1d1016a78
0x00007fb1e4f1f740:   0000000000000079 0000000000000000
0x00007fb1e4f1f750:   00000000e0f43d68 0000000000000018
0x00007fb1e4f1f760:   0000000000000000 00000000e0f3e768
0x00007fb1e4f1f770:   00007fb1e06f5340 00007fb1e4f1f778 

Instructions: (pc=0x00007fb1c66d7d39)
0x00007fb1c66d7d19:   1f 84 00 00 00 00 00 4c 8d 6d c0 48 8d 4d 80 4c
0x00007fb1c66d7d29:   8d 45 90 48 8b 95 70 ff ff ff 4c 89 fe 4c 89 ef
0x00007fb1c66d7d39:   ff 50 60 4c 8d 7d a0 4c 89 ee 4c 89 ff e8 f5 03
0x00007fb1c66d7d49:   f9 ff 48 8b 7d c8 48 85 ff 0f 85 3a ff ff ff e9 

Register to memory mapping:

RAX=0x000000000000002e is an unknown value
RBX=0x00007fb1e0011260 is an unknown value
RCX=0x00007fb1e4f1f5a0 is pointing into the stack for thread: 0x00007fb1e0011000
RDX=0x00007fb1c7156ab0: <offset 0xd56ab0> in /tmp/librocksdbjni4045295623429518223.so at 0x00007fb1c6400000
RSP=0x00007fb1e4f1f580 is pointing into the stack for thread: 0x00007fb1e0011000
RBP=0x00007fb1e4f1f620 is pointing into the stack for thread: 0x00007fb1e0011000
RSI=0x00007fb1e06f5340 is an unknown value
RDI=0x00007fb1e4f1f5e0 is pointing into the stack for thread: 0x00007fb1e0011000
R8 =0x00007fb1e4f1f5b0 is pointing into the stack for thread: 0x00007fb1e0011000
R9 =0x0000000000000079 is an unknown value
R10=0x00007fb1d102081c is at code_begin+1596 in an Interpreter codelet
method entry point (kind = native)  [0x00007fb1d10201e0, 0x00007fb1d10211c0]  4064 bytes
R11=0x00007fb1e5c30a10: <offset 0xa2ba10> in /usr/lib/jvm/java-8-openjdk-amd64/jre/lib/amd64/server/libjvm.so at 0x00007fb1e5205000
R12=0x00007fb1e0a60a30 is an unknown value
R13=0x00007fb1e4f1f5e0 is pointing into the stack for thread: 0x00007fb1e0011000
R14=0x00007fb1e094e5f0 is an unknown value
R15=0x00007fb1e06f5340 is an unknown value


Stack: [0x00007fb1e4e21000,0x00007fb1e4f21000],  sp=0x00007fb1e4f1f580,  free space=1017k
Native frames: (J=compiled Java code, j=interpreted, Vv=VM code, C=native code)
C  [librocksdbjni4045295623429518223.so+0x2d7d39]  rocksdb_put_helper(JNIEnv_*, rocksdb::DB*, rocksdb::WriteOptions const&, rocksdb::ColumnFamilyHandle*, _jbyteArray*, int, int, _jbyteArray*, int, int)+0x1d9
C  [librocksdbjni4045295623429518223.so+0x2d7dc8]  Java_org_rocksdb_RocksDB_put__J_3BII_3BII+0x48
j  org.rocksdb.RocksDB.put(J[BII[BII)V+0
j  org.rocksdb.RocksDB.put([B[B)V+13
j  com.example.base.store.RocksDBStore.put(Ljava/lang/String;Ljava/lang/Object;)Z+12
j  com.example.base.entities.wallet.MockWalletAndTransactions.main([Ljava/lang/String;)V+352
v  ~StubRoutines::call_stub
V  [libjvm.so+0x6a7385]
V  [libjvm.so+0x72897d]
V  [libjvm.so+0x72b54e]
C  [libjli.so+0x4802]
C  [libjli.so+0x8dc1]
C  [libc.so.6+0x94b43]

Java frames: (J=compiled Java code, j=interpreted, Vv=VM code)
j  org.rocksdb.RocksDB.put(J[BII[BII)V+0
j  org.rocksdb.RocksDB.put([B[B)V+13
j  com.example.base.store.RocksDBStore.put(Ljava/lang/String;Ljava/lang/Object;)Z+12
j  com.example.base.entities.wallet.MockWalletAndTransactions.main([Ljava/lang/String;)V+352
v  ~StubRoutines::call_stub

---------------  P R O C E S S  ---------------

Java Threads: ( => current thread )
  0x00007fb1e0173000 JavaThread "Service Thread" daemon [_thread_blocked, id=82512, stack(0x00007fb1c75fd000,0x00007fb1c76fd000)]
  0x00007fb1e016f800 JavaThread "C1 CompilerThread1" daemon [_thread_blocked, id=82511, stack(0x00007fb1c76fe000,0x00007fb1c77fe000)]
  0x00007fb1e016c800 JavaThread "C2 CompilerThread0" daemon [_thread_in_native, id=82510, stack(0x00007fb1c77ff000,0x00007fb1c78ff000)]
  0x00007fb1b0001800 JavaThread "JDWP Command Reader" daemon [_thread_in_native, id=82507, stack(0x00007fb1c78ff000,0x00007fb1c79ff000)]
  0x00007fb1e015a000 JavaThread "JDWP Event Helper Thread" daemon [_thread_blocked, id=82506, stack(0x00007fb1c79ff000,0x00007fb1c7aff000)]
  0x00007fb1e0156000 JavaThread "JDWP Transport Listener: dt_socket" daemon [_thread_blocked, id=82503, stack(0x00007fb1c7aff000,0x00007fb1c7bff000)]
  0x00007fb1e0140800 JavaThread "Signal Dispatcher" daemon [_thread_blocked, id=82502, stack(0x00007fb1c7bff000,0x00007fb1c7cff000)]
  0x00007fb1e0111800 JavaThread "Finalizer" daemon [_thread_blocked, id=82501, stack(0x00007fb1c7cff000,0x00007fb1c7dff000)]
  0x00007fb1e010d000 JavaThread "Reference Handler" daemon [_thread_blocked, id=82500, stack(0x00007fb1c7dff000,0x00007fb1c7eff000)]
=>0x00007fb1e0011000 JavaThread "main" [_thread_in_native, id=82496, stack(0x00007fb1e4e21000,0x00007fb1e4f21000)]

Other Threads:
  0x00007fb1e0103000 VMThread [stack: 0x00007fb1c7f00000,0x00007fb1c8000000] [id=82499]
  0x00007fb1e0175000 WatcherThread [stack: 0x00007fb1c74fd000,0x00007fb1c75fd000] [id=82513]

VM state:not at safepoint (normal execution)

VM Mutex/Monitor currently owned by a thread: None

heap address: 0x000000009c200000, size: 1598 MB, Compressed Oops mode: 32-bit
Narrow klass base: 0x0000000000000000, Narrow klass shift: 3
Compressed class space size: 1073741824 Address: 0x0000000100000000

Heap:
 PSYoungGen      total 55296K, used 41326K [0x00000000deb80000, 0x00000000e5780000, 0x0000000100000000)
  eden space 51200K, 72% used [0x00000000deb80000,0x00000000e0fdd3c0,0x00000000e1d80000)
  from space 4096K, 99% used [0x00000000e1d80000,0x00000000e217e698,0x00000000e2180000)
  to   space 4096K, 0% used [0x00000000e5380000,0x00000000e5380000,0x00000000e5780000)
 ParOldGen       total 68608K, used 4753K [0x000000009c200000, 0x00000000a0500000, 0x00000000deb80000)
  object space 68608K, 6% used [0x000000009c200000,0x000000009c6a4610,0x00000000a0500000)
 Metaspace       used 14643K, capacity 15010K, committed 15360K, reserved 1062912K
  class space    used 1672K, capacity 1777K, committed 1792K, reserved 1048576K

Card table byte_map: [0x00007fb1d0ce0000,0x00007fb1d1000000] byte_map_base: 0x00007fb1d07ff000

Marking Bits: (ParMarkBitMap*) 0x00007fb1e5ff0740
 Begin Bits: [0x00007fb1cd7da000, 0x00007fb1cf0d2000)
 End Bits:   [0x00007fb1cf0d2000, 0x00007fb1d09ca000)

Polling page: 0x00007fb1e62b9000

CodeCache: size=245760Kb used=5056Kb max_used=5365Kb free=240703Kb
 bounds [0x00007fb1d1000000, 0x00007fb1d1550000, 0x00007fb1e0000000]
 total_blobs=1904 nmethods=1491 adapters=334
 compilation: enabled

Compilation events (10 events):
Event: 90.633 Thread 0x00007fb1e016f800 1668       3       org.bouncycastle.asn1.ASN1OutputStream::writeEncodingDL (21 bytes)
Event: 90.634 Thread 0x00007fb1e016f800 nmethod 1668 0x00007fb1d1121490 code [0x00007fb1d1121640, 0x00007fb1d1121cc8]
Event: 90.635 Thread 0x00007fb1e016c800 nmethod 1664 0x00007fb1d133fed0 code [0x00007fb1d1340020, 0x00007fb1d13401d8]
Event: 90.635 Thread 0x00007fb1e016c800 1667       4       org.bouncycastle.math.raw.Nat256::isOne (33 bytes)
Event: 90.635 Thread 0x00007fb1e016f800 1669       3       com.esotericsoftware.kryo.util.IdentityObjectIntMap::hash2 (19 bytes)
Event: 90.635 Thread 0x00007fb1e016f800 nmethod 1669 0x00007fb1d119a390 code [0x00007fb1d119a4e0, 0x00007fb1d119a650]
Event: 90.636 Thread 0x00007fb1e016f800 1670       3       com.esotericsoftware.kryo.util.IdentityObjectIntMap::hash3 (19 bytes)
Event: 90.636 Thread 0x00007fb1e016f800 nmethod 1670 0x00007fb1d13d6090 code [0x00007fb1d13d61e0, 0x00007fb1d13d6350]
Event: 90.636 Thread 0x00007fb1e016f800 1671       3       com.esotericsoftware.kryo.Kryo::getNextRegistrationId (53 bytes)
Event: 90.637 Thread 0x00007fb1e016f800 nmethod 1671 0x00007fb1d13c29d0 code [0x00007fb1d13c2b80, 0x00007fb1d13c3078]

GC Heap History (6 events):
Event: 2.295 GC heap before
{Heap before GC invocations=1 (full 0):
 PSYoungGen      total 29696K, used 25600K [0x00000000deb80000, 0x00000000e0c80000, 0x0000000100000000)
  eden space 25600K, 100% used [0x00000000deb80000,0x00000000e0480000,0x00000000e0480000)
  from space 4096K, 0% used [0x00000000e0880000,0x00000000e0880000,0x00000000e0c80000)
  to   space 4096K, 0% used [0x00000000e0480000,0x00000000e0480000,0x00000000e0880000)
 ParOldGen       total 68608K, used 0K [0x000000009c200000, 0x00000000a0500000, 0x00000000deb80000)
  object space 68608K, 0% used [0x000000009c200000,0x000000009c200000,0x00000000a0500000)
 Metaspace       used 8139K, capacity 8326K, committed 8448K, reserved 1056768K
  class space    used 907K, capacity 1013K, committed 1024K, reserved 1048576K
Event: 2.463 GC heap after
Heap after GC invocations=1 (full 0):
 PSYoungGen      total 29696K, used 4081K [0x00000000deb80000, 0x00000000e2580000, 0x0000000100000000)
  eden space 25600K, 0% used [0x00000000deb80000,0x00000000deb80000,0x00000000e0480000)
  from space 4096K, 99% used [0x00000000e0480000,0x00000000e087c768,0x00000000e0880000)
  to   space 4096K, 0% used [0x00000000e2180000,0x00000000e2180000,0x00000000e2580000)
 ParOldGen       total 68608K, used 803K [0x000000009c200000, 0x00000000a0500000, 0x00000000deb80000)
  object space 68608K, 1% used [0x000000009c200000,0x000000009c2c8d00,0x00000000a0500000)
 Metaspace       used 8139K, capacity 8326K, committed 8448K, reserved 1056768K
  class space    used 907K, capacity 1013K, committed 1024K, reserved 1048576K
}
Event: 3.376 GC heap before
{Heap before GC invocations=2 (full 0):
 PSYoungGen      total 29696K, used 29681K [0x00000000deb80000, 0x00000000e2580000, 0x0000000100000000)
  eden space 25600K, 100% used [0x00000000deb80000,0x00000000e0480000,0x00000000e0480000)
  from space 4096K, 99% used [0x00000000e0480000,0x00000000e087c768,0x00000000e0880000)
  to   space 4096K, 0% used [0x00000000e2180000,0x00000000e2180000,0x00000000e2580000)
 ParOldGen       total 68608K, used 803K [0x000000009c200000, 0x00000000a0500000, 0x00000000deb80000)
  object space 68608K, 1% used [0x000000009c200000,0x000000009c2c8d00,0x00000000a0500000)
 Metaspace       used 10288K, capacity 10494K, committed 10752K, reserved 1058816K
  class space    used 1130K, capacity 1221K, committed 1280K, reserved 1048576K
Event: 3.475 GC heap after
Heap after GC invocations=2 (full 0):
 PSYoungGen      total 55296K, used 4089K [0x00000000deb80000, 0x00000000e2580000, 0x0000000100000000)
  eden space 51200K, 0% used [0x00000000deb80000,0x00000000deb80000,0x00000000e1d80000)
  from space 4096K, 99% used [0x00000000e2180000,0x00000000e257e698,0x00000000e2580000)
  to   space 4096K, 0% used [0x00000000e1d80000,0x00000000e1d80000,0x00000000e2180000)
 ParOldGen       total 68608K, used 2303K [0x000000009c200000, 0x00000000a0500000, 0x00000000deb80000)
  object space 68608K, 3% used [0x000000009c200000,0x000000009c43ff38,0x00000000a0500000)
 Metaspace       used 10288K, capacity 10494K, committed 10752K, reserved 1058816K
  class space    used 1130K, capacity 1221K, committed 1280K, reserved 1048576K
}
Event: 4.830 GC heap before
{Heap before GC invocations=3 (full 0):
 PSYoungGen      total 55296K, used 55289K [0x00000000deb80000, 0x00000000e2580000, 0x0000000100000000)
  eden space 51200K, 100% used [0x00000000deb80000,0x00000000e1d80000,0x00000000e1d80000)
  from space 4096K, 99% used [0x00000000e2180000,0x00000000e257e698,0x00000000e2580000)
  to   space 4096K, 0% used [0x00000000e1d80000,0x00000000e1d80000,0x00000000e2180000)
 ParOldGen       total 68608K, used 2303K [0x000000009c200000, 0x00000000a0500000, 0x00000000deb80000)
  object space 68608K, 3% used [0x000000009c200000,0x000000009c43ff38,0x00000000a0500000)
 Metaspace       used 12481K, capacity 12708K, committed 12800K, reserved 1060864K
  class space    used 1399K, capacity 1510K, committed 1536K, reserved 1048576K
Event: 4.839 GC heap after
Heap after GC invocations=3 (full 0):
 PSYoungGen      total 55296K, used 4089K [0x00000000deb80000, 0x00000000e5780000, 0x0000000100000000)
  eden space 51200K, 0% used [0x00000000deb80000,0x00000000deb80000,0x00000000e1d80000)
  from space 4096K, 99% used [0x00000000e1d80000,0x00000000e217e698,0x00000000e2180000)
  to   space 4096K, 0% used [0x00000000e5380000,0x00000000e5380000,0x00000000e5780000)
 ParOldGen       total 68608K, used 4753K [0x000000009c200000, 0x00000000a0500000, 0x00000000deb80000)
  object space 68608K, 6% used [0x000000009c200000,0x000000009c6a4610,0x00000000a0500000)
 Metaspace       used 12481K, capacity 12708K, committed 12800K, reserved 1060864K
  class space    used 1399K, capacity 1510K, committed 1536K, reserved 1048576K
}

Deoptimization events (10 events):
Event: 4.986 Thread 0x00007fb1e0011000 Uncommon trap: reason=class_check action=maybe_recompile pc=0x00007fb1d1339d50 method=java.util.HashMap.putVal(ILjava/lang/Object;Ljava/lang/Object;ZZ)Ljava/lang/Object; @ 203
Event: 4.986 Thread 0x00007fb1e0011000 Uncommon trap: reason=class_check action=maybe_recompile pc=0x00007fb1d1339d50 method=java.util.HashMap.putVal(ILjava/lang/Object;Ljava/lang/Object;ZZ)Ljava/lang/Object; @ 203
Event: 4.986 Thread 0x00007fb1e0011000 Uncommon trap: reason=class_check action=maybe_recompile pc=0x00007fb1d1339d50 method=java.util.HashMap.putVal(ILjava/lang/Object;Ljava/lang/Object;ZZ)Ljava/lang/Object; @ 203
Event: 4.986 Thread 0x00007fb1e0011000 Uncommon trap: reason=class_check action=maybe_recompile pc=0x00007fb1d1339d50 method=java.util.HashMap.putVal(ILjava/lang/Object;Ljava/lang/Object;ZZ)Ljava/lang/Object; @ 203
Event: 5.264 Thread 0x00007fb1e0011000 Uncommon trap: reason=unstable_if action=reinterpret pc=0x00007fb1d13c8fc4 method=java.math.BigInteger.multiply(Ljava/math/BigInteger;Z)Ljava/math/BigInteger; @ 11
Event: 5.265 Thread 0x00007fb1e0011000 Uncommon trap: reason=unstable_if action=reinterpret pc=0x00007fb1d13d00e0 method=java.math.BigInteger.multiply(Ljava/math/BigInteger;Z)Ljava/math/BigInteger; @ 11
Event: 5.265 Thread 0x00007fb1e0011000 Uncommon trap: reason=unstable_if action=reinterpret pc=0x00007fb1d140063c method=java.math.BigInteger.add(Ljava/math/BigInteger;)Ljava/math/BigInteger; @ 13
Event: 12.019 Thread 0x00007fb1e0011000 Uncommon trap: reason=unstable_if action=reinterpret pc=0x00007fb1d131278c method=java.util.jar.Manifest$FastInputStream.peek()B @ 23
Event: 12.234 Thread 0x00007fb1e0011000 Uncommon trap: reason=unstable_if action=reinterpret pc=0x00007fb1d14ccdac method=java.util.jar.Manifest$FastInputStream.peek()B @ 23
Event: 13.450 Thread 0x00007fb1e0011000 Uncommon trap: reason=unstable_if action=reinterpret pc=0x00007fb1d13d65a0 method=java.lang.Integer.numberOfLeadingZeros(I)I @ 1

Classes redefined (0 events):
No events

Internal exceptions (10 events):
Event: 0.585 Thread 0x00007fb1e0011000 Exception <a 'java/security/PrivilegedActionException'> (0x00000000ded63718) thrown at [/build/openjdk-8-zJa3ZI/openjdk-8-8u442-b06~us1/src/hotspot/src/share/vm/prims/jvm.cpp, line 1512]
Event: 0.942 Thread 0x00007fb1e0011000 Exception <a 'java/security/PrivilegedActionException'> (0x00000000df2f8aa8) thrown at [/build/openjdk-8-zJa3ZI/openjdk-8-8u442-b06~us1/src/hotspot/src/share/vm/prims/jvm.cpp, line 1512]
Event: 0.942 Thread 0x00007fb1e0011000 Exception <a 'java/security/PrivilegedActionException'> (0x00000000df2f8cb8) thrown at [/build/openjdk-8-zJa3ZI/openjdk-8-8u442-b06~us1/src/hotspot/src/share/vm/prims/jvm.cpp, line 1512]
Event: 0.942 Thread 0x00007fb1e0011000 Exception <a 'java/security/PrivilegedActionException'> (0x00000000df2fb3d8) thrown at [/build/openjdk-8-zJa3ZI/openjdk-8-8u442-b06~us1/src/hotspot/src/share/vm/prims/jvm.cpp, line 1512]
Event: 0.942 Thread 0x00007fb1e0011000 Exception <a 'java/security/PrivilegedActionException'> (0x00000000df2fb5e8) thrown at [/build/openjdk-8-zJa3ZI/openjdk-8-8u442-b06~us1/src/hotspot/src/share/vm/prims/jvm.cpp, line 1512]
Event: 1.001 Thread 0x00007fb1e0011000 Exception <a 'java/io/FileNotFoundException'> (0x00000000df4edb50) thrown at [/build/openjdk-8-zJa3ZI/openjdk-8-8u442-b06~us1/src/hotspot/src/share/vm/prims/jni.cpp, line 712]
Event: 1.198 Thread 0x00007fb1e0011000 Exception <a 'java/lang/NoSuchMethodError': org.slf4j.impl.StaticMDCBinder.getSingleton()Lorg/slf4j/impl/StaticMDCBinder;> (0x00000000df872e10) thrown at [/build/openjdk-8-zJa3ZI/openjdk-8-8u442-b06~us1/src/hotspot/src/share/vm/interpreter/linkResolver.cp
Event: 1.362 Thread 0x00007fb1e0011000 Exception <a 'java/lang/NoSuchFieldError': method resolution failed> (0x00000000dfb7e8b0) thrown at [/build/openjdk-8-zJa3ZI/openjdk-8-8u442-b06~us1/src/hotspot/src/share/vm/prims/methodHandles.cpp, line 1194]
Event: 1.369 Thread 0x00007fb1e0011000 Exception <a 'java/lang/NoSuchFieldError': method resolution failed> (0x00000000dfb8d110) thrown at [/build/openjdk-8-zJa3ZI/openjdk-8-8u442-b06~us1/src/hotspot/src/share/vm/prims/methodHandles.cpp, line 1194]
Event: 5.203 Thread 0x00007fb1e0011000 Exception <a 'java/lang/NoSuchMethodError': <clinit>> (0x00000000df9150a8) thrown at [/build/openjdk-8-zJa3ZI/openjdk-8-8u442-b06~us1/src/hotspot/src/share/vm/prims/jni.cpp, line 1617]

Events (10 events):
Event: 90.638 Thread 0x00007fb1e0011000 DEOPT PACKING pc=0x00007fb1d1368044 sp=0x00007fb1e4f1f0c0
Event: 90.638 Thread 0x00007fb1e0011000 DEOPT UNPACKING pc=0x00007fb1d10474c4 sp=0x00007fb1e4f1ee20 mode 1
Event: 90.638 Thread 0x00007fb1e0011000 DEOPT PACKING pc=0x00007fb1d135ef44 sp=0x00007fb1e4f1efd0
Event: 90.638 Thread 0x00007fb1e0011000 DEOPT UNPACKING pc=0x00007fb1d10474c4 sp=0x00007fb1e4f1ed90 mode 1
Event: 90.638 Thread 0x00007fb1e0011000 DEOPT PACKING pc=0x00007fb1d1368044 sp=0x00007fb1e4f1f0c0
Event: 90.638 Thread 0x00007fb1e0011000 DEOPT UNPACKING pc=0x00007fb1d10474c4 sp=0x00007fb1e4f1ee20 mode 1
Event: 90.638 Thread 0x00007fb1e0011000 DEOPT PACKING pc=0x00007fb1d135ef44 sp=0x00007fb1e4f1efd0
Event: 90.638 Thread 0x00007fb1e0011000 DEOPT UNPACKING pc=0x00007fb1d10474c4 sp=0x00007fb1e4f1ed90 mode 1
Event: 90.638 Thread 0x00007fb1e0011000 DEOPT PACKING pc=0x00007fb1d1368044 sp=0x00007fb1e4f1f0c0
Event: 90.638 Thread 0x00007fb1e0011000 DEOPT UNPACKING pc=0x00007fb1d10474c4 sp=0x00007fb1e4f1ee20 mode 1


Dynamic libraries:
9c200000-a0500000 rw-p 00000000 00:00 0 
a0500000-deb80000 ---p 00000000 00:00 0 
deb80000-e5780000 rw-p 00000000 00:00 0 
e5780000-100000000 ---p 00000000 00:00 0 
100000000-1001c0000 rw-p 00000000 00:00 0 
1001c0000-140000000 ---p 00000000 00:00 0 
5576dac99000-5576dac9a000 r--p 00000000 08:05 2753418                    /usr/lib/jvm/java-8-openjdk-amd64/jre/bin/java
5576dac9a000-5576dac9b000 r-xp 00001000 08:05 2753418                    /usr/lib/jvm/java-8-openjdk-amd64/jre/bin/java
5576dac9b000-5576dac9c000 r--p 00002000 08:05 2753418                    /usr/lib/jvm/java-8-openjdk-amd64/jre/bin/java
5576dac9c000-5576dac9d000 r--p 00002000 08:05 2753418                    /usr/lib/jvm/java-8-openjdk-amd64/jre/bin/java
5576dac9d000-5576dac9e000 rw-p 00003000 08:05 2753418                    /usr/lib/jvm/java-8-openjdk-amd64/jre/bin/java
557713992000-5577139b3000 rw-p 00000000 00:00 0                          [heap]
7fb1887f9000-7fb1887fa000 ---p 00000000 00:00 0 
7fb1887fa000-7fb188ffa000 rw-p 00000000 00:00 0 
7fb18affe000-7fb18afff000 ---p 00000000 00:00 0 
7fb18afff000-7fb18b7ff000 rw-p 00000000 00:00 0 
7fb18b7ff000-7fb18b800000 ---p 00000000 00:00 0 
7fb18b800000-7fb18c000000 rw-p 00000000 00:00 0 
7fb18c000000-7fb18c021000 rw-p 00000000 00:00 0 
7fb18c021000-7fb190000000 ---p 00000000 00:00 0 
7fb1907f9000-7fb1907fa000 ---p 00000000 00:00 0 
7fb1907fa000-7fb190ffa000 rw-p 00000000 00:00 0 
7fb194000000-7fb194021000 rw-p 00000000 00:00 0 
7fb194021000-7fb198000000 ---p 00000000 00:00 0 
7fb198000000-7fb198021000 rw-p 00000000 00:00 0 
7fb198021000-7fb19c000000 ---p 00000000 00:00 0 
7fb19c000000-7fb19c66b000 rw-p 00000000 00:00 0 
7fb19c66b000-7fb1a0000000 ---p 00000000 00:00 0 
7fb1a0000000-7fb1a06c8000 rw-p 00000000 00:00 0 
7fb1a06c8000-7fb1a4000000 ---p 00000000 00:00 0 
7fb1a4000000-7fb1a4042000 rw-p 00000000 00:00 0 
7fb1a4042000-7fb1a8000000 ---p 00000000 00:00 0 
7fb1a8000000-7fb1a8021000 rw-p 00000000 00:00 0 
7fb1a8021000-7fb1ac000000 ---p 00000000 00:00 0 
7fb1ac000000-7fb1ac021000 rw-p 00000000 00:00 0 
7fb1ac021000-7fb1b0000000 ---p 00000000 00:00 0 
7fb1b0000000-7fb1b0034000 rw-p 00000000 00:00 0 
7fb1b0034000-7fb1b4000000 ---p 00000000 00:00 0 
7fb1b4000000-7fb1b4021000 rw-p 00000000 00:00 0 
7fb1b4021000-7fb1b8000000 ---p 00000000 00:00 0 
7fb1b8000000-7fb1b8021000 rw-p 00000000 00:00 0 
7fb1b8021000-7fb1bc000000 ---p 00000000 00:00 0 
7fb1bc000000-7fb1bc021000 rw-p 00000000 00:00 0 
7fb1bc021000-7fb1c0000000 ---p 00000000 00:00 0 
7fb1c0000000-7fb1c0021000 rw-p 00000000 00:00 0 
7fb1c0021000-7fb1c4000000 ---p 00000000 00:00 0 
7fb1c4dfe000-7fb1c4f3e000 rw-p 00000000 00:00 0 
7fb1c4f3e000-7fb1c4ffe000 ---p 00000000 00:00 0 
7fb1c4ffe000-7fb1c51fe000 rw-p 00000000 00:00 0 
7fb1c51fe000-7fb1c53fe000 rw-p 00000000 00:00 0 
7fb1c53fe000-7fb1c53ff000 ---p 00000000 00:00 0 
7fb1c53ff000-7fb1c5bff000 rw-p 00000000 00:00 0 
7fb1c5bff000-7fb1c5c00000 ---p 00000000 00:00 0 
7fb1c5c00000-7fb1c6400000 rw-p 00000000 00:00 0 
7fb1c6400000-7fb1c6f29000 r-xp 00000000 08:05 917567                     /tmp/librocksdbjni4045295623429518223.so
7fb1c6f29000-7fb1c7128000 ---p 00b29000 08:05 917567                     /tmp/librocksdbjni4045295623429518223.so
7fb1c7128000-7fb1c7149000 r--p 00b28000 08:05 917567                     /tmp/librocksdbjni4045295623429518223.so
7fb1c7149000-7fb1c7157000 rw-p 00b49000 08:05 917567                     /tmp/librocksdbjni4045295623429518223.so
7fb1c7157000-7fb1c715f000 rw-p 00000000 00:00 0 
7fb1c7174000-7fb1c717b000 r--p 00000000 08:05 2755561                    /usr/lib/jvm/java-8-openjdk-amd64/jre/lib/amd64/libsunec.so
7fb1c717b000-7fb1c7194000 r-xp 00007000 08:05 2755561                    /usr/lib/jvm/java-8-openjdk-amd64/jre/lib/amd64/libsunec.so
7fb1c7194000-7fb1c719e000 r--p 00020000 08:05 2755561                    /usr/lib/jvm/java-8-openjdk-amd64/jre/lib/amd64/libsunec.so
7fb1c719e000-7fb1c71a2000 r--p 00029000 08:05 2755561                    /usr/lib/jvm/java-8-openjdk-amd64/jre/lib/amd64/libsunec.so
7fb1c71a2000-7fb1c71a3000 rw-p 0002d000 08:05 2755561                    /usr/lib/jvm/java-8-openjdk-amd64/jre/lib/amd64/libsunec.so
7fb1c71a3000-7fb1c71a5000 r--s 00016000 08:05 2755597                    /usr/lib/jvm/java-8-openjdk-amd64/jre/lib/jce.jar
7fb1c71a5000-7fb1c71b6000 r--s 001c5000 08:05 2755602                    /usr/lib/jvm/java-8-openjdk-amd64/jre/lib/jsse.jar
7fb1c71ef000-7fb1c71f6000 r--s 00000000 08:05 2754531                    /usr/lib/x86_64-linux-gnu/gconv/gconv-modules.cache
7fb1c71f6000-7fb1c7218000 r--p 00000000 08:05 280879                     /usr/share/locale-langpack/zh_CN/LC_MESSAGES/libc.mo
7fb1c7218000-7fb1c721b000 r--s 00023000 08:05 1966943                    /home/wj/下载/ideaIU-2024.2.1/idea-IU-242.21829.142/lib/idea_rt.jar
7fb1c721b000-7fb1c721c000 r--s 00000000 08:05 2107758                    /home/wj/.m2/repository/net/jcip/jcip-annotations/1.0/jcip-annotations-1.0.jar
7fb1c721c000-7fb1c721e000 r--s 00009000 08:05 2102255                    /home/wj/.m2/repository/org/slf4j/slf4j-api/1.7.36/slf4j-api-1.7.36.jar
7fb1c721e000-7fb1c7228000 r--s 000a5000 08:05 2107756                    /home/wj/.m2/repository/com/google/protobuf/protobuf-javalite/4.26.1/protobuf-javalite-4.26.1.jar
7fb1c7228000-7fb1c729c000 r--s 005e1000 08:05 2107752                    /home/wj/.m2/repository/org/bouncycastle/bcprov-jdk15to18/1.78.1/bcprov-jdk15to18-1.78.1.jar
7fb1c729c000-7fb1c72aa000 r--s 0012e000 08:05 2107750                    /home/wj/.m2/repository/org/bitcoinj/bitcoinj-core/0.17-alpha5/bitcoinj-core-0.17-alpha5.jar
7fb1c72aa000-7fb1c72ac000 r--s 00005000 08:05 2107159                    /home/wj/.m2/repository/javax/annotation/javax.annotation-api/1.3.2/javax.annotation-api-1.3.2.jar
7fb1c72ac000-7fb1c7325000 r--s 00520000 08:05 2107143                    /home/wj/.m2/repository/org/bouncycastle/bcprov-jdk15on/1.70/bcprov-jdk15on-1.70.jar
7fb1c7325000-7fb1c7330000 r--s 0006b000 08:05 2107145                    /home/wj/.m2/repository/org/bouncycastle/bcutil-jdk15on/1.70/bcutil-jdk15on-1.70.jar
7fb1c7330000-7fb1c7346000 r--s 000d6000 08:05 2107141                    /home/wj/.m2/repository/org/bouncycastle/bcpkix-jdk15on/1.70/bcpkix-jdk15on-1.70.jar
7fb1c7346000-7fb1c7348000 r--s 00001000 08:05 2102560                    /home/wj/.m2/repository/com/google/j2objc/j2objc-annotations/1.3/j2objc-annotations-1.3.jar
7fb1c7348000-7fb1c7349000 r--s 00003000 08:05 2102558                    /home/wj/.m2/repository/com/google/errorprone/error_prone_annotations/2.11.0/error_prone_annotations-2.11.0.jar
7fb1c7349000-7fb1c7354000 r--s 00028000 08:05 2102556                    /home/wj/.m2/repository/org/checkerframework/checker-qual/3.12.0/checker-qual-3.12.0.jar
7fb1c7354000-7fb1c7356000 r--s 00003000 08:05 2102554                    /home/wj/.m2/repository/com/google/code/findbugs/jsr305/3.0.2/jsr305-3.0.2.jar
7fb1c7356000-7fb1c7357000 r--s 00000000 08:05 2102552                    /home/wj/.m2/repository/com/google/guava/listenablefuture/9999.0-empty-to-avoid-conflict-with-guava/listenablefuture-9999.0-empty-to-avoid-conflict-with-guava.jar
7fb1c7357000-7fb1c7359000 r--s 00000000 08:05 2102550                    /home/wj/.m2/repository/com/google/guava/failureaccess/1.0.1/failureaccess-1.0.1.jar
7fb1c7359000-7fb1c738d000 r--s 0029f000 08:05 2102540                    /home/wj/.m2/repository/com/google/guava/guava/31.1-jre/guava-31.1-jre.jar
7fb1c738d000-7fb1c7394000 r--s 00050000 08:05 2102383                    /home/wj/.m2/repository/commons-codec/commons-codec/1.15/commons-codec-1.15.jar
7fb1c7394000-7fb1c739e000 r--s 00086000 08:05 2102406                    /home/wj/.m2/repository/org/apache/commons/commons-lang3/3.12.0/commons-lang3-3.12.0.jar
7fb1c739e000-7fb1c73a5000 r--s 03a67000 08:05 2243741                    /home/wj/.m2/repository/org/rocksdb/rocksdbjni/8.8.1/rocksdbjni-8.8.1.jar
7fb1c73a5000-7fb1c73a8000 r--s 0000b000 08:05 2102376                    /home/wj/.m2/repository/org/objenesis/objenesis/2.5.1/objenesis-2.5.1.jar
7fb1c73a8000-7fb1c73a9000 r--s 00001000 08:05 2102374                    /home/wj/.m2/repository/com/esotericsoftware/minlog/1.3.0/minlog-1.3.0.jar
7fb1c73a9000-7fb1c73ab000 r--s 0000c000 08:05 2102372                    /home/wj/.m2/repository/org/ow2/asm/asm/5.0.4/asm-5.0.4.jar
7fb1c73ab000-7fb1c73ad000 r--s 00004000 08:05 2102370                    /home/wj/.m2/repository/com/esotericsoftware/reflectasm/1.11.3/reflectasm-1.11.3.jar
7fb1c73ad000-7fb1c73b4000 r--s 0004c000 08:05 2102360                    /home/wj/.m2/repository/com/esotericsoftware/kryo/4.0.1/kryo-4.0.1.jar
7fb1c73b4000-7fb1c73cd000 r--s 001c4000 08:05 2243170                    /home/wj/.m2/repository/org/projectlombok/lombok/1.18.22/lombok-1.18.22.jar
7fb1c73cd000-7fb1c73d2000 r--s 00042000 08:05 2243158                    /home/wj/.m2/repository/org/springframework/spring-expression/5.3.17/spring-expression-5.3.17.jar
7fb1c73d2000-7fb1c73db000 r--s 00055000 08:05 2243154                    /home/wj/.m2/repository/org/springframework/spring-aop/5.3.17/spring-aop-5.3.17.jar
7fb1c73db000-7fb1c73ee000 r--s 000e9000 08:05 2243212                    /home/wj/.m2/repository/org/springframework/spring-webmvc/5.3.17/spring-webmvc-5.3.17.jar
7fb1c73ee000-7fb1c73fb000 r--s 0009e000 08:05 2243155                    /home/wj/.m2/repository/org/springframework/spring-beans/5.3.17/spring-beans-5.3.17.jar
7fb1c73fb000-7fb1c741a000 r--s 00172000 08:05 2243161                    /home/wj/.m2/repository/org/springframework/spring-web/5.3.17/spring-web-5.3.17.jar
7fb1c741a000-7fb1c7420000 r--s 0003e000 08:05 2243210                    /home/wj/.m2/repository/org/apache/tomcat/embed/tomcat-embed-websocket/9.0.60/tomcat-embed-websocket-9.0.60.jar
7fb1c7420000-7fb1c7425000 r--s 0003a000 08:05 2243208                    /home/wj/.m2/repository/org/apache/tomcat/embed/tomcat-embed-el/9.0.60/tomcat-embed-el-9.0.60.jar
7fb1c7425000-7fb1c744f000 r--s 00318000 08:05 2243206                    /home/wj/.m2/repository/org/apache/tomcat/embed/tomcat-embed-core/9.0.60/tomcat-embed-core-9.0.60.jar
7fb1c744f000-7fb1c7450000 r--s 00001000 08:05 2243204                    /home/wj/.m2/repository/org/springframework/boot/spring-boot-starter-tomcat/2.6.5/spring-boot-starter-tomcat-2.6.5.jar
7fb1c7450000-7fb1c7452000 r--s 00001000 08:05 2104632                    /home/wj/.m2/repository/com/fasterxml/jackson/module/jackson-module-parameter-names/2.13.2/jackson-module-parameter-names-2.13.2.jar
7fb1c7452000-7fb1c7455000 r--s 0001b000 08:05 2243202                    /home/wj/.m2/repository/com/fasterxml/jackson/datatype/jackson-datatype-jsr310/2.13.2/jackson-datatype-jsr310-2.13.2.jar
7fb1c7455000-7fb1c7457000 r--s 00007000 08:05 2243198                    /home/wj/.m2/repository/com/fasterxml/jackson/datatype/jackson-datatype-jdk8/2.13.2/jackson-datatype-jdk8-2.13.2.jar
7fb1c7457000-7fb1c745c000 r--s 00057000 08:05 2102426                    /home/wj/.m2/repository/com/fasterxml/jackson/core/jackson-core/2.13.2/jackson-core-2.13.2.jar
7fb1c745c000-7fb1c745f000 r--s 00010000 08:05 2102422                    /home/wj/.m2/repository/com/fasterxml/jackson/core/jackson-annotations/2.13.2/jackson-annotations-2.13.2.jar
7fb1c745f000-7fb1c7476000 r--s 00160000 08:05 2102389                    /home/wj/.m2/repository/com/fasterxml/jackson/core/jackson-databind/2.13.2/jackson-databind-2.13.2.jar
7fb1c7476000-7fb1c7477000 r--s 00001000 08:05 2243200                    /home/wj/.m2/repository/org/springframework/boot/spring-boot-starter-json/2.6.5/spring-boot-starter-json-2.6.5.jar
7fb1c7477000-7fb1c7478000 r--s 00001000 08:05 2243164                    /home/wj/.m2/repository/org/springframework/boot/spring-boot-starter-web/2.6.5/spring-boot-starter-web-2.6.5.jar
7fb1c7478000-7fb1c747f000 r--s 0004a000 08:05 2243218                    /home/wj/.m2/repository/org/yaml/snakeyaml/1.29/snakeyaml-1.29.jar
7fb1c747f000-7fb1c7480000 r--s 00005000 08:05 2104657                    /home/wj/.m2/repository/org/springframework/spring-jcl/5.3.17/spring-jcl-5.3.17.jar
7fb1c7480000-7fb1c749b000 r--s 0014f000 08:05 2104649                    /home/wj/.m2/repository/org/springframework/spring-core/5.3.17/spring-core-5.3.17.jar
7fb1c749b000-7fb1c749d000 r--s 00005000 08:05 2102562                    /home/wj/.m2/repository/jakarta/annotation/jakarta.annotation-api/1.3.5/jakarta.annotation-api-1.3.5.jar
7fb1c749d000-7fb1c74a3000 r--s 00044000 08:05 2102614                    /home/wj/.m2/repository/org/apache/logging/log4j/log4j-api/2.17.2/log4j-api-2.17.2.jar
7fb1c74a3000-7fb1c74ad000 r--s 00064000 08:05 2102610                    /home/wj/.m2/repository/ch/qos/logback/logback-core/1.2.11/logback-core-1.2.11.jar
7fb1c74ad000-7fb1c74b3000 r--s 00033000 08:05 2102608                    /home/wj/.m2/repository/ch/qos/logback/logback-classic/1.2.11/logback-classic-1.2.11.jar
7fb1c74b3000-7fb1c74e0000 r--s 00162000 08:05 2243178                    /home/wj/.m2/repository/org/springframework/boot/spring-boot-autoconfigure/2.6.5/spring-boot-autoconfigure-2.6.5.jar
7fb1c74e0000-7fb1c74fc000 r--s 0011c000 08:05 2243159                    /home/wj/.m2/repository/org/springframework/spring-context/5.3.17/spring-context-5.3.17.jar
7fb1c74fc000-7fb1c74fd000 ---p 00000000 00:00 0 
7fb1c74fd000-7fb1c75fd000 rw-p 00000000 00:00 0 
7fb1c75fd000-7fb1c7600000 ---p 00000000 00:00 0 
7fb1c7600000-7fb1c76fd000 rw-p 00000000 00:00 0 
7fb1c76fd000-7fb1c76fe000 ---p 00000000 00:00 0 
7fb1c76fe000-7fb1c7701000 ---p 00000000 00:00 0 
7fb1c7701000-7fb1c77fe000 rw-p 00000000 00:00 0 
7fb1c77fe000-7fb1c77ff000 ---p 00000000 00:00 0 
7fb1c77ff000-7fb1c7802000 ---p 00000000 00:00 0 
7fb1c7802000-7fb1c78ff000 rw-p 00000000 00:00 0 
7fb1c78ff000-7fb1c7902000 ---p 00000000 00:00 0 
7fb1c7902000-7fb1c79ff000 rw-p 00000000 00:00 0 
7fb1c79ff000-7fb1c7a02000 ---p 00000000 00:00 0 
7fb1c7a02000-7fb1c7aff000 rw-p 00000000 00:00 0 
7fb1c7aff000-7fb1c7b02000 ---p 00000000 00:00 0 
7fb1c7b02000-7fb1c7bff000 rw-p 00000000 00:00 0 
7fb1c7bff000-7fb1c7c02000 ---p 00000000 00:00 0 
7fb1c7c02000-7fb1c7cff000 rw-p 00000000 00:00 0 
7fb1c7cff000-7fb1c7d02000 ---p 00000000 00:00 0 
7fb1c7d02000-7fb1c7dff000 rw-p 00000000 00:00 0 
7fb1c7dff000-7fb1c7e02000 ---p 00000000 00:00 0 
7fb1c7e02000-7fb1c7eff000 rw-p 00000000 00:00 0 
7fb1c7eff000-7fb1c7f00000 ---p 00000000 00:00 0 
7fb1c7f00000-7fb1c8000000 rw-p 00000000 00:00 0 
7fb1c8000000-7fb1c8021000 rw-p 00000000 00:00 0 
7fb1c8021000-7fb1cc000000 ---p 00000000 00:00 0 
7fb1cc000000-7fb1cc002000 r--s 00000000 08:05 2102616                    /home/wj/.m2/repository/org/slf4j/jul-to-slf4j/1.7.36/jul-to-slf4j-1.7.36.jar
7fb1cc002000-7fb1cc004000 r--s 00003000 08:05 2102612                    /home/wj/.m2/repository/org/apache/logging/log4j/log4j-to-slf4j/2.17.2/log4j-to-slf4j-2.17.2.jar
7fb1cc004000-7fb1cc005000 r--s 00001000 08:05 2243216                    /home/wj/.m2/repository/org/springframework/boot/spring-boot-starter-logging/2.6.5/spring-boot-starter-logging-2.6.5.jar
7fb1cc005000-7fb1cc023000 r--s 0013e000 08:05 2243173                    /home/wj/.m2/repository/org/springframework/boot/spring-boot/2.6.5/spring-boot-2.6.5.jar
7fb1cc023000-7fb1cc024000 r--s 00001000 08:05 2243168                    /home/wj/.m2/repository/org/springframework/boot/spring-boot-starter/2.6.5/spring-boot-starter-2.6.5.jar
7fb1cc024000-7fb1cc029000 r--p 00000000 08:05 2755556                    /usr/lib/jvm/java-8-openjdk-amd64/jre/lib/amd64/libnet.so
7fb1cc029000-7fb1cc03a000 r-xp 00005000 08:05 2755556                    /usr/lib/jvm/java-8-openjdk-amd64/jre/lib/amd64/libnet.so
7fb1cc03a000-7fb1cc03e000 r--p 00016000 08:05 2755556                    /usr/lib/jvm/java-8-openjdk-amd64/jre/lib/amd64/libnet.so
7fb1cc03e000-7fb1cc03f000 r--p 00019000 08:05 2755556                    /usr/lib/jvm/java-8-openjdk-amd64/jre/lib/amd64/libnet.so
7fb1cc03f000-7fb1cc040000 rw-p 0001a000 08:05 2755556                    /usr/lib/jvm/java-8-openjdk-amd64/jre/lib/amd64/libnet.so
7fb1cc040000-7fb1cc047000 r--p 00000000 08:05 2755557                    /usr/lib/jvm/java-8-openjdk-amd64/jre/lib/amd64/libnio.so
7fb1cc047000-7fb1cc050000 r-xp 00007000 08:05 2755557                    /usr/lib/jvm/java-8-openjdk-amd64/jre/lib/amd64/libnio.so
7fb1cc050000-7fb1cc053000 r--p 00010000 08:05 2755557                    /usr/lib/jvm/java-8-openjdk-amd64/jre/lib/amd64/libnio.so
7fb1cc053000-7fb1cc054000 r--p 00012000 08:05 2755557                    /usr/lib/jvm/java-8-openjdk-amd64/jre/lib/amd64/libnio.so
7fb1cc054000-7fb1cc055000 rw-p 00013000 08:05 2755557                    /usr/lib/jvm/java-8-openjdk-amd64/jre/lib/amd64/libnio.so
7fb1cc055000-7fb1cc067000 r--s 0034c000 08:05 2755606                    /usr/lib/jvm/java-8-openjdk-amd64/jre/lib/resources.jar
7fb1cc067000-7fb1cc068000 r--s 00000000 08:05 2755604                    /usr/lib/jvm/java-8-openjdk-amd64/jre/lib/management-agent.jar
7fb1cc068000-7fb1cc079000 r--s 001c5000 08:05 2755602                    /usr/lib/jvm/java-8-openjdk-amd64/jre/lib/jsse.jar
7fb1cc079000-7fb1cc07b000 r--s 00016000 08:05 2755597                    /usr/lib/jvm/java-8-openjdk-amd64/jre/lib/jce.jar
7fb1cc07b000-7fb1cc080000 r--s 002fa000 08:05 2755567                    /usr/lib/jvm/java-8-openjdk-amd64/jre/lib/charsets.jar
7fb1cc080000-7fb1cc083000 r--s 0000f000 08:05 2755577                    /usr/lib/jvm/java-8-openjdk-amd64/jre/lib/ext/icedtea-sound.jar
7fb1cc083000-7fb1cc086000 r--s 00042000 08:05 2755587                    /usr/lib/jvm/java-8-openjdk-amd64/jre/lib/ext/sunpkcs11.jar
7fb1cc086000-7fb1cc088000 r--s 00001000 08:05 2755576                    /usr/lib/jvm/java-8-openjdk-amd64/jre/lib/ext/dnsns.jar
7fb1cc088000-7fb1cc08a000 r--s 00008000 08:05 2755581                    /usr/lib/jvm/java-8-openjdk-amd64/jre/lib/ext/sunec.jar
7fb1cc08a000-7fb1cc0a6000 r--s 00394000 08:05 2755575                    /usr/lib/jvm/java-8-openjdk-amd64/jre/lib/ext/cldrdata.jar
7fb1cc0a6000-7fb1cc0c1000 r--s 001d6000 08:05 2755580                    /usr/lib/jvm/java-8-openjdk-amd64/jre/lib/ext/nashorn.jar
7fb1cc0c1000-7fb1cca18000 rw-p 00000000 00:00 0 
7fb1cca18000-7fb1ccbea000 r--s 03cce000 08:05 2755607                    /usr/lib/jvm/java-8-openjdk-amd64/jre/lib/rt.jar
7fb1ccbea000-7fb1d09ca000 rw-p 00000000 00:00 0 
7fb1d09ca000-7fb1d09cb000 ---p 00000000 00:00 0 
7fb1d09cb000-7fb1d0aed000 rw-p 00000000 00:00 0 
7fb1d0aed000-7fb1d0ce0000 ---p 00000000 00:00 0 
7fb1d0ce0000-7fb1d0d02000 rw-p 00000000 00:00 0 
7fb1d0d02000-7fb1d0ef4000 ---p 00000000 00:00 0 
7fb1d0ef4000-7fb1d0f2b000 rw-p 00000000 00:00 0 
7fb1d0f2b000-7fb1d0fff000 ---p 00000000 00:00 0 
7fb1d0fff000-7fb1d1000000 rw-p 00000000 00:00 0 
7fb1d1000000-7fb1d1550000 rwxp 00000000 00:00 0 
7fb1d1550000-7fb1e0000000 ---p 00000000 00:00 0 
7fb1e0000000-7fb1e0a75000 rw-p 00000000 00:00 0 
7fb1e0a75000-7fb1e4000000 ---p 00000000 00:00 0 
7fb1e4000000-7fb1e400a000 r--s 00117000 08:05 2755579                    /usr/lib/jvm/java-8-openjdk-amd64/jre/lib/ext/localedata.jar
7fb1e400a000-7fb1e400b000 r--s 0000a000 08:05 2755578                    /usr/lib/jvm/java-8-openjdk-amd64/jre/lib/ext/jaccess.jar
7fb1e400b000-7fb1e4011000 r--s 0003e000 08:05 2755586                    /usr/lib/jvm/java-8-openjdk-amd64/jre/lib/ext/sunjce_provider.jar
7fb1e4011000-7fb1e4013000 r--s 00010000 08:05 2755588                    /usr/lib/jvm/java-8-openjdk-amd64/jre/lib/ext/zipfs.jar
7fb1e4013000-7fb1e4015000 r--s 0000c000 08:05 2888732                    /usr/share/java/java-atk-wrapper.jar
7fb1e4015000-7fb1e401c000 r--s 000d3000 08:05 2755601                    /usr/lib/jvm/java-8-openjdk-amd64/jre/lib/jfr.jar
7fb1e401c000-7fb1e4022000 r--s 000fa000 08:05 1849657                    /home/wj/下载/ideaIU-2024.2.1/idea-IU-242.21829.142/plugins/java/lib/rt/debugger-agent.jar
7fb1e4022000-7fb1e4024000 r--p 00000000 08:05 2755537                    /usr/lib/jvm/java-8-openjdk-amd64/jre/lib/amd64/libdt_socket.so
7fb1e4024000-7fb1e4026000 r-xp 00002000 08:05 2755537                    /usr/lib/jvm/java-8-openjdk-amd64/jre/lib/amd64/libdt_socket.so
7fb1e4026000-7fb1e4027000 r--p 00004000 08:05 2755537                    /usr/lib/jvm/java-8-openjdk-amd64/jre/lib/amd64/libdt_socket.so
7fb1e4027000-7fb1e4028000 r--p 00004000 08:05 2755537                    /usr/lib/jvm/java-8-openjdk-amd64/jre/lib/amd64/libdt_socket.so
7fb1e4028000-7fb1e4029000 rw-p 00005000 08:05 2755537                    /usr/lib/jvm/java-8-openjdk-amd64/jre/lib/amd64/libdt_socket.so
7fb1e4029000-7fb1e4049000 rw-p 00000000 00:00 0 
7fb1e4049000-7fb1e404a000 ---p 00000000 00:00 0 
7fb1e404a000-7fb1e4160000 rw-p 00000000 00:00 0 
7fb1e4160000-7fb1e450a000 ---p 00000000 00:00 0 
7fb1e450a000-7fb1e450d000 r--p 00000000 08:05 2755564                    /usr/lib/jvm/java-8-openjdk-amd64/jre/lib/amd64/libzip.so
7fb1e450d000-7fb1e4512000 r-xp 00003000 08:05 2755564                    /usr/lib/jvm/java-8-openjdk-amd64/jre/lib/amd64/libzip.so
7fb1e4512000-7fb1e4514000 r--p 00008000 08:05 2755564                    /usr/lib/jvm/java-8-openjdk-amd64/jre/lib/amd64/libzip.so
7fb1e4514000-7fb1e4515000 r--p 00009000 08:05 2755564                    /usr/lib/jvm/java-8-openjdk-amd64/jre/lib/amd64/libzip.so
7fb1e4515000-7fb1e4516000 rw-p 0000a000 08:05 2755564                    /usr/lib/jvm/java-8-openjdk-amd64/jre/lib/amd64/libzip.so
7fb1e4516000-7fb1e4518000 r--p 00000000 08:05 2755540                    /usr/lib/jvm/java-8-openjdk-amd64/jre/lib/amd64/libinstrument.so
7fb1e4518000-7fb1e451f000 r-xp 00002000 08:05 2755540                    /usr/lib/jvm/java-8-openjdk-amd64/jre/lib/amd64/libinstrument.so
7fb1e451f000-7fb1e4522000 r--p 00009000 08:05 2755540                    /usr/lib/jvm/java-8-openjdk-amd64/jre/lib/amd64/libinstrument.so
7fb1e4522000-7fb1e4523000 r--p 0000b000 08:05 2755540                    /usr/lib/jvm/java-8-openjdk-amd64/jre/lib/amd64/libinstrument.so
7fb1e4523000-7fb1e4524000 rw-p 0000c000 08:05 2755540                    /usr/lib/jvm/java-8-openjdk-amd64/jre/lib/amd64/libinstrument.so
7fb1e4524000-7fb1e4d9c000 r--p 00000000 08:05 2623780                    /usr/lib/locale/locale-archive
7fb1e4d9c000-7fb1e4d9e000 r--p 00000000 08:05 2755550                    /usr/lib/jvm/java-8-openjdk-amd64/jre/lib/amd64/libjdwp.so
7fb1e4d9e000-7fb1e4dca000 r-xp 00002000 08:05 2755550                    /usr/lib/jvm/java-8-openjdk-amd64/jre/lib/amd64/libjdwp.so
7fb1e4dca000-7fb1e4dd7000 r--p 0002e000 08:05 2755550                    /usr/lib/jvm/java-8-openjdk-amd64/jre/lib/amd64/libjdwp.so
7fb1e4dd7000-7fb1e4dd8000 r--p 0003a000 08:05 2755550                    /usr/lib/jvm/java-8-openjdk-amd64/jre/lib/amd64/libjdwp.so
7fb1e4dd8000-7fb1e4dd9000 rw-p 0003b000 08:05 2755550                    /usr/lib/jvm/java-8-openjdk-amd64/jre/lib/amd64/libjdwp.so
7fb1e4dd9000-7fb1e4de6000 r--p 00000000 08:05 2755545                    /usr/lib/jvm/java-8-openjdk-amd64/jre/lib/amd64/libjava.so
7fb1e4de6000-7fb1e4dfe000 r-xp 0000d000 08:05 2755545                    /usr/lib/jvm/java-8-openjdk-amd64/jre/lib/amd64/libjava.so
7fb1e4dfe000-7fb1e4e05000 r--p 00025000 08:05 2755545                    /usr/lib/jvm/java-8-openjdk-amd64/jre/lib/amd64/libjava.so
7fb1e4e05000-7fb1e4e06000 r--p 0002b000 08:05 2755545                    /usr/lib/jvm/java-8-openjdk-amd64/jre/lib/amd64/libjava.so
7fb1e4e06000-7fb1e4e08000 rw-p 0002c000 08:05 2755545                    /usr/lib/jvm/java-8-openjdk-amd64/jre/lib/amd64/libjava.so
7fb1e4e08000-7fb1e4e0d000 r--p 00000000 08:05 2755563                    /usr/lib/jvm/java-8-openjdk-amd64/jre/lib/amd64/libverify.so
7fb1e4e0d000-7fb1e4e16000 r-xp 00005000 08:05 2755563                    /usr/lib/jvm/java-8-openjdk-amd64/jre/lib/amd64/libverify.so
7fb1e4e16000-7fb1e4e18000 r--p 0000e000 08:05 2755563                    /usr/lib/jvm/java-8-openjdk-amd64/jre/lib/amd64/libverify.so
7fb1e4e18000-7fb1e4e1a000 r--p 0000f000 08:05 2755563                    /usr/lib/jvm/java-8-openjdk-amd64/jre/lib/amd64/libverify.so
7fb1e4e1a000-7fb1e4e1b000 rw-p 00011000 08:05 2755563                    /usr/lib/jvm/java-8-openjdk-amd64/jre/lib/amd64/libverify.so
7fb1e4e1b000-7fb1e4e1c000 r--p 00000000 08:05 2623930                    /usr/lib/x86_64-linux-gnu/librt.so.1
7fb1e4e1c000-7fb1e4e1d000 r-xp 00001000 08:05 2623930                    /usr/lib/x86_64-linux-gnu/librt.so.1
7fb1e4e1d000-7fb1e4e1e000 r--p 00002000 08:05 2623930                    /usr/lib/x86_64-linux-gnu/librt.so.1
7fb1e4e1e000-7fb1e4e1f000 r--p 00002000 08:05 2623930                    /usr/lib/x86_64-linux-gnu/librt.so.1
7fb1e4e1f000-7fb1e4e20000 rw-p 00003000 08:05 2623930                    /usr/lib/x86_64-linux-gnu/librt.so.1
7fb1e4e20000-7fb1e4e21000 ---p 00000000 00:00 0 
7fb1e4e21000-7fb1e4e24000 ---p 00000000 00:00 0 
7fb1e4e24000-7fb1e4f21000 rw-p 00000000 00:00 0 
7fb1e4f21000-7fb1e4f24000 r--p 00000000 08:05 2623667                    /usr/lib/x86_64-linux-gnu/libgcc_s.so.1
7fb1e4f24000-7fb1e4f36000 r-xp 00003000 08:05 2623667                    /usr/lib/x86_64-linux-gnu/libgcc_s.so.1
7fb1e4f36000-7fb1e4f3a000 r--p 00015000 08:05 2623667                    /usr/lib/x86_64-linux-gnu/libgcc_s.so.1
7fb1e4f3a000-7fb1e4f3b000 r--p 00018000 08:05 2623667                    /usr/lib/x86_64-linux-gnu/libgcc_s.so.1
7fb1e4f3b000-7fb1e4f3c000 rw-p 00019000 08:05 2623667                    /usr/lib/x86_64-linux-gnu/libgcc_s.so.1
7fb1e4f3c000-7fb1e4f4a000 r--p 00000000 08:05 2623910                    /usr/lib/x86_64-linux-gnu/libm.so.6
7fb1e4f4a000-7fb1e4fc6000 r-xp 0000e000 08:05 2623910                    /usr/lib/x86_64-linux-gnu/libm.so.6
7fb1e4fc6000-7fb1e5021000 r--p 0008a000 08:05 2623910                    /usr/lib/x86_64-linux-gnu/libm.so.6
7fb1e5021000-7fb1e5022000 r--p 000e4000 08:05 2623910                    /usr/lib/x86_64-linux-gnu/libm.so.6
7fb1e5022000-7fb1e5023000 rw-p 000e5000 08:05 2623910                    /usr/lib/x86_64-linux-gnu/libm.so.6
7fb1e5023000-7fb1e50b9000 r--p 00000000 08:05 2623640                    /usr/lib/x86_64-linux-gnu/libstdc++.so.6.0.28
7fb1e50b9000-7fb1e51aa000 r-xp 00096000 08:05 2623640                    /usr/lib/x86_64-linux-gnu/libstdc++.so.6.0.28
7fb1e51aa000-7fb1e51f3000 r--p 00187000 08:05 2623640                    /usr/lib/x86_64-linux-gnu/libstdc++.so.6.0.28
7fb1e51f3000-7fb1e51f4000 ---p 001d0000 08:05 2623640                    /usr/lib/x86_64-linux-gnu/libstdc++.so.6.0.28
7fb1e51f4000-7fb1e51ff000 r--p 001d0000 08:05 2623640                    /usr/lib/x86_64-linux-gnu/libstdc++.so.6.0.28
7fb1e51ff000-7fb1e5202000 rw-p 001db000 08:05 2623640                    /usr/lib/x86_64-linux-gnu/libstdc++.so.6.0.28
7fb1e5202000-7fb1e5205000 rw-p 00000000 00:00 0 
7fb1e5205000-7fb1e53fb000 r--p 00000000 08:05 2755566                    /usr/lib/jvm/java-8-openjdk-amd64/jre/lib/amd64/server/libjvm.so
7fb1e53fb000-7fb1e5d67000 r-xp 001f6000 08:05 2755566                    /usr/lib/jvm/java-8-openjdk-amd64/jre/lib/amd64/server/libjvm.so
7fb1e5d67000-7fb1e5f1a000 r--p 00b62000 08:05 2755566                    /usr/lib/jvm/java-8-openjdk-amd64/jre/lib/amd64/server/libjvm.so
7fb1e5f1a000-7fb1e5f1b000 ---p 00d15000 08:05 2755566                    /usr/lib/jvm/java-8-openjdk-amd64/jre/lib/amd64/server/libjvm.so
7fb1e5f1b000-7fb1e5fb1000 r--p 00d15000 08:05 2755566                    /usr/lib/jvm/java-8-openjdk-amd64/jre/lib/amd64/server/libjvm.so
7fb1e5fb1000-7fb1e5fda000 rw-p 00dab000 08:05 2755566                    /usr/lib/jvm/java-8-openjdk-amd64/jre/lib/amd64/server/libjvm.so
7fb1e5fda000-7fb1e6011000 rw-p 00000000 00:00 0 
7fb1e6011000-7fb1e6039000 r--p 00000000 08:05 2623905                    /usr/lib/x86_64-linux-gnu/libc.so.6
7fb1e6039000-7fb1e61ce000 r-xp 00028000 08:05 2623905                    /usr/lib/x86_64-linux-gnu/libc.so.6
7fb1e61ce000-7fb1e6226000 r--p 001bd000 08:05 2623905                    /usr/lib/x86_64-linux-gnu/libc.so.6
7fb1e6226000-7fb1e622a000 r--p 00214000 08:05 2623905                    /usr/lib/x86_64-linux-gnu/libc.so.6
7fb1e622a000-7fb1e622c000 rw-p 00218000 08:05 2623905                    /usr/lib/x86_64-linux-gnu/libc.so.6
7fb1e622c000-7fb1e6239000 rw-p 00000000 00:00 0 
7fb1e6239000-7fb1e623a000 r--p 00000000 08:05 2623908                    /usr/lib/x86_64-linux-gnu/libdl.so.2
7fb1e623a000-7fb1e623b000 r-xp 00001000 08:05 2623908                    /usr/lib/x86_64-linux-gnu/libdl.so.2
7fb1e623b000-7fb1e623c000 r--p 00002000 08:05 2623908                    /usr/lib/x86_64-linux-gnu/libdl.so.2
7fb1e623c000-7fb1e623d000 r--p 00002000 08:05 2623908                    /usr/lib/x86_64-linux-gnu/libdl.so.2
7fb1e623d000-7fb1e623e000 rw-p 00003000 08:05 2623908                    /usr/lib/x86_64-linux-gnu/libdl.so.2
7fb1e623e000-7fb1e6241000 r--p 00000000 08:05 2755529                    /usr/lib/jvm/java-8-openjdk-amd64/jre/lib/amd64/jli/libjli.so
7fb1e6241000-7fb1e624b000 r-xp 00003000 08:05 2755529                    /usr/lib/jvm/java-8-openjdk-amd64/jre/lib/amd64/jli/libjli.so
7fb1e624b000-7fb1e624e000 r--p 0000d000 08:05 2755529                    /usr/lib/jvm/java-8-openjdk-amd64/jre/lib/amd64/jli/libjli.so
7fb1e624e000-7fb1e624f000 r--p 0000f000 08:05 2755529                    /usr/lib/jvm/java-8-openjdk-amd64/jre/lib/amd64/jli/libjli.so
7fb1e624f000-7fb1e6250000 rw-p 00010000 08:05 2755529                    /usr/lib/jvm/java-8-openjdk-amd64/jre/lib/amd64/jli/libjli.so
7fb1e6250000-7fb1e6252000 r--p 00000000 08:05 2628913                    /usr/lib/x86_64-linux-gnu/libz.so.1.2.11
7fb1e6252000-7fb1e6263000 r-xp 00002000 08:05 2628913                    /usr/lib/x86_64-linux-gnu/libz.so.1.2.11
7fb1e6263000-7fb1e6269000 r--p 00013000 08:05 2628913                    /usr/lib/x86_64-linux-gnu/libz.so.1.2.11
7fb1e6269000-7fb1e626a000 ---p 00019000 08:05 2628913                    /usr/lib/x86_64-linux-gnu/libz.so.1.2.11
7fb1e626a000-7fb1e626b000 r--p 00019000 08:05 2628913                    /usr/lib/x86_64-linux-gnu/libz.so.1.2.11
7fb1e626b000-7fb1e626c000 rw-p 0001a000 08:05 2628913                    /usr/lib/x86_64-linux-gnu/libz.so.1.2.11
7fb1e626c000-7fb1e626d000 r--p 00000000 08:05 2623926                    /usr/lib/x86_64-linux-gnu/libpthread.so.0
7fb1e626d000-7fb1e626e000 r-xp 00001000 08:05 2623926                    /usr/lib/x86_64-linux-gnu/libpthread.so.0
7fb1e626e000-7fb1e626f000 r--p 00002000 08:05 2623926                    /usr/lib/x86_64-linux-gnu/libpthread.so.0
7fb1e626f000-7fb1e6270000 r--p 00002000 08:05 2623926                    /usr/lib/x86_64-linux-gnu/libpthread.so.0
7fb1e6270000-7fb1e6271000 rw-p 00003000 08:05 2623926                    /usr/lib/x86_64-linux-gnu/libpthread.so.0
7fb1e6271000-7fb1e6279000 rw-s 00000000 08:05 917532                     /tmp/hsperfdata_wj/82491
7fb1e6279000-7fb1e627a000 r--p 00000000 08:05 2755558                    /usr/lib/jvm/java-8-openjdk-amd64/jre/lib/amd64/libnpt.so
7fb1e627a000-7fb1e627c000 r-xp 00001000 08:05 2755558                    /usr/lib/jvm/java-8-openjdk-amd64/jre/lib/amd64/libnpt.so
7fb1e627c000-7fb1e627d000 r--p 00003000 08:05 2755558                    /usr/lib/jvm/java-8-openjdk-amd64/jre/lib/amd64/libnpt.so
7fb1e627d000-7fb1e627e000 r--p 00003000 08:05 2755558                    /usr/lib/jvm/java-8-openjdk-amd64/jre/lib/amd64/libnpt.so
7fb1e627e000-7fb1e627f000 rw-p 00004000 08:05 2755558                    /usr/lib/jvm/java-8-openjdk-amd64/jre/lib/amd64/libnpt.so
7fb1e627f000-7fb1e6282000 rw-p 00000000 00:00 0 
7fb1e6282000-7fb1e6284000 r--p 00000000 08:05 2622080                    /usr/lib/x86_64-linux-gnu/ld-linux-x86-64.so.2
7fb1e6284000-7fb1e62ae000 r-xp 00002000 08:05 2622080                    /usr/lib/x86_64-linux-gnu/ld-linux-x86-64.so.2
7fb1e62ae000-7fb1e62b9000 r--p 0002c000 08:05 2622080                    /usr/lib/x86_64-linux-gnu/ld-linux-x86-64.so.2
7fb1e62b9000-7fb1e62ba000 r--p 00000000 00:00 0 
7fb1e62ba000-7fb1e62bc000 r--p 00037000 08:05 2622080                    /usr/lib/x86_64-linux-gnu/ld-linux-x86-64.so.2
7fb1e62bc000-7fb1e62be000 rw-p 00039000 08:05 2622080                    /usr/lib/x86_64-linux-gnu/ld-linux-x86-64.so.2
7ffcf0f4d000-7ffcf0f70000 rw-p 00000000 00:00 0                          [stack]
7ffcf0fc0000-7ffcf0fc4000 r--p 00000000 00:00 0                          [vvar]
7ffcf0fc4000-7ffcf0fc6000 r-xp 00000000 00:00 0                          [vdso]
ffffffffff600000-ffffffffff601000 --xp 00000000 00:00 0                  [vsyscall]

VM Arguments:
jvm_args: -agentlib:jdwp=transport=dt_socket,address=127.0.0.1:54315,suspend=y,server=n -javaagent:/home/wj/下载/ideaIU-2024.2.1/idea-IU-242.21829.142/plugins/java/lib/rt/debugger-agent.jar -Dkotlinx.coroutines.debug.enable.creation.stack.trace=false -Ddebugger.agent.enable.coroutines=true -Dfile.encoding=UTF-8 
java_command: com.example.base.entities.wallet.MockWalletAndTransactions
java_class_path (initial): /usr/lib/jvm/java-1.8.0-openjdk-amd64/jre/lib/charsets.jar:/usr/lib/jvm/java-1.8.0-openjdk-amd64/jre/lib/ext/cldrdata.jar:/usr/lib/jvm/java-1.8.0-openjdk-amd64/jre/lib/ext/dnsns.jar:/usr/lib/jvm/java-1.8.0-openjdk-amd64/jre/lib/ext/icedtea-sound.jar:/usr/lib/jvm/java-1.8.0-openjdk-amd64/jre/lib/ext/jaccess.jar:/usr/lib/jvm/java-1.8.0-openjdk-amd64/jre/lib/ext/java-atk-wrapper.jar:/usr/lib/jvm/java-1.8.0-openjdk-amd64/jre/lib/ext/localedata.jar:/usr/lib/jvm/java-1.8.0-openjdk-amd64/jre/lib/ext/nashorn.jar:/usr/lib/jvm/java-1.8.0-openjdk-amd64/jre/lib/ext/sunec.jar:/usr/lib/jvm/java-1.8.0-openjdk-amd64/jre/lib/ext/sunjce_provider.jar:/usr/lib/jvm/java-1.8.0-openjdk-amd64/jre/lib/ext/sunpkcs11.jar:/usr/lib/jvm/java-1.8.0-openjdk-amd64/jre/lib/ext/zipfs.jar:/usr/lib/jvm/java-1.8.0-openjdk-amd64/jre/lib/jce.jar:/usr/lib/jvm/java-1.8.0-openjdk-amd64/jre/lib/jfr.jar:/usr/lib/jvm/java-1.8.0-openjdk-amd64/jre/lib/jsse.jar:/usr/lib/jvm/java-1.8.0-openjdk-amd64/jre/lib/management-agent.jar:/usr/lib/jvm/java-1.8.0-openjdk-amd64/jre/lib/resources.jar:/usr/lib/jvm/java-1.8.0-openjdk-amd64/jre/lib/rt.jar:/home/wj/dockerAFLdemo/pofChain/pof-base/target/classes:/home/wj/.m2/repository/org/springframework/boot/spring-boot-starter/2.6.5/spring-boot-starter-2.6.5.jar:/home/wj/.m2/repository/org/springframework/boot/spring-boot/2.6.5/spring-boot-2.6.5.jar:/home/wj/.m2/repository/org/springframework/spring-context/5.3.17/spring-context-5.3.17.jar:/home/wj/.m2/repository/org/springframework/boot/spring-boot-autoconfigure/2.6.5/spring-boot-autoconfigure-2.6.5.jar:/home/wj/.m2/repository/org/springframework/boot/spring-boot-starter-logging/2.6.5/spring-boot-starter-logging-2.6.5.jar:/home/wj/.m2/repository/ch/qos/logback/logback-classic/1.2.11/logback-classic-1.2.11.jar:/home/wj/.m2/repository/ch/qos/logback/logback-core/1.2.11/logback-core-1.2.11.jar:/home/wj/.m2/repository/org/apache/logging/log4j/log4j-to-slf4j/2.17.2/log4j-to-slf4j-2.17.2.jar:/home/wj/.m2/re
Launcher Type: SUN_STANDARD

Environment Variables:
PATH=/usr/local/sbin:/usr/local/bin:/usr/sbin:/usr/bin:/sbin:/bin:/usr/games:/usr/local/games:/snap/bin
USERNAME=wj
SHELL=/bin/bash
DISPLAY=:0

Signal Handlers:
SIGSEGV: [libjvm.so+0xb3b440], sa_mask[0]=11111111011111111101111111111110, sa_flags=SA_RESTART|SA_SIGINFO
SIGBUS: [libjvm.so+0xb3b440], sa_mask[0]=11111111011111111101111111111110, sa_flags=SA_RESTART|SA_SIGINFO
SIGFPE: [libjvm.so+0x97e0b0], sa_mask[0]=11111111011111111101111111111110, sa_flags=SA_RESTART|SA_SIGINFO
SIGPIPE: [libjvm.so+0x97e0b0], sa_mask[0]=11111111011111111101111111111110, sa_flags=SA_RESTART|SA_SIGINFO
SIGXFSZ: [libjvm.so+0x97e0b0], sa_mask[0]=11111111011111111101111111111110, sa_flags=SA_RESTART|SA_SIGINFO
SIGILL: [libjvm.so+0x97e0b0], sa_mask[0]=11111111011111111101111111111110, sa_flags=SA_RESTART|SA_SIGINFO
SIGUSR1: SIG_DFL, sa_mask[0]=00000000000000000000000000000000, sa_flags=none
SIGUSR2: [libjvm.so+0x97e3e0], sa_mask[0]=00000000000000000000000000000000, sa_flags=SA_RESTART|SA_SIGINFO
SIGHUP: [libjvm.so+0x97e330], sa_mask[0]=11111111011111111101111111111110, sa_flags=SA_RESTART|SA_SIGINFO
SIGINT: [libjvm.so+0x97e330], sa_mask[0]=11111111011111111101111111111110, sa_flags=SA_RESTART|SA_SIGINFO
SIGTERM: [libjvm.so+0x97e330], sa_mask[0]=11111111011111111101111111111110, sa_flags=SA_RESTART|SA_SIGINFO
SIGQUIT: [libjvm.so+0x97e330], sa_mask[0]=11111111011111111101111111111110, sa_flags=SA_RESTART|SA_SIGINFO


---------------  S Y S T E M  ---------------

OS:DISTRIB_ID=Ubuntu
DISTRIB_RELEASE=20.04
DISTRIB_CODENAME=focal
DISTRIB_DESCRIPTION="Ubuntu 20.04.6 LTS"

uname:Linux 5.15.0-130-generic #140~20.04.1-Ubuntu SMP Wed Dec 18 21:35:34 UTC 2024 x86_64
libc:glibc 2.35 NPTL 2.35 
rlimit: STACK 8192k, CORE 0k, NPROC 25192, NOFILE 1048576, AS infinity
load average:2.16 2.09 2.04

/proc/meminfo:
MemTotal:        6543344 kB
MemFree:          177300 kB
MemAvailable:    1003400 kB
Buffers:           79644 kB
Cached:           896624 kB
SwapCached:        40140 kB
Active:          3080572 kB
Inactive:        2413984 kB
Active(anon):    2488600 kB
Inactive(anon):  2033012 kB
Active(file):     591972 kB
Inactive(file):   380972 kB
Unevictable:          16 kB
Mlocked:              16 kB
SwapTotal:       2097148 kB
SwapFree:        1209180 kB
Dirty:               324 kB
Writeback:             0 kB
AnonPages:       4503804 kB
Mapped:           348444 kB
Shmem:              3324 kB
KReclaimable:     139760 kB
Slab:             278608 kB
SReclaimable:     139760 kB
SUnreclaim:       138848 kB
KernelStack:       13040 kB
PageTables:        29540 kB
NFS_Unstable:          0 kB
Bounce:                0 kB
WritebackTmp:          0 kB
CommitLimit:     5368820 kB
Committed_AS:    9186396 kB
VmallocTotal:   34359738367 kB
VmallocUsed:       76924 kB
VmallocChunk:          0 kB
Percpu:           141824 kB
HardwareCorrupted:     0 kB
AnonHugePages:         0 kB
ShmemHugePages:        0 kB
ShmemPmdMapped:        0 kB
FileHugePages:         0 kB
FilePmdMapped:         0 kB
HugePages_Total:       0
HugePages_Free:        0
HugePages_Rsvd:        0
HugePages_Surp:        0
Hugepagesize:       2048 kB
Hugetlb:               0 kB
DirectMap4k:      468800 kB
DirectMap2M:     6346752 kB
DirectMap1G:           0 kB

container (cgroup) information:
container_type: cgroupv1
cpu_cpuset_cpus: 0-1
cpu_memory_nodes: 0
active_processor_count: 2
cpu_quota: -1
cpu_period: 100000
cpu_shares: -1
memory_limit_in_bytes: -1
memory_and_swap_limit_in_bytes: -1
memory_soft_limit_in_bytes: -1
memory_usage_in_bytes: 5147512832
memory_max_usage_in_bytes: 5352349696


CPU:total 2 (initial active 2) (1 cores per cpu, 1 threads per core) family 6 model 191 stepping 2, cmov, cx8, fxsr, mmx, sse, sse2, sse3, ssse3, sse4.1, sse4.2, popcnt, avx, avx2, aes, clmul, erms, 3dnowpref, lzcnt, tsc, tscinvbit, bmi1, bmi2, adx

/proc/cpuinfo:
processor	: 0
vendor_id	: GenuineIntel
cpu family	: 6
model		: 191
model name	: 13th Gen Intel(R) Core(TM) i5-13500HX
stepping	: 2
microcode	: 0x34
cpu MHz		: 2688.005
cache size	: 24576 KB
physical id	: 0
siblings	: 1
core id		: 0
cpu cores	: 1
apicid		: 0
initial apicid	: 0
fpu		: yes
fpu_exception	: yes
cpuid level	: 32
wp		: yes
flags		: fpu vme de pse tsc msr pae mce cx8 apic sep mtrr pge mca cmov pat pse36 clflush mmx fxsr sse sse2 ss syscall nx pdpe1gb rdtscp lm constant_tsc arch_perfmon rep_good nopl xtopology tsc_reliable nonstop_tsc cpuid tsc_known_freq pni pclmulqdq ssse3 fma cx16 sse4_1 sse4_2 x2apic movbe popcnt tsc_deadline_timer aes xsave avx f16c rdrand hypervisor lahf_lm abm 3dnowprefetch ssbd ibrs ibpb stibp ibrs_enhanced fsgsbase tsc_adjust bmi1 avx2 smep bmi2 erms invpcid rdseed adx smap clflushopt clwb sha_ni xsaveopt xsavec xgetbv1 xsaves avx_vnni arat umip pku ospke gfni vaes vpclmulqdq rdpid movdiri movdir64b fsrm md_clear serialize flush_l1d arch_capabilities
bugs		: spectre_v1 spectre_v2 spec_store_bypass swapgs itlb_multihit mmio_unknown eibrs_pbrsb rfds bhi
bogomips	: 5376.01
clflush size	: 64
cache_alignment	: 64
address sizes	: 45 bits physical, 48 bits virtual
power management:

processor	: 1
vendor_id	: GenuineIntel
cpu family	: 6
model		: 191
model name	: 13th Gen Intel(R) Core(TM) i5-13500HX
stepping	: 2
microcode	: 0x34
cpu MHz		: 2688.005
cache size	: 24576 KB
physical id	: 2
siblings	: 1
core id		: 0
cpu cores	: 1
apicid		: 2
initial apicid	: 2
fpu		: yes
fpu_exception	: yes
cpuid level	: 32
wp		: yes
flags		: fpu vme de pse tsc msr pae mce cx8 apic sep mtrr pge mca cmov pat pse36 clflush mmx fxsr sse sse2 ss syscall nx pdpe1gb rdtscp lm constant_tsc arch_perfmon rep_good nopl xtopology tsc_reliable nonstop_tsc cpuid tsc_known_freq pni pclmulqdq ssse3 fma cx16 sse4_1 sse4_2 x2apic movbe popcnt tsc_deadline_timer aes xsave avx f16c rdrand hypervisor lahf_lm abm 3dnowprefetch ssbd ibrs ibpb stibp ibrs_enhanced fsgsbase tsc_adjust bmi1 avx2 smep bmi2 erms invpcid rdseed adx smap clflushopt clwb sha_ni xsaveopt xsavec xgetbv1 xsaves avx_vnni arat umip pku ospke gfni vaes vpclmulqdq rdpid movdiri movdir64b fsrm md_clear serialize flush_l1d arch_capabilities
bugs		: spectre_v1 spectre_v2 spec_store_bypass swapgs itlb_multihit mmio_unknown eibrs_pbrsb rfds bhi
bogomips	: 5376.01
clflush size	: 64
cache_alignment	: 64
address sizes	: 45 bits physical, 48 bits virtual
power management:



Memory: 4k page, physical 6543344k(177300k free), swap 2097148k(1209180k free)

vm_info: OpenJDK 64-Bit Server VM (25.442-b06) for linux-amd64 JRE (1.8.0_442-8u442-b06~us1-0ubuntu1~20.04-b06), built on Jan 26 2025 07:38:16 by "buildd" with gcc 9.4.0

time: Thu Feb  6 21:17:38 2025
timezone: CST
elapsed time: 90.657205 seconds (0d 0h 1m 30s)

