#
# A fatal error has been detected by the Java Runtime Environment:
#
#  SIGSEGV (0xb) at pc=0x00007fd7849fc4f3, pid=850730, tid=0x00007fd74dfbc640
#
# JRE version: OpenJDK Runtime Environment (8.0_422-b05) (build 1.8.0_422-8u422-b05-1~20.04-b05)
# Java VM: OpenJDK 64-Bit Server VM (25.422-b05 mixed mode linux-amd64 compressed oops)
# Problematic frame:
# C  [librocksdbjni8936577844982013216.so+0x3fc4f3]  rocksdb::DBImpl::FailIfCfHasTs(rocksdb::ColumnFamilyHandle const*) const+0x23
#
# Failed to write core dump. Core dumps have been disabled. To enable core dumping, try "ulimit -c unlimited" before starting Java again
#
# If you would like to submit a bug report, please visit:
#   http://bugreport.java.com/bugreport/crash.jsp
# The crash happened outside the Java Virtual Machine in native code.
# See problematic frame for where to report the bug.
#

---------------  T H R E A D  ---------------

Current thread (0x00005617301ae000):  JavaThread "Thread-41" daemon [_thread_in_native, id=850904, stack(0x00007fd74debd000,0x00007fd74dfbd000)]

siginfo: si_signo: 11 (SIGSEGV), si_code: 1 (SEGV_MAPERR), si_addr: 0x0000000000000000

Registers:
RAX=0x0000000000000000, RBX=0x00007fd74dfbb150, RCX=0x0000000000000000, RDX=0x0000000000000000
RSP=0x00007fd74dfbad60, RBP=0x00007fd74dfbaf30, RSI=0x00007fd798cbcc00, RDI=0x00007fd798cbcc00
R8 =0x00007fd74dfbb270, R9 =0x00007fd74dfbb490, R10=0x00007fd78902081c, R11=0x00007fd79ed9ce30
R12=0x0000000000000000, R13=0x00007fd74dfbb490, R14=0x00007fd74dfbb310, R15=0x00007fd798cbcc00
RIP=0x00007fd7849fc4f3, EFLAGS=0x0000000000010246, CSGSFS=0x002b000000000033, ERR=0x0000000000000004
  TRAPNO=0x000000000000000e

Top of Stack: (sp=0x00007fd74dfbad60)
0x00007fd74dfbad60:   00007fd74dfbada0 00007fd79ecaccd6
0x00007fd74dfbad70:   00007fd748003f28 00007fd798007280
0x00007fd74dfbad80:   0000000000000000 0000000000000000
0x00007fd74dfbad90:   00005617301aeba0 00005617301ae000
0x00007fd74dfbada0:   00007fd74dfbadf0 00007fd79ecad99e
0x00007fd74dfbadb0:   00007fd74dfbadf0 0000000298103e50
0x00007fd74dfbadc0:   00007fd798103e28 0000000000000035
0x00007fd74dfbadd0:   00007fd74dfbaff0 00007fd798007280
0x00007fd74dfbade0:   00007fd79f157290 00005617301ae000
0x00007fd74dfbadf0:   00007fd74dfbaf90 00007fd79eeb0ac4
0x00007fd74dfbae00:   00007fd798007280 0000000298103e00
0x00007fd74dfbae10:   00f27fd798103e28 0000000000000034
0x00007fd74dfbae20:   00007fd74dfbc640 00007fd79ee5238f
0x00007fd74dfbae30:   00007fd74dfbb6b0 00007fd79ee5240b
0x00007fd74dfbae40:   00007fd74dfbae90 00007fd79e646884
0x00007fd74dfbae50:   00007fd74dfbb6f0 b75707d241253e00
0x00007fd74dfbae60:   00007fd789005310 00005617301ae7f0
0x00007fd74dfbae70:   00007fd75c1bc4c0 00007fd785857b40
0x00007fd74dfbae80:   0000000000000000 00007fd79f20d1a2
0x00007fd74dfbae90:   00007fd74dfbaf60 000001899eb4626e
0x00007fd74dfbaea0:   00007fd748003f78 0000000000000000
0x00007fd74dfbaeb0:   0000000000000000 00007fd748003f74
0x00007fd74dfbaec0:   0000000000000000 00007fd79f20f9b4
0x00007fd74dfbaed0:   00007fd785857b40 0000000000000094
0x00007fd74dfbaee0:   0000000000002090 00007fd748003f60
0x00007fd74dfbaef0:   00007fd748003f50 00007fd748003f28
0x00007fd74dfbaf00:   00007fd74dfbaf40 00007fd74dfbb310
0x00007fd74dfbaf10:   00007fd74dfbb270 00007fd74dfbb490
0x00007fd74dfbaf20:   00007fd74dfbb310 00007fd798cbcc00
0x00007fd74dfbaf30:   00007fd74dfbb260 00007fd784a1df95
0x00007fd74dfbaf40:   0000000000000128 00007fd748003f50
0x00007fd74dfbaf50:   00007fd748003f28 0000000000000000 

Instructions: (pc=0x00007fd7849fc4f3)
0x00007fd7849fc4d3:   e5 41 57 41 56 41 55 41 54 49 89 d4 53 48 89 fb
0x00007fd7849fc4e3:   48 81 ec a8 01 00 00 48 85 d2 0f 84 45 03 00 00
0x00007fd7849fc4f3:   49 8b 04 24 4c 89 e7 ff 50 28 48 83 78 28 00 75
0x00007fd7849fc503:   34 c6 03 00 c6 43 01 00 c6 43 02 00 c6 43 03 00 

Register to memory mapping:

RAX=0x0000000000000000 is an unknown value
RBX=0x00007fd74dfbb150 is pointing into the stack for thread: 0x00005617301ae000
RCX=0x0000000000000000 is an unknown value
RDX=0x0000000000000000 is an unknown value
RSP=0x00007fd74dfbad60 is pointing into the stack for thread: 0x00005617301ae000
RBP=0x00007fd74dfbaf30 is pointing into the stack for thread: 0x00005617301ae000
RSI=0x00007fd798cbcc00 is an unknown value
RDI=0x00007fd798cbcc00 is an unknown value
R8 =0x00007fd74dfbb270 is pointing into the stack for thread: 0x00005617301ae000
R9 =0x00007fd74dfbb490 is pointing into the stack for thread: 0x00005617301ae000
R10=0x00007fd78902081c is at code_begin+1596 in an Interpreter codelet
method entry point (kind = native)  [0x00007fd7890201e0, 0x00007fd7890211c0]  4064 bytes
R11=0x00007fd79ed9ce30: <offset 0xa2be30> in /usr/lib/jvm/java-8-openjdk-amd64/jre/lib/amd64/server/libjvm.so at 0x00007fd79e371000
R12=0x0000000000000000 is an unknown value
R13=0x00007fd74dfbb490 is pointing into the stack for thread: 0x00005617301ae000
R14=0x00007fd74dfbb310 is pointing into the stack for thread: 0x00005617301ae000
R15=0x00007fd798cbcc00 is an unknown value


Stack: [0x00007fd74debd000,0x00007fd74dfbd000],  sp=0x00007fd74dfbad60,  free space=1015k
Native frames: (J=compiled Java code, j=interpreted, Vv=VM code, C=native code)
C  [librocksdbjni8936577844982013216.so+0x3fc4f3]  rocksdb::DBImpl::FailIfCfHasTs(rocksdb::ColumnFamilyHandle const*) const+0x23
C  [librocksdbjni8936577844982013216.so+0x41df95]  rocksdb::DBImpl::GetImpl(rocksdb::ReadOptions const&, rocksdb::Slice const&, rocksdb::DBImpl::GetImplOptions&)+0x7d5
C  [librocksdbjni8936577844982013216.so+0x4011d2]  rocksdb::DBImpl::GetImpl(rocksdb::ReadOptions const&, rocksdb::ColumnFamilyHandle*, rocksdb::Slice const&, rocksdb::PinnableSlice*, std::string*)+0x52
C  [librocksdbjni8936577844982013216.so+0x401310]  rocksdb::DBImpl::Get(rocksdb::ReadOptions const&, rocksdb::ColumnFamilyHandle*, rocksdb::Slice const&, rocksdb::PinnableSlice*, std::string*)+0x110
C  [librocksdbjni8936577844982013216.so+0x3fd457]  rocksdb::DBImpl::Get(rocksdb::ReadOptions const&, rocksdb::ColumnFamilyHandle*, rocksdb::Slice const&, rocksdb::PinnableSlice*)+0x17
C  [librocksdbjni8936577844982013216.so+0x2e0054]  rocksdb_get_helper(JNIEnv_*, rocksdb::DB*, rocksdb::ReadOptions const&, rocksdb::ColumnFamilyHandle*, _jbyteArray*, int, int)+0x244
C  [librocksdbjni8936577844982013216.so+0x2e01a5]  Java_org_rocksdb_RocksDB_get__J_3BII+0xe5
j  org.rocksdb.RocksDB.get(J[BII)[B+0
j  org.rocksdb.RocksDB.get([B)[B+9
j  com.example.base.store.RocksDBStore.get(Ljava/lang/String;)Ljava/util/Optional;+8
j  com.example.web.service.BlockServiceImpl.getLatestBlock()Lcom/example/base/entities/Block;+14
j  com.example.web.service.BlockServiceImpl.executeCommand()V+194
j  com.example.web.service.BlockServiceImpl.lambda$startMining$0()V+11
j  com.example.web.service.BlockServiceImpl$$Lambda$601.run()V+4
j  java.lang.Thread.run()V+11
v  ~StubRoutines::call_stub
V  [libjvm.so+0x6a7575]
V  [libjvm.so+0x6a4cbf]
V  [libjvm.so+0x6a52b4]
V  [libjvm.so+0x74b250]
V  [libjvm.so+0xadf39f]
V  [libjvm.so+0xadf693]
V  [libjvm.so+0x9804d0]
C  [libc.so.6+0x94b43]

Java frames: (J=compiled Java code, j=interpreted, Vv=VM code)
j  org.rocksdb.RocksDB.get(J[BII)[B+0
j  org.rocksdb.RocksDB.get([B)[B+9
j  com.example.base.store.RocksDBStore.get(Ljava/lang/String;)Ljava/util/Optional;+8
j  com.example.web.service.BlockServiceImpl.getLatestBlock()Lcom/example/base/entities/Block;+14
j  com.example.web.service.BlockServiceImpl.executeCommand()V+194
j  com.example.web.service.BlockServiceImpl.lambda$startMining$0()V+11
j  com.example.web.service.BlockServiceImpl$$Lambda$601.run()V+4
j  java.lang.Thread.run()V+11
v  ~StubRoutines::call_stub

---------------  P R O C E S S  ---------------

Java Threads: ( => current thread )
=>0x00005617301ae000 JavaThread "Thread-41" daemon [_thread_in_native, id=850904, stack(0x00007fd74debd000,0x00007fd74dfbd000)]
  0x00007fd798011000 JavaThread "DestroyJavaVM" [_thread_blocked, id=850731, stack(0x00007fd79df8d000,0x00007fd79e08d000)]
  0x00007fd798e13800 JavaThread "http-nio-127.0.0.1-8001-Acceptor" daemon [_thread_in_native, id=850892, stack(0x00007fd74cebd000,0x00007fd74cfbd000)]
  0x00007fd798e10800 JavaThread "http-nio-127.0.0.1-8001-Poller" daemon [_thread_in_native, id=850890, stack(0x00007fd74cfbd000,0x00007fd74d0bd000)]
  0x00007fd798df3000 JavaThread "http-nio-127.0.0.1-8001-exec-10" daemon [_thread_blocked, id=850888, stack(0x00007fd74d1bd000,0x00007fd74d2bd000)]
  0x00007fd798df1000 JavaThread "http-nio-127.0.0.1-8001-exec-9" daemon [_thread_blocked, id=850887, stack(0x00007fd74d2bd000,0x00007fd74d3bd000)]
  0x00007fd798def000 JavaThread "http-nio-127.0.0.1-8001-exec-8" daemon [_thread_blocked, id=850886, stack(0x00007fd74d3bd000,0x00007fd74d4bd000)]
  0x00007fd798ded000 JavaThread "http-nio-127.0.0.1-8001-exec-7" daemon [_thread_blocked, id=850885, stack(0x00007fd74d4bd000,0x00007fd74d5bd000)]
  0x00007fd798deb000 JavaThread "http-nio-127.0.0.1-8001-exec-6" daemon [_thread_blocked, id=850884, stack(0x00007fd74d5bd000,0x00007fd74d6bd000)]
  0x00007fd798de9000 JavaThread "http-nio-127.0.0.1-8001-exec-5" daemon [_thread_blocked, id=850883, stack(0x00007fd74d6bd000,0x00007fd74d7bd000)]
  0x00007fd798de7000 JavaThread "http-nio-127.0.0.1-8001-exec-4" daemon [_thread_blocked, id=850882, stack(0x00007fd74d7bd000,0x00007fd74d8bd000)]
  0x00007fd798de5800 JavaThread "http-nio-127.0.0.1-8001-exec-3" daemon [_thread_blocked, id=850881, stack(0x00007fd74d8bd000,0x00007fd74d9bd000)]
  0x00007fd798de4800 JavaThread "http-nio-127.0.0.1-8001-exec-2" daemon [_thread_blocked, id=850880, stack(0x00007fd74d9bd000,0x00007fd74dabd000)]
  0x00007fd798a60000 JavaThread "http-nio-127.0.0.1-8001-exec-1" daemon [_thread_blocked, id=850879, stack(0x00007fd74dcbd000,0x00007fd74ddbd000)]
  0x00007fd798d5a800 JavaThread "Thread-29" daemon [_thread_in_native, id=850866, stack(0x00007fd74ddbd000,0x00007fd74debd000)]
  0x00007fd798d21000 JavaThread "tio-timer-reconnect-1" daemon [_thread_blocked, id=850862, stack(0x00007fd74dfbd000,0x00007fd74e0bd000)]
  0x00007fd798d1a800 JavaThread "Thread-26" daemon [_thread_in_native, id=850860, stack(0x00007fd74e0bd000,0x00007fd74e1bd000)]
  0x00007fd798dc3000 JavaThread "tio-group-1" [_thread_blocked, id=850859, stack(0x00007fd74e1bd000,0x00007fd74e2bd000)]
  0x00007fd798dc2800 JavaThread "tio-worker-1" [_thread_blocked, id=850858, stack(0x00007fd74e2bd000,0x00007fd74e3bd000)]
  0x00007fd798db3800 JavaThread "TioSystemTimer" daemon [_thread_blocked, id=850857, stack(0x00007fd74e3bd000,0x00007fd74e4bd000)]
  0x00007fd798cab800 JavaThread "container-0" [_thread_blocked, id=850832, stack(0x00007fd74e4bd000,0x00007fd74e5bd000)]
  0x00007fd774004800 JavaThread "Catalina-utility-2" [_thread_blocked, id=850831, stack(0x00007fd78536b000,0x00007fd78546b000)]
  0x00007fd798cab000 JavaThread "Catalina-utility-1" [_thread_blocked, id=850830, stack(0x00007fd78546b000,0x00007fd78556b000)]
  0x00007fd748012800 JavaThread "RMI Scheduler(0)" daemon [_thread_blocked, id=850769, stack(0x00007fd78556b000,0x00007fd78566b000)]
  0x00007fd768001000 JavaThread "Attach Listener" daemon [_thread_blocked, id=850754, stack(0x00007fd7859cd000,0x00007fd785acd000)]
  0x00007fd798578800 JavaThread "RMI TCP Accept-0" daemon [_thread_in_native, id=850752, stack(0x00007fd785bce000,0x00007fd785cce000)]
  0x00007fd798172800 JavaThread "Service Thread" daemon [_thread_blocked, id=850751, stack(0x00007fd785ea4000,0x00007fd785fa4000)]
  0x00007fd79816f000 JavaThread "C1 CompilerThread1" daemon [_thread_blocked, id=850750, stack(0x00007fd785fa5000,0x00007fd7860a5000)]
  0x00007fd79816c800 JavaThread "C2 CompilerThread0" daemon [_thread_blocked, id=850749, stack(0x00007fd7860a6000,0x00007fd7861a6000)]
  0x00007fd76c001800 JavaThread "JDWP Command Reader" daemon [_thread_in_native, id=850744, stack(0x00007fd7861a6000,0x00007fd7862a6000)]
  0x00007fd798159800 JavaThread "JDWP Event Helper Thread" daemon [_thread_blocked, id=850743, stack(0x00007fd7862a6000,0x00007fd7863a6000)]
  0x00007fd798156000 JavaThread "JDWP Transport Listener: dt_socket" daemon [_thread_blocked, id=850742, stack(0x00007fd7863a6000,0x00007fd7864a6000)]
  0x00007fd798140800 JavaThread "Signal Dispatcher" daemon [_thread_blocked, id=850741, stack(0x00007fd7864a6000,0x00007fd7865a6000)]
  0x00007fd798111800 JavaThread "Finalizer" daemon [_thread_blocked, id=850740, stack(0x00007fd7865a6000,0x00007fd7866a6000)]
  0x00007fd79810d000 JavaThread "Reference Handler" daemon [_thread_blocked, id=850738, stack(0x00007fd7866a6000,0x00007fd7867a6000)]

Other Threads:
  0x00007fd798103000 VMThread [stack: 0x00007fd7867a7000,0x00007fd7868a7000] [id=850735]
  0x00007fd798587000 WatcherThread [stack: 0x00007fd785ace000,0x00007fd785bce000] [id=850753]

VM state:not at safepoint (normal execution)

VM Mutex/Monitor currently owned by a thread: None

heap address: 0x00000000c3600000, size: 970 MB, Compressed Oops mode: 32-bit
Narrow klass base: 0x0000000000000000, Narrow klass shift: 3
Compressed class space size: 1073741824 Address: 0x0000000100000000

Heap:
 PSYoungGen      total 121344K, used 22819K [0x00000000ebd00000, 0x00000000f7080000, 0x0000000100000000)
  eden space 112640K, 12% used [0x00000000ebd00000,0x00000000ecaca290,0x00000000f2b00000)
  from space 8704K, 99% used [0x00000000f2b00000,0x00000000f337eb00,0x00000000f3380000)
  to   space 10752K, 0% used [0x00000000f6600000,0x00000000f6600000,0x00000000f7080000)
 ParOldGen       total 30720K, used 11092K [0x00000000c3600000, 0x00000000c5400000, 0x00000000ebd00000)
  object space 30720K, 36% used [0x00000000c3600000,0x00000000c40d5070,0x00000000c5400000)
 Metaspace       used 32816K, capacity 35098K, committed 35328K, reserved 1079296K
  class space    used 4306K, capacity 4740K, committed 4864K, reserved 1048576K

Card table byte_map: [0x00007fd79d0c8000,0x00007fd79d2ae000] byte_map_base: 0x00007fd79caad000

Marking Bits: (ParMarkBitMap*) 0x00007fd79f15b740
 Begin Bits: [0x00007fd7871b0000, 0x00007fd7880d8000)
 End Bits:   [0x00007fd7880d8000, 0x00007fd789000000)

Polling page: 0x00007fd79f423000

CodeCache: size=245760Kb used=6943Kb max_used=6943Kb free=238816Kb
 bounds [0x00007fd789000000, 0x00007fd7896d0000, 0x00007fd798000000]
 total_blobs=3842 nmethods=3369 adapters=393
 compilation: enabled

Compilation events (10 events):
Event: 173.823 Thread 0x00007fd79816f000 3431       1       com.esotericsoftware.kryo.Kryo::addDefaultSerializer (66 bytes)
Event: 173.824 Thread 0x00007fd79816f000 nmethod 3431 0x00007fd7896c4950 code [0x00007fd7896c4b00, 0x00007fd7896c4ec8]
Event: 173.824 Thread 0x00007fd79816f000 3433       1       com.esotericsoftware.kryo.Registration::getType (5 bytes)
Event: 173.824 Thread 0x00007fd79816f000 nmethod 3433 0x00007fd7896c5110 code [0x00007fd7896c5260, 0x00007fd7896c5370]
Event: 173.826 Thread 0x00007fd79816f000 3434       1       ch.qos.logback.core.pattern.FormattingConverter::write (154 bytes)
Event: 173.827 Thread 0x00007fd79816f000 nmethod 3434 0x00007fd7896c53d0 code [0x00007fd7896c55e0, 0x00007fd7896c5a98]
Event: 174.145 Thread 0x00007fd79816f000 3435       1       java.util.regex.Pattern::split (290 bytes)
Event: 174.149 Thread 0x00007fd79816f000 nmethod 3435 0x00007fd7896c6010 code [0x00007fd7896c63a0, 0x00007fd7896c75f8]
Event: 206.237 Thread 0x00007fd79816f000 3436       1       java.util.concurrent.ScheduledThreadPoolExecutor$DelayedWorkQueue::siftUp (66 bytes)
Event: 206.238 Thread 0x00007fd79816f000 nmethod 3436 0x00007fd7896c8c50 code [0x00007fd7896c8de0, 0x00007fd7896c91e8]

GC Heap History (10 events):
Event: 12.519 GC heap before
{Heap before GC invocations=6 (full 0):
 PSYoungGen      total 34304K, used 29868K [0x00000000ebd00000, 0x00000000f0800000, 0x0000000100000000)
  eden space 31744K, 86% used [0x00000000ebd00000,0x00000000ed7ad9f0,0x00000000edc00000)
  from space 2560K, 99% used [0x00000000edc00000,0x00000000ede7d7a8,0x00000000ede80000)
  to   space 6656K, 0% used [0x00000000f0180000,0x00000000f0180000,0x00000000f0800000)
 ParOldGen       total 42496K, used 7254K [0x00000000c3600000, 0x00000000c5f80000, 0x00000000ebd00000)
  object space 42496K, 17% used [0x00000000c3600000,0x00000000c3d158a0,0x00000000c5f80000)
 Metaspace       used 20272K, capacity 21160K, committed 21248K, reserved 1067008K
  class space    used 2572K, capacity 2786K, committed 2816K, reserved 1048576K
Event: 12.571 GC heap after
Heap after GC invocations=6 (full 0):
 PSYoungGen      total 69632K, used 5522K [0x00000000ebd00000, 0x00000000f0900000, 0x0000000100000000)
  eden space 62976K, 0% used [0x00000000ebd00000,0x00000000ebd00000,0x00000000efa80000)
  from space 6656K, 82% used [0x00000000f0180000,0x00000000f06e4970,0x00000000f0800000)
  to   space 7168K, 0% used [0x00000000efa80000,0x00000000efa80000,0x00000000f0180000)
 ParOldGen       total 42496K, used 7262K [0x00000000c3600000, 0x00000000c5f80000, 0x00000000ebd00000)
  object space 42496K, 17% used [0x00000000c3600000,0x00000000c3d178a0,0x00000000c5f80000)
 Metaspace       used 20272K, capacity 21160K, committed 21248K, reserved 1067008K
  class space    used 2572K, capacity 2786K, committed 2816K, reserved 1048576K
}
Event: 12.571 GC heap before
{Heap before GC invocations=7 (full 1):
 PSYoungGen      total 69632K, used 5522K [0x00000000ebd00000, 0x00000000f0900000, 0x0000000100000000)
  eden space 62976K, 0% used [0x00000000ebd00000,0x00000000ebd00000,0x00000000efa80000)
  from space 6656K, 82% used [0x00000000f0180000,0x00000000f06e4970,0x00000000f0800000)
  to   space 7168K, 0% used [0x00000000efa80000,0x00000000efa80000,0x00000000f0180000)
 ParOldGen       total 42496K, used 7262K [0x00000000c3600000, 0x00000000c5f80000, 0x00000000ebd00000)
  object space 42496K, 17% used [0x00000000c3600000,0x00000000c3d178a0,0x00000000c5f80000)
 Metaspace       used 20272K, capacity 21160K, committed 21248K, reserved 1067008K
  class space    used 2572K, capacity 2786K, committed 2816K, reserved 1048576K
Event: 12.645 GC heap after
Heap after GC invocations=7 (full 1):
 PSYoungGen      total 69632K, used 0K [0x00000000ebd00000, 0x00000000f0900000, 0x0000000100000000)
  eden space 62976K, 0% used [0x00000000ebd00000,0x00000000ebd00000,0x00000000efa80000)
  from space 6656K, 0% used [0x00000000f0180000,0x00000000f0180000,0x00000000f0800000)
  to   space 7168K, 0% used [0x00000000efa80000,0x00000000efa80000,0x00000000f0180000)
 ParOldGen       total 30720K, used 8268K [0x00000000c3600000, 0x00000000c5400000, 0x00000000ebd00000)
  object space 30720K, 26% used [0x00000000c3600000,0x00000000c3e133f8,0x00000000c5400000)
 Metaspace       used 20272K, capacity 21160K, committed 21248K, reserved 1067008K
  class space    used 2572K, capacity 2786K, committed 2816K, reserved 1048576K
}
Event: 14.542 GC heap before
{Heap before GC invocations=8 (full 1):
 PSYoungGen      total 69632K, used 62976K [0x00000000ebd00000, 0x00000000f0900000, 0x0000000100000000)
  eden space 62976K, 100% used [0x00000000ebd00000,0x00000000efa80000,0x00000000efa80000)
  from space 6656K, 0% used [0x00000000f0180000,0x00000000f0180000,0x00000000f0800000)
  to   space 7168K, 0% used [0x00000000efa80000,0x00000000efa80000,0x00000000f0180000)
 ParOldGen       total 30720K, used 8268K [0x00000000c3600000, 0x00000000c5400000, 0x00000000ebd00000)
  object space 30720K, 26% used [0x00000000c3600000,0x00000000c3e133f8,0x00000000c5400000)
 Metaspace       used 23046K, capacity 24178K, committed 24576K, reserved 1071104K
  class space    used 2983K, capacity 3229K, committed 3328K, reserved 1048576K
Event: 14.555 GC heap after
Heap after GC invocations=8 (full 1):
 PSYoungGen      total 70144K, used 5206K [0x00000000ebd00000, 0x00000000f3a80000, 0x0000000100000000)
  eden space 62976K, 0% used [0x00000000ebd00000,0x00000000ebd00000,0x00000000efa80000)
  from space 7168K, 72% used [0x00000000efa80000,0x00000000eff959b0,0x00000000f0180000)
  to   space 7168K, 0% used [0x00000000f3380000,0x00000000f3380000,0x00000000f3a80000)
 ParOldGen       total 30720K, used 8276K [0x00000000c3600000, 0x00000000c5400000, 0x00000000ebd00000)
  object space 30720K, 26% used [0x00000000c3600000,0x00000000c3e153f8,0x00000000c5400000)
 Metaspace       used 23046K, capacity 24178K, committed 24576K, reserved 1071104K
  class space    used 2983K, capacity 3229K, committed 3328K, reserved 1048576K
}
Event: 18.035 GC heap before
{Heap before GC invocations=9 (full 1):
 PSYoungGen      total 70144K, used 68182K [0x00000000ebd00000, 0x00000000f3a80000, 0x0000000100000000)
  eden space 62976K, 100% used [0x00000000ebd00000,0x00000000efa80000,0x00000000efa80000)
  from space 7168K, 72% used [0x00000000efa80000,0x00000000eff959b0,0x00000000f0180000)
  to   space 7168K, 0% used [0x00000000f3380000,0x00000000f3380000,0x00000000f3a80000)
 ParOldGen       total 30720K, used 8276K [0x00000000c3600000, 0x00000000c5400000, 0x00000000ebd00000)
  object space 30720K, 26% used [0x00000000c3600000,0x00000000c3e153f8,0x00000000c5400000)
 Metaspace       used 27538K, capacity 29372K, committed 29568K, reserved 1075200K
  class space    used 3612K, capacity 3964K, committed 3968K, reserved 1048576K
Event: 18.073 GC heap after
Heap after GC invocations=9 (full 1):
 PSYoungGen      total 119808K, used 7140K [0x00000000ebd00000, 0x00000000f3c00000, 0x0000000100000000)
  eden space 112640K, 0% used [0x00000000ebd00000,0x00000000ebd00000,0x00000000f2b00000)
  from space 7168K, 99% used [0x00000000f3380000,0x00000000f3a79160,0x00000000f3a80000)
  to   space 8704K, 0% used [0x00000000f2b00000,0x00000000f2b00000,0x00000000f3380000)
 ParOldGen       total 30720K, used 9046K [0x00000000c3600000, 0x00000000c5400000, 0x00000000ebd00000)
  object space 30720K, 29% used [0x00000000c3600000,0x00000000c3ed5888,0x00000000c5400000)
 Metaspace       used 27538K, capacity 29372K, committed 29568K, reserved 1075200K
  class space    used 3612K, capacity 3964K, committed 3968K, reserved 1048576K
}
Event: 173.880 GC heap before
{Heap before GC invocations=10 (full 1):
 PSYoungGen      total 119808K, used 119780K [0x00000000ebd00000, 0x00000000f3c00000, 0x0000000100000000)
  eden space 112640K, 100% used [0x00000000ebd00000,0x00000000f2b00000,0x00000000f2b00000)
  from space 7168K, 99% used [0x00000000f3380000,0x00000000f3a79160,0x00000000f3a80000)
  to   space 8704K, 0% used [0x00000000f2b00000,0x00000000f2b00000,0x00000000f3380000)
 ParOldGen       total 30720K, used 9046K [0x00000000c3600000, 0x00000000c5400000, 0x00000000ebd00000)
  object space 30720K, 29% used [0x00000000c3600000,0x00000000c3ed5888,0x00000000c5400000)
 Metaspace       used 32816K, capacity 35098K, committed 35328K, reserved 1079296K
  class space    used 4306K, capacity 4740K, committed 4864K, reserved 1048576K
Event: 173.991 GC heap after
Heap after GC invocations=10 (full 1):
 PSYoungGen      total 121344K, used 8698K [0x00000000ebd00000, 0x00000000f7080000, 0x0000000100000000)
  eden space 112640K, 0% used [0x00000000ebd00000,0x00000000ebd00000,0x00000000f2b00000)
  from space 8704K, 99% used [0x00000000f2b00000,0x00000000f337eb00,0x00000000f3380000)
  to   space 10752K, 0% used [0x00000000f6600000,0x00000000f6600000,0x00000000f7080000)
 ParOldGen       total 30720K, used 11092K [0x00000000c3600000, 0x00000000c5400000, 0x00000000ebd00000)
  object space 30720K, 36% used [0x00000000c3600000,0x00000000c40d5070,0x00000000c5400000)
 Metaspace       used 32816K, capacity 35098K, committed 35328K, reserved 1079296K
  class space    used 4306K, capacity 4740K, committed 4864K, reserved 1048576K
}

Deoptimization events (0 events):
No events

Classes redefined (0 events):
No events

Internal exceptions (10 events):
Event: 19.628 Thread 0x00007fd798011000 Exception <a 'java/lang/ClassNotFoundException': org/springframework/web/servlet/config/annotation/DelegatingWebMvcConfigurationCustomizer> (0x00000000ecc9dda8) thrown at [/build/openjdk-8-S0Y16D/openjdk-8-8u422-b05/src/hotspot/src/share/vm/classfile/syst
Event: 19.644 Thread 0x00007fd798011000 Exception <a 'java/lang/ClassNotFoundException': org/springframework/boot/autoconfigure/web/servlet/WebMvcAutoConfiguration$EnableWebMvcConfigurationCustomizer> (0x00000000eccc4cb0) thrown at [/build/openjdk-8-S0Y16D/openjdk-8-8u422-b05/src/hotspot/src/sh
Event: 19.652 Thread 0x00007fd798011000 Exception <a 'java/lang/ClassNotFoundException': org/springframework/context/ResourceLoaderAwareCustomizer> (0x00000000ecceee80) thrown at [/build/openjdk-8-S0Y16D/openjdk-8-8u422-b05/src/hotspot/src/share/vm/classfile/systemDictionary.cpp, line 217]
Event: 19.652 Thread 0x00007fd798011000 Exception <a 'java/lang/ClassNotFoundException': org/springframework/beans/factory/AwareCustomizer> (0x00000000ecd03188) thrown at [/build/openjdk-8-S0Y16D/openjdk-8-8u422-b05/src/hotspot/src/share/vm/classfile/systemDictionary.cpp, line 217]
Event: 19.653 Thread 0x00007fd798011000 Exception <a 'java/lang/ClassNotFoundException': org/springframework/context/ApplicationContextAwareCustomizer> (0x00000000ecd19638) thrown at [/build/openjdk-8-S0Y16D/openjdk-8-8u422-b05/src/hotspot/src/share/vm/classfile/systemDictionary.cpp, line 217]
Event: 19.653 Thread 0x00007fd798011000 Exception <a 'java/lang/ClassNotFoundException': org/springframework/beans/factory/AwareCustomizer> (0x00000000ecd2df58) thrown at [/build/openjdk-8-S0Y16D/openjdk-8-8u422-b05/src/hotspot/src/share/vm/classfile/systemDictionary.cpp, line 217]
Event: 19.654 Thread 0x00007fd798011000 Exception <a 'java/lang/ClassNotFoundException': org/springframework/web/context/ServletContextAwareCustomizer> (0x00000000ecd44378) thrown at [/build/openjdk-8-S0Y16D/openjdk-8-8u422-b05/src/hotspot/src/share/vm/classfile/systemDictionary.cpp, line 217]
Event: 19.655 Thread 0x00007fd798011000 Exception <a 'java/lang/ClassNotFoundException': org/springframework/beans/factory/AwareCustomizer> (0x00000000ecd586f8) thrown at [/build/openjdk-8-S0Y16D/openjdk-8-8u422-b05/src/hotspot/src/share/vm/classfile/systemDictionary.cpp, line 217]
Event: 21.284 Thread 0x00007fd798011000 Exception <a 'java/lang/NoSuchMethodError': java.lang.Object.lambda$thenComparing$36697e65$1(Ljava/util/Comparator;Ljava/lang/Object;Ljava/lang/Object;)I> (0x00000000ee002848) thrown at [/build/openjdk-8-S0Y16D/openjdk-8-8u422-b05/src/hotspot/src/share/vm
Event: 21.582 Thread 0x00007fd798011000 Exception <a 'java/lang/IncompatibleClassChangeError': Found class java.lang.Object, but interface was expected> (0x00000000ee3ba430) thrown at [/build/openjdk-8-S0Y16D/openjdk-8-8u422-b05/src/hotspot/src/share/vm/interpreter/linkResolver.cpp, line 653]

Events (10 events):
Event: 206.317 Executing VM operation: GetCurrentLocation
Event: 206.317 Executing VM operation: GetCurrentLocation done
Event: 206.317 Executing VM operation: ChangeSingleStep
Event: 206.317 Executing VM operation: ChangeSingleStep done
Event: 206.318 Executing VM operation: ChangeSingleStep
Event: 206.318 Executing VM operation: ChangeSingleStep done
Event: 206.321 Executing VM operation: ForceSafepoint
Event: 206.321 Executing VM operation: ForceSafepoint done
Event: 206.447 Executing VM operation: EnterInterpOnlyMode
Event: 206.448 Executing VM operation: EnterInterpOnlyMode done


Dynamic libraries:
c3600000-c5400000 rw-p 00000000 00:00 0 
c5400000-ebd00000 ---p 00000000 00:00 0 
ebd00000-f7080000 rw-p 00000000 00:00 0 
f7080000-100000000 ---p 00000000 00:00 0 
100000000-1004c0000 rw-p 00000000 00:00 0 
1004c0000-140000000 ---p 00000000 00:00 0 
56172e363000-56172e364000 r--p 00000000 08:05 2753198                    /usr/lib/jvm/java-8-openjdk-amd64/jre/bin/java
56172e364000-56172e365000 r-xp 00001000 08:05 2753198                    /usr/lib/jvm/java-8-openjdk-amd64/jre/bin/java
56172e365000-56172e366000 r--p 00002000 08:05 2753198                    /usr/lib/jvm/java-8-openjdk-amd64/jre/bin/java
56172e366000-56172e367000 r--p 00002000 08:05 2753198                    /usr/lib/jvm/java-8-openjdk-amd64/jre/bin/java
56172e367000-56172e368000 rw-p 00003000 08:05 2753198                    /usr/lib/jvm/java-8-openjdk-amd64/jre/bin/java
561730143000-5617301da000 rw-p 00000000 00:00 0                          [heap]
7fd7427f5000-7fd7427f6000 ---p 00000000 00:00 0 
7fd7427f6000-7fd742ff6000 rw-p 00000000 00:00 0 
7fd744ffa000-7fd744ffb000 ---p 00000000 00:00 0 
7fd744ffb000-7fd7457fb000 rw-p 00000000 00:00 0 
7fd7457fb000-7fd7457fc000 ---p 00000000 00:00 0 
7fd7457fc000-7fd745ffc000 rw-p 00000000 00:00 0 
7fd745ffc000-7fd745ffd000 ---p 00000000 00:00 0 
7fd745ffd000-7fd7467fd000 rw-p 00000000 00:00 0 
7fd748000000-7fd748035000 rw-p 00000000 00:00 0 
7fd748035000-7fd74c000000 ---p 00000000 00:00 0 
7fd74cabd000-7fd74cac0000 ---p 00000000 00:00 0 
7fd74cac0000-7fd74cbbd000 rw-p 00000000 00:00 0 
7fd74cbbd000-7fd74cbc0000 ---p 00000000 00:00 0 
7fd74cbc0000-7fd74ce7d000 rw-p 00000000 00:00 0 
7fd74ce7d000-7fd74cebd000 ---p 00000000 00:00 0 
7fd74cebd000-7fd74cec0000 ---p 00000000 00:00 0 
7fd74cec0000-7fd74cfbd000 rw-p 00000000 00:00 0 
7fd74cfbd000-7fd74cfc0000 ---p 00000000 00:00 0 
7fd74cfc0000-7fd74d0bd000 rw-p 00000000 00:00 0 
7fd74d0bd000-7fd74d0c0000 ---p 00000000 00:00 0 
7fd74d0c0000-7fd74d1bd000 rw-p 00000000 00:00 0 
7fd74d1bd000-7fd74d1c0000 ---p 00000000 00:00 0 
7fd74d1c0000-7fd74d2bd000 rw-p 00000000 00:00 0 
7fd74d2bd000-7fd74d2c0000 ---p 00000000 00:00 0 
7fd74d2c0000-7fd74d3bd000 rw-p 00000000 00:00 0 
7fd74d3bd000-7fd74d3c0000 ---p 00000000 00:00 0 
7fd74d3c0000-7fd74d4bd000 rw-p 00000000 00:00 0 
7fd74d4bd000-7fd74d4c0000 ---p 00000000 00:00 0 
7fd74d4c0000-7fd74d5bd000 rw-p 00000000 00:00 0 
7fd74d5bd000-7fd74d5c0000 ---p 00000000 00:00 0 
7fd74d5c0000-7fd74d6bd000 rw-p 00000000 00:00 0 
7fd74d6bd000-7fd74d6c0000 ---p 00000000 00:00 0 
7fd74d6c0000-7fd74d7bd000 rw-p 00000000 00:00 0 
7fd74d7bd000-7fd74d7c0000 ---p 00000000 00:00 0 
7fd74d7c0000-7fd74d8bd000 rw-p 00000000 00:00 0 
7fd74d8bd000-7fd74d8c0000 ---p 00000000 00:00 0 
7fd74d8c0000-7fd74d9bd000 rw-p 00000000 00:00 0 
7fd74d9bd000-7fd74d9c0000 ---p 00000000 00:00 0 
7fd74d9c0000-7fd74dcbd000 rw-p 00000000 00:00 0 
7fd74dcbd000-7fd74dcc0000 ---p 00000000 00:00 0 
7fd74dcc0000-7fd74ddbd000 rw-p 00000000 00:00 0 
7fd74ddbd000-7fd74ddc0000 ---p 00000000 00:00 0 
7fd74ddc0000-7fd74debd000 rw-p 00000000 00:00 0 
7fd74debd000-7fd74dec0000 ---p 00000000 00:00 0 
7fd74dec0000-7fd74dfbd000 rw-p 00000000 00:00 0 
7fd74dfbd000-7fd74dfc0000 ---p 00000000 00:00 0 
7fd74dfc0000-7fd74e0bd000 rw-p 00000000 00:00 0 
7fd74e0bd000-7fd74e0c0000 ---p 00000000 00:00 0 
7fd74e0c0000-7fd74e1bd000 rw-p 00000000 00:00 0 
7fd74e1bd000-7fd74e1c0000 ---p 00000000 00:00 0 
7fd74e1c0000-7fd74e2bd000 rw-p 00000000 00:00 0 
7fd74e2bd000-7fd74e2c0000 ---p 00000000 00:00 0 
7fd74e2c0000-7fd74e3bd000 rw-p 00000000 00:00 0 
7fd74e3bd000-7fd74e3c0000 ---p 00000000 00:00 0 
7fd74e3c0000-7fd74e4bd000 rw-p 00000000 00:00 0 
7fd74e4bd000-7fd74e4c0000 ---p 00000000 00:00 0 
7fd74e4c0000-7fd74e5bd000 rw-p 00000000 00:00 0 
7fd74e5bd000-7fd74e5c4000 r--p 00000000 08:05 2753241                    /usr/lib/jvm/java-8-openjdk-amd64/jre/lib/amd64/libsunec.so
7fd74e5c4000-7fd74e5dd000 r-xp 00007000 08:05 2753241                    /usr/lib/jvm/java-8-openjdk-amd64/jre/lib/amd64/libsunec.so
7fd74e5dd000-7fd74e5e7000 r--p 00020000 08:05 2753241                    /usr/lib/jvm/java-8-openjdk-amd64/jre/lib/amd64/libsunec.so
7fd74e5e7000-7fd74e5eb000 r--p 00029000 08:05 2753241                    /usr/lib/jvm/java-8-openjdk-amd64/jre/lib/amd64/libsunec.so
7fd74e5eb000-7fd74e5ec000 rw-p 0002d000 08:05 2753241                    /usr/lib/jvm/java-8-openjdk-amd64/jre/lib/amd64/libsunec.so
7fd74e5ec000-7fd74e7ec000 rw-p 00000000 00:00 0 
7fd74e7ec000-7fd74e9ec000 rw-p 00000000 00:00 0 
7fd74e9ec000-7fd74ebec000 rw-p 00000000 00:00 0 
7fd74ebec000-7fd74edec000 rw-p 00000000 00:00 0 
7fd74edec000-7fd74edfe000 r--s 0034c000 08:05 2753290                    /usr/lib/jvm/java-8-openjdk-amd64/jre/lib/resources.jar
7fd74edfe000-7fd74effe000 rw-p 00000000 00:00 0 
7fd74effe000-7fd74efff000 ---p 00000000 00:00 0 
7fd74efff000-7fd74f7ff000 rw-p 00000000 00:00 0 
7fd74f7ff000-7fd74f800000 ---p 00000000 00:00 0 
7fd74f800000-7fd750000000 rw-p 00000000 00:00 0 
7fd750000000-7fd75013b000 rw-p 00000000 00:00 0 
7fd75013b000-7fd754000000 ---p 00000000 00:00 0 
7fd754000000-7fd754021000 rw-p 00000000 00:00 0 
7fd754021000-7fd758000000 ---p 00000000 00:00 0 
7fd758000000-7fd75807f000 rw-p 00000000 00:00 0 
7fd75807f000-7fd75c000000 ---p 00000000 00:00 0 
7fd75c000000-7fd75c50d000 rw-p 00000000 00:00 0 
7fd75c50d000-7fd760000000 ---p 00000000 00:00 0 
7fd760000000-7fd76009e000 rw-p 00000000 00:00 0 
7fd76009e000-7fd764000000 ---p 00000000 00:00 0 
7fd764000000-7fd764021000 rw-p 00000000 00:00 0 
7fd764021000-7fd768000000 ---p 00000000 00:00 0 
7fd768000000-7fd768021000 rw-p 00000000 00:00 0 
7fd768021000-7fd76c000000 ---p 00000000 00:00 0 
7fd76c000000-7fd76c058000 rw-p 00000000 00:00 0 
7fd76c058000-7fd770000000 ---p 00000000 00:00 0 
7fd770000000-7fd770021000 rw-p 00000000 00:00 0 
7fd770021000-7fd774000000 ---p 00000000 00:00 0 
7fd774000000-7fd774021000 rw-p 00000000 00:00 0 
7fd774021000-7fd778000000 ---p 00000000 00:00 0 
7fd778000000-7fd778022000 rw-p 00000000 00:00 0 
7fd778022000-7fd77c000000 ---p 00000000 00:00 0 
7fd77c000000-7fd77c021000 rw-p 00000000 00:00 0 
7fd77c021000-7fd780000000 ---p 00000000 00:00 0 
7fd780000000-7fd780170000 rw-p 00000000 00:00 0 
7fd780170000-7fd784000000 ---p 00000000 00:00 0 
7fd784000000-7fd784200000 rw-p 00000000 00:00 0 
7fd784200000-7fd784400000 rw-p 00000000 00:00 0 
7fd784400000-7fd784600000 rw-p 00000000 00:00 0 
7fd784600000-7fd785129000 r-xp 00000000 08:05 917923                     /tmp/librocksdbjni8936577844982013216.so
7fd785129000-7fd785328000 ---p 00b29000 08:05 917923                     /tmp/librocksdbjni8936577844982013216.so
7fd785328000-7fd785349000 r--p 00b28000 08:05 917923                     /tmp/librocksdbjni8936577844982013216.so
7fd785349000-7fd785357000 rw-p 00b49000 08:05 917923                     /tmp/librocksdbjni8936577844982013216.so
7fd785357000-7fd78535f000 rw-p 00000000 00:00 0 
7fd785369000-7fd78536b000 r--s 00016000 08:05 2753279                    /usr/lib/jvm/java-8-openjdk-amd64/jre/lib/jce.jar
7fd78536b000-7fd78536e000 ---p 00000000 00:00 0 
7fd78536e000-7fd78546b000 rw-p 00000000 00:00 0 
7fd78546b000-7fd78546e000 ---p 00000000 00:00 0 
7fd78546e000-7fd78556b000 rw-p 00000000 00:00 0 
7fd78556b000-7fd78556e000 ---p 00000000 00:00 0 
7fd78556e000-7fd78566b000 rw-p 00000000 00:00 0 
7fd78566b000-7fd78566e000 ---p 00000000 00:00 0 
7fd78566e000-7fd7856a4000 rw-p 00000000 00:00 0 
7fd7856a4000-7fd7856a7000 ---p 00000000 00:00 0 
7fd7856a7000-7fd7859a4000 rw-p 00000000 00:00 0 
7fd7859a4000-7fd7859ab000 r--s 00000000 08:05 2754531                    /usr/lib/x86_64-linux-gnu/gconv/gconv-modules.cache
7fd7859ab000-7fd7859cd000 r--p 00000000 08:05 280879                     /usr/share/locale-langpack/zh_CN/LC_MESSAGES/libc.mo
7fd7859cd000-7fd7859d0000 ---p 00000000 00:00 0 
7fd7859d0000-7fd785acd000 rw-p 00000000 00:00 0 
7fd785acd000-7fd785ace000 ---p 00000000 00:00 0 
7fd785ace000-7fd785bce000 rw-p 00000000 00:00 0 
7fd785bce000-7fd785bd1000 ---p 00000000 00:00 0 
7fd785bd1000-7fd785cce000 rw-p 00000000 00:00 0 
7fd785cce000-7fd785cdf000 r--s 001c5000 08:05 2753285                    /usr/lib/jvm/java-8-openjdk-amd64/jre/lib/jsse.jar
7fd785cdf000-7fd785ce2000 r--s 00023000 08:05 1966943                    /home/wj/下载/ideaIU-2024.2.1/idea-IU-242.21829.142/lib/idea_rt.jar
7fd785ce2000-7fd785cec000 r--s 00064000 08:05 2102610                    /home/wj/.m2/repository/ch/qos/logback/logback-core/1.2.11/logback-core-1.2.11.jar
7fd785cec000-7fd785cf3000 r--s 00041000 08:05 2260627                    /home/wj/.m2/repository/ch/qos/logback/logback-classic/1.2.6/logback-classic-1.2.6.jar
7fd785cf3000-7fd785cf5000 r--s 00009000 08:05 2102255                    /home/wj/.m2/repository/org/slf4j/slf4j-api/1.7.36/slf4j-api-1.7.36.jar
7fd785cf5000-7fd785cfc000 r--s 03a67000 08:05 2243741                    /home/wj/.m2/repository/org/rocksdb/rocksdbjni/8.8.1/rocksdbjni-8.8.1.jar
7fd785cfc000-7fd785d03000 r--s 00054000 08:05 2243723                    /home/wj/.m2/repository/commons-codec/commons-codec/1.17.1/commons-codec-1.17.1.jar
7fd785d03000-7fd785d0b000 r--s 00072000 08:05 2102530                    /home/wj/.m2/repository/org/apache/commons/commons-lang3/3.7/commons-lang3-3.7.jar
7fd785d0b000-7fd785d0c000 r--s 00003000 08:05 2102531                    /home/wj/.m2/repository/com/google/errorprone/error_prone_annotations/2.10.0/error_prone_annotations-2.10.0.jar
7fd785d0c000-7fd785d18000 r--s 0002b000 08:05 2102526                    /home/wj/.m2/repository/org/checkerframework/checker-qual/3.19.0/checker-qual-3.19.0.jar
7fd785d18000-7fd785d29000 r--s 000ce000 08:05 2102522                    /home/wj/.m2/repository/com/github/ben-manes/caffeine/caffeine/2.9.3/caffeine-2.9.3.jar
7fd785d29000-7fd785d2d000 r--s 00025000 08:05 2102515                    /home/wj/.m2/repository/net/dreamlu/tio-utils/3.8.4.v20220920-RELEASE/tio-utils-3.8.4.v20220920-RELEASE.jar
7fd785d2d000-7fd785d31000 r--s 0002c000 08:05 2102487                    /home/wj/.m2/repository/net/dreamlu/tio-core/3.8.4.v20220920-RELEASE/tio-core-3.8.4.v20220920-RELEASE.jar
7fd785d31000-7fd785d32000 r--s 00005000 08:05 2104657                    /home/wj/.m2/repository/org/springframework/spring-jcl/5.3.17/spring-jcl-5.3.17.jar
7fd785d32000-7fd785d4d000 r--s 0014f000 08:05 2104649                    /home/wj/.m2/repository/org/springframework/spring-core/5.3.17/spring-core-5.3.17.jar
7fd785d4d000-7fd785d52000 r--s 00042000 08:05 2243158                    /home/wj/.m2/repository/org/springframework/spring-expression/5.3.17/spring-expression-5.3.17.jar
7fd785d52000-7fd785d6e000 r--s 0011c000 08:05 2243159                    /home/wj/.m2/repository/org/springframework/spring-context/5.3.17/spring-context-5.3.17.jar
7fd785d6e000-7fd785d77000 r--s 00055000 08:05 2243154                    /home/wj/.m2/repository/org/springframework/spring-aop/5.3.17/spring-aop-5.3.17.jar
7fd785d77000-7fd785d8a000 r--s 000e9000 08:05 2243212                    /home/wj/.m2/repository/org/springframework/spring-webmvc/5.3.17/spring-webmvc-5.3.17.jar
7fd785d8a000-7fd785d97000 r--s 0009e000 08:05 2243155                    /home/wj/.m2/repository/org/springframework/spring-beans/5.3.17/spring-beans-5.3.17.jar
7fd785d97000-7fd785db6000 r--s 00172000 08:05 2243161                    /home/wj/.m2/repository/org/springframework/spring-web/5.3.17/spring-web-5.3.17.jar
7fd785db6000-7fd785dbc000 r--s 0003e000 08:05 2243210                    /home/wj/.m2/repository/org/apache/tomcat/embed/tomcat-embed-websocket/9.0.60/tomcat-embed-websocket-9.0.60.jar
7fd785dbc000-7fd785dc1000 r--s 0003a000 08:05 2243208                    /home/wj/.m2/repository/org/apache/tomcat/embed/tomcat-embed-el/9.0.60/tomcat-embed-el-9.0.60.jar
7fd785dc1000-7fd785deb000 r--s 00318000 08:05 2243206                    /home/wj/.m2/repository/org/apache/tomcat/embed/tomcat-embed-core/9.0.60/tomcat-embed-core-9.0.60.jar
7fd785deb000-7fd785dec000 r--s 00001000 08:05 2243204                    /home/wj/.m2/repository/org/springframework/boot/spring-boot-starter-tomcat/2.6.5/spring-boot-starter-tomcat-2.6.5.jar
7fd785dec000-7fd785dee000 r--s 00001000 08:05 2104632                    /home/wj/.m2/repository/com/fasterxml/jackson/module/jackson-module-parameter-names/2.13.2/jackson-module-parameter-names-2.13.2.jar
7fd785dee000-7fd785df1000 r--s 0001b000 08:05 2243202                    /home/wj/.m2/repository/com/fasterxml/jackson/datatype/jackson-datatype-jsr310/2.13.2/jackson-datatype-jsr310-2.13.2.jar
7fd785df1000-7fd785df3000 r--s 00007000 08:05 2243198                    /home/wj/.m2/repository/com/fasterxml/jackson/datatype/jackson-datatype-jdk8/2.13.2/jackson-datatype-jdk8-2.13.2.jar
7fd785df3000-7fd785df8000 r--s 00057000 08:05 2102426                    /home/wj/.m2/repository/com/fasterxml/jackson/core/jackson-core/2.13.2/jackson-core-2.13.2.jar
7fd785df8000-7fd785dfb000 r--s 00010000 08:05 2102422                    /home/wj/.m2/repository/com/fasterxml/jackson/core/jackson-annotations/2.13.2/jackson-annotations-2.13.2.jar
7fd785dfb000-7fd785e12000 r--s 00160000 08:05 2102389                    /home/wj/.m2/repository/com/fasterxml/jackson/core/jackson-databind/2.13.2/jackson-databind-2.13.2.jar
7fd785e12000-7fd785e13000 r--s 00001000 08:05 2243200                    /home/wj/.m2/repository/org/springframework/boot/spring-boot-starter-json/2.6.5/spring-boot-starter-json-2.6.5.jar
7fd785e13000-7fd785e14000 r--s 00001000 08:05 2243164                    /home/wj/.m2/repository/org/springframework/boot/spring-boot-starter-web/2.6.5/spring-boot-starter-web-2.6.5.jar
7fd785e14000-7fd785e17000 r--s 0000b000 08:05 2102376                    /home/wj/.m2/repository/org/objenesis/objenesis/2.5.1/objenesis-2.5.1.jar
7fd785e17000-7fd785e18000 r--s 00001000 08:05 2102374                    /home/wj/.m2/repository/com/esotericsoftware/minlog/1.3.0/minlog-1.3.0.jar
7fd785e18000-7fd785e1a000 r--s 0000c000 08:05 2102372                    /home/wj/.m2/repository/org/ow2/asm/asm/5.0.4/asm-5.0.4.jar
7fd785e1a000-7fd785e1c000 r--s 00004000 08:05 2102370                    /home/wj/.m2/repository/com/esotericsoftware/reflectasm/1.11.3/reflectasm-1.11.3.jar
7fd785e1c000-7fd785e23000 r--s 0004c000 08:05 2102360                    /home/wj/.m2/repository/com/esotericsoftware/kryo/4.0.1/kryo-4.0.1.jar
7fd785e23000-7fd785e3c000 r--s 001c4000 08:05 2243170                    /home/wj/.m2/repository/org/projectlombok/lombok/1.18.22/lombok-1.18.22.jar
7fd785e3c000-7fd785e43000 r--s 0004a000 08:05 2243218                    /home/wj/.m2/repository/org/yaml/snakeyaml/1.29/snakeyaml-1.29.jar
7fd785e43000-7fd785e45000 r--s 00005000 08:05 2102562                    /home/wj/.m2/repository/jakarta/annotation/jakarta.annotation-api/1.3.5/jakarta.annotation-api-1.3.5.jar
7fd785e45000-7fd785e47000 r--s 00000000 08:05 2102616                    /home/wj/.m2/repository/org/slf4j/jul-to-slf4j/1.7.36/jul-to-slf4j-1.7.36.jar
7fd785e47000-7fd785e4d000 r--s 00044000 08:05 2102614                    /home/wj/.m2/repository/org/apache/logging/log4j/log4j-api/2.17.2/log4j-api-2.17.2.jar
7fd785e4d000-7fd785e4f000 r--s 00003000 08:05 2102612                    /home/wj/.m2/repository/org/apache/logging/log4j/log4j-to-slf4j/2.17.2/log4j-to-slf4j-2.17.2.jar
7fd785e4f000-7fd785e50000 r--s 00001000 08:05 2243216                    /home/wj/.m2/repository/org/springframework/boot/spring-boot-starter-logging/2.6.5/spring-boot-starter-logging-2.6.5.jar
7fd785e50000-7fd785e7d000 r--s 00162000 08:05 2243178                    /home/wj/.m2/repository/org/springframework/boot/spring-boot-autoconfigure/2.6.5/spring-boot-autoconfigure-2.6.5.jar
7fd785e7d000-7fd785e9b000 r--s 0013e000 08:05 2243173                    /home/wj/.m2/repository/org/springframework/boot/spring-boot/2.6.5/spring-boot-2.6.5.jar
7fd785e9b000-7fd785e9c000 r--s 00001000 08:05 2243168                    /home/wj/.m2/repository/org/springframework/boot/spring-boot-starter/2.6.5/spring-boot-starter-2.6.5.jar
7fd785e9c000-7fd785e9f000 r--s 0000f000 08:05 2753261                    /usr/lib/jvm/java-8-openjdk-amd64/jre/lib/ext/icedtea-sound.jar
7fd785e9f000-7fd785ea2000 r--s 00042000 08:05 2753267                    /usr/lib/jvm/java-8-openjdk-amd64/jre/lib/ext/sunpkcs11.jar
7fd785ea2000-7fd785ea4000 r--s 00001000 08:05 2753260                    /usr/lib/jvm/java-8-openjdk-amd64/jre/lib/ext/dnsns.jar
7fd785ea4000-7fd785ea7000 ---p 00000000 00:00 0 
7fd785ea7000-7fd785fa4000 rw-p 00000000 00:00 0 
7fd785fa4000-7fd785fa5000 ---p 00000000 00:00 0 
7fd785fa5000-7fd785fa8000 ---p 00000000 00:00 0 
7fd785fa8000-7fd7860a5000 rw-p 00000000 00:00 0 
7fd7860a5000-7fd7860a6000 ---p 00000000 00:00 0 
7fd7860a6000-7fd7860a9000 ---p 00000000 00:00 0 
7fd7860a9000-7fd7861a6000 rw-p 00000000 00:00 0 
7fd7861a6000-7fd7861a9000 ---p 00000000 00:00 0 
7fd7861a9000-7fd7862a6000 rw-p 00000000 00:00 0 
7fd7862a6000-7fd7862a9000 ---p 00000000 00:00 0 
7fd7862a9000-7fd7863a6000 rw-p 00000000 00:00 0 
7fd7863a6000-7fd7863a9000 ---p 00000000 00:00 0 
7fd7863a9000-7fd7864a6000 rw-p 00000000 00:00 0 
7fd7864a6000-7fd7864a9000 ---p 00000000 00:00 0 
7fd7864a9000-7fd7865a6000 rw-p 00000000 00:00 0 
7fd7865a6000-7fd7865a9000 ---p 00000000 00:00 0 
7fd7865a9000-7fd7866a6000 rw-p 00000000 00:00 0 
7fd7866a6000-7fd7866a9000 ---p 00000000 00:00 0 
7fd7866a9000-7fd7867a6000 rw-p 00000000 00:00 0 
7fd7867a6000-7fd7867a7000 ---p 00000000 00:00 0 
7fd7867a7000-7fd789000000 rw-p 00000000 00:00 0 
7fd789000000-7fd7896d0000 rwxp 00000000 00:00 0 
7fd7896d0000-7fd798000000 ---p 00000000 00:00 0 
7fd798000000-7fd798e1d000 rw-p 00000000 00:00 0 
7fd798e1d000-7fd79c000000 ---p 00000000 00:00 0 
7fd79c000000-7fd79c001000 r--s 00000000 08:05 2753288                    /usr/lib/jvm/java-8-openjdk-amd64/jre/lib/management-agent.jar
7fd79c001000-7fd79c003000 r--s 00008000 08:05 2753265                    /usr/lib/jvm/java-8-openjdk-amd64/jre/lib/ext/sunec.jar
7fd79c003000-7fd79c01f000 r--s 00394000 08:05 2753259                    /usr/lib/jvm/java-8-openjdk-amd64/jre/lib/ext/cldrdata.jar
7fd79c01f000-7fd79c029000 r--s 00117000 08:05 2753263                    /usr/lib/jvm/java-8-openjdk-amd64/jre/lib/ext/localedata.jar
7fd79c029000-7fd79c02a000 r--s 0000a000 08:05 2753262                    /usr/lib/jvm/java-8-openjdk-amd64/jre/lib/ext/jaccess.jar
7fd79c02a000-7fd79c030000 r--s 0003e000 08:05 2753266                    /usr/lib/jvm/java-8-openjdk-amd64/jre/lib/ext/sunjce_provider.jar
7fd79c030000-7fd79c032000 r--s 00010000 08:05 2753268                    /usr/lib/jvm/java-8-openjdk-amd64/jre/lib/ext/zipfs.jar
7fd79c032000-7fd79c04d000 r--s 001d6000 08:05 2753264                    /usr/lib/jvm/java-8-openjdk-amd64/jre/lib/ext/nashorn.jar
7fd79c04d000-7fd79c04f000 r--s 0000c000 08:05 2888732                    /usr/share/java/java-atk-wrapper.jar
7fd79c04f000-7fd79c056000 r--p 00000000 08:05 2753237                    /usr/lib/jvm/java-8-openjdk-amd64/jre/lib/amd64/libnio.so
7fd79c056000-7fd79c05f000 r-xp 00007000 08:05 2753237                    /usr/lib/jvm/java-8-openjdk-amd64/jre/lib/amd64/libnio.so
7fd79c05f000-7fd79c062000 r--p 00010000 08:05 2753237                    /usr/lib/jvm/java-8-openjdk-amd64/jre/lib/amd64/libnio.so
7fd79c062000-7fd79c063000 r--p 00012000 08:05 2753237                    /usr/lib/jvm/java-8-openjdk-amd64/jre/lib/amd64/libnio.so
7fd79c063000-7fd79c064000 rw-p 00013000 08:05 2753237                    /usr/lib/jvm/java-8-openjdk-amd64/jre/lib/amd64/libnio.so
7fd79c064000-7fd79c068000 r--p 00000000 08:05 2753234                    /usr/lib/jvm/java-8-openjdk-amd64/jre/lib/amd64/libmanagement.so
7fd79c068000-7fd79c06c000 r-xp 00004000 08:05 2753234                    /usr/lib/jvm/java-8-openjdk-amd64/jre/lib/amd64/libmanagement.so
7fd79c06c000-7fd79c06e000 r--p 00008000 08:05 2753234                    /usr/lib/jvm/java-8-openjdk-amd64/jre/lib/amd64/libmanagement.so
7fd79c06e000-7fd79c06f000 r--p 00009000 08:05 2753234                    /usr/lib/jvm/java-8-openjdk-amd64/jre/lib/amd64/libmanagement.so
7fd79c06f000-7fd79c070000 rw-p 0000a000 08:05 2753234                    /usr/lib/jvm/java-8-openjdk-amd64/jre/lib/amd64/libmanagement.so
7fd79c070000-7fd79c075000 r--p 00000000 08:05 2753236                    /usr/lib/jvm/java-8-openjdk-amd64/jre/lib/amd64/libnet.so
7fd79c075000-7fd79c086000 r-xp 00005000 08:05 2753236                    /usr/lib/jvm/java-8-openjdk-amd64/jre/lib/amd64/libnet.so
7fd79c086000-7fd79c08a000 r--p 00016000 08:05 2753236                    /usr/lib/jvm/java-8-openjdk-amd64/jre/lib/amd64/libnet.so
7fd79c08a000-7fd79c08b000 r--p 00019000 08:05 2753236                    /usr/lib/jvm/java-8-openjdk-amd64/jre/lib/amd64/libnet.so
7fd79c08b000-7fd79c08c000 rw-p 0001a000 08:05 2753236                    /usr/lib/jvm/java-8-openjdk-amd64/jre/lib/amd64/libnet.so
7fd79c08c000-7fd79c093000 r--s 000d3000 08:05 2753284                    /usr/lib/jvm/java-8-openjdk-amd64/jre/lib/jfr.jar
7fd79c093000-7fd79c099000 r--s 000fa000 08:05 1849657                    /home/wj/下载/ideaIU-2024.2.1/idea-IU-242.21829.142/plugins/java/lib/rt/debugger-agent.jar
7fd79c099000-7fd79c0e7000 rw-p 00000000 00:00 0 
7fd79c0e7000-7fd79c2b9000 r--s 03ccc000 08:05 2753291                    /usr/lib/jvm/java-8-openjdk-amd64/jre/lib/rt.jar
7fd79c2b9000-7fd79cd82000 rw-p 00000000 00:00 0 
7fd79cd82000-7fd79cd83000 ---p 00000000 00:00 0 
7fd79cd83000-7fd79ce83000 rw-p 00000000 00:00 0 
7fd79ce83000-7fd79ce84000 ---p 00000000 00:00 0 
7fd79ce84000-7fd79cf93000 rw-p 00000000 00:00 0 
7fd79cf93000-7fd79d0c8000 ---p 00000000 00:00 0 
7fd79d0c8000-7fd79d0d7000 rw-p 00000000 00:00 0 
7fd79d0d7000-7fd79d20b000 ---p 00000000 00:00 0 
7fd79d20b000-7fd79d266000 rw-p 00000000 00:00 0 
7fd79d266000-7fd79d2ad000 ---p 00000000 00:00 0 
7fd79d2ad000-7fd79d2ca000 rw-p 00000000 00:00 0 
7fd79d2ca000-7fd79d66e000 ---p 00000000 00:00 0 
7fd79d66e000-7fd79d671000 r--p 00000000 08:05 2753244                    /usr/lib/jvm/java-8-openjdk-amd64/jre/lib/amd64/libzip.so
7fd79d671000-7fd79d676000 r-xp 00003000 08:05 2753244                    /usr/lib/jvm/java-8-openjdk-amd64/jre/lib/amd64/libzip.so
7fd79d676000-7fd79d678000 r--p 00008000 08:05 2753244                    /usr/lib/jvm/java-8-openjdk-amd64/jre/lib/amd64/libzip.so
7fd79d678000-7fd79d679000 r--p 00009000 08:05 2753244                    /usr/lib/jvm/java-8-openjdk-amd64/jre/lib/amd64/libzip.so
7fd79d679000-7fd79d67a000 rw-p 0000a000 08:05 2753244                    /usr/lib/jvm/java-8-openjdk-amd64/jre/lib/amd64/libzip.so
7fd79d67a000-7fd79d682000 rw-s 00000000 08:05 917922                     /tmp/hsperfdata_wj/850730
7fd79d682000-7fd79d684000 r--p 00000000 08:05 2753220                    /usr/lib/jvm/java-8-openjdk-amd64/jre/lib/amd64/libinstrument.so
7fd79d684000-7fd79d68b000 r-xp 00002000 08:05 2753220                    /usr/lib/jvm/java-8-openjdk-amd64/jre/lib/amd64/libinstrument.so
7fd79d68b000-7fd79d68e000 r--p 00009000 08:05 2753220                    /usr/lib/jvm/java-8-openjdk-amd64/jre/lib/amd64/libinstrument.so
7fd79d68e000-7fd79d68f000 r--p 0000b000 08:05 2753220                    /usr/lib/jvm/java-8-openjdk-amd64/jre/lib/amd64/libinstrument.so
7fd79d68f000-7fd79d690000 rw-p 0000c000 08:05 2753220                    /usr/lib/jvm/java-8-openjdk-amd64/jre/lib/amd64/libinstrument.so
7fd79d690000-7fd79df08000 r--p 00000000 08:05 2623780                    /usr/lib/locale/locale-archive
7fd79df08000-7fd79df0a000 r--p 00000000 08:05 2753230                    /usr/lib/jvm/java-8-openjdk-amd64/jre/lib/amd64/libjdwp.so
7fd79df0a000-7fd79df36000 r-xp 00002000 08:05 2753230                    /usr/lib/jvm/java-8-openjdk-amd64/jre/lib/amd64/libjdwp.so
7fd79df36000-7fd79df43000 r--p 0002e000 08:05 2753230                    /usr/lib/jvm/java-8-openjdk-amd64/jre/lib/amd64/libjdwp.so
7fd79df43000-7fd79df44000 r--p 0003a000 08:05 2753230                    /usr/lib/jvm/java-8-openjdk-amd64/jre/lib/amd64/libjdwp.so
7fd79df44000-7fd79df45000 rw-p 0003b000 08:05 2753230                    /usr/lib/jvm/java-8-openjdk-amd64/jre/lib/amd64/libjdwp.so
7fd79df45000-7fd79df52000 r--p 00000000 08:05 2753225                    /usr/lib/jvm/java-8-openjdk-amd64/jre/lib/amd64/libjava.so
7fd79df52000-7fd79df6a000 r-xp 0000d000 08:05 2753225                    /usr/lib/jvm/java-8-openjdk-amd64/jre/lib/amd64/libjava.so
7fd79df6a000-7fd79df71000 r--p 00025000 08:05 2753225                    /usr/lib/jvm/java-8-openjdk-amd64/jre/lib/amd64/libjava.so
7fd79df71000-7fd79df72000 r--p 0002b000 08:05 2753225                    /usr/lib/jvm/java-8-openjdk-amd64/jre/lib/amd64/libjava.so
7fd79df72000-7fd79df74000 rw-p 0002c000 08:05 2753225                    /usr/lib/jvm/java-8-openjdk-amd64/jre/lib/amd64/libjava.so
7fd79df74000-7fd79df79000 r--p 00000000 08:05 2753243                    /usr/lib/jvm/java-8-openjdk-amd64/jre/lib/amd64/libverify.so
7fd79df79000-7fd79df82000 r-xp 00005000 08:05 2753243                    /usr/lib/jvm/java-8-openjdk-amd64/jre/lib/amd64/libverify.so
7fd79df82000-7fd79df84000 r--p 0000e000 08:05 2753243                    /usr/lib/jvm/java-8-openjdk-amd64/jre/lib/amd64/libverify.so
7fd79df84000-7fd79df86000 r--p 0000f000 08:05 2753243                    /usr/lib/jvm/java-8-openjdk-amd64/jre/lib/amd64/libverify.so
7fd79df86000-7fd79df87000 rw-p 00011000 08:05 2753243                    /usr/lib/jvm/java-8-openjdk-amd64/jre/lib/amd64/libverify.so
7fd79df87000-7fd79df88000 r--p 00000000 08:05 2623930                    /usr/lib/x86_64-linux-gnu/librt.so.1
7fd79df88000-7fd79df89000 r-xp 00001000 08:05 2623930                    /usr/lib/x86_64-linux-gnu/librt.so.1
7fd79df89000-7fd79df8a000 r--p 00002000 08:05 2623930                    /usr/lib/x86_64-linux-gnu/librt.so.1
7fd79df8a000-7fd79df8b000 r--p 00002000 08:05 2623930                    /usr/lib/x86_64-linux-gnu/librt.so.1
7fd79df8b000-7fd79df8c000 rw-p 00003000 08:05 2623930                    /usr/lib/x86_64-linux-gnu/librt.so.1
7fd79df8c000-7fd79df8d000 ---p 00000000 00:00 0 
7fd79df8d000-7fd79df90000 ---p 00000000 00:00 0 
7fd79df90000-7fd79e08d000 rw-p 00000000 00:00 0 
7fd79e08d000-7fd79e090000 r--p 00000000 08:05 2623667                    /usr/lib/x86_64-linux-gnu/libgcc_s.so.1
7fd79e090000-7fd79e0a2000 r-xp 00003000 08:05 2623667                    /usr/lib/x86_64-linux-gnu/libgcc_s.so.1
7fd79e0a2000-7fd79e0a6000 r--p 00015000 08:05 2623667                    /usr/lib/x86_64-linux-gnu/libgcc_s.so.1
7fd79e0a6000-7fd79e0a7000 r--p 00018000 08:05 2623667                    /usr/lib/x86_64-linux-gnu/libgcc_s.so.1
7fd79e0a7000-7fd79e0a8000 rw-p 00019000 08:05 2623667                    /usr/lib/x86_64-linux-gnu/libgcc_s.so.1
7fd79e0a8000-7fd79e0b6000 r--p 00000000 08:05 2623910                    /usr/lib/x86_64-linux-gnu/libm.so.6
7fd79e0b6000-7fd79e132000 r-xp 0000e000 08:05 2623910                    /usr/lib/x86_64-linux-gnu/libm.so.6
7fd79e132000-7fd79e18d000 r--p 0008a000 08:05 2623910                    /usr/lib/x86_64-linux-gnu/libm.so.6
7fd79e18d000-7fd79e18e000 r--p 000e4000 08:05 2623910                    /usr/lib/x86_64-linux-gnu/libm.so.6
7fd79e18e000-7fd79e18f000 rw-p 000e5000 08:05 2623910                    /usr/lib/x86_64-linux-gnu/libm.so.6
7fd79e18f000-7fd79e225000 r--p 00000000 08:05 2623640                    /usr/lib/x86_64-linux-gnu/libstdc++.so.6.0.28
7fd79e225000-7fd79e316000 r-xp 00096000 08:05 2623640                    /usr/lib/x86_64-linux-gnu/libstdc++.so.6.0.28
7fd79e316000-7fd79e35f000 r--p 00187000 08:05 2623640                    /usr/lib/x86_64-linux-gnu/libstdc++.so.6.0.28
7fd79e35f000-7fd79e360000 ---p 001d0000 08:05 2623640                    /usr/lib/x86_64-linux-gnu/libstdc++.so.6.0.28
7fd79e360000-7fd79e36b000 r--p 001d0000 08:05 2623640                    /usr/lib/x86_64-linux-gnu/libstdc++.so.6.0.28
7fd79e36b000-7fd79e36e000 rw-p 001db000 08:05 2623640                    /usr/lib/x86_64-linux-gnu/libstdc++.so.6.0.28
7fd79e36e000-7fd79e371000 rw-p 00000000 00:00 0 
7fd79e371000-7fd79e567000 r--p 00000000 08:05 2753247                    /usr/lib/jvm/java-8-openjdk-amd64/jre/lib/amd64/server/libjvm.so
7fd79e567000-7fd79eed3000 r-xp 001f6000 08:05 2753247                    /usr/lib/jvm/java-8-openjdk-amd64/jre/lib/amd64/server/libjvm.so
7fd79eed3000-7fd79f086000 r--p 00b62000 08:05 2753247                    /usr/lib/jvm/java-8-openjdk-amd64/jre/lib/amd64/server/libjvm.so
7fd79f086000-7fd79f11c000 r--p 00d14000 08:05 2753247                    /usr/lib/jvm/java-8-openjdk-amd64/jre/lib/amd64/server/libjvm.so
7fd79f11c000-7fd79f145000 rw-p 00daa000 08:05 2753247                    /usr/lib/jvm/java-8-openjdk-amd64/jre/lib/amd64/server/libjvm.so
7fd79f145000-7fd79f17c000 rw-p 00000000 00:00 0 
7fd79f17c000-7fd79f1a4000 r--p 00000000 08:05 2623905                    /usr/lib/x86_64-linux-gnu/libc.so.6
7fd79f1a4000-7fd79f339000 r-xp 00028000 08:05 2623905                    /usr/lib/x86_64-linux-gnu/libc.so.6
7fd79f339000-7fd79f391000 r--p 001bd000 08:05 2623905                    /usr/lib/x86_64-linux-gnu/libc.so.6
7fd79f391000-7fd79f395000 r--p 00214000 08:05 2623905                    /usr/lib/x86_64-linux-gnu/libc.so.6
7fd79f395000-7fd79f397000 rw-p 00218000 08:05 2623905                    /usr/lib/x86_64-linux-gnu/libc.so.6
7fd79f397000-7fd79f3a4000 rw-p 00000000 00:00 0 
7fd79f3a4000-7fd79f3a5000 r--p 00000000 08:05 2623908                    /usr/lib/x86_64-linux-gnu/libdl.so.2
7fd79f3a5000-7fd79f3a6000 r-xp 00001000 08:05 2623908                    /usr/lib/x86_64-linux-gnu/libdl.so.2
7fd79f3a6000-7fd79f3a7000 r--p 00002000 08:05 2623908                    /usr/lib/x86_64-linux-gnu/libdl.so.2
7fd79f3a7000-7fd79f3a8000 r--p 00002000 08:05 2623908                    /usr/lib/x86_64-linux-gnu/libdl.so.2
7fd79f3a8000-7fd79f3a9000 rw-p 00003000 08:05 2623908                    /usr/lib/x86_64-linux-gnu/libdl.so.2
7fd79f3a9000-7fd79f3ac000 r--p 00000000 08:05 2753211                    /usr/lib/jvm/java-8-openjdk-amd64/jre/lib/amd64/jli/libjli.so
7fd79f3ac000-7fd79f3b6000 r-xp 00003000 08:05 2753211                    /usr/lib/jvm/java-8-openjdk-amd64/jre/lib/amd64/jli/libjli.so
7fd79f3b6000-7fd79f3b9000 r--p 0000d000 08:05 2753211                    /usr/lib/jvm/java-8-openjdk-amd64/jre/lib/amd64/jli/libjli.so
7fd79f3b9000-7fd79f3ba000 r--p 0000f000 08:05 2753211                    /usr/lib/jvm/java-8-openjdk-amd64/jre/lib/amd64/jli/libjli.so
7fd79f3ba000-7fd79f3bb000 rw-p 00010000 08:05 2753211                    /usr/lib/jvm/java-8-openjdk-amd64/jre/lib/amd64/jli/libjli.so
7fd79f3bb000-7fd79f3bd000 r--p 00000000 08:05 2628913                    /usr/lib/x86_64-linux-gnu/libz.so.1.2.11
7fd79f3bd000-7fd79f3ce000 r-xp 00002000 08:05 2628913                    /usr/lib/x86_64-linux-gnu/libz.so.1.2.11
7fd79f3ce000-7fd79f3d4000 r--p 00013000 08:05 2628913                    /usr/lib/x86_64-linux-gnu/libz.so.1.2.11
7fd79f3d4000-7fd79f3d5000 ---p 00019000 08:05 2628913                    /usr/lib/x86_64-linux-gnu/libz.so.1.2.11
7fd79f3d5000-7fd79f3d6000 r--p 00019000 08:05 2628913                    /usr/lib/x86_64-linux-gnu/libz.so.1.2.11
7fd79f3d6000-7fd79f3d7000 rw-p 0001a000 08:05 2628913                    /usr/lib/x86_64-linux-gnu/libz.so.1.2.11
7fd79f3d7000-7fd79f3d8000 r--p 00000000 08:05 2623926                    /usr/lib/x86_64-linux-gnu/libpthread.so.0
7fd79f3d8000-7fd79f3d9000 r-xp 00001000 08:05 2623926                    /usr/lib/x86_64-linux-gnu/libpthread.so.0
7fd79f3d9000-7fd79f3da000 r--p 00002000 08:05 2623926                    /usr/lib/x86_64-linux-gnu/libpthread.so.0
7fd79f3da000-7fd79f3db000 r--p 00002000 08:05 2623926                    /usr/lib/x86_64-linux-gnu/libpthread.so.0
7fd79f3db000-7fd79f3dc000 rw-p 00003000 08:05 2623926                    /usr/lib/x86_64-linux-gnu/libpthread.so.0
7fd79f3dc000-7fd79f3de000 r--p 00000000 08:05 2753217                    /usr/lib/jvm/java-8-openjdk-amd64/jre/lib/amd64/libdt_socket.so
7fd79f3de000-7fd79f3e0000 r-xp 00002000 08:05 2753217                    /usr/lib/jvm/java-8-openjdk-amd64/jre/lib/amd64/libdt_socket.so
7fd79f3e0000-7fd79f3e1000 r--p 00004000 08:05 2753217                    /usr/lib/jvm/java-8-openjdk-amd64/jre/lib/amd64/libdt_socket.so
7fd79f3e1000-7fd79f3e2000 r--p 00004000 08:05 2753217                    /usr/lib/jvm/java-8-openjdk-amd64/jre/lib/amd64/libdt_socket.so
7fd79f3e2000-7fd79f3e3000 rw-p 00005000 08:05 2753217                    /usr/lib/jvm/java-8-openjdk-amd64/jre/lib/amd64/libdt_socket.so
7fd79f3e3000-7fd79f3e4000 r--p 00000000 08:05 2753238                    /usr/lib/jvm/java-8-openjdk-amd64/jre/lib/amd64/libnpt.so
7fd79f3e4000-7fd79f3e6000 r-xp 00001000 08:05 2753238                    /usr/lib/jvm/java-8-openjdk-amd64/jre/lib/amd64/libnpt.so
7fd79f3e6000-7fd79f3e7000 r--p 00003000 08:05 2753238                    /usr/lib/jvm/java-8-openjdk-amd64/jre/lib/amd64/libnpt.so
7fd79f3e7000-7fd79f3e8000 r--p 00003000 08:05 2753238                    /usr/lib/jvm/java-8-openjdk-amd64/jre/lib/amd64/libnpt.so
7fd79f3e8000-7fd79f3e9000 rw-p 00004000 08:05 2753238                    /usr/lib/jvm/java-8-openjdk-amd64/jre/lib/amd64/libnpt.so
7fd79f3e9000-7fd79f3ec000 rw-p 00000000 00:00 0 
7fd79f3ec000-7fd79f3ee000 r--p 00000000 08:05 2622080                    /usr/lib/x86_64-linux-gnu/ld-linux-x86-64.so.2
7fd79f3ee000-7fd79f418000 r-xp 00002000 08:05 2622080                    /usr/lib/x86_64-linux-gnu/ld-linux-x86-64.so.2
7fd79f418000-7fd79f423000 r--p 0002c000 08:05 2622080                    /usr/lib/x86_64-linux-gnu/ld-linux-x86-64.so.2
7fd79f423000-7fd79f424000 r--p 00000000 00:00 0 
7fd79f424000-7fd79f426000 r--p 00037000 08:05 2622080                    /usr/lib/x86_64-linux-gnu/ld-linux-x86-64.so.2
7fd79f426000-7fd79f428000 rw-p 00039000 08:05 2622080                    /usr/lib/x86_64-linux-gnu/ld-linux-x86-64.so.2
7fffb3704000-7fffb3727000 rw-p 00000000 00:00 0                          [stack]
7fffb3796000-7fffb379a000 r--p 00000000 00:00 0                          [vvar]
7fffb379a000-7fffb379c000 r-xp 00000000 00:00 0                          [vdso]
ffffffffff600000-ffffffffff601000 --xp 00000000 00:00 0                  [vsyscall]

VM Arguments:
jvm_args: -agentlib:jdwp=transport=dt_socket,address=127.0.0.1:60657,suspend=y,server=n -XX:TieredStopAtLevel=1 -Xverify:none -Dspring.output.ansi.enabled=always -Dcom.sun.management.jmxremote -Dspring.jmx.enabled=true -Dspring.liveBeansView.mbeanDomain -Dspring.application.admin.enabled=true -Dmanagement.endpoints.jmx.exposure.include=* -javaagent:/home/wj/下载/ideaIU-2024.2.1/idea-IU-242.21829.142/plugins/java/lib/rt/debugger-agent.jar -Dkotlinx.coroutines.debug.enable.creation.stack.trace=false -Ddebugger.agent.enable.coroutines=true -Dfile.encoding=UTF-8 
java_command: com.example.MinerApplication genesis -repo=./data/genesis --spring.config.location=./data/genesis/node.properties
java_class_path (initial): /usr/lib/jvm/java-1.8.0-openjdk-amd64/jre/lib/charsets.jar:/usr/lib/jvm/java-1.8.0-openjdk-amd64/jre/lib/ext/cldrdata.jar:/usr/lib/jvm/java-1.8.0-openjdk-amd64/jre/lib/ext/dnsns.jar:/usr/lib/jvm/java-1.8.0-openjdk-amd64/jre/lib/ext/icedtea-sound.jar:/usr/lib/jvm/java-1.8.0-openjdk-amd64/jre/lib/ext/jaccess.jar:/usr/lib/jvm/java-1.8.0-openjdk-amd64/jre/lib/ext/java-atk-wrapper.jar:/usr/lib/jvm/java-1.8.0-openjdk-amd64/jre/lib/ext/localedata.jar:/usr/lib/jvm/java-1.8.0-openjdk-amd64/jre/lib/ext/nashorn.jar:/usr/lib/jvm/java-1.8.0-openjdk-amd64/jre/lib/ext/sunec.jar:/usr/lib/jvm/java-1.8.0-openjdk-amd64/jre/lib/ext/sunjce_provider.jar:/usr/lib/jvm/java-1.8.0-openjdk-amd64/jre/lib/ext/sunpkcs11.jar:/usr/lib/jvm/java-1.8.0-openjdk-amd64/jre/lib/ext/zipfs.jar:/usr/lib/jvm/java-1.8.0-openjdk-amd64/jre/lib/jce.jar:/usr/lib/jvm/java-1.8.0-openjdk-amd64/jre/lib/jfr.jar:/usr/lib/jvm/java-1.8.0-openjdk-amd64/jre/lib/jsse.jar:/usr/lib/jvm/java-1.8.0-openjdk-amd64/jre/lib/management-agent.jar:/usr/lib/jvm/java-1.8.0-openjdk-amd64/jre/lib/resources.jar:/usr/lib/jvm/java-1.8.0-openjdk-amd64/jre/lib/rt.jar:/home/wj/pofChain/pof-miner/target/classes:/home/wj/pofChain/pof-base/target/classes:/home/wj/.m2/repository/org/springframework/boot/spring-boot-starter/2.6.5/spring-boot-starter-2.6.5.jar:/home/wj/.m2/repository/org/springframework/boot/spring-boot/2.6.5/spring-boot-2.6.5.jar:/home/wj/.m2/repository/org/springframework/boot/spring-boot-autoconfigure/2.6.5/spring-boot-autoconfigure-2.6.5.jar:/home/wj/.m2/repository/org/springframework/boot/spring-boot-starter-logging/2.6.5/spring-boot-starter-logging-2.6.5.jar:/home/wj/.m2/repository/org/apache/logging/log4j/log4j-to-slf4j/2.17.2/log4j-to-slf4j-2.17.2.jar:/home/wj/.m2/repository/org/apache/logging/log4j/log4j-api/2.17.2/log4j-api-2.17.2.jar:/home/wj/.m2/repository/org/slf4j/jul-to-slf4j/1.7.36/jul-to-slf4j-1.7.36.jar:/home/wj/.m2/repository/jakarta/annotation/jakarta.annotation-api/1.3.5/jakarta.annot
Launcher Type: SUN_STANDARD

Environment Variables:
PATH=/usr/local/sbin:/usr/local/bin:/usr/sbin:/usr/bin:/sbin:/bin:/usr/games:/usr/local/games:/snap/bin
USERNAME=wj
SHELL=/bin/bash
DISPLAY=:0

Signal Handlers:
SIGSEGV: [libjvm.so+0xb3b520], sa_mask[0]=11111111011111111101111111111110, sa_flags=SA_RESTART|SA_SIGINFO
SIGBUS: [libjvm.so+0xb3b520], sa_mask[0]=11111111011111111101111111111110, sa_flags=SA_RESTART|SA_SIGINFO
SIGFPE: [libjvm.so+0x97e510], sa_mask[0]=11111111011111111101111111111110, sa_flags=SA_RESTART|SA_SIGINFO
SIGPIPE: [libjvm.so+0x97e510], sa_mask[0]=11111111011111111101111111111110, sa_flags=SA_RESTART|SA_SIGINFO
SIGXFSZ: [libjvm.so+0x97e510], sa_mask[0]=11111111011111111101111111111110, sa_flags=SA_RESTART|SA_SIGINFO
SIGILL: [libjvm.so+0x97e510], sa_mask[0]=11111111011111111101111111111110, sa_flags=SA_RESTART|SA_SIGINFO
SIGUSR1: SIG_DFL, sa_mask[0]=00000000000000000000000000000000, sa_flags=none
SIGUSR2: [libjvm.so+0x97e840], sa_mask[0]=00000000000000000000000000000000, sa_flags=SA_RESTART|SA_SIGINFO
SIGHUP: [libjvm.so+0x97e790], sa_mask[0]=11111111011111111101111111111110, sa_flags=SA_RESTART|SA_SIGINFO
SIGINT: [libjvm.so+0x97e790], sa_mask[0]=11111111011111111101111111111110, sa_flags=SA_RESTART|SA_SIGINFO
SIGTERM: [libjvm.so+0x97e790], sa_mask[0]=11111111011111111101111111111110, sa_flags=SA_RESTART|SA_SIGINFO
SIGQUIT: [libjvm.so+0x97e790], sa_mask[0]=11111111011111111101111111111110, sa_flags=SA_RESTART|SA_SIGINFO


---------------  S Y S T E M  ---------------

OS:DISTRIB_ID=Ubuntu
DISTRIB_RELEASE=20.04
DISTRIB_CODENAME=focal
DISTRIB_DESCRIPTION="Ubuntu 20.04.6 LTS"

uname:Linux 5.15.0-124-generic #134~20.04.1-Ubuntu SMP Tue Oct 1 15:27:33 UTC 2024 x86_64
libc:glibc 2.35 NPTL 2.35 
rlimit: STACK 8192k, CORE 0k, NPROC 15136, NOFILE 1048576, AS infinity
load average:3.89 4.43 3.48

/proc/meminfo:
MemTotal:        3968956 kB
MemFree:          123880 kB
MemAvailable:     426176 kB
Buffers:            8352 kB
Cached:           468864 kB
SwapCached:        15648 kB
Active:           261596 kB
Inactive:        3008788 kB
Active(anon):      98564 kB
Inactive(anon):  2696612 kB
Active(file):     163032 kB
Inactive(file):   312176 kB
Unevictable:          16 kB
Mlocked:              16 kB
SwapTotal:       2097148 kB
SwapFree:        1626672 kB
Dirty:              2248 kB
Writeback:             0 kB
AnonPages:       2791788 kB
Mapped:           302812 kB
Shmem:              1876 kB
KReclaimable:      62624 kB
Slab:             153144 kB
SReclaimable:      62624 kB
SUnreclaim:        90520 kB
KernelStack:       12768 kB
PageTables:        23540 kB
NFS_Unstable:          0 kB
Bounce:                0 kB
WritebackTmp:          0 kB
CommitLimit:     4081624 kB
Committed_AS:    6740748 kB
VmallocTotal:   34359738367 kB
VmallocUsed:       61872 kB
VmallocChunk:          0 kB
Percpu:           102400 kB
HardwareCorrupted:     0 kB
AnonHugePages:         0 kB
ShmemHugePages:        0 kB
ShmemPmdMapped:        0 kB
FileHugePages:         0 kB
FilePmdMapped:         0 kB
HugePages_Total:       0
HugePages_Free:        0
HugePages_Rsvd:        0
HugePages_Surp:        0
Hugepagesize:       2048 kB
Hugetlb:               0 kB
DirectMap4k:      290624 kB
DirectMap2M:     3903488 kB
DirectMap1G:     2097152 kB

container (cgroup) information:
container_type: cgroupv1
cpu_cpuset_cpus: 0-1
cpu_memory_nodes: 0
active_processor_count: 2
cpu_quota: -1
cpu_period: 100000
cpu_shares: -1
memory_limit_in_bytes: -1
memory_and_swap_limit_in_bytes: -1
memory_soft_limit_in_bytes: -1
memory_usage_in_bytes: 3273031680
memory_max_usage_in_bytes: 3377381376


CPU:total 2 (initial active 2) (1 cores per cpu, 1 threads per core) family 6 model 191 stepping 2, cmov, cx8, fxsr, mmx, sse, sse2, sse3, ssse3, sse4.1, sse4.2, popcnt, avx, avx2, aes, clmul, erms, 3dnowpref, lzcnt, tsc, tscinvbit, bmi1, bmi2, adx

/proc/cpuinfo:
processor	: 0
vendor_id	: GenuineIntel
cpu family	: 6
model		: 191
model name	: 13th Gen Intel(R) Core(TM) i5-13500HX
stepping	: 2
microcode	: 0x34
cpu MHz		: 2688.001
cache size	: 24576 KB
physical id	: 0
siblings	: 1
core id		: 0
cpu cores	: 1
apicid		: 0
initial apicid	: 0
fpu		: yes
fpu_exception	: yes
cpuid level	: 32
wp		: yes
flags		: fpu vme de pse tsc msr pae mce cx8 apic sep mtrr pge mca cmov pat pse36 clflush mmx fxsr sse sse2 ss syscall nx pdpe1gb rdtscp lm constant_tsc arch_perfmon rep_good nopl xtopology tsc_reliable nonstop_tsc cpuid tsc_known_freq pni pclmulqdq ssse3 fma cx16 pcid sse4_1 sse4_2 x2apic movbe popcnt tsc_deadline_timer aes xsave avx f16c rdrand hypervisor lahf_lm abm 3dnowprefetch invpcid_single ssbd ibrs ibpb stibp ibrs_enhanced fsgsbase tsc_adjust bmi1 avx2 smep bmi2 erms invpcid rdseed adx smap clflushopt clwb sha_ni xsaveopt xsavec xgetbv1 xsaves avx_vnni arat umip pku ospke gfni vaes vpclmulqdq rdpid movdiri movdir64b fsrm md_clear serialize flush_l1d arch_capabilities
bugs		: spectre_v1 spectre_v2 spec_store_bypass swapgs itlb_multihit mmio_unknown eibrs_pbrsb rfds bhi
bogomips	: 5376.00
clflush size	: 64
cache_alignment	: 64
address sizes	: 45 bits physical, 48 bits virtual
power management:

processor	: 1
vendor_id	: GenuineIntel
cpu family	: 6
model		: 191
model name	: 13th Gen Intel(R) Core(TM) i5-13500HX
stepping	: 2
microcode	: 0x34
cpu MHz		: 2688.001
cache size	: 24576 KB
physical id	: 2
siblings	: 1
core id		: 0
cpu cores	: 1
apicid		: 2
initial apicid	: 2
fpu		: yes
fpu_exception	: yes
cpuid level	: 32
wp		: yes
flags		: fpu vme de pse tsc msr pae mce cx8 apic sep mtrr pge mca cmov pat pse36 clflush mmx fxsr sse sse2 ss syscall nx pdpe1gb rdtscp lm constant_tsc arch_perfmon rep_good nopl xtopology tsc_reliable nonstop_tsc cpuid tsc_known_freq pni pclmulqdq ssse3 fma cx16 pcid sse4_1 sse4_2 x2apic movbe popcnt tsc_deadline_timer aes xsave avx f16c rdrand hypervisor lahf_lm abm 3dnowprefetch invpcid_single ssbd ibrs ibpb stibp ibrs_enhanced fsgsbase tsc_adjust bmi1 avx2 smep bmi2 erms invpcid rdseed adx smap clflushopt clwb sha_ni xsaveopt xsavec xgetbv1 xsaves avx_vnni arat umip pku ospke gfni vaes vpclmulqdq rdpid movdiri movdir64b fsrm md_clear serialize flush_l1d arch_capabilities
bugs		: spectre_v1 spectre_v2 spec_store_bypass swapgs itlb_multihit mmio_unknown eibrs_pbrsb rfds bhi
bogomips	: 5376.00
clflush size	: 64
cache_alignment	: 64
address sizes	: 45 bits physical, 48 bits virtual
power management:



Memory: 4k page, physical 3968956k(123880k free), swap 2097148k(1626672k free)

vm_info: OpenJDK 64-Bit Server VM (25.422-b05) for linux-amd64 JRE (1.8.0_422-8u422-b05-1~20.04-b05), built on Jul 21 2024 21:59:24 by "buildd" with gcc 9.4.0

time: Tue Nov  5 09:42:54 2024
timezone: CST
elapsed time: 206.541428 seconds (0d 0h 3m 26s)

