#
# A fatal error has been detected by the Java Runtime Environment:
#
#  SIGSEGV (0xb) at pc=0x00007fcd332d7d39, pid=81858, tid=0x00007fcd81b3b640
#
# JRE version: OpenJDK Runtime Environment (8.0_442-b06) (build 1.8.0_442-8u442-b06~us1-0ubuntu1~20.04-b06)
# Java VM: OpenJDK 64-Bit Server VM (25.442-b06 mixed mode linux-amd64 compressed oops)
# Problematic frame:
# C  [librocksdbjni8400770884383764714.so+0x2d7d39]  rocksdb_put_helper(JNIEnv_*, rocksdb::DB*, rocksdb::WriteOptions const&, rocksdb::ColumnFamilyHandle*, _jbyteArray*, int, int, _jbyteArray*, int, int)+0x1d9
#
# Failed to write core dump. Core dumps have been disabled. To enable core dumping, try "ulimit -c unlimited" before starting Java again
#
# If you would like to submit a bug report, please visit:
#   http://bugreport.java.com/bugreport/crash.jsp
# The crash happened outside the Java Virtual Machine in native code.
# See problematic frame for where to report the bug.
#

---------------  T H R E A D  ---------------

Current thread (0x00007fcd7c011000):  JavaThread "main" [_thread_in_native, id=81860, stack(0x00007fcd81a3c000,0x00007fcd81b3c000)]

siginfo: si_signo: 11 (SIGSEGV), si_code: 128 (SI_KERNEL), si_addr: 0x0000000000000000

Registers:
RAX=0x0100010101000001, RBX=0x00007fcd7c011260, RCX=0x00007fcd81b3a5a0, RDX=0x00007fcd33d56ab0
RSP=0x00007fcd81b3a580, RBP=0x00007fcd81b3a620, RSI=0x00007fcd7c6f2740, RDI=0x00007fcd81b3a5e0
R8 =0x00007fcd81b3a5b0, R9 =0x0000000000000017, R10=0x00007fcd6d02081c, R11=0x00007fcd8284ba10
R12=0x00007fcd7c65f450, R13=0x00007fcd81b3a5e0, R14=0x00007fcd7c65fcb0, R15=0x00007fcd7c6f2740
RIP=0x00007fcd332d7d39, EFLAGS=0x0000000000010246, CSGSFS=0x002b000000000033, ERR=0x0000000000000000
  TRAPNO=0x000000000000000d

Top of Stack: (sp=0x00007fcd81b3a580)
0x00007fcd81b3a580:   00007fcd81b3a5e8 0000000000000000
0x00007fcd81b3a590:   00007fcd33d56ab0 0000000000000017
0x00007fcd81b3a5a0:   00007fcd7c65f450 0000000000000018
0x00007fcd81b3a5b0:   00007fcd7c65fcb0 0000000000000017
0x00007fcd81b3a5c0:   0000000000000000 0000000000000000
0x00007fcd81b3a5d0:   0000000000000000 0000000000000000
0x00007fcd81b3a5e0:   00000000e0ee0240 00007fcd81b3a5e8
0x00007fcd81b3a5f0:   00007fcd31dbc6e8 00007fcd7c011260
0x00007fcd81b3a600:   00007fcd7c6f2740 00007fcd81b3a768
0x00007fcd81b3a610:   00007fcd81b3a780 00007fcd7c011000
0x00007fcd81b3a620:   00007fcd81b3a680 00007fcd332d7dc8
0x00007fcd81b3a630:   0000000000000018 00007fcd81b3a750
0x00007fcd81b3a640:   0000000000000000 0000000000000017
0x00007fcd81b3a650:   0000000000000000 00007fcd81b3a6f0
0x00007fcd81b3a660:   00007fcd81b3a6b8 00007fcd69ad39b8
0x00007fcd81b3a670:   0000000000000000 00007fcd69ad39b0
0x00007fcd81b3a680:   00007fcd81b3a720 00007fcd6d020848
0x00007fcd81b3a690:   00007fcd81b3a750 0000000000000000
0x00007fcd81b3a6a0:   0000000000000017 00000000000000bc
0x00007fcd81b3a6b0:   00007fcd7c011000 00007fcd81b3a6b8
0x00007fcd81b3a6c0:   00007fcd31d99678 00007fcd81b3a710
0x00007fcd81b3a6d0:   00007fcd31d9d010 0000000000000000
0x00007fcd81b3a6e0:   00007fcd81b3a6e0 0000000000000000
0x00007fcd81b3a6f0:   00007fcd81b3a780 00007fcd69ad9310
0x00007fcd81b3a700:   0000000000000000 00007fcd69ad39b8
0x00007fcd81b3a710:   0000000000000000 00007fcd81b3a740
0x00007fcd81b3a720:   00007fcd81b3a7c8 00007fcd6d00809d
0x00007fcd81b3a730:   0000000000000000 00007fcd6d016a78
0x00007fcd81b3a740:   0000000000000017 0000000000000000
0x00007fcd81b3a750:   00000000e0ee2850 0000000000000018
0x00007fcd81b3a760:   0000000000000000 00000000e0edede0
0x00007fcd81b3a770:   00007fcd7c6f2740 00007fcd81b3a778 

Instructions: (pc=0x00007fcd332d7d39)
0x00007fcd332d7d19:   1f 84 00 00 00 00 00 4c 8d 6d c0 48 8d 4d 80 4c
0x00007fcd332d7d29:   8d 45 90 48 8b 95 70 ff ff ff 4c 89 fe 4c 89 ef
0x00007fcd332d7d39:   ff 50 60 4c 8d 7d a0 4c 89 ee 4c 89 ff e8 f5 03
0x00007fcd332d7d49:   f9 ff 48 8b 7d c8 48 85 ff 0f 85 3a ff ff ff e9 

Register to memory mapping:

RAX=0x0100010101000001 is an unknown value
RBX=0x00007fcd7c011260 is an unknown value
RCX=0x00007fcd81b3a5a0 is pointing into the stack for thread: 0x00007fcd7c011000
RDX=0x00007fcd33d56ab0: <offset 0xd56ab0> in /tmp/librocksdbjni8400770884383764714.so at 0x00007fcd33000000
RSP=0x00007fcd81b3a580 is pointing into the stack for thread: 0x00007fcd7c011000
RBP=0x00007fcd81b3a620 is pointing into the stack for thread: 0x00007fcd7c011000
RSI=0x00007fcd7c6f2740 is an unknown value
RDI=0x00007fcd81b3a5e0 is pointing into the stack for thread: 0x00007fcd7c011000
R8 =0x00007fcd81b3a5b0 is pointing into the stack for thread: 0x00007fcd7c011000
R9 =0x0000000000000017 is an unknown value
R10=0x00007fcd6d02081c is at code_begin+1596 in an Interpreter codelet
method entry point (kind = native)  [0x00007fcd6d0201e0, 0x00007fcd6d0211c0]  4064 bytes
R11=0x00007fcd8284ba10: <offset 0xa2ba10> in /usr/lib/jvm/java-8-openjdk-amd64/jre/lib/amd64/server/libjvm.so at 0x00007fcd81e20000
R12=0x00007fcd7c65f450 is an unknown value
R13=0x00007fcd81b3a5e0 is pointing into the stack for thread: 0x00007fcd7c011000
R14=0x00007fcd7c65fcb0 is an unknown value
R15=0x00007fcd7c6f2740 is an unknown value


Stack: [0x00007fcd81a3c000,0x00007fcd81b3c000],  sp=0x00007fcd81b3a580,  free space=1017k
Native frames: (J=compiled Java code, j=interpreted, Vv=VM code, C=native code)
C  [librocksdbjni8400770884383764714.so+0x2d7d39]  rocksdb_put_helper(JNIEnv_*, rocksdb::DB*, rocksdb::WriteOptions const&, rocksdb::ColumnFamilyHandle*, _jbyteArray*, int, int, _jbyteArray*, int, int)+0x1d9
C  [librocksdbjni8400770884383764714.so+0x2d7dc8]  Java_org_rocksdb_RocksDB_put__J_3BII_3BII+0x48
j  org.rocksdb.RocksDB.put(J[BII[BII)V+0
j  org.rocksdb.RocksDB.put([B[B)V+13
j  com.example.base.store.RocksDBStore.put(Ljava/lang/String;Ljava/lang/Object;)Z+12
j  com.example.base.entities.wallet.MockWalletAndTransactions.main([Ljava/lang/String;)V+342
v  ~StubRoutines::call_stub
V  [libjvm.so+0x6a7385]
V  [libjvm.so+0x72897d]
V  [libjvm.so+0x72b54e]
C  [libjli.so+0x4802]
C  [libjli.so+0x8dc1]
C  [libc.so.6+0x94b43]

Java frames: (J=compiled Java code, j=interpreted, Vv=VM code)
j  org.rocksdb.RocksDB.put(J[BII[BII)V+0
j  org.rocksdb.RocksDB.put([B[B)V+13
j  com.example.base.store.RocksDBStore.put(Ljava/lang/String;Ljava/lang/Object;)Z+12
j  com.example.base.entities.wallet.MockWalletAndTransactions.main([Ljava/lang/String;)V+342
v  ~StubRoutines::call_stub

---------------  P R O C E S S  ---------------

Java Threads: ( => current thread )
  0x00007fcd7c173000 JavaThread "Service Thread" daemon [_thread_blocked, id=81890, stack(0x00007fcd682b6000,0x00007fcd683b6000)]
  0x00007fcd7c16f800 JavaThread "C1 CompilerThread1" daemon [_thread_blocked, id=81889, stack(0x00007fcd683b7000,0x00007fcd684b7000)]
  0x00007fcd7c16c800 JavaThread "C2 CompilerThread0" daemon [_thread_blocked, id=81888, stack(0x00007fcd684b8000,0x00007fcd685b8000)]
  0x00007fcd7c15a000 JavaThread "JDWP Event Helper Thread" daemon [_thread_blocked, id=81876, stack(0x00007fcd686b8000,0x00007fcd687b8000)]
  0x00007fcd7c140800 JavaThread "Signal Dispatcher" daemon [_thread_blocked, id=81873, stack(0x00007fcd688b8000,0x00007fcd689b8000)]
  0x00007fcd7c111800 JavaThread "Finalizer" daemon [_thread_blocked, id=81866, stack(0x00007fcd689b8000,0x00007fcd68ab8000)]
  0x00007fcd7c10d000 JavaThread "Reference Handler" daemon [_thread_blocked, id=81865, stack(0x00007fcd68ab8000,0x00007fcd68bb8000)]
=>0x00007fcd7c011000 JavaThread "main" [_thread_in_native, id=81860, stack(0x00007fcd81a3c000,0x00007fcd81b3c000)]

Other Threads:
  0x00007fcd7c103000 VMThread [stack: 0x00007fcd68bb9000,0x00007fcd68cb9000] [id=81863]
  0x00007fcd7c175800 WatcherThread [stack: 0x00007fcd681b6000,0x00007fcd682b6000] [id=81891]

VM state:not at safepoint (normal execution)

VM Mutex/Monitor currently owned by a thread: None

heap address: 0x000000009c200000, size: 1598 MB, Compressed Oops mode: 32-bit
Narrow klass base: 0x0000000000000000, Narrow klass shift: 3
Compressed class space size: 1073741824 Address: 0x0000000100000000

Heap:
 PSYoungGen      total 55296K, used 40449K [0x00000000deb80000, 0x00000000e2580000, 0x0000000100000000)
  eden space 51200K, 71% used [0x00000000deb80000,0x00000000e0f07f88,0x00000000e1d80000)
  from space 4096K, 99% used [0x00000000e2180000,0x00000000e2578698,0x00000000e2580000)
  to   space 4096K, 0% used [0x00000000e1d80000,0x00000000e1d80000,0x00000000e2180000)
 ParOldGen       total 68608K, used 4642K [0x000000009c200000, 0x00000000a0500000, 0x00000000deb80000)
  object space 68608K, 6% used [0x000000009c200000,0x000000009c6889e0,0x00000000a0500000)
 Metaspace       used 14612K, capacity 14898K, committed 15104K, reserved 1062912K
  class space    used 1672K, capacity 1777K, committed 1792K, reserved 1048576K

Card table byte_map: [0x00007fcd80a45000,0x00007fcd80d65000] byte_map_base: 0x00007fcd80564000

Marking Bits: (ParMarkBitMap*) 0x00007fcd82c0b740
 Begin Bits: [0x00007fcd69e10000, 0x00007fcd6b708000)
 End Bits:   [0x00007fcd6b708000, 0x00007fcd6d000000)

Polling page: 0x00007fcd82ed4000

CodeCache: size=245760Kb used=4776Kb max_used=5233Kb free=240984Kb
 bounds [0x00007fcd6d000000, 0x00007fcd6d530000, 0x00007fcd7c000000]
 total_blobs=1809 nmethods=1396 adapters=334
 compilation: enabled

Compilation events (10 events):
Event: 21.108 Thread 0x00007fcd7c16f800 1585       3       org.bouncycastle.math.ec.ECPoint::createScaledPoint (24 bytes)
Event: 21.108 Thread 0x00007fcd7c16f800 nmethod 1585 0x00007fcd6d27b450 code [0x00007fcd6d27b5e0, 0x00007fcd6d27bb68]
Event: 21.108 Thread 0x00007fcd7c16f800 1586       3       org.bouncycastle.math.ec.custom.sec.SecP256K1Point::twicePlus (54 bytes)
Event: 21.109 Thread 0x00007fcd7c16c800 nmethod 1581 0x00007fcd6d39f390 code [0x00007fcd6d39f4e0, 0x00007fcd6d39f678]
Event: 21.110 Thread 0x00007fcd7c16c800 1582       4       org.bouncycastle.math.ec.ECPoint::<init> (31 bytes)
Event: 21.110 Thread 0x00007fcd7c16c800 nmethod 1582 0x00007fcd6d11fed0 code [0x00007fcd6d120020, 0x00007fcd6d1200b8]
Event: 21.111 Thread 0x00007fcd7c16f800 nmethod 1586 0x00007fcd6d146090 code [0x00007fcd6d1462c0, 0x00007fcd6d146c38]
Event: 21.112 Thread 0x00007fcd7c16f800 1587       3       java.lang.Math::min (12 bytes)
Event: 21.113 Thread 0x00007fcd7c16f800 nmethod 1587 0x00007fcd6d280c50 code [0x00007fcd6d280dc0, 0x00007fcd6d280f50]
Event: 364.384 Thread 0x00007fcd7c16f800 1588       3       java.lang.Throwable::<init> (34 bytes)

GC Heap History (8 events):
Event: 2.742 GC heap before
{Heap before GC invocations=1 (full 0):
 PSYoungGen      total 29696K, used 25600K [0x00000000deb80000, 0x00000000e0c80000, 0x0000000100000000)
  eden space 25600K, 100% used [0x00000000deb80000,0x00000000e0480000,0x00000000e0480000)
  from space 4096K, 0% used [0x00000000e0880000,0x00000000e0880000,0x00000000e0c80000)
  to   space 4096K, 0% used [0x00000000e0480000,0x00000000e0480000,0x00000000e0880000)
 ParOldGen       total 68608K, used 0K [0x000000009c200000, 0x00000000a0500000, 0x00000000deb80000)
  object space 68608K, 0% used [0x000000009c200000,0x000000009c200000,0x00000000a0500000)
 Metaspace       used 8160K, capacity 8342K, committed 8448K, reserved 1056768K
  class space    used 907K, capacity 1013K, committed 1024K, reserved 1048576K
Event: 2.761 GC heap after
Heap after GC invocations=1 (full 0):
 PSYoungGen      total 29696K, used 4089K [0x00000000deb80000, 0x00000000e0c80000, 0x0000000100000000)
  eden space 25600K, 0% used [0x00000000deb80000,0x00000000deb80000,0x00000000e0480000)
  from space 4096K, 99% used [0x00000000e0480000,0x00000000e087e668,0x00000000e0880000)
  to   space 4096K, 0% used [0x00000000e0880000,0x00000000e0880000,0x00000000e0c80000)
 ParOldGen       total 68608K, used 744K [0x000000009c200000, 0x00000000a0500000, 0x00000000deb80000)
  object space 68608K, 1% used [0x000000009c200000,0x000000009c2ba348,0x00000000a0500000)
 Metaspace       used 8160K, capacity 8342K, committed 8448K, reserved 1056768K
  class space    used 907K, capacity 1013K, committed 1024K, reserved 1048576K
}
Event: 3.328 GC heap before
{Heap before GC invocations=2 (full 0):
 PSYoungGen      total 29696K, used 29689K [0x00000000deb80000, 0x00000000e0c80000, 0x0000000100000000)
  eden space 25600K, 100% used [0x00000000deb80000,0x00000000e0480000,0x00000000e0480000)
  from space 4096K, 99% used [0x00000000e0480000,0x00000000e087e668,0x00000000e0880000)
  to   space 4096K, 0% used [0x00000000e0880000,0x00000000e0880000,0x00000000e0c80000)
 ParOldGen       total 68608K, used 744K [0x000000009c200000, 0x00000000a0500000, 0x00000000deb80000)
  object space 68608K, 1% used [0x000000009c200000,0x000000009c2ba348,0x00000000a0500000)
 Metaspace       used 10273K, capacity 10510K, committed 10752K, reserved 1058816K
  class space    used 1131K, capacity 1221K, committed 1280K, reserved 1048576K
Event: 3.346 GC heap after
Heap after GC invocations=2 (full 0):
 PSYoungGen      total 29696K, used 4081K [0x00000000deb80000, 0x00000000e2580000, 0x0000000100000000)
  eden space 25600K, 0% used [0x00000000deb80000,0x00000000deb80000,0x00000000e0480000)
  from space 4096K, 99% used [0x00000000e0880000,0x00000000e0c7c6a8,0x00000000e0c80000)
  to   space 4096K, 0% used [0x00000000e0480000,0x00000000e0480000,0x00000000e0880000)
 ParOldGen       total 68608K, used 2211K [0x000000009c200000, 0x00000000a0500000, 0x00000000deb80000)
  object space 68608K, 3% used [0x000000009c200000,0x000000009c428c98,0x00000000a0500000)
 Metaspace       used 10273K, capacity 10510K, committed 10752K, reserved 1058816K
  class space    used 1131K, capacity 1221K, committed 1280K, reserved 1048576K
}
Event: 3.959 GC heap before
{Heap before GC invocations=3 (full 0):
 PSYoungGen      total 29696K, used 29681K [0x00000000deb80000, 0x00000000e2580000, 0x0000000100000000)
  eden space 25600K, 100% used [0x00000000deb80000,0x00000000e0480000,0x00000000e0480000)
  from space 4096K, 99% used [0x00000000e0880000,0x00000000e0c7c6a8,0x00000000e0c80000)
  to   space 4096K, 0% used [0x00000000e0480000,0x00000000e0480000,0x00000000e0880000)
 ParOldGen       total 68608K, used 2211K [0x000000009c200000, 0x00000000a0500000, 0x00000000deb80000)
  object space 68608K, 3% used [0x000000009c200000,0x000000009c428c98,0x00000000a0500000)
 Metaspace       used 11202K, capacity 11438K, committed 11648K, reserved 1058816K
  class space    used 1266K, capacity 1381K, committed 1408K, reserved 1048576K
Event: 3.971 GC heap after
Heap after GC invocations=3 (full 0):
 PSYoungGen      total 29696K, used 4073K [0x00000000deb80000, 0x00000000e2580000, 0x0000000100000000)
  eden space 25600K, 0% used [0x00000000deb80000,0x00000000deb80000,0x00000000e0480000)
  from space 4096K, 99% used [0x00000000e0480000,0x00000000e087a688,0x00000000e0880000)
  to   space 4096K, 0% used [0x00000000e2180000,0x00000000e2180000,0x00000000e2580000)
 ParOldGen       total 68608K, used 3165K [0x000000009c200000, 0x00000000a0500000, 0x00000000deb80000)
  object space 68608K, 4% used [0x000000009c200000,0x000000009c5175d0,0x00000000a0500000)
 Metaspace       used 11202K, capacity 11438K, committed 11648K, reserved 1058816K
  class space    used 1266K, capacity 1381K, committed 1408K, reserved 1048576K
}
Event: 4.588 GC heap before
{Heap before GC invocations=4 (full 0):
 PSYoungGen      total 29696K, used 29673K [0x00000000deb80000, 0x00000000e2580000, 0x0000000100000000)
  eden space 25600K, 100% used [0x00000000deb80000,0x00000000e0480000,0x00000000e0480000)
  from space 4096K, 99% used [0x00000000e0480000,0x00000000e087a688,0x00000000e0880000)
  to   space 4096K, 0% used [0x00000000e2180000,0x00000000e2180000,0x00000000e2580000)
 ParOldGen       total 68608K, used 3165K [0x000000009c200000, 0x00000000a0500000, 0x00000000deb80000)
  object space 68608K, 4% used [0x000000009c200000,0x000000009c5175d0,0x00000000a0500000)
 Metaspace       used 12475K, capacity 12724K, committed 12800K, reserved 1060864K
  class space    used 1399K, capacity 1510K, committed 1536K, reserved 1048576K
Event: 4.602 GC heap after
Heap after GC invocations=4 (full 0):
 PSYoungGen      total 55296K, used 4065K [0x00000000deb80000, 0x00000000e2580000, 0x0000000100000000)
  eden space 51200K, 0% used [0x00000000deb80000,0x00000000deb80000,0x00000000e1d80000)
  from space 4096K, 99% used [0x00000000e2180000,0x00000000e2578698,0x00000000e2580000)
  to   space 4096K, 0% used [0x00000000e1d80000,0x00000000e1d80000,0x00000000e2180000)
 ParOldGen       total 68608K, used 4642K [0x000000009c200000, 0x00000000a0500000, 0x00000000deb80000)
  object space 68608K, 6% used [0x000000009c200000,0x000000009c6889e0,0x00000000a0500000)
 Metaspace       used 12475K, capacity 12724K, committed 12800K, reserved 1060864K
  class space    used 1399K, capacity 1510K, committed 1536K, reserved 1048576K
}

Deoptimization events (10 events):
Event: 4.152 Thread 0x00007fcd7c011000 Uncommon trap: reason=unstable_if action=reinterpret pc=0x00007fcd6d3d34dc method=java.math.BigInteger.shiftRightImpl(I)Ljava/math/BigInteger; @ 45
Event: 4.753 Thread 0x00007fcd7c011000 Uncommon trap: reason=class_check action=maybe_recompile pc=0x00007fcd6d385210 method=java.util.HashMap.putVal(ILjava/lang/Object;Ljava/lang/Object;ZZ)Ljava/lang/Object; @ 203
Event: 4.753 Thread 0x00007fcd7c011000 Uncommon trap: reason=class_check action=maybe_recompile pc=0x00007fcd6d385210 method=java.util.HashMap.putVal(ILjava/lang/Object;Ljava/lang/Object;ZZ)Ljava/lang/Object; @ 203
Event: 4.753 Thread 0x00007fcd7c011000 Uncommon trap: reason=class_check action=maybe_recompile pc=0x00007fcd6d385210 method=java.util.HashMap.putVal(ILjava/lang/Object;Ljava/lang/Object;ZZ)Ljava/lang/Object; @ 203
Event: 4.753 Thread 0x00007fcd7c011000 Uncommon trap: reason=class_check action=maybe_recompile pc=0x00007fcd6d385210 method=java.util.HashMap.putVal(ILjava/lang/Object;Ljava/lang/Object;ZZ)Ljava/lang/Object; @ 203
Event: 5.110 Thread 0x00007fcd7c011000 Uncommon trap: reason=unstable_if action=reinterpret pc=0x00007fcd6d3d8a80 method=java.math.BigInteger.multiply(Ljava/math/BigInteger;Z)Ljava/math/BigInteger; @ 11
Event: 5.110 Thread 0x00007fcd7c011000 Uncommon trap: reason=unstable_if action=reinterpret pc=0x00007fcd6d40d2ac method=java.math.BigInteger.add(Ljava/math/BigInteger;)Ljava/math/BigInteger; @ 13
Event: 5.110 Thread 0x00007fcd7c011000 Uncommon trap: reason=unstable_if action=reinterpret pc=0x00007fcd6d2f926c method=java.util.jar.Attributes.read(Ljava/util/jar/Manifest$FastInputStream;[B)V @ 218
Event: 12.541 Thread 0x00007fcd7c011000 Uncommon trap: reason=unstable_if action=reinterpret pc=0x00007fcd6d4ba0ec method=java.util.jar.Manifest$FastInputStream.peek()B @ 23
Event: 13.361 Thread 0x00007fcd7c011000 Uncommon trap: reason=unstable_if action=reinterpret pc=0x00007fcd6d3d0ee0 method=java.lang.Integer.numberOfLeadingZeros(I)I @ 1

Classes redefined (0 events):
No events

Internal exceptions (10 events):
Event: 0.834 Thread 0x00007fcd7c011000 Exception <a 'java/security/PrivilegedActionException'> (0x00000000ded63718) thrown at [/build/openjdk-8-zJa3ZI/openjdk-8-8u442-b06~us1/src/hotspot/src/share/vm/prims/jvm.cpp, line 1512]
Event: 1.275 Thread 0x00007fcd7c011000 Exception <a 'java/security/PrivilegedActionException'> (0x00000000df2f8a58) thrown at [/build/openjdk-8-zJa3ZI/openjdk-8-8u442-b06~us1/src/hotspot/src/share/vm/prims/jvm.cpp, line 1512]
Event: 1.275 Thread 0x00007fcd7c011000 Exception <a 'java/security/PrivilegedActionException'> (0x00000000df2f8c68) thrown at [/build/openjdk-8-zJa3ZI/openjdk-8-8u442-b06~us1/src/hotspot/src/share/vm/prims/jvm.cpp, line 1512]
Event: 1.279 Thread 0x00007fcd7c011000 Exception <a 'java/security/PrivilegedActionException'> (0x00000000df2fb388) thrown at [/build/openjdk-8-zJa3ZI/openjdk-8-8u442-b06~us1/src/hotspot/src/share/vm/prims/jvm.cpp, line 1512]
Event: 1.279 Thread 0x00007fcd7c011000 Exception <a 'java/security/PrivilegedActionException'> (0x00000000df2fb598) thrown at [/build/openjdk-8-zJa3ZI/openjdk-8-8u442-b06~us1/src/hotspot/src/share/vm/prims/jvm.cpp, line 1512]
Event: 1.511 Thread 0x00007fcd7c011000 Exception <a 'java/io/FileNotFoundException'> (0x00000000df4edb00) thrown at [/build/openjdk-8-zJa3ZI/openjdk-8-8u442-b06~us1/src/hotspot/src/share/vm/prims/jni.cpp, line 712]
Event: 1.665 Thread 0x00007fcd7c011000 Exception <a 'java/lang/NoSuchMethodError': org.slf4j.impl.StaticMDCBinder.getSingleton()Lorg/slf4j/impl/StaticMDCBinder;> (0x00000000df872dc0) thrown at [/build/openjdk-8-zJa3ZI/openjdk-8-8u442-b06~us1/src/hotspot/src/share/vm/interpreter/linkResolver.cp
Event: 1.849 Thread 0x00007fcd7c011000 Exception <a 'java/lang/NoSuchFieldError': method resolution failed> (0x00000000dfb7ea90) thrown at [/build/openjdk-8-zJa3ZI/openjdk-8-8u442-b06~us1/src/hotspot/src/share/vm/prims/methodHandles.cpp, line 1194]
Event: 1.854 Thread 0x00007fcd7c011000 Exception <a 'java/lang/NoSuchFieldError': method resolution failed> (0x00000000dfb8d2c0) thrown at [/build/openjdk-8-zJa3ZI/openjdk-8-8u442-b06~us1/src/hotspot/src/share/vm/prims/methodHandles.cpp, line 1194]
Event: 4.958 Thread 0x00007fcd7c011000 Exception <a 'java/lang/NoSuchMethodError': <clinit>> (0x00000000df920a98) thrown at [/build/openjdk-8-zJa3ZI/openjdk-8-8u442-b06~us1/src/hotspot/src/share/vm/prims/jni.cpp, line 1617]

Events (10 events):
Event: 364.384 Thread 0x00007fcd7c011000 DEOPT PACKING pc=0x00007fcd6d33efc4 sp=0x00007fcd81b3a350
Event: 364.384 Thread 0x00007fcd7c011000 DEOPT UNPACKING pc=0x00007fcd6d0474c4 sp=0x00007fcd81b3a0b0 mode 1
Event: 364.384 Thread 0x00007fcd7c011000 DEOPT PACKING pc=0x00007fcd6d3ce56c sp=0x00007fcd81b3a260
Event: 364.384 Thread 0x00007fcd7c011000 DEOPT UNPACKING pc=0x00007fcd6d0474c4 sp=0x00007fcd81b3a020 mode 1
Event: 364.384 Thread 0x00007fcd7c011000 DEOPT PACKING pc=0x00007fcd6d33efc4 sp=0x00007fcd81b3a350
Event: 364.384 Thread 0x00007fcd7c011000 DEOPT UNPACKING pc=0x00007fcd6d0474c4 sp=0x00007fcd81b3a0b0 mode 1
Event: 364.384 Thread 0x00007fcd7c011000 DEOPT PACKING pc=0x00007fcd6d3ce56c sp=0x00007fcd81b3a260
Event: 364.384 Thread 0x00007fcd7c011000 DEOPT UNPACKING pc=0x00007fcd6d0474c4 sp=0x00007fcd81b3a020 mode 1
Event: 364.384 Thread 0x00007fcd7c011000 DEOPT PACKING pc=0x00007fcd6d33efc4 sp=0x00007fcd81b3a350
Event: 364.384 Thread 0x00007fcd7c011000 DEOPT UNPACKING pc=0x00007fcd6d0474c4 sp=0x00007fcd81b3a0b0 mode 1


Dynamic libraries:
9c200000-a0500000 rw-p 00000000 00:00 0 
a0500000-deb80000 ---p 00000000 00:00 0 
deb80000-e2580000 rw-p 00000000 00:00 0 
e2580000-100000000 ---p 00000000 00:00 0 
100000000-1001c0000 rw-p 00000000 00:00 0 
1001c0000-140000000 ---p 00000000 00:00 0 
55936bfb3000-55936bfb4000 r--p 00000000 08:05 2753418                    /usr/lib/jvm/java-8-openjdk-amd64/jre/bin/java
55936bfb4000-55936bfb5000 r-xp 00001000 08:05 2753418                    /usr/lib/jvm/java-8-openjdk-amd64/jre/bin/java
55936bfb5000-55936bfb6000 r--p 00002000 08:05 2753418                    /usr/lib/jvm/java-8-openjdk-amd64/jre/bin/java
55936bfb6000-55936bfb7000 r--p 00002000 08:05 2753418                    /usr/lib/jvm/java-8-openjdk-amd64/jre/bin/java
55936bfb7000-55936bfb8000 rw-p 00003000 08:05 2753418                    /usr/lib/jvm/java-8-openjdk-amd64/jre/bin/java
55939a7f8000-55939a819000 rw-p 00000000 00:00 0                          [heap]
7fcd27ff8000-7fcd27ff9000 ---p 00000000 00:00 0 
7fcd27ff9000-7fcd287f9000 rw-p 00000000 00:00 0 
7fcd287f9000-7fcd287fa000 ---p 00000000 00:00 0 
7fcd287fa000-7fcd28ffa000 rw-p 00000000 00:00 0 
7fcd28ffa000-7fcd28ffb000 ---p 00000000 00:00 0 
7fcd28ffb000-7fcd297fb000 rw-p 00000000 00:00 0 
7fcd297fb000-7fcd297fc000 ---p 00000000 00:00 0 
7fcd297fc000-7fcd29ffc000 rw-p 00000000 00:00 0 
7fcd2c000000-7fcd2c021000 rw-p 00000000 00:00 0 
7fcd2c021000-7fcd30000000 ---p 00000000 00:00 0 
7fcd319fe000-7fcd31afe000 rw-p 00000000 00:00 0 
7fcd31afe000-7fcd31bfe000 ---p 00000000 00:00 0 
7fcd31bfe000-7fcd31dfe000 rw-p 00000000 00:00 0 
7fcd31dfe000-7fcd31ffe000 rw-p 00000000 00:00 0 
7fcd31ffe000-7fcd31fff000 ---p 00000000 00:00 0 
7fcd31fff000-7fcd327ff000 rw-p 00000000 00:00 0 
7fcd327ff000-7fcd32800000 ---p 00000000 00:00 0 
7fcd32800000-7fcd33000000 rw-p 00000000 00:00 0 
7fcd33000000-7fcd33b29000 r-xp 00000000 08:05 917563                     /tmp/librocksdbjni8400770884383764714.so
7fcd33b29000-7fcd33d28000 ---p 00b29000 08:05 917563                     /tmp/librocksdbjni8400770884383764714.so
7fcd33d28000-7fcd33d49000 r--p 00b28000 08:05 917563                     /tmp/librocksdbjni8400770884383764714.so
7fcd33d49000-7fcd33d57000 rw-p 00b49000 08:05 917563                     /tmp/librocksdbjni8400770884383764714.so
7fcd33d57000-7fcd33d5f000 rw-p 00000000 00:00 0 
7fcd33d8f000-7fcd33d96000 r--p 00000000 08:05 2755561                    /usr/lib/jvm/java-8-openjdk-amd64/jre/lib/amd64/libsunec.so
7fcd33d96000-7fcd33daf000 r-xp 00007000 08:05 2755561                    /usr/lib/jvm/java-8-openjdk-amd64/jre/lib/amd64/libsunec.so
7fcd33daf000-7fcd33db9000 r--p 00020000 08:05 2755561                    /usr/lib/jvm/java-8-openjdk-amd64/jre/lib/amd64/libsunec.so
7fcd33db9000-7fcd33dbd000 r--p 00029000 08:05 2755561                    /usr/lib/jvm/java-8-openjdk-amd64/jre/lib/amd64/libsunec.so
7fcd33dbd000-7fcd33dbe000 rw-p 0002d000 08:05 2755561                    /usr/lib/jvm/java-8-openjdk-amd64/jre/lib/amd64/libsunec.so
7fcd33dbe000-7fcd33dc0000 r--s 00016000 08:05 2755597                    /usr/lib/jvm/java-8-openjdk-amd64/jre/lib/jce.jar
7fcd33dc0000-7fcd33dd1000 r--s 001c5000 08:05 2755602                    /usr/lib/jvm/java-8-openjdk-amd64/jre/lib/jsse.jar
7fcd33dd1000-7fcd33dd4000 ---p 00000000 00:00 0 
7fcd33dd4000-7fcd33e0a000 rw-p 00000000 00:00 0 
7fcd33e0a000-7fcd33e11000 r--s 00000000 08:05 2754531                    /usr/lib/x86_64-linux-gnu/gconv/gconv-modules.cache
7fcd33e11000-7fcd33e33000 r--p 00000000 08:05 280879                     /usr/share/locale-langpack/zh_CN/LC_MESSAGES/libc.mo
7fcd33e33000-7fcd33e36000 r--s 00023000 08:05 1966943                    /home/wj/下载/ideaIU-2024.2.1/idea-IU-242.21829.142/lib/idea_rt.jar
7fcd33e36000-7fcd33e37000 r--s 00000000 08:05 2107758                    /home/wj/.m2/repository/net/jcip/jcip-annotations/1.0/jcip-annotations-1.0.jar
7fcd33e37000-7fcd33e39000 r--s 00009000 08:05 2102255                    /home/wj/.m2/repository/org/slf4j/slf4j-api/1.7.36/slf4j-api-1.7.36.jar
7fcd33e39000-7fcd33e43000 r--s 000a5000 08:05 2107756                    /home/wj/.m2/repository/com/google/protobuf/protobuf-javalite/4.26.1/protobuf-javalite-4.26.1.jar
7fcd33e43000-7fcd33eb7000 r--s 005e1000 08:05 2107752                    /home/wj/.m2/repository/org/bouncycastle/bcprov-jdk15to18/1.78.1/bcprov-jdk15to18-1.78.1.jar
7fcd33eb7000-7fcd33ec5000 r--s 0012e000 08:05 2107750                    /home/wj/.m2/repository/org/bitcoinj/bitcoinj-core/0.17-alpha5/bitcoinj-core-0.17-alpha5.jar
7fcd33ec5000-7fcd33ec7000 r--s 00005000 08:05 2107159                    /home/wj/.m2/repository/javax/annotation/javax.annotation-api/1.3.2/javax.annotation-api-1.3.2.jar
7fcd33ec7000-7fcd33f40000 r--s 00520000 08:05 2107143                    /home/wj/.m2/repository/org/bouncycastle/bcprov-jdk15on/1.70/bcprov-jdk15on-1.70.jar
7fcd33f40000-7fcd33f4b000 r--s 0006b000 08:05 2107145                    /home/wj/.m2/repository/org/bouncycastle/bcutil-jdk15on/1.70/bcutil-jdk15on-1.70.jar
7fcd33f4b000-7fcd33f61000 r--s 000d6000 08:05 2107141                    /home/wj/.m2/repository/org/bouncycastle/bcpkix-jdk15on/1.70/bcpkix-jdk15on-1.70.jar
7fcd33f61000-7fcd33f63000 r--s 00001000 08:05 2102560                    /home/wj/.m2/repository/com/google/j2objc/j2objc-annotations/1.3/j2objc-annotations-1.3.jar
7fcd33f63000-7fcd33f64000 r--s 00003000 08:05 2102558                    /home/wj/.m2/repository/com/google/errorprone/error_prone_annotations/2.11.0/error_prone_annotations-2.11.0.jar
7fcd33f64000-7fcd33f6f000 r--s 00028000 08:05 2102556                    /home/wj/.m2/repository/org/checkerframework/checker-qual/3.12.0/checker-qual-3.12.0.jar
7fcd33f6f000-7fcd33f71000 r--s 00003000 08:05 2102554                    /home/wj/.m2/repository/com/google/code/findbugs/jsr305/3.0.2/jsr305-3.0.2.jar
7fcd33f71000-7fcd33f72000 r--s 00000000 08:05 2102552                    /home/wj/.m2/repository/com/google/guava/listenablefuture/9999.0-empty-to-avoid-conflict-with-guava/listenablefuture-9999.0-empty-to-avoid-conflict-with-guava.jar
7fcd33f72000-7fcd33f74000 r--s 00000000 08:05 2102550                    /home/wj/.m2/repository/com/google/guava/failureaccess/1.0.1/failureaccess-1.0.1.jar
7fcd33f74000-7fcd33fa8000 r--s 0029f000 08:05 2102540                    /home/wj/.m2/repository/com/google/guava/guava/31.1-jre/guava-31.1-jre.jar
7fcd33fa8000-7fcd33faf000 r--s 00050000 08:05 2102383                    /home/wj/.m2/repository/commons-codec/commons-codec/1.15/commons-codec-1.15.jar
7fcd33faf000-7fcd33fb9000 r--s 00086000 08:05 2102406                    /home/wj/.m2/repository/org/apache/commons/commons-lang3/3.12.0/commons-lang3-3.12.0.jar
7fcd33fb9000-7fcd33fc0000 r--s 03a67000 08:05 2243741                    /home/wj/.m2/repository/org/rocksdb/rocksdbjni/8.8.1/rocksdbjni-8.8.1.jar
7fcd33fc0000-7fcd33fc3000 r--s 0000b000 08:05 2102376                    /home/wj/.m2/repository/org/objenesis/objenesis/2.5.1/objenesis-2.5.1.jar
7fcd33fc3000-7fcd33fc4000 r--s 00001000 08:05 2102374                    /home/wj/.m2/repository/com/esotericsoftware/minlog/1.3.0/minlog-1.3.0.jar
7fcd33fc4000-7fcd33fc6000 r--s 0000c000 08:05 2102372                    /home/wj/.m2/repository/org/ow2/asm/asm/5.0.4/asm-5.0.4.jar
7fcd33fc6000-7fcd33fc8000 r--s 00004000 08:05 2102370                    /home/wj/.m2/repository/com/esotericsoftware/reflectasm/1.11.3/reflectasm-1.11.3.jar
7fcd33fc8000-7fcd33fcf000 r--s 0004c000 08:05 2102360                    /home/wj/.m2/repository/com/esotericsoftware/kryo/4.0.1/kryo-4.0.1.jar
7fcd33fcf000-7fcd33fe8000 r--s 001c4000 08:05 2243170                    /home/wj/.m2/repository/org/projectlombok/lombok/1.18.22/lombok-1.18.22.jar
7fcd33fe8000-7fcd33fed000 r--s 00042000 08:05 2243158                    /home/wj/.m2/repository/org/springframework/spring-expression/5.3.17/spring-expression-5.3.17.jar
7fcd33fed000-7fcd34000000 r--s 000e9000 08:05 2243212                    /home/wj/.m2/repository/org/springframework/spring-webmvc/5.3.17/spring-webmvc-5.3.17.jar
7fcd34000000-7fcd34021000 rw-p 00000000 00:00 0 
7fcd34021000-7fcd38000000 ---p 00000000 00:00 0 
7fcd38000000-7fcd38021000 rw-p 00000000 00:00 0 
7fcd38021000-7fcd3c000000 ---p 00000000 00:00 0 
7fcd3c000000-7fcd3c602000 rw-p 00000000 00:00 0 
7fcd3c602000-7fcd40000000 ---p 00000000 00:00 0 
7fcd40000000-7fcd4057a000 rw-p 00000000 00:00 0 
7fcd4057a000-7fcd44000000 ---p 00000000 00:00 0 
7fcd44000000-7fcd4403c000 rw-p 00000000 00:00 0 
7fcd4403c000-7fcd48000000 ---p 00000000 00:00 0 
7fcd48000000-7fcd48021000 rw-p 00000000 00:00 0 
7fcd48021000-7fcd4c000000 ---p 00000000 00:00 0 
7fcd4c000000-7fcd4c021000 rw-p 00000000 00:00 0 
7fcd4c021000-7fcd50000000 ---p 00000000 00:00 0 
7fcd50000000-7fcd5002b000 rw-p 00000000 00:00 0 
7fcd5002b000-7fcd54000000 ---p 00000000 00:00 0 
7fcd54000000-7fcd54021000 rw-p 00000000 00:00 0 
7fcd54021000-7fcd58000000 ---p 00000000 00:00 0 
7fcd58000000-7fcd58021000 rw-p 00000000 00:00 0 
7fcd58021000-7fcd5c000000 ---p 00000000 00:00 0 
7fcd5c000000-7fcd5c021000 rw-p 00000000 00:00 0 
7fcd5c021000-7fcd60000000 ---p 00000000 00:00 0 
7fcd60000000-7fcd60021000 rw-p 00000000 00:00 0 
7fcd60021000-7fcd64000000 ---p 00000000 00:00 0 
7fcd64000000-7fcd64021000 rw-p 00000000 00:00 0 
7fcd64021000-7fcd68000000 ---p 00000000 00:00 0 
7fcd68000000-7fcd68009000 r--s 00055000 08:05 2243154                    /home/wj/.m2/repository/org/springframework/spring-aop/5.3.17/spring-aop-5.3.17.jar
7fcd68009000-7fcd68016000 r--s 0009e000 08:05 2243155                    /home/wj/.m2/repository/org/springframework/spring-beans/5.3.17/spring-beans-5.3.17.jar
7fcd68016000-7fcd68035000 r--s 00172000 08:05 2243161                    /home/wj/.m2/repository/org/springframework/spring-web/5.3.17/spring-web-5.3.17.jar
7fcd68035000-7fcd6803b000 r--s 0003e000 08:05 2243210                    /home/wj/.m2/repository/org/apache/tomcat/embed/tomcat-embed-websocket/9.0.60/tomcat-embed-websocket-9.0.60.jar
7fcd6803b000-7fcd68040000 r--s 0003a000 08:05 2243208                    /home/wj/.m2/repository/org/apache/tomcat/embed/tomcat-embed-el/9.0.60/tomcat-embed-el-9.0.60.jar
7fcd68040000-7fcd6806a000 r--s 00318000 08:05 2243206                    /home/wj/.m2/repository/org/apache/tomcat/embed/tomcat-embed-core/9.0.60/tomcat-embed-core-9.0.60.jar
7fcd6806a000-7fcd6806b000 r--s 00001000 08:05 2243204                    /home/wj/.m2/repository/org/springframework/boot/spring-boot-starter-tomcat/2.6.5/spring-boot-starter-tomcat-2.6.5.jar
7fcd6806b000-7fcd6806d000 r--s 00001000 08:05 2104632                    /home/wj/.m2/repository/com/fasterxml/jackson/module/jackson-module-parameter-names/2.13.2/jackson-module-parameter-names-2.13.2.jar
7fcd6806d000-7fcd68070000 r--s 0001b000 08:05 2243202                    /home/wj/.m2/repository/com/fasterxml/jackson/datatype/jackson-datatype-jsr310/2.13.2/jackson-datatype-jsr310-2.13.2.jar
7fcd68070000-7fcd68072000 r--s 00007000 08:05 2243198                    /home/wj/.m2/repository/com/fasterxml/jackson/datatype/jackson-datatype-jdk8/2.13.2/jackson-datatype-jdk8-2.13.2.jar
7fcd68072000-7fcd68077000 r--s 00057000 08:05 2102426                    /home/wj/.m2/repository/com/fasterxml/jackson/core/jackson-core/2.13.2/jackson-core-2.13.2.jar
7fcd68077000-7fcd6807a000 r--s 00010000 08:05 2102422                    /home/wj/.m2/repository/com/fasterxml/jackson/core/jackson-annotations/2.13.2/jackson-annotations-2.13.2.jar
7fcd6807a000-7fcd68091000 r--s 00160000 08:05 2102389                    /home/wj/.m2/repository/com/fasterxml/jackson/core/jackson-databind/2.13.2/jackson-databind-2.13.2.jar
7fcd68091000-7fcd68092000 r--s 00001000 08:05 2243200                    /home/wj/.m2/repository/org/springframework/boot/spring-boot-starter-json/2.6.5/spring-boot-starter-json-2.6.5.jar
7fcd68092000-7fcd68093000 r--s 00001000 08:05 2243164                    /home/wj/.m2/repository/org/springframework/boot/spring-boot-starter-web/2.6.5/spring-boot-starter-web-2.6.5.jar
7fcd68093000-7fcd6809a000 r--s 0004a000 08:05 2243218                    /home/wj/.m2/repository/org/yaml/snakeyaml/1.29/snakeyaml-1.29.jar
7fcd6809a000-7fcd6809b000 r--s 00005000 08:05 2104657                    /home/wj/.m2/repository/org/springframework/spring-jcl/5.3.17/spring-jcl-5.3.17.jar
7fcd6809b000-7fcd680b6000 r--s 0014f000 08:05 2104649                    /home/wj/.m2/repository/org/springframework/spring-core/5.3.17/spring-core-5.3.17.jar
7fcd680b6000-7fcd680b8000 r--s 00005000 08:05 2102562                    /home/wj/.m2/repository/jakarta/annotation/jakarta.annotation-api/1.3.5/jakarta.annotation-api-1.3.5.jar
7fcd680b8000-7fcd680ba000 r--s 00000000 08:05 2102616                    /home/wj/.m2/repository/org/slf4j/jul-to-slf4j/1.7.36/jul-to-slf4j-1.7.36.jar
7fcd680ba000-7fcd680c0000 r--s 00044000 08:05 2102614                    /home/wj/.m2/repository/org/apache/logging/log4j/log4j-api/2.17.2/log4j-api-2.17.2.jar
7fcd680c0000-7fcd680c2000 r--s 00003000 08:05 2102612                    /home/wj/.m2/repository/org/apache/logging/log4j/log4j-to-slf4j/2.17.2/log4j-to-slf4j-2.17.2.jar
7fcd680c2000-7fcd680cc000 r--s 00064000 08:05 2102610                    /home/wj/.m2/repository/ch/qos/logback/logback-core/1.2.11/logback-core-1.2.11.jar
7fcd680cc000-7fcd680d2000 r--s 00033000 08:05 2102608                    /home/wj/.m2/repository/ch/qos/logback/logback-classic/1.2.11/logback-classic-1.2.11.jar
7fcd680d2000-7fcd680d3000 r--s 00001000 08:05 2243216                    /home/wj/.m2/repository/org/springframework/boot/spring-boot-starter-logging/2.6.5/spring-boot-starter-logging-2.6.5.jar
7fcd680d3000-7fcd68100000 r--s 00162000 08:05 2243178                    /home/wj/.m2/repository/org/springframework/boot/spring-boot-autoconfigure/2.6.5/spring-boot-autoconfigure-2.6.5.jar
7fcd68100000-7fcd6811c000 r--s 0011c000 08:05 2243159                    /home/wj/.m2/repository/org/springframework/spring-context/5.3.17/spring-context-5.3.17.jar
7fcd6811c000-7fcd6813a000 r--s 0013e000 08:05 2243173                    /home/wj/.m2/repository/org/springframework/boot/spring-boot/2.6.5/spring-boot-2.6.5.jar
7fcd6813a000-7fcd6813b000 r--s 00001000 08:05 2243168                    /home/wj/.m2/repository/org/springframework/boot/spring-boot-starter/2.6.5/spring-boot-starter-2.6.5.jar
7fcd6813b000-7fcd68140000 r--p 00000000 08:05 2755556                    /usr/lib/jvm/java-8-openjdk-amd64/jre/lib/amd64/libnet.so
7fcd68140000-7fcd68151000 r-xp 00005000 08:05 2755556                    /usr/lib/jvm/java-8-openjdk-amd64/jre/lib/amd64/libnet.so
7fcd68151000-7fcd68155000 r--p 00016000 08:05 2755556                    /usr/lib/jvm/java-8-openjdk-amd64/jre/lib/amd64/libnet.so
7fcd68155000-7fcd68156000 r--p 00019000 08:05 2755556                    /usr/lib/jvm/java-8-openjdk-amd64/jre/lib/amd64/libnet.so
7fcd68156000-7fcd68157000 rw-p 0001a000 08:05 2755556                    /usr/lib/jvm/java-8-openjdk-amd64/jre/lib/amd64/libnet.so
7fcd68157000-7fcd6815e000 r--p 00000000 08:05 2755557                    /usr/lib/jvm/java-8-openjdk-amd64/jre/lib/amd64/libnio.so
7fcd6815e000-7fcd68167000 r-xp 00007000 08:05 2755557                    /usr/lib/jvm/java-8-openjdk-amd64/jre/lib/amd64/libnio.so
7fcd68167000-7fcd6816a000 r--p 00010000 08:05 2755557                    /usr/lib/jvm/java-8-openjdk-amd64/jre/lib/amd64/libnio.so
7fcd6816a000-7fcd6816b000 r--p 00012000 08:05 2755557                    /usr/lib/jvm/java-8-openjdk-amd64/jre/lib/amd64/libnio.so
7fcd6816b000-7fcd6816c000 rw-p 00013000 08:05 2755557                    /usr/lib/jvm/java-8-openjdk-amd64/jre/lib/amd64/libnio.so
7fcd6816c000-7fcd6817e000 r--s 0034c000 08:05 2755606                    /usr/lib/jvm/java-8-openjdk-amd64/jre/lib/resources.jar
7fcd6817e000-7fcd6818f000 r--s 001c5000 08:05 2755602                    /usr/lib/jvm/java-8-openjdk-amd64/jre/lib/jsse.jar
7fcd6818f000-7fcd68191000 r--s 00016000 08:05 2755597                    /usr/lib/jvm/java-8-openjdk-amd64/jre/lib/jce.jar
7fcd68191000-7fcd68196000 r--s 002fa000 08:05 2755567                    /usr/lib/jvm/java-8-openjdk-amd64/jre/lib/charsets.jar
7fcd68196000-7fcd68199000 r--s 0000f000 08:05 2755577                    /usr/lib/jvm/java-8-openjdk-amd64/jre/lib/ext/icedtea-sound.jar
7fcd68199000-7fcd681b5000 r--s 00394000 08:05 2755575                    /usr/lib/jvm/java-8-openjdk-amd64/jre/lib/ext/cldrdata.jar
7fcd681b5000-7fcd681b6000 ---p 00000000 00:00 0 
7fcd681b6000-7fcd682b6000 rw-p 00000000 00:00 0 
7fcd682b6000-7fcd682b9000 ---p 00000000 00:00 0 
7fcd682b9000-7fcd683b6000 rw-p 00000000 00:00 0 
7fcd683b6000-7fcd683b7000 ---p 00000000 00:00 0 
7fcd683b7000-7fcd683ba000 ---p 00000000 00:00 0 
7fcd683ba000-7fcd684b7000 rw-p 00000000 00:00 0 
7fcd684b7000-7fcd684b8000 ---p 00000000 00:00 0 
7fcd684b8000-7fcd684bb000 ---p 00000000 00:00 0 
7fcd684bb000-7fcd685b8000 rw-p 00000000 00:00 0 
7fcd685b8000-7fcd685bb000 ---p 00000000 00:00 0 
7fcd685bb000-7fcd686b8000 rw-p 00000000 00:00 0 
7fcd686b8000-7fcd686bb000 ---p 00000000 00:00 0 
7fcd686bb000-7fcd687b8000 rw-p 00000000 00:00 0 
7fcd687b8000-7fcd687bb000 ---p 00000000 00:00 0 
7fcd687bb000-7fcd688b8000 rw-p 00000000 00:00 0 
7fcd688b8000-7fcd688bb000 ---p 00000000 00:00 0 
7fcd688bb000-7fcd689b8000 rw-p 00000000 00:00 0 
7fcd689b8000-7fcd689bb000 ---p 00000000 00:00 0 
7fcd689bb000-7fcd68ab8000 rw-p 00000000 00:00 0 
7fcd68ab8000-7fcd68abb000 ---p 00000000 00:00 0 
7fcd68abb000-7fcd68bb8000 rw-p 00000000 00:00 0 
7fcd68bb8000-7fcd68bb9000 ---p 00000000 00:00 0 
7fcd68bb9000-7fcd6d000000 rw-p 00000000 00:00 0 
7fcd6d000000-7fcd6d530000 rwxp 00000000 00:00 0 
7fcd6d530000-7fcd7c000000 ---p 00000000 00:00 0 
7fcd7c000000-7fcd7caac000 rw-p 00000000 00:00 0 
7fcd7caac000-7fcd80000000 ---p 00000000 00:00 0 
7fcd80000000-7fcd80001000 r--s 00000000 08:05 2755604                    /usr/lib/jvm/java-8-openjdk-amd64/jre/lib/management-agent.jar
7fcd80001000-7fcd80004000 r--s 00042000 08:05 2755587                    /usr/lib/jvm/java-8-openjdk-amd64/jre/lib/ext/sunpkcs11.jar
7fcd80004000-7fcd80006000 r--s 00001000 08:05 2755576                    /usr/lib/jvm/java-8-openjdk-amd64/jre/lib/ext/dnsns.jar
7fcd80006000-7fcd80008000 r--s 00008000 08:05 2755581                    /usr/lib/jvm/java-8-openjdk-amd64/jre/lib/ext/sunec.jar
7fcd80008000-7fcd80012000 r--s 00117000 08:05 2755579                    /usr/lib/jvm/java-8-openjdk-amd64/jre/lib/ext/localedata.jar
7fcd80012000-7fcd80013000 r--s 0000a000 08:05 2755578                    /usr/lib/jvm/java-8-openjdk-amd64/jre/lib/ext/jaccess.jar
7fcd80013000-7fcd80019000 r--s 0003e000 08:05 2755586                    /usr/lib/jvm/java-8-openjdk-amd64/jre/lib/ext/sunjce_provider.jar
7fcd80019000-7fcd8001b000 r--s 00010000 08:05 2755588                    /usr/lib/jvm/java-8-openjdk-amd64/jre/lib/ext/zipfs.jar
7fcd8001b000-7fcd80036000 r--s 001d6000 08:05 2755580                    /usr/lib/jvm/java-8-openjdk-amd64/jre/lib/ext/nashorn.jar
7fcd80036000-7fcd80038000 r--s 0000c000 08:05 2888732                    /usr/share/java/java-atk-wrapper.jar
7fcd80038000-7fcd8003f000 r--s 000d3000 08:05 2755601                    /usr/lib/jvm/java-8-openjdk-amd64/jre/lib/jfr.jar
7fcd8003f000-7fcd80045000 r--s 000fa000 08:05 1849657                    /home/wj/下载/ideaIU-2024.2.1/idea-IU-242.21829.142/plugins/java/lib/rt/debugger-agent.jar
7fcd80045000-7fcd80047000 r--p 00000000 08:05 2755537                    /usr/lib/jvm/java-8-openjdk-amd64/jre/lib/amd64/libdt_socket.so
7fcd80047000-7fcd80049000 r-xp 00002000 08:05 2755537                    /usr/lib/jvm/java-8-openjdk-amd64/jre/lib/amd64/libdt_socket.so
7fcd80049000-7fcd8004a000 r--p 00004000 08:05 2755537                    /usr/lib/jvm/java-8-openjdk-amd64/jre/lib/amd64/libdt_socket.so
7fcd8004a000-7fcd8004b000 r--p 00004000 08:05 2755537                    /usr/lib/j