#
# A fatal error has been detected by the Java Runtime Environment:
#
#  SIGSEGV (0xb) at pc=0x00007f8b2ece0024, pid=869902, tid=0x00007f8b2c4fd640
#
# JRE version: OpenJDK Runtime Environment (8.0_422-b05) (build 1.8.0_422-8u422-b05-1~20.04-b05)
# Java VM: OpenJDK 64-Bit Server VM (25.422-b05 mixed mode linux-amd64 compressed oops)
# Problematic frame:
# C  [librocksdbjni597857711466462568.so+0x2e0024]  rocksdb_get_helper(JNIEnv_*, rocksdb::DB*, rocksdb::ReadOptions const&, rocksdb::ColumnFamilyHandle*, _jbyteArray*, int, int)+0x214
#
# Failed to write core dump. Core dumps have been disabled. To enable core dumping, try "ulimit -c unlimited" before starting Java again
#
# If you would like to submit a bug report, please visit:
#   http://bugreport.java.com/bugreport/crash.jsp
# The crash happened outside the Java Virtual Machine in native code.
# See problematic frame for where to report the bug.
#

---------------  T H R E A D  ---------------

Current thread (0x00007f8b3004a000):  JavaThread "Thread-43" daemon [_thread_in_native, id=870100, stack(0x00007f8b2c3fe000,0x00007f8b2c4fe000)]

siginfo: si_signo: 11 (SIGSEGV), si_code: 128 (SI_KERNEL), si_addr: 0x0000000000000000

Registers:
RAX=0x00007f8b78ca1290, RBX=0x00007f8b3004a260, RCX=0x61622e6b636f6c62, RDX=0x00007f8b7d6549b8
RSP=0x00007f8b2c4fc430, RBP=0x00007f8b2c4fc510, RSI=0x0000000000000001, RDI=0x00007f8b78c6a9c0
R8 =0x00007f8b78c8f0b0, R9 =0x0000000000000000, R10=0x00007f8b687a881c, R11=0x00007f8b7d299e30
R12=0x00007f8b2c4fc490, R13=0x00007f8b78c8f0b0, R14=0x00007f8b78c6a9c0, R15=0x0000000000000000
RIP=0x00007f8b2ece0024, EFLAGS=0x0000000000010246, CSGSFS=0x002b000000000033, ERR=0x0000000000000000
  TRAPNO=0x000000000000000d

Top of Stack: (sp=0x00007f8b2c4fc430)
0x00007f8b2c4fc430:   00007f8b78d639d0 00007f8b2c4fc530
0x00007f8b2c4fc440:   00007f8b2c4fc690 61622e6b636f6c62
0x00007f8b2c4fc450:   00007f8b78c8f0b0 000000000000000c
0x00007f8b2c4fc460:   0000000000000000 0000000000000000
0x00007f8b2c4fc470:   00007f8b2c4fca60 00007f8b78258d90
0x00007f8b2c4fc480:   00007f8b78259168 00000000000003d8
0x00007f8b2c4fc490:   00007f8b2f3f9a21 0000000000000000
0x00007f8b2c4fc4a0:   0000000000000000 00007f8b78d639d0
0x00007f8b2c4fc4b0:   00007f8b78d639e8 0000000000000000
0x00007f8b2c4fc4c0:   00007f8b7c86d558 00007f8b2c4fc4c0
0x00007f8b2c4fc4d0:   0000000000000000 1e6c0acbdd2c2700
0x00007f8b2c4fc4e0:   00000000000000d8 00007f8b2c4fc530
0x00007f8b2c4fc4f0:   0000000000000000 00007f8b2fcee820
0x00007f8b2c4fc500:   00007f8b2c4fc6a8 00007f8b3004a000
0x00007f8b2c4fc510:   00007f8b2c4fc5e0 00007f8b2ece01a5
0x00007f8b2c4fc520:   000000000000000c 00007f8b3004a000
0x00007f8b2c4fc530:   0000000000000000 0000000000000000
0x00007f8b2c4fc540:   0000000000000000 0000000000000000
0x00007f8b2c4fc550:   0000000000000000 0000000400000000
0x00007f8b2c4fc560:   ffffffffffffffff 00007f8b2c4fc620
0x00007f8b2c4fc570:   00007f8b2c4fc600 00007f0100000101
0x00007f8b2c4fc580:   0000000000000000 0000000000000000
0x00007f8b2c4fc590:   0000000000000000 0000000000000000
0x00007f8b2c4fc5a0:   0000000000000000 00007f8b687a83ea
0x00007f8b2c4fc5b0:   00007f8b6878d310 0000000000000000
0x00007f8b2c4fc5c0:   00007f8b2c4fc660 00007f8b2c4f0a00
0x00007f8b2c4fc5d0:   00007f8b2fcee828 0000000000000000
0x00007f8b2c4fc5e0:   00007f8b2c4fc660 00007f8b687a8848
0x00007f8b2c4fc5f0:   00007f8b2fcee820 00007f8b2c4fc6a8
0x00007f8b2c4fc600:   00007f8b2c4fc660 00007f8b687a841e
0x00007f8b2c4fc610:   00007f8b2c4fc6f0 00007f8b687a83ea
0x00007f8b2c4fc620:   00007f8b2c4fc620 00007f8b2fcee820 

Instructions: (pc=0x00007f8b2ece0024)
0x00007f8b2ece0004:   f8 ff eb c0 0f 1f 84 00 00 00 00 00 49 8b 06 4c
0x00007f8b2ece0014:   89 f7 48 8b 88 f0 00 00 00 48 89 8d 38 ff ff ff
0x00007f8b2ece0024:   ff 90 08 04 00 00 4c 8d bd 70 ff ff ff 48 89 c1
0x00007f8b2ece0034:   4d 89 e1 4c 8d 85 40 ff ff ff 48 8b 95 28 ff ff 

Register to memory mapping:

RAX=0x00007f8b78ca1290 is an unknown value
RBX=0x00007f8b3004a260 is an unknown value
RCX=0x61622e6b636f6c62 is an unknown value
RDX=0x00007f8b7d6549b8: <offset 0xde69b8> in /usr/lib/jvm/java-8-openjdk-amd64/jre/lib/amd64/server/libjvm.so at 0x00007f8b7c86e000
RSP=0x00007f8b2c4fc430 is pointing into the stack for thread: 0x00007f8b3004a000
RBP=0x00007f8b2c4fc510 is pointing into the stack for thread: 0x00007f8b3004a000
RSI=0x0000000000000001 is an unknown value
RDI=0x00007f8b78c6a9c0 is an unknown value
R8 =0x00007f8b78c8f0b0 is an unknown value
R9 =0x0000000000000000 is an unknown value
R10=0x00007f8b687a881c is at code_begin+1596 in an Interpreter codelet
method entry point (kind = native)  [0x00007f8b687a81e0, 0x00007f8b687a91c0]  4064 bytes
R11=0x00007f8b7d299e30: <offset 0xa2be30> in /usr/lib/jvm/java-8-openjdk-amd64/jre/lib/amd64/server/libjvm.so at 0x00007f8b7c86e000
R12=0x00007f8b2c4fc490 is pointing into the stack for thread: 0x00007f8b3004a000
R13=0x00007f8b78c8f0b0 is an unknown value
R14=0x00007f8b78c6a9c0 is an unknown value
R15=0x0000000000000000 is an unknown value


Stack: [0x00007f8b2c3fe000,0x00007f8b2c4fe000],  sp=0x00007f8b2c4fc430,  free space=1017k
Native frames: (J=compiled Java code, j=interpreted, Vv=VM code, C=native code)
C  [librocksdbjni597857711466462568.so+0x2e0024]  rocksdb_get_helper(JNIEnv_*, rocksdb::DB*, rocksdb::ReadOptions const&, rocksdb::ColumnFamilyHandle*, _jbyteArray*, int, int)+0x214
C  [librocksdbjni597857711466462568.so+0x2e01a5]  Java_org_rocksdb_RocksDB_get__J_3BII+0xe5
j  org.rocksdb.RocksDB.get(J[BII)[B+0
j  org.rocksdb.RocksDB.get([B)[B+9
j  com.example.base.store.RocksDBStore.get(Ljava/lang/String;)Ljava/util/Optional;+8
j  com.example.web.service.BlockServiceImpl.getLatestBlock()Lcom/example/base/entities/Block;+14
j  com.example.web.service.BlockServiceImpl.executeCommand()V+194
j  com.example.web.service.BlockServiceImpl.lambda$startMining$0()V+11
j  com.example.web.service.BlockServiceImpl$$Lambda$601.run()V+4
j  java.lang.Thread.run()V+11
v  ~StubRoutines::call_stub
V  [libjvm.so+0x6a7575]
V  [libjvm.so+0x6a4cbf]
V  [libjvm.so+0x6a52b4]
V  [libjvm.so+0x74b250]
V  [libjvm.so+0xadf39f]
V  [libjvm.so+0xadf693]
V  [libjvm.so+0x9804d0]
C  [libc.so.6+0x94b43]

Java frames: (J=compiled Java code, j=interpreted, Vv=VM code)
j  org.rocksdb.RocksDB.get(J[BII)[B+0
j  org.rocksdb.RocksDB.get([B)[B+9
j  com.example.base.store.RocksDBStore.get(Ljava/lang/String;)Ljava/util/Optional;+8
j  com.example.web.service.BlockServiceImpl.getLatestBlock()Lcom/example/base/entities/Block;+14
j  com.example.web.service.BlockServiceImpl.executeCommand()V+194
j  com.example.web.service.BlockServiceImpl.lambda$startMining$0()V+11
j  com.example.web.service.BlockServiceImpl$$Lambda$601.run()V+4
j  java.lang.Thread.run()V+11
v  ~StubRoutines::call_stub

---------------  P R O C E S S  ---------------

Java Threads: ( => current thread )
=>0x00007f8b3004a000 JavaThread "Thread-43" daemon [_thread_in_native, id=870100, stack(0x00007f8b2c3fe000,0x00007f8b2c4fe000)]
  0x00007f8b78011000 JavaThread "DestroyJavaVM" [_thread_blocked, id=869903, stack(0x00007f8b7c48a000,0x00007f8b7c58a000)]
  0x00007f8b78e6a000 JavaThread "http-nio-127.0.0.1-8001-Acceptor" daemon [_thread_in_native, id=870080, stack(0x00007f8b27100000,0x00007f8b27200000)]
  0x00007f8b78e67000 JavaThread "http-nio-127.0.0.1-8001-Poller" daemon [_thread_in_native, id=870079, stack(0x00007f8b27200000,0x00007f8b27300000)]
  0x00007f8b78e47800 JavaThread "http-nio-127.0.0.1-8001-exec-10" daemon [_thread_blocked, id=870078, stack(0x00007f8b27500000,0x00007f8b27600000)]
  0x00007f8b78e45800 JavaThread "http-nio-127.0.0.1-8001-exec-9" daemon [_thread_blocked, id=870077, stack(0x00007f8b27600000,0x00007f8b27700000)]
  0x00007f8b78e43800 JavaThread "http-nio-127.0.0.1-8001-exec-8" daemon [_thread_blocked, id=870076, stack(0x00007f8b27700000,0x00007f8b27800000)]
  0x00007f8b78e41800 JavaThread "http-nio-127.0.0.1-8001-exec-7" daemon [_thread_blocked, id=870075, stack(0x00007f8b27800000,0x00007f8b27900000)]
  0x00007f8b78e3f800 JavaThread "http-nio-127.0.0.1-8001-exec-6" daemon [_thread_blocked, id=870074, stack(0x00007f8b27900000,0x00007f8b27a00000)]
  0x00007f8b78e3d800 JavaThread "http-nio-127.0.0.1-8001-exec-5" daemon [_thread_blocked, id=870073, stack(0x00007f8b27a00000,0x00007f8b27b00000)]
  0x00007f8b78e3b800 JavaThread "http-nio-127.0.0.1-8001-exec-4" daemon [_thread_blocked, id=870072, stack(0x00007f8b27b00000,0x00007f8b27c00000)]
  0x00007f8b78e3a000 JavaThread "http-nio-127.0.0.1-8001-exec-3" daemon [_thread_blocked, id=870071, stack(0x00007f8b27c00000,0x00007f8b27d00000)]
  0x00007f8b78e38800 JavaThread "http-nio-127.0.0.1-8001-exec-2" daemon [_thread_blocked, id=870070, stack(0x00007f8b27d00000,0x00007f8b27e00000)]
  0x00007f8b78e38000 JavaThread "http-nio-127.0.0.1-8001-exec-1" daemon [_thread_blocked, id=870069, stack(0x00007f8b2c0fe000,0x00007f8b2c1fe000)]
  0x00007f8b78d0c000 JavaThread "Thread-33" daemon [_thread_in_native, id=870057, stack(0x00007f8b2c1fe000,0x00007f8b2c2fe000)]
  0x00007f8b78cd4800 JavaThread "tio-timer-reconnect-1" daemon [_thread_blocked, id=870053, stack(0x00007f8b2c2fe000,0x00007f8b2c3fe000)]
  0x00007f8b78cd0800 JavaThread "Thread-30" daemon [_thread_in_native, id=870051, stack(0x00007f8b2c4fe000,0x00007f8b2c5fe000)]
  0x00007f8b78d61800 JavaThread "tio-group-1" [_thread_blocked, id=870050, stack(0x00007f8b2c5fe000,0x00007f8b2c6fe000)]
  0x00007f8b78d61000 JavaThread "tio-worker-1" [_thread_blocked, id=870049, stack(0x00007f8b2c6fe000,0x00007f8b2c7fe000)]
  0x00007f8b78d63000 JavaThread "TioSystemTimer" daemon [_thread_in_vm, id=870046, stack(0x00007f8b2c7fe000,0x00007f8b2c8fe000)]
  0x00007f8b78c5b800 JavaThread "container-0" [_thread_blocked, id=870015, stack(0x00007f8b2c8fe000,0x00007f8b2c9fe000)]
  0x00007f8b78c5b000 JavaThread "Catalina-utility-2" [_thread_blocked, id=870014, stack(0x00007f8b2f7ff000,0x00007f8b2f8ff000)]
  0x00007f8b78c58800 JavaThread "Catalina-utility-1" [_thread_blocked, id=870013, stack(0x00007f8b2f8ff000,0x00007f8b2f9ff000)]
  0x00007f8b2803f000 JavaThread "RMI Scheduler(0)" daemon [_thread_blocked, id=869943, stack(0x00007f8b2f9ff000,0x00007f8b2faff000)]
  0x00007f8b48001000 JavaThread "Attach Listener" daemon [_thread_blocked, id=869937, stack(0x00007f8b2fdff000,0x00007f8b2feff000)]
  0x00007f8b785a6000 JavaThread "RMI TCP Accept-0" daemon [_thread_in_native, id=869934, stack(0x00007f8b640cb000,0x00007f8b641cb000)]
  0x00007f8b78172800 JavaThread "Service Thread" daemon [_thread_blocked, id=869925, stack(0x00007f8b6442a000,0x00007f8b6452a000)]
  0x00007f8b7816f000 JavaThread "C1 CompilerThread1" daemon [_thread_blocked, id=869924, stack(0x00007f8b6452b000,0x00007f8b6462b000)]
  0x00007f8b7816c800 JavaThread "C2 CompilerThread0" daemon [_thread_blocked, id=869923, stack(0x00007f8b6462c000,0x00007f8b6472c000)]
  0x00007f8b4c001800 JavaThread "JDWP Command Reader" daemon [_thread_in_native, id=869919, stack(0x00007f8b6472c000,0x00007f8b6482c000)]
  0x00007f8b78159800 JavaThread "JDWP Event Helper Thread" daemon [_thread_blocked, id=869917, stack(0x00007f8b6482c000,0x00007f8b6492c000)]
  0x00007f8b78156000 JavaThread "JDWP Transport Listener: dt_socket" daemon [_thread_blocked, id=869915, stack(0x00007f8b6492c000,0x00007f8b64a2c000)]
  0x00007f8b78140800 JavaThread "Signal Dispatcher" daemon [_thread_blocked, id=869913, stack(0x00007f8b64a2c000,0x00007f8b64b2c000)]
  0x00007f8b78111800 JavaThread "Finalizer" daemon [_thread_blocked, id=869908, stack(0x00007f8b64b2c000,0x00007f8b64c2c000)]
  0x00007f8b7810d000 JavaThread "Reference Handler" daemon [_thread_blocked, id=869907, stack(0x00007f8b64c2c000,0x00007f8b64d2c000)]

Other Threads:
  0x00007f8b78103000 VMThread [stack: 0x00007f8b64d2d000,0x00007f8b64e2d000] [id=869906]
  0x00007f8b785b5000 WatcherThread [stack: 0x00007f8b2ff00000,0x00007f8b30000000] [id=869936]

VM state:not at safepoint (normal execution)

VM Mutex/Monitor currently owned by a thread: None

heap address: 0x00000000c3600000, size: 970 MB, Compressed Oops mode: 32-bit
Narrow klass base: 0x0000000000000000, Narrow klass shift: 3
Compressed class space size: 1073741824 Address: 0x0000000100000000

Heap:
 PSYoungGen      total 104448K, used 62715K [0x00000000ebd00000, 0x00000000f4980000, 0x0000000100000000)
  eden space 95232K, 56% used [0x00000000ebd00000,0x00000000ef144f60,0x00000000f1a00000)
  from space 9216K, 99% used [0x00000000f1a00000,0x00000000f22f9cf8,0x00000000f2300000)
  to   space 11264K, 0% used [0x00000000f3e80000,0x00000000f3e80000,0x00000000f4980000)
 ParOldGen       total 34304K, used 10856K [0x00000000c3600000, 0x00000000c5780000, 0x00000000ebd00000)
  object space 34304K, 31% used [0x00000000c3600000,0x00000000c409a138,0x00000000c5780000)
 Metaspace       used 32840K, capacity 35170K, committed 35328K, reserved 1079296K
  class space    used 4306K, capacity 4740K, committed 4864K, reserved 1048576K

Card table byte_map: [0x00007f8b685a2000,0x00007f8b68788000] byte_map_base: 0x00007f8b67f87000

Marking Bits: (ParMarkBitMap*) 0x00007f8b7d658740
 Begin Bits: [0x00007f8b6640c000, 0x00007f8b67334000)
 End Bits:   [0x00007f8b67334000, 0x00007f8b6825c000)

Polling page: 0x00007f8b7d920000

CodeCache: size=245760Kb used=6865Kb max_used=6865Kb free=238894Kb
 bounds [0x00007f8b68788000, 0x00007f8b68e48000, 0x00007f8b77788000]
 total_blobs=3797 nmethods=3324 adapters=393
 compilation: enabled

Compilation events (10 events):
Event: 238.820 Thread 0x00007f8b7816f000 3385       1       org.apache.catalina.util.LifecycleBase::getState (5 bytes)
Event: 238.820 Thread 0x00007f8b7816f000 nmethod 3385 0x00007f8b688bdad0 code [0x00007f8b688bdc20, 0x00007f8b688bdd30]
Event: 276.417 Thread 0x00007f8b7816f000 3387       1       java.util.Collections$SetFromMap::iterator (10 bytes)
Event: 276.420 Thread 0x00007f8b7816f000 nmethod 3387 0x00007f8b688bd790 code [0x00007f8b688bd900, 0x00007f8b688bda48]
Event: 277.778 Thread 0x00007f8b7816f000 3388       1       org.apache.coyote.AbstractProtocol$$Lambda$570/1013488112::run (8 bytes)
Event: 277.779 Thread 0x00007f8b7816f000 nmethod 3388 0x00007f8b68e3c710 code [0x00007f8b68e3c880, 0x00007f8b68e3c9c8]
Event: 277.779 Thread 0x00007f8b7816f000 3389       1       org.apache.coyote.AbstractProtocol::lambda$startAsyncTimeout$1 (46 bytes)
Event: 277.779 Thread 0x00007f8b7816f000 nmethod 3389 0x00007f8b68e3ca90 code [0x00007f8b68e3cc20, 0x00007f8b68e3ce58]
Event: 298.610 Thread 0x00007f8b7816f000 3390       1       org.apache.catalina.LifecycleState::isAvailable (5 bytes)
Event: 298.613 Thread 0x00007f8b7816f000 nmethod 3390 0x00007f8b68e3cf90 code [0x00007f8b68e3d0e0, 0x00007f8b68e3d1f0]

GC Heap History (10 events):
Event: 8.671 GC heap before
{Heap before GC invocations=6 (full 0):
 PSYoungGen      total 34304K, used 30606K [0x00000000ebd00000, 0x00000000f0800000, 0x0000000100000000)
  eden space 31744K, 88% used [0x00000000ebd00000,0x00000000ed86aff8,0x00000000edc00000)
  from space 2560K, 98% used [0x00000000edc00000,0x00000000ede78a08,0x00000000ede80000)
  to   space 6656K, 0% used [0x00000000f0180000,0x00000000f0180000,0x00000000f0800000)
 ParOldGen       total 42496K, used 7362K [0x00000000c3600000, 0x00000000c5f80000, 0x00000000ebd00000)
  object space 42496K, 17% used [0x00000000c3600000,0x00000000c3d30880,0x00000000c5f80000)
 Metaspace       used 20377K, capacity 21216K, committed 21248K, reserved 1067008K
  class space    used 2577K, capacity 2786K, committed 2816K, reserved 1048576K
Event: 8.706 GC heap after
Heap after GC invocations=6 (full 0):
 PSYoungGen      total 69632K, used 5403K [0x00000000ebd00000, 0x00000000f0900000, 0x0000000100000000)
  eden space 62976K, 0% used [0x00000000ebd00000,0x00000000ebd00000,0x00000000efa80000)
  from space 6656K, 81% used [0x00000000f0180000,0x00000000f06c6e58,0x00000000f0800000)
  to   space 7168K, 0% used [0x00000000efa80000,0x00000000efa80000,0x00000000f0180000)
 ParOldGen       total 42496K, used 7362K [0x00000000c3600000, 0x00000000c5f80000, 0x00000000ebd00000)
  object space 42496K, 17% used [0x00000000c3600000,0x00000000c3d30880,0x00000000c5f80000)
 Metaspace       used 20377K, capacity 21216K, committed 21248K, reserved 1067008K
  class space    used 2577K, capacity 2786K, committed 2816K, reserved 1048576K
}
Event: 8.706 GC heap before
{Heap before GC invocations=7 (full 1):
 PSYoungGen      total 69632K, used 5403K [0x00000000ebd00000, 0x00000000f0900000, 0x0000000100000000)
  eden space 62976K, 0% used [0x00000000ebd00000,0x00000000ebd00000,0x00000000efa80000)
  from space 6656K, 81% used [0x00000000f0180000,0x00000000f06c6e58,0x00000000f0800000)
  to   space 7168K, 0% used [0x00000000efa80000,0x00000000efa80000,0x00000000f0180000)
 ParOldGen       total 42496K, used 7362K [0x00000000c3600000, 0x00000000c5f80000, 0x00000000ebd00000)
  object space 42496K, 17% used [0x00000000c3600000,0x00000000c3d30880,0x00000000c5f80000)
 Metaspace       used 20377K, capacity 21216K, committed 21248K, reserved 1067008K
  class space    used 2577K, capacity 2786K, committed 2816K, reserved 1048576K
Event: 8.886 GC heap after
Heap after GC invocations=7 (full 1):
 PSYoungGen      total 69632K, used 0K [0x00000000ebd00000, 0x00000000f0900000, 0x0000000100000000)
  eden space 62976K, 0% used [0x00000000ebd00000,0x00000000ebd00000,0x00000000efa80000)
  from space 6656K, 0% used [0x00000000f0180000,0x00000000f0180000,0x00000000f0800000)
  to   space 7168K, 0% used [0x00000000efa80000,0x00000000efa80000,0x00000000f0180000)
 ParOldGen       total 34304K, used 7962K [0x00000000c3600000, 0x00000000c5780000, 0x00000000ebd00000)
  object space 34304K, 23% used [0x00000000c3600000,0x00000000c3dc6878,0x00000000c5780000)
 Metaspace       used 20377K, capacity 21216K, committed 21248K, reserved 1067008K
  class space    used 2577K, capacity 2786K, committed 2816K, reserved 1048576K
}
Event: 11.307 GC heap before
{Heap before GC invocations=8 (full 1):
 PSYoungGen      total 69632K, used 62976K [0x00000000ebd00000, 0x00000000f0900000, 0x0000000100000000)
  eden space 62976K, 100% used [0x00000000ebd00000,0x00000000efa80000,0x00000000efa80000)
  from space 6656K, 0% used [0x00000000f0180000,0x00000000f0180000,0x00000000f0800000)
  to   space 7168K, 0% used [0x00000000efa80000,0x00000000efa80000,0x00000000f0180000)
 ParOldGen       total 34304K, used 7962K [0x00000000c3600000, 0x00000000c5780000, 0x00000000ebd00000)
  object space 34304K, 23% used [0x00000000c3600000,0x00000000c3dc6878,0x00000000c5780000)
 Metaspace       used 23105K, capacity 24186K, committed 24576K, reserved 1071104K
  class space    used 2988K, capacity 3229K, committed 3328K, reserved 1048576K
Event: 11.327 GC heap after
Heap after GC invocations=8 (full 1):
 PSYoungGen      total 70144K, used 5835K [0x00000000ebd00000, 0x00000000f2c00000, 0x0000000100000000)
  eden space 62976K, 0% used [0x00000000ebd00000,0x00000000ebd00000,0x00000000efa80000)
  from space 7168K, 81% used [0x00000000efa80000,0x00000000f0032e90,0x00000000f0180000)
  to   space 7680K, 0% used [0x00000000f2480000,0x00000000f2480000,0x00000000f2c00000)
 ParOldGen       total 34304K, used 7970K [0x00000000c3600000, 0x00000000c5780000, 0x00000000ebd00000)
  object space 34304K, 23% used [0x00000000c3600000,0x00000000c3dc8878,0x00000000c5780000)
 Metaspace       used 23105K, capacity 24186K, committed 24576K, reserved 1071104K
  class space    used 2988K, capacity 3229K, committed 3328K, reserved 1048576K
}
Event: 17.204 GC heap before
{Heap before GC invocations=9 (full 1):
 PSYoungGen      total 70144K, used 68811K [0x00000000ebd00000, 0x00000000f2c00000, 0x0000000100000000)
  eden space 62976K, 100% used [0x00000000ebd00000,0x00000000efa80000,0x00000000efa80000)
  from space 7168K, 81% used [0x00000000efa80000,0x00000000f0032e90,0x00000000f0180000)
  to   space 7680K, 0% used [0x00000000f2480000,0x00000000f2480000,0x00000000f2c00000)
 ParOldGen       total 34304K, used 7970K [0x00000000c3600000, 0x00000000c5780000, 0x00000000ebd00000)
  object space 34304K, 23% used [0x00000000c3600000,0x00000000c3dc8878,0x00000000c5780000)
 Metaspace       used 27527K, capacity 29314K, committed 29568K, reserved 1075200K
  class space    used 3607K, capacity 3963K, committed 3968K, reserved 1048576K
Event: 17.251 GC heap after
Heap after GC invocations=9 (full 1):
 PSYoungGen      total 102912K, used 7667K [0x00000000ebd00000, 0x00000000f2c00000, 0x0000000100000000)
  eden space 95232K, 0% used [0x00000000ebd00000,0x00000000ebd00000,0x00000000f1a00000)
  from space 7680K, 99% used [0x00000000f2480000,0x00000000f2bfce68,0x00000000f2c00000)
  to   space 9216K, 0% used [0x00000000f1a00000,0x00000000f1a00000,0x00000000f2300000)
 ParOldGen       total 34304K, used 8826K [0x00000000c3600000, 0x00000000c5780000, 0x00000000ebd00000)
  object space 34304K, 25% used [0x00000000c3600000,0x00000000c3e9e960,0x00000000c5780000)
 Metaspace       used 27527K, capacity 29314K, committed 29568K, reserved 1075200K
  class space    used 3607K, capacity 3963K, committed 3968K, reserved 1048576K
}
Event: 42.336 GC heap before
{Heap before GC invocations=10 (full 1):
 PSYoungGen      total 102912K, used 102899K [0x00000000ebd00000, 0x00000000f2c00000, 0x0000000100000000)
  eden space 95232K, 100% used [0x00000000ebd00000,0x00000000f1a00000,0x00000000f1a00000)
  from space 7680K, 99% used [0x00000000f2480000,0x00000000f2bfce68,0x00000000f2c00000)
  to   space 9216K, 0% used [0x00000000f1a00000,0x00000000f1a00000,0x00000000f2300000)
 ParOldGen       total 34304K, used 8826K [0x00000000c3600000, 0x00000000c5780000, 0x00000000ebd00000)
  object space 34304K, 25% used [0x00000000c3600000,0x00000000c3e9e960,0x00000000c5780000)
 Metaspace       used 32632K, capacity 34914K, committed 35072K, reserved 1079296K
  class space    used 4293K, capacity 4740K, committed 4864K, reserved 1048576K
Event: 42.458 GC heap after
Heap after GC invocations=10 (full 1):
 PSYoungGen      total 104448K, used 9191K [0x00000000ebd00000, 0x00000000f4980000, 0x0000000100000000)
  eden space 95232K, 0% used [0x00000000ebd00000,0x00000000ebd00000,0x00000000f1a00000)
  from space 9216K, 99% used [0x00000000f1a00000,0x00000000f22f9cf8,0x00000000f2300000)
  to   space 11264K, 0% used [0x00000000f3e80000,0x00000000f3e80000,0x00000000f4980000)
 ParOldGen       total 34304K, used 10856K [0x00000000c3600000, 0x00000000c5780000, 0x00000000ebd00000)
  object space 34304K, 31% used [0x00000000c3600000,0x00000000c409a138,0x00000000c5780000)
 Metaspace       used 32632K, capacity 34914K, committed 35072K, reserved 1079296K
  class space    used 4293K, capacity 4740K, committed 4864K, reserved 1048576K
}

Deoptimization events (0 events):
No events

Classes redefined (0 events):
No events

Internal exceptions (10 events):
Event: 18.716 Thread 0x00007f8b78011000 Exception <a 'java/lang/ClassNotFoundException': org/springframework/web/servlet/config/annotation/DelegatingWebMvcConfigurationCustomizer> (0x00000000ece810e8) thrown at [/build/openjdk-8-S0Y16D/openjdk-8-8u422-b05/src/hotspot/src/share/vm/classfile/syst
Event: 18.721 Thread 0x00007f8b78011000 Exception <a 'java/lang/ClassNotFoundException': org/springframework/boot/autoconfigure/web/servlet/WebMvcAutoConfiguration$EnableWebMvcConfigurationCustomizer> (0x00000000ecea7ff0) thrown at [/build/openjdk-8-S0Y16D/openjdk-8-8u422-b05/src/hotspot/src/sh
Event: 18.736 Thread 0x00007f8b78011000 Exception <a 'java/lang/ClassNotFoundException': org/springframework/context/ResourceLoaderAwareCustomizer> (0x00000000eced1e98) thrown at [/build/openjdk-8-S0Y16D/openjdk-8-8u422-b05/src/hotspot/src/share/vm/classfile/systemDictionary.cpp, line 217]
Event: 18.737 Thread 0x00007f8b78011000 Exception <a 'java/lang/ClassNotFoundException': org/springframework/beans/factory/AwareCustomizer> (0x00000000ecee61a0) thrown at [/build/openjdk-8-S0Y16D/openjdk-8-8u422-b05/src/hotspot/src/share/vm/classfile/systemDictionary.cpp, line 217]
Event: 18.741 Thread 0x00007f8b78011000 Exception <a 'java/lang/ClassNotFoundException': org/springframework/context/ApplicationContextAwareCustomizer> (0x00000000ecefc650) thrown at [/build/openjdk-8-S0Y16D/openjdk-8-8u422-b05/src/hotspot/src/share/vm/classfile/systemDictionary.cpp, line 217]
Event: 18.744 Thread 0x00007f8b78011000 Exception <a 'java/lang/ClassNotFoundException': org/springframework/beans/factory/AwareCustomizer> (0x00000000ecf10f70) thrown at [/build/openjdk-8-S0Y16D/openjdk-8-8u422-b05/src/hotspot/src/share/vm/classfile/systemDictionary.cpp, line 217]
Event: 18.748 Thread 0x00007f8b78011000 Exception <a 'java/lang/ClassNotFoundException': org/springframework/web/context/ServletContextAwareCustomizer> (0x00000000ecf27390) thrown at [/build/openjdk-8-S0Y16D/openjdk-8-8u422-b05/src/hotspot/src/share/vm/classfile/systemDictionary.cpp, line 217]
Event: 18.750 Thread 0x00007f8b78011000 Exception <a 'java/lang/ClassNotFoundException': org/springframework/beans/factory/AwareCustomizer> (0x00000000ecf3b710) thrown at [/build/openjdk-8-S0Y16D/openjdk-8-8u422-b05/src/hotspot/src/share/vm/classfile/systemDictionary.cpp, line 217]
Event: 19.899 Thread 0x00007f8b78011000 Exception <a 'java/lang/NoSuchMethodError': java.lang.Object.lambda$thenComparing$36697e65$1(Ljava/util/Comparator;Ljava/lang/Object;Ljava/lang/Object;)I> (0x00000000ee1247f8) thrown at [/build/openjdk-8-S0Y16D/openjdk-8-8u422-b05/src/hotspot/src/share/vm
Event: 20.178 Thread 0x00007f8b78011000 Exception <a 'java/lang/IncompatibleClassChangeError': Found class java.lang.Object, but interface was expected> (0x00000000ee443e10) thrown at [/build/openjdk-8-S0Y16D/openjdk-8-8u422-b05/src/hotspot/src/share/vm/interpreter/linkResolver.cpp, line 653]

Events (10 events):
Event: 310.118 Executing VM operation: GetOrSetLocal
Event: 310.119 Executing VM operation: GetOrSetLocal done
Event: 310.137 Executing VM operation: GetOrSetLocal
Event: 310.138 Executing VM operation: GetOrSetLocal done
Event: 328.481 Executing VM operation: EnterInterpOnlyMode
Event: 328.482 Executing VM operation: EnterInterpOnlyMode done
Event: 328.484 Executing VM operation: GetCurrentLocation
Event: 328.484 Executing VM operation: GetCurrentLocation done
Event: 328.488 Executing VM operation: ChangeSingleStep
Event: 328.488 Executing VM operation: ChangeSingleStep done


Dynamic libraries:
c3600000-c5780000 rw-p 00000000 00:00 0 
c5780000-ebd00000 ---p 00000000 00:00 0 
ebd00000-f4980000 rw-p 00000000 00:00 0 
f4980000-100000000 ---p 00000000 00:00 0 
100000000-1004c0000 rw-p 00000000 00:00 0 
1004c0000-140000000 ---p 00000000 00:00 0 
55c3188a6000-55c3188a7000 r--p 00000000 08:05 2753198                    /usr/lib/jvm/java-8-openjdk-amd64/jre/bin/java
55c3188a7000-55c3188a8000 r-xp 00001000 08:05 2753198                    /usr/lib/jvm/java-8-openjdk-amd64/jre/bin/java
55c3188a8000-55c3188a9000 r--p 00002000 08:05 2753198                    /usr/lib/jvm/java-8-openjdk-amd64/jre/bin/java
55c3188a9000-55c3188aa000 r--p 00002000 08:05 2753198                    /usr/lib/jvm/java-8-openjdk-amd64/jre/bin/java
55c3188aa000-55c3188ab000 rw-p 00003000 08:05 2753198                    /usr/lib/jvm/java-8-openjdk-amd64/jre/bin/java
55c3188d6000-55c31893c000 rw-p 00000000 00:00 0                          [heap]
7f8b207f1000-7f8b207f2000 ---p 00000000 00:00 0 
7f8b207f2000-7f8b20ff2000 rw-p 00000000 00:00 0 
7f8b20ff2000-7f8b20ff3000 ---p 00000000 00:00 0 
7f8b20ff3000-7f8b217f3000 rw-p 00000000 00:00 0 
7f8b217f3000-7f8b217f4000 ---p 00000000 00:00 0 
7f8b217f4000-7f8b21ff4000 rw-p 00000000 00:00 0 
7f8b23ff8000-7f8b23ff9000 ---p 00000000 00:00 0 
7f8b23ff9000-7f8b247f9000 rw-p 00000000 00:00 0 
7f8b26d00000-7f8b26d03000 ---p 00000000 00:00 0 
7f8b26d03000-7f8b26e00000 rw-p 00000000 00:00 0 
7f8b26e00000-7f8b26e03000 ---p 00000000 00:00 0 
7f8b26e03000-7f8b26f00000 rw-p 00000000 00:00 0 
7f8b26f00000-7f8b26f03000 ---p 00000000 00:00 0 
7f8b26f03000-7f8b27000000 rw-p 00000000 00:00 0 
7f8b27000000-7f8b27003000 ---p 00000000 00:00 0 
7f8b27003000-7f8b27100000 rw-p 00000000 00:00 0 
7f8b27100000-7f8b27103000 ---p 00000000 00:00 0 
7f8b27103000-7f8b27200000 rw-p 00000000 00:00 0 
7f8b27200000-7f8b27203000 ---p 00000000 00:00 0 
7f8b27203000-7f8b274c0000 rw-p 00000000 00:00 0 
7f8b274c0000-7f8b27500000 ---p 00000000 00:00 0 
7f8b27500000-7f8b27503000 ---p 00000000 00:00 0 
7f8b27503000-7f8b27600000 rw-p 00000000 00:00 0 
7f8b27600000-7f8b27603000 ---p 00000000 00:00 0 
7f8b27603000-7f8b27700000 rw-p 00000000 00:00 0 
7f8b27700000-7f8b27703000 ---p 00000000 00:00 0 
7f8b27703000-7f8b27800000 rw-p 00000000 00:00 0 
7f8b27800000-7f8b27803000 ---p 00000000 00:00 0 
7f8b27803000-7f8b27900000 rw-p 00000000 00:00 0 
7f8b27900000-7f8b27903000 ---p 00000000 00:00 0 
7f8b27903000-7f8b27a00000 rw-p 00000000 00:00 0 
7f8b27a00000-7f8b27a03000 ---p 00000000 00:00 0 
7f8b27a03000-7f8b27b00000 rw-p 00000000 00:00 0 
7f8b27b00000-7f8b27b03000 ---p 00000000 00:00 0 
7f8b27b03000-7f8b27c00000 rw-p 00000000 00:00 0 
7f8b27c00000-7f8b27c03000 ---p 00000000 00:00 0 
7f8b27c03000-7f8b27d00000 rw-p 00000000 00:00 0 
7f8b27d00000-7f8b27d03000 ---p 00000000 00:00 0 
7f8b27d03000-7f8b28000000 rw-p 00000000 00:00 0 
7f8b28000000-7f8b28051000 rw-p 00000000 00:00 0 
7f8b28051000-7f8b2c000000 ---p 00000000 00:00 0 
7f8b2c0fe000-7f8b2c101000 ---p 00000000 00:00 0 
7f8b2c101000-7f8b2c1fe000 rw-p 00000000 00:00 0 
7f8b2c1fe000-7f8b2c201000 ---p 00000000 00:00 0 
7f8b2c201000-7f8b2c2fe000 rw-p 00000000 00:00 0 
7f8b2c2fe000-7f8b2c301000 ---p 00000000 00:00 0 
7f8b2c301000-7f8b2c3fe000 rw-p 00000000 00:00 0 
7f8b2c3fe000-7f8b2c401000 ---p 00000000 00:00 0 
7f8b2c401000-7f8b2c4fe000 rw-p 00000000 00:00 0 
7f8b2c4fe000-7f8b2c501000 ---p 00000000 00:00 0 
7f8b2c501000-7f8b2c5fe000 rw-p 00000000 00:00 0 
7f8b2c5fe000-7f8b2c601000 ---p 00000000 00:00 0 
7f8b2c601000-7f8b2c6fe000 rw-p 00000000 00:00 0 
7f8b2c6fe000-7f8b2c701000 ---p 00000000 00:00 0 
7f8b2c701000-7f8b2c7fe000 rw-p 00000000 00:00 0 
7f8b2c7fe000-7f8b2c801000 ---p 00000000 00:00 0 
7f8b2c801000-7f8b2c8fe000 rw-p 00000000 00:00 0 
7f8b2c8fe000-7f8b2c901000 ---p 00000000 00:00 0 
7f8b2c901000-7f8b2cbfe000 rw-p 00000000 00:00 0 
7f8b2cbfe000-7f8b2cdfe000 rw-p 00000000 00:00 0 
7f8b2cdfe000-7f8b2cffe000 rw-p 00000000 00:00 0 
7f8b2cffe000-7f8b2d1fe000 rw-p 00000000 00:00 0 
7f8b2d1fe000-7f8b2d3fe000 rw-p 00000000 00:00 0 
7f8b2d3fe000-7f8b2d5fe000 rw-p 00000000 00:00 0 
7f8b2d5fe000-7f8b2d7fe000 rw-p 00000000 00:00 0 
7f8b2d7fe000-7f8b2d9fe000 rw-p 00000000 00:00 0 
7f8b2d9fe000-7f8b2d9ff000 ---p 00000000 00:00 0 
7f8b2d9ff000-7f8b2e1ff000 rw-p 00000000 00:00 0 
7f8b2e1ff000-7f8b2e200000 ---p 00000000 00:00 0 
7f8b2e200000-7f8b2ea00000 rw-p 00000000 00:00 0 
7f8b2ea00000-7f8b2f529000 r-xp 00000000 08:05 917924                     /tmp/librocksdbjni597857711466462568.so
7f8b2f529000-7f8b2f728000 ---p 00b29000 08:05 917924                     /tmp/librocksdbjni597857711466462568.so
7f8b2f728000-7f8b2f749000 r--p 00b28000 08:05 917924                     /tmp/librocksdbjni597857711466462568.so
7f8b2f749000-7f8b2f757000 rw-p 00b49000 08:05 917924                     /tmp/librocksdbjni597857711466462568.so
7f8b2f757000-7f8b2f75f000 rw-p 00000000 00:00 0 
7f8b2f7ff000-7f8b2f802000 ---p 00000000 00:00 0 
7f8b2f802000-7f8b2f8ff000 rw-p 00000000 00:00 0 
7f8b2f8ff000-7f8b2f902000 ---p 00000000 00:00 0 
7f8b2f902000-7f8b2f9ff000 rw-p 00000000 00:00 0 
7f8b2f9ff000-7f8b2fa02000 ---p 00000000 00:00 0 
7f8b2fa02000-7f8b2faff000 rw-p 00000000 00:00 0 
7f8b2faff000-7f8b2fb02000 ---p 00000000 00:00 0 
7f8b2fb02000-7f8b2fdff000 rw-p 00000000 00:00 0 
7f8b2fdff000-7f8b2fe02000 ---p 00000000 00:00 0 
7f8b2fe02000-7f8b2feff000 rw-p 00000000 00:00 0 
7f8b2feff000-7f8b2ff00000 ---p 00000000 00:00 0 
7f8b2ff00000-7f8b30000000 rw-p 00000000 00:00 0 
7f8b30000000-7f8b30082000 rw-p 00000000 00:00 0 
7f8b30082000-7f8b34000000 ---p 00000000 00:00 0 
7f8b34000000-7f8b34021000 rw-p 00000000 00:00 0 
7f8b34021000-7f8b38000000 ---p 00000000 00:00 0 
7f8b38000000-7f8b38067000 rw-p 00000000 00:00 0 
7f8b38067000-7f8b3c000000 ---p 00000000 00:00 0 
7f8b3c000000-7f8b3c503000 rw-p 00000000 00:00 0 
7f8b3c503000-7f8b40000000 ---p 00000000 00:00 0 
7f8b40000000-7f8b40021000 rw-p 00000000 00:00 0 
7f8b40021000-7f8b44000000 ---p 00000000 00:00 0 
7f8b44000000-7f8b441db000 rw-p 00000000 00:00 0 
7f8b441db000-7f8b48000000 ---p 00000000 00:00 0 
7f8b48000000-7f8b48021000 rw-p 00000000 00:00 0 
7f8b48021000-7f8b4c000000 ---p 00000000 00:00 0 
7f8b4c000000-7f8b4c081000 rw-p 00000000 00:00 0 
7f8b4c081000-7f8b50000000 ---p 00000000 00:00 0 
7f8b50000000-7f8b50021000 rw-p 00000000 00:00 0 
7f8b50021000-7f8b54000000 ---p 00000000 00:00 0 
7f8b54000000-7f8b54021000 rw-p 00000000 00:00 0 
7f8b54021000-7f8b58000000 ---p 00000000 00:00 0 
7f8b58000000-7f8b58022000 rw-p 00000000 00:00 0 
7f8b58022000-7f8b5c000000 ---p 00000000 00:00 0 
7f8b5c000000-7f8b5c164000 rw-p 00000000 00:00 0 
7f8b5c164000-7f8b60000000 ---p 00000000 00:00 0 
7f8b60000000-7f8b6003a000 rw-p 00000000 00:00 0 
7f8b6003a000-7f8b64000000 ---p 00000000 00:00 0 
7f8b64026000-7f8b6402d000 r--p 00000000 08:05 2753241                    /usr/lib/jvm/java-8-openjdk-amd64/jre/lib/amd64/libsunec.so
7f8b6402d000-7f8b64046000 r-xp 00007000 08:05 2753241                    /usr/lib/jvm/java-8-openjdk-amd64/jre/lib/amd64/libsunec.so
7f8b64046000-7f8b64050000 r--p 00020000 08:05 2753241                    /usr/lib/jvm/java-8-openjdk-amd64/jre/lib/amd64/libsunec.so
7f8b64050000-7f8b64054000 r--p 00029000 08:05 2753241                    /usr/lib/jvm/java-8-openjdk-amd64/jre/lib/amd64/libsunec.so
7f8b64054000-7f8b64055000 rw-p 0002d000 08:05 2753241                    /usr/lib/jvm/java-8-openjdk-amd64/jre/lib/amd64/libsunec.so
7f8b64055000-7f8b64057000 r--s 00016000 08:05 2753279                    /usr/lib/jvm/java-8-openjdk-amd64/jre/lib/jce.jar
7f8b64057000-7f8b64069000 r--s 0034c000 08:05 2753290                    /usr/lib/jvm/java-8-openjdk-amd64/jre/lib/resources.jar
7f8b64069000-7f8b6406c000 ---p 00000000 00:00 0 
7f8b6406c000-7f8b640a2000 rw-p 00000000 00:00 0 
7f8b640a2000-7f8b640a9000 r--s 00000000 08:05 2754531                    /usr/lib/x86_64-linux-gnu/gconv/gconv-modules.cache
7f8b640a9000-7f8b640cb000 r--p 00000000 08:05 280879                     /usr/share/locale-langpack/zh_CN/LC_MESSAGES/libc.mo
7f8b640cb000-7f8b640ce000 ---p 00000000 00:00 0 
7f8b640ce000-7f8b641cb000 rw-p 00000000 00:00 0 
7f8b641cb000-7f8b641dc000 r--s 001c5000 08:05 2753285                    /usr/lib/jvm/java-8-openjdk-amd64/jre/lib/jsse.jar
7f8b641dc000-7f8b641df000 r--s 00023000 08:05 1966943                    /home/wj/下载/ideaIU-2024.2.1/idea-IU-242.21829.142/lib/idea_rt.jar
7f8b641df000-7f8b641e9000 r--s 00064000 08:05 2102610                    /home/wj/.m2/repository/ch/qos/logback/logback-core/1.2.11/logback-core-1.2.11.jar
7f8b641e9000-7f8b641f0000 r--s 00041000 08:05 2260627                    /home/wj/.m2/repository/ch/qos/logback/logback-classic/1.2.6/logback-classic-1.2.6.jar
7f8b641f0000-7f8b641f2000 r--s 00009000 08:05 2102255                    /home/wj/.m2/repository/org/slf4j/slf4j-api/1.7.36/slf4j-api-1.7.36.jar
7f8b641f2000-7f8b641f9000 r--s 03a67000 08:05 2243741                    /home/wj/.m2/repository/org/rocksdb/rocksdbjni/8.8.1/rocksdbjni-8.8.1.jar
7f8b641f9000-7f8b64200000 r--s 00054000 08:05 2243723                    /home/wj/.m2/repository/commons-codec/commons-codec/1.17.1/commons-codec-1.17.1.jar
7f8b64200000-7f8b64208000 r--s 00072000 08:05 2102530                    /home/wj/.m2/repository/org/apache/commons/commons-lang3/3.7/commons-lang3-3.7.jar
7f8b64208000-7f8b64209000 r--s 00003000 08:05 2102531                    /home/wj/.m2/repository/com/google/errorprone/error_prone_annotations/2.10.0/error_prone_annotations-2.10.0.jar
7f8b64209000-7f8b64215000 r--s 0002b000 08:05 2102526                    /home/wj/.m2/repository/org/checkerframework/checker-qual/3.19.0/checker-qual-3.19.0.jar
7f8b64215000-7f8b64226000 r--s 000ce000 08:05 2102522                    /home/wj/.m2/repository/com/github/ben-manes/caffeine/caffeine/2.9.3/caffeine-2.9.3.jar
7f8b64226000-7f8b6422a000 r--s 00025000 08:05 2102515                    /home/wj/.m2/repository/net/dreamlu/tio-utils/3.8.4.v20220920-RELEASE/tio-utils-3.8.4.v20220920-RELEASE.jar
7f8b6422a000-7f8b6422e000 r--s 0002c000 08:05 2102487                    /home/wj/.m2/repository/net/dreamlu/tio-core/3.8.4.v20220920-RELEASE/tio-core-3.8.4.v20220920-RELEASE.jar
7f8b6422e000-7f8b6422f000 r--s 00005000 08:05 2104657                    /home/wj/.m2/repository/org/springframework/spring-jcl/5.3.17/spring-jcl-5.3.17.jar
7f8b6422f000-7f8b6424a000 r--s 0014f000 08:05 2104649                    /home/wj/.m2/repository/org/springframework/spring-core/5.3.17/spring-core-5.3.17.jar
7f8b6424a000-7f8b6424f000 r--s 00042000 08:05 2243158                    /home/wj/.m2/repository/org/springframework/spring-expression/5.3.17/spring-expression-5.3.17.jar
7f8b6424f000-7f8b6426b000 r--s 0011c000 08:05 2243159                    /home/wj/.m2/repository/org/springframework/spring-context/5.3.17/spring-context-5.3.17.jar
7f8b6426b000-7f8b64274000 r--s 00055000 08:05 2243154                    /home/wj/.m2/repository/org/springframework/spring-aop/5.3.17/spring-aop-5.3.17.jar
7f8b64274000-7f8b64287000 r--s 000e9000 08:05 2243212                    /home/wj/.m2/repository/org/springframework/spring-webmvc/5.3.17/spring-webmvc-5.3.17.jar
7f8b64287000-7f8b64294000 r--s 0009e000 08:05 2243155                    /home/wj/.m2/repository/org/springframework/spring-beans/5.3.17/spring-beans-5.3.17.jar
7f8b64294000-7f8b642b3000 r--s 00172000 08:05 2243161                    /home/wj/.m2/repository/org/springframework/spring-web/5.3.17/spring-web-5.3.17.jar
7f8b642b3000-7f8b642b9000 r--s 0003e000 08:05 2243210                    /home/wj/.m2/repository/org/apache/tomcat/embed/tomcat-embed-websocket/9.0.60/tomcat-embed-websocket-9.0.60.jar
7f8b642b9000-7f8b642be000 r--s 0003a000 08:05 2243208                    /home/wj/.m2/repository/org/apache/tomcat/embed/tomcat-embed-el/9.0.60/tomcat-embed-el-9.0.60.jar
7f8b642be000-7f8b642e8000 r--s 00318000 08:05 2243206                    /home/wj/.m2/repository/org/apache/tomcat/embed/tomcat-embed-core/9.0.60/tomcat-embed-core-9.0.60.jar
7f8b642e8000-7f8b642e9000 r--s 00001000 08:05 2243204                    /home/wj/.m2/repository/org/springframework/boot/spring-boot-starter-tomcat/2.6.5/spring-boot-starter-tomcat-2.6.5.jar
7f8b642e9000-7f8b642eb000 r--s 00001000 08:05 2104632                    /home/wj/.m2/repository/com/fasterxml/jackson/module/jackson-module-parameter-names/2.13.2/jackson-module-parameter-names-2.13.2.jar
7f8b642eb000-7f8b642ee000 r--s 0001b000 08:05 2243202                    /home/wj/.m2/repository/com/fasterxml/jackson/datatype/jackson-datatype-jsr310/2.13.2/jackson-datatype-jsr310-2.13.2.jar
7f8b642ee000-7f8b642f0000 r--s 00007000 08:05 2243198                    /home/wj/.m2/repository/com/fasterxml/jackson/datatype/jackson-datatype-jdk8/2.13.2/jackson-datatype-jdk8-2.13.2.jar
7f8b642f0000-7f8b642f5000 r--s 00057000 08:05 2102426                    /home/wj/.m2/repository/com/fasterxml/jackson/core/jackson-core/2.13.2/jackson-core-2.13.2.jar
7f8b642f5000-7f8b642f8000 r--s 00010000 08:05 2102422                    /home/wj/.m2/repository/com/fasterxml/jackson/core/jackson-annotations/2.13.2/jackson-annotations-2.13.2.jar
7f8b642f8000-7f8b6430f000 r--s 00160000 08:05 2102389                    /home/wj/.m2/repository/com/fasterxml/jackson/core/jackson-databind/2.13.2/jackson-databind-2.13.2.jar
7f8b6430f000-7f8b64310000 r--s 00001000 08:05 2243200                    /home/wj/.m2/repository/org/springframework/boot/spring-boot-starter-json/2.6.5/spring-boot-starter-json-2.6.5.jar
7f8b64310000-7f8b64311000 r--s 00001000 08:05 2243164                    /home/wj/.m2/repository/org/springframework/boot/spring-boot-starter-web/2.6.5/spring-boot-starter-web-2.6.5.jar
7f8b64311000-7f8b64314000 r--s 0000b000 08:05 2102376                    /home/wj/.m2/repository/org/objenesis/objenesis/2.5.1/objenesis-2.5.1.jar
7f8b64314000-7f8b64315000 r--s 00001000 08:05 2102374                    /home/wj/.m2/repository/com/esotericsoftware/minlog/1.3.0/minlog-1.3.0.jar
7f8b64315000-7f8b64317000 r--s 0000c000 08:05 2102372                    /home/wj/.m2/repository/org/ow2/asm/asm/5.0.4/asm-5.0.4.jar
7f8b64317000-7f8b64319000 r--s 00004000 08:05 2102370                    /home/wj/.m2/repository/com/esotericsoftware/reflectasm/1.11.3/reflectasm-1.11.3.jar
7f8b64319000-7f8b64320000 r--s 0004c000 08:05 2102360                    /home/wj/.m2/repository/com/esotericsoftware/kryo/4.0.1/kryo-4.0.1.jar
7f8b64320000-7f8b64339000 r--s 001c4000 08:05 2243170                    /home/wj/.m2/repository/org/projectlombok/lombok/1.18.22/lombok-1.18.22.jar
7f8b64339000-7f8b64340000 r--s 0004a000 08:05 2243218                    /home/wj/.m2/repository/org/yaml/snakeyaml/1.29/snakeyaml-1.29.jar
7f8b64340000-7f8b64342000 r--s 00005000 08:05 2102562                    /home/wj/.m2/repository/jakarta/annotation/jakarta.annotation-api/1.3.5/jakarta.annotation-api-1.3.5.jar
7f8b64342000-7f8b64344000 r--s 00000000 08:05 2102616                    /home/wj/.m2/repository/org/slf4j/jul-to-slf4j/1.7.36/jul-to-slf4j-1.7.36.jar
7f8b64344000-7f8b6434a000 r--s 00044000 08:05 2102614                    /home/wj/.m2/repository/org/apache/logging/log4j/log4j-api/2.17.2/log4j-api-2.17.2.jar
7f8b6434a000-7f8b6434c000 r--s 00003000 08:05 2102612                    /home/wj/.m2/repository/org/apache/logging/log4j/log4j-to-slf4j/2.17.2/log4j-to-slf4j-2.17.2.jar
7f8b6434c000-7f8b6434d000 r--s 00001000 08:05 2243216                    /home/wj/.m2/repository/org/springframework/boot/spring-boot-starter-logging/2.6.5/spring-boot-starter-logging-2.6.5.jar
7f8b6434d000-7f8b6437a000 r--s 00162000 08:05 2243178                    /home/wj/.m2/repository/org/springframework/boot/spring-boot-autoconfigure/2.6.5/spring-boot-autoconfigure-2.6.5.jar
7f8b6437a000-7f8b64398000 r--s 0013e000 08:05 2243173                    /home/wj/.m2/repository/org/springframework/boot/spring-boot/2.6.5/spring-boot-2.6.5.jar
7f8b64398000-7f8b64399000 r--s 00001000 08:05 2243168                    /home/wj/.m2/repository/org/springframework/boot/spring-boot-starter/2.6.5/spring-boot-starter-2.6.5.jar
7f8b64399000-7f8b6439a000 r--s 00000000 08:05 2753288                    /usr/lib/jvm/java-8-openjdk-amd64/jre/lib/management-agent.jar
7f8b6439a000-7f8b6439d000 r--s 0000f000 08:05 2753261                    /usr/lib/jvm/java-8-openjdk-amd64/jre/lib/ext/icedtea-sound.jar
7f8b6439d000-7f8b643a0000 r--s 00042000 08:05 2753267                    /usr/lib/jvm/java-8-openjdk-amd64/jre/lib/ext/sunpkcs11.jar
7f8b643a0000-7f8b643a2000 r--s 00001000 08:05 2753260                    /usr/lib/jvm/java-8-openjdk-amd64/jre/lib/ext/dnsns.jar
7f8b643a2000-7f8b643a4000 r--s 00008000 08:05 2753265                    /usr/lib/jvm/java-8-openjdk-amd64/jre/lib/ext/sunec.jar
7f8b643a4000-7f8b643c0000 r--s 00394000 08:05 2753259                    /usr/lib/jvm/java-8-openjdk-amd64/jre/lib/ext/cldrdata.jar
7f8b643c0000-7f8b643ca000 r--s 00117000 08:05 2753263                    /usr/lib/jvm/java-8-openjdk-amd64/jre/lib/ext/localedata.jar
7f8b643ca000-7f8b643d0000 r--s 0003e000 08:05 2753266                    /usr/lib/jvm/java-8-openjdk-amd64/jre/lib/ext/sunjce_provider.jar
7f8b643d0000-7f8b643d2000 r--s 00010000 08:05 2753268                    /usr/lib/jvm/java-8-openjdk-amd64/jre/lib/ext/zipfs.jar
7f8b643d2000-7f8b643ed000 r--s 001d6000 08:05 2753264                    /usr/lib/jvm/java-8-openjdk-amd64/jre/lib/ext/nashorn.jar
7f8b643ed000-7f8b643f4000 r--p 00000000 08:05 2753237                    /usr/lib/jvm/java-8-openjdk-amd64/jre/lib/amd64/libnio.so
7f8b643f4000-7f8b643fd000 r-xp 00007000 08:05 2753237                    /usr/lib/jvm/java-8-openjdk-amd64/jre/lib/amd64/libnio.so
7f8b643fd000-7f8b64400000 r--p 00010000 08:05 2753237                    /usr/lib/jvm/java-8-openjdk-amd64/jre/lib/amd64/libnio.so
7f8b64400000-7f8b64401000 r--p 00012000 08:05 2753237                    /usr/lib/jvm/java-8-openjdk-amd64/jre/lib/amd64/libnio.so
7f8b64401000-7f8b64402000 rw-p 00013000 08:05 2753237                    /usr/lib/jvm/java-8-openjdk-amd64/jre/lib/amd64/libnio.so
7f8b64402000-7f8b64406000 r--p 00000000 08:05 2753234                    /usr/lib/jvm/java-8-openjdk-amd64/jre/lib/amd64/libmanagement.so
7f8b64406000-7f8b6440a000 r-xp 00004000 08:05 2753234                    /usr/lib/jvm/java-8-openjdk-amd64/jre/lib/amd64/libmanagement.so
7f8b6440a000-7f8b6440c000 r--p 00008000 08:05 2753234                    /usr/lib/jvm/java-8-openjdk-amd64/jre/lib/amd64/libmanagement.so
7f8b6440c000-7f8b6440d000 r--p 00009000 08:05 2753234                    /usr/lib/jvm/java-8-openjdk-amd64/jre/lib/amd64/libmanagement.so
7f8b6440d000-7f8b6440e000 rw-p 0000a000 08:05 2753234                    /usr/lib/jvm/java-8-openjdk-amd64/jre/lib/amd64/libmanagement.so
7f8b6440e000-7f8b64413000 r--p 00000000 08:05 2753236                    /usr/lib/jvm/java-8-openjdk-amd64/jre/lib/amd64/libnet.so
7f8b64413000-7f8b64424000 r-xp 00005000 08:05 2753236                    /usr/lib/jvm/java-8-openjdk-amd64/jre/lib/amd64/libnet.so
7f8b64424000-7f8b64428000 r--p 00016000 08:05 2753236                    /usr/lib/jvm/java-8-openjdk-amd64/jre/lib/amd64/libnet.so
7f8b64428000-7f8b64429000 r--p 00019000 08:05 2753236                    /usr/lib/jvm/java-8-openjdk-amd64/jre/lib/amd64/libnet.so
7f8b64429000-7f8b6442a000 rw-p 0001a000 08:05 2753236                    /usr/lib/jvm/java-8-openjdk-amd64/jre/lib/amd64/libnet.so
7f8b6442a000-7f8b6442d000 ---p 00000000 00:00 0 
7f8b6442d000-7f8b6452a000 rw-p 00000000 00:00 0 
7f8b6452a000-7f8b6452b000 ---p 00000000 00:00 0 
7f8b6452b000-7f8b6452e000 ---p 00000000 00:00 0 
7f8b6452e000-7f8b6462b000 rw-p 00000000 00:00 0 
7f8b6462b000-7f8b6462c000 ---p 00000000 00:00 0 
7f8b6462c000-7f8b6462f000 ---p 00000000 00:00 0 
7f8b6462f000-7f8b6472c000 rw-p 00000000 00:00 0 
7f8b6472c000-7f8b6472f000 ---p 00000000 00:00 0 
7f8b6472f000-7f8b6482c000 rw-p 00000000 00:00 0 
7f8b6482c000-7f8b6482f000 ---p 00000000 00:00 0 
7f8b6482f000-7f8b6492c000 rw-p 00000000 00:00 0 
7f8b6492c000-7f8b6492f000 ---p 00000000 00:00 0 
7f8b6492f000-7f8b64a2c000 rw-p 00000000 00:00 0 
7f8b64a2c000-7f8b64a2f000 ---p 00000000 00:00 0 
7f8b64a2f000-7f8b64b2c000 rw-p 00000000 00:00 0 
7f8b64b2c000-7f8b64b2f000 ---p 00000000 00:00 0 
7f8b64b2f000-7f8b64c2c000 rw-p 00000000 00:00 0 
7f8b64c2c000-7f8b64c2f000 ---p 00000000 00:00 0 
7f8b64c2f000-7f8b64d2c000 rw-p 00000000 00:00 0 
7f8b64d2c000-7f8b64d2d000 ---p 00000000 00:00 0 
7f8b64d2d000-7f8b65784000 rw-p 00000000 00:00 0 
7f8b65784000-7f8b65956000 r--s 03ccc000 08:05 2753291                    /usr/lib/jvm/java-8-openjdk-amd64/jre/lib/rt.jar
7f8b65956000-7f8b6825c000 rw-p 00000000 00:00 0 
7f8b6825c000-7f8b6825d000 ---p 00000000 00:00 0 
7f8b6825d000-7f8b6835d000 rw-p 00000000 00:00 0 
7f8b6835d000-7f8b6835e000 ---p 00000000 00:00 0 
7f8b6835e000-7f8b6846f000 rw-p 00000000 00:00 0 
7f8b6846f000-7f8b685a2000 ---p 00000000 00:00 0 
7f8b685a2000-7f8b685b3000 rw-p 00000000 00:00 0 
7f8b685b3000-7f8b686e5000 ---p 00000000 00:00 0 
7f8b686e5000-7f8b6872c000 rw-p 00000000 00:00 0 
7f8b6872c000-7f8b68787000 ---p 00000000 00:00 0 
7f8b68787000-7f8b68788000 rw-p 00000000 00:00 0 
7f8b68788000-7f8b68e48000 rwxp 00000000 00:00 0 
7f8b68e48000-7f8b77788000 ---p 00000000 00:00 0 
7f8b77788000-7f8b78000000 r--p 00000000 08:05 2623780                    /usr/lib/locale/locale-archive
7f8b78000000-7f8b78e74000 rw-p 00000000 00:00 0 
7f8b78e74000-7f8b7c000000 ---p 00000000 00:00 0 
7f8b7c000000-7f8b7c001000 r--s 0000a000 08:05 2753262                    /usr/lib/jvm/java-8-openjdk-amd64/jre/lib/ext/jaccess.jar
7f8b7c001000-7f8b7c003000 r--s 0000c000 08:05 2888732                    /usr/share/java/java-atk-wrapper.jar
7f8b7c003000-7f8b7c00a000 r--s 000d3000 08:05 2753284                    /usr/lib/jvm/java-8-openjdk-amd64/jre/lib/jfr.jar
7f8b7c00a000-7f8b7c010000 r--s 000fa000 08:05 1849657                    /home/wj/下载/ideaIU-2024.2.1/idea-IU-242.21829.142/plugins/java/lib/rt/debugger-agent.jar
7f8b7c010000-7f8b7c03e000 rw-p 00000000 00:00 0 
7f8b7c03e000-7f8b7c3e3000 ---p 00000000 00:00 0 
7f8b7c3e3000-7f8b7c3e6000 r--p 00000000 08:05 2753244                    /usr/lib/jvm/java-8-openjdk-amd64/jre/lib/amd64/libzip.so
7f8b7c3e6000-7f8b7c3eb000 r-xp 00003000 08:05 2753244                    /usr/lib/jvm/java-8-openjdk-amd64/jre/lib/amd64/libzip.so
7f8b7c3eb000-7f8b7c3ed000 r--p 00008000 08:05 2753244                    /usr/lib/jvm/java-8-openjdk-amd64/jre/lib/amd64/libzip.so
7f8b7c3ed000-7f8b7c3ee000 r--p 00009000 08:05 2753244                    /usr/lib/jvm/java-8-openjdk-amd64/jre/lib/amd64/libzip.so
7f8b7c3ee000-7f8b7c3ef000 rw-p 0000a000 08:05 2753244                    /usr/lib/jvm/java-8-openjdk-amd64/jre/lib/amd64/libzip.so
7f8b7c3ef000-7f8b7c3f7000 rw-s 00000000 08:05 917922                     /tmp/hsperfdata_wj/869902
7f8b7c3f7000-7f8b7c3f9000 r--p 00000000 08:05 2753220                    /usr/lib/jvm/java-8-openjdk-amd64/jre/lib/amd64/libinstrument.so
7f8b7c3f9000-7f8b7c400000 r-xp 00002000 08:05 2753220                    /usr/lib/jvm/java-8-openjdk-amd64/jre/lib/amd64/libinstrument.so
7f8b7c400000-7f8b7c403000 r--p 00009000 08:05 2753220                    /usr/lib/jvm/java-8-openjdk-amd64/jre/lib/amd64/libinstrument.so
7f8b7c403000-7f8b7c404000 r--p 0000b000 08:05 2753220                    /usr/lib/jvm/java-8-openjdk-amd64/jre/lib/amd64/libinstrument.so
7f8b7c404000-7f8b7c405000 rw-p 0000c000 08:05 2753220                    /usr/lib/jvm/java-8-openjdk-amd64/jre/lib/amd64/libinstrument.so
7f8b7c405000-7f8b7c407000 r--p 00000000 08:05 2753230                    /usr/lib/jvm/java-8-openjdk-amd64/jre/lib/amd64/libjdwp.so
7f8b7c407000-7f8b7c433000 r-xp 00002000 08:05 2753230                    /usr/lib/jvm/java-8-openjdk-amd64/jre/lib/amd64/libjdwp.so
7f8b7c433000-7f8b7c440000 r--p 0002e000 08:05 2753230                    /usr/lib/jvm/java-8-openjdk-amd64/jre/lib/amd64/libjdwp.so
7f8b7c440000-7f8b7c441000 r--p 0003a000 08:05 2753230                    /usr/lib/jvm/java-8-openjdk-amd64/jre/lib/amd64/libjdwp.so
7f8b7c441000-7f8b7c442000 rw-p 0003b000 08:05 2753230                    /usr/lib/jvm/java-8-openjdk-amd64/jre/lib/amd64/libjdwp.so
7f8b7c442000-7f8b7c44f000 r--p 00000000 08:05 2753225                    /usr/lib/jvm/java-8-openjdk-amd64/jre/lib/amd64/libjava.so
7f8b7c44f000-7f8b7c467000 r-xp 0000d000 08:05 2753225                    /usr/lib/jvm/java-8-openjdk-amd64/jre/lib/amd64/libjava.so
7f8b7c467000-7f8b7c46e000 r--p 00025000 08:05 2753225                    /usr/lib/jvm/java-8-openjdk-amd64/jre/lib/amd64/libjava.so
7f8b7c46e000-7f8b7c46f000 r--p 0002b000 08:05 2753225                    /usr/lib/jvm/java-8-openjdk-amd64/jre/lib/amd64/libjava.so
7f8b7c46f000-7f8b7c471000 rw-p 0002c000 08:05 2753225                    /usr/lib/jvm/java-8-openjdk-amd64/jre/lib/amd64/libjava.so
7f8b7c471000-7f8b7c476000 r--p 00000000 08:05 2753243                    /usr/lib/jvm/java-8-openjdk-amd64/jre/lib/amd64/libverify.so
7f8b7c476000-7f8b7c47f000 r-xp 00005000 08:05 2753243                    /usr/lib/jvm/java-8-openjdk-amd64/jre/lib/amd64/libverify.so
7f8b7c47f000-7f8b7c481000 r--p 0000e000 08:05 2753243                    /usr/lib/jvm/java-8-openjdk-amd64/jre/lib/amd64/libverify.so
7f8b7c481000-7f8b7c483000 r--p 0000f000 08:05 2753243                    /usr/lib/jvm/java-8-openjdk-amd64/jre/lib/amd64/libverify.so
7f8b7c483000-7f8b7c484000 rw-p 00011000 08:05 2753243                    /usr/lib/jvm/java-8-openjdk-amd64/jre/lib/amd64/libverify.so
7f8b7c484000-7f8b7c485000 r--p 00000000 08:05 2623930                    /usr/lib/x86_64-linux-gnu/librt.so.1
7f8b7c485000-7f8b7c486000 r-xp 00001000 08:05 2623930                    /usr/lib/x86_64-linux-gnu/librt.so.1
7f8b7c486000-7f8b7c487000 r--p 00002000 08:05 2623930                    /usr/lib/x86_64-linux-gnu/librt.so.1
7f8b7c487000-7f8b7c488000 r--p 00002000 08:05 2623930                    /usr/lib/x86_64-linux-gnu/librt.so.1
7f8b7c488000-7f8b7c489000 rw-p 00003000 08:05 2623930                    /usr/lib/x86_64-linux-gnu/librt.so.1
7f8b7c489000-7f8b7c48a000 ---p 00000000 00:00 0 
7f8b7c48a000-7f8b7c48d000 ---p 00000000 00:00 0 
7f8b7c48d000-7f8b7c58a000 rw-p 00000000 00:00 0 
7f8b7c58a000-7f8b7c58d000 r--p 00000000 08:05 2623667                    /usr/lib/x86_64-linux-gnu/libgcc_s.so.1
7f8b7c58d000-7f8b7c59f000 r-xp 00003000 08:05 2623667                    /usr/lib/x86_64-linux-gnu/libgcc_s.so.1
7f8b7c59f000-7f8b7c5a3000 r--p 00015000 08:05 2623667                    /usr/lib/x86_64-linux-gnu/libgcc_s.so.1
7f8b7c5a3000-7f8b7c5a4000 r--p 00018000 08:05 2623667                    /usr/lib/x86_64-linux-gnu/libgcc_s.so.1
7f8b7c5a4000-7f8b7c5a5000 rw-p 00019000 08:05 2623667                    /usr/lib/x86_64-linux-gnu/libgcc_s.so.1
7f8b7c5a5000-7f8b7c5b3000 r--p 00000000 08:05 2623910                    /usr/lib/x86_64-linux-gnu/libm.so.6
7f8b7c5b3000-7f8b7c62f000 r-xp 0000e000 08:05 2623910                    /usr/lib/x86_64-linux-gnu/libm.so.6
7f8b7c62f000-7f8b7c68a000 r--p 0008a000 08:05 2623910                    /usr/lib/x86_64-linux-gnu/libm.so.6
7f8b7c68a000-7f8b7c68b000 r--p 000e4000 08:05 2623910                    /usr/lib/x86_64-linux-gnu/libm.so.6
7f8b7c68b000-7f8b7c68c000 rw-p 000e5000 08:05 2623910                    /usr/lib/x86_64-linux-gnu/libm.so.6
7f8b7c68c000-7f8b7c722000 r--p 00000000 08:05 2623640                    /usr/lib/x86_64-linux-gnu/libstdc++.so.6.0.28
7f8b7c722000-7f8b7c813000 r-xp 00096000 08:05 2623640                    /usr/lib/x86_64-linux-gnu/libstdc++.so.6.0.28
7f8b7c813000-7f8b7c85c000 r--p 00187000 08:05 2623640                    /usr/lib/x86_64-linux-gnu/libstdc++.so.6.0.28
7f8b7c85c000-7f8b7c85d000 ---p 001d0000 08:05 2623640                    /usr/lib/x86_64-linux-gnu/libstdc++.so.6.0.28
7f8b7c85d000-7f8b7c868000 r--p 001d0000 08:05 2623640                    /usr/lib/x86_64-linux-gnu/libstdc++.so.6.0.28
7f8b7c868000-7f8b7c86b000 rw-p 001db000 08:05 2623640                    /usr/lib/x86_64-linux-gnu/libstdc++.so.6.0.28
7f8b7c86b000-7f8b7c86e000 rw-p 00000000 00:00 0 
7f8b7c86e000-7f8b7ca64000 r--p 00000000 08:05 2753247                    /usr/lib/jvm/java-8-openjdk-amd64/jre/lib/amd64/server/libjvm.so
7f8b7ca64000-7f8b7d3d0000 r-xp 001f6000 08:05 2753247                    /usr/lib/jvm/java-8-openjdk-amd64/jre/lib/amd64/server/libjvm.so
7f8b7d3d0000-7f8b7d583000 r--p 00b62000 08:05 2753247                    /usr/lib/jvm/java-8-openjdk-amd64/jre/lib/amd64/server/libjvm.so
7f8b7d583000-7f8b7d619000 r--p 00d14000 08:05 2753247                    /usr/lib/jvm/java-8-openjdk-amd64/jre/lib/amd64/server/libjvm.so
7f8b7d619000-7f8b7d642000 rw-p 00daa000 08:05 2753247                    /usr/lib/jvm/java-8-openjdk-amd64/jre/lib/amd64/server/libjvm.so
7f8b7d642000-7f8b7d679000 rw-p 00000000 00:00 0 
7f8b7d679000-7f8b7d6a1000 r--p 00000000 08:05 2623905                    /usr/lib/x86_64-linux-gnu/libc.so.6
7f8b7d6a1000-7f8b7d836000 r-xp 00028000 08:05 2623905                    /usr/lib/x86_64-linux-gnu/libc.so.6
7f8b7d836000-7f8b7d88e000 r--p 001bd000 08:05 2623905                    /usr/lib/x86_64-linux-gnu/libc.so.6
7f8b7d88e000-7f8b7d892000 r--p 00214000 08:05 2623905                    /usr/lib/x86_64-linux-gnu/libc.so.6
7f8b7d892000-7f8b7d894000 rw-p 00218000 08:05 2623905                    /usr/lib/x86_64-linux-gnu/libc.so.6
7f8b7d894000-7f8b7d8a1000 rw-p 00000000 00:00 0 
7f8b7d8a1000-7f8b7d8a2000 r--p 00000000 08:05 2623908                    /usr/lib/x86_64-linux-gnu/libdl.so.2
7f8b7d8a2000-7f8b7d8a3000 r-xp 00001000 08:05 2623908                    /usr/lib/x86_64-linux-gnu/libdl.so.2
7f8b7d8a3000-7f8b7d8a4000 r--p 00002000 08:05 2623908                    /usr/lib/x86_64-linux-gnu/libdl.so.2
7f8b7d8a4000-7f8b7d8a5000 r--p 00002000 08:05 2623908                    /usr/lib/x86_64-linux-gnu/libdl.so.2
7f8b7d8a5000-7f8b7d8a6000 rw-p 00003000 08:05 2623908                    /usr/lib/x86_64-linux-gnu/libdl.so.2
7f8b7d8a6000-7f8b7d8a9000 r--p 00000000 08:05 2753211                    /usr/lib/jvm/java-8-openjdk-amd64/jre/lib/amd64/jli/libjli.so
7f8b7d8a9000-7f8b7d8b3000 r-xp 00003000 08:05 2753211                    /usr/lib/jvm/java-8-openjdk-amd64/jre/lib/amd64/jli/libjli.so
7f8b7d8b3000-7f8b7d8b6000 r--p 0000d000 08:05 2753211                    /usr/lib/jvm/java-8-openjdk-amd64/jre/lib/amd64/jli/libjli.so
7f8b7d8b6000-7f8b7d8b7000 r--p 0000f000 08:05 2753211                    /usr/lib/jvm/java-8-openjdk-amd64/jre/lib/amd64/jli/libjli.so
7f8b7d8b7000-7f8b7d8b8000 rw-p 00010000 08:05 2753211                    /usr/lib/jvm/java-8-openjdk-amd64/jre/lib/amd64/jli/libjli.so
7f8b7d8b8000-7f8b7d8ba000 r--p 00000000 08:05 2628913                    /usr/lib/x86_64-linux-gnu/libz.so.1.2.11
7f8b7d8ba000-7f8b7d8cb000 r-xp 00002000 08:05 2628913                    /usr/lib/x86_64-linux-gnu/libz.so.1.2.11
7f8b7d8cb000-7f8b7d8d1000 r--p 00013000 08:05 2628913                    /usr/lib/x86_64-linux-gnu/libz.so.1.2.11
7f8b7d8d1000-7f8b7d8d2000 ---p 00019000 08:05 2628913                    /usr/lib/x86_64-linux-gnu/libz.so.1.2.11
7f8b7d8d2000-7f8b7d8d3000 r--p 00019000 08:05 2628913                    /usr/lib/x86_64-linux-gnu/libz.so.1.2.11
7f8b7d8d3000-7f8b7d8d4000 rw-p 0001a000 08:05 2628913                    /usr/lib/x86_64-linux-gnu/libz.so.1.2.11
7f8b7d8d4000-7f8b7d8d5000 r--p 00000000 08:05 2623926                    /usr/lib/x86_64-linux-gnu/libpthread.so.0
7f8b7d8d5000-7f8b7d8d6000 r-xp 00001000 08:05 2623926                    /usr/lib/x86_64-linux-gnu/libpthread.so.0
7f8b7d8d6000-7f8b7d8d7000 r--p 00002000 08:05 2623926                    /usr/lib/x86_64-linux-gnu/libpthread.so.0
7f8b7d8d7000-7f8b7d8d8000 r--p 00002000 08:05 2623926                    /usr/lib/x86_64-linux-gnu/libpthread.so.0
7f8b7d8d8000-7f8b7d8d9000 rw-p 00003000 08:05 2623926                    /usr/lib/x86_64-linux-gnu/libpthread.so.0
7f8b7d8d9000-7f8b7d8db000 r--p 00000000 08:05 2753217                    /usr/lib/jvm/java-8-openjdk-amd64/jre/lib/amd64/libdt_socket.so
7f8b7d8db000-7f8b7d8dd000 r-xp 00002000 08:05 2753217                    /usr/lib/jvm/java-8-openjdk-amd64/jre/lib/amd64/libdt_socket.so
7f8b7d8dd000-7f8b7d8de000 r--p 00004000 08:05 2753217                    /usr/lib/jvm/java-8-openjdk-amd64/jre/lib/amd64/libdt_socket.so
7f8b7d8de000-7f8b7d8df000 r--p 00004000 08:05 2753217                    /usr/lib/jvm/java-8-openjdk-amd64/jre/lib/amd64/libdt_socket.so
7f8b7d8df000-7f8b7d8e0000 rw-p 00005000 08:05 2753217                    /usr/lib/jvm/java-8-openjdk-amd64/jre/lib/amd64/libdt_socket.so
7f8b7d8e0000-7f8b7d8e1000 r--p 00000000 08:05 2753238                    /usr/lib/jvm/java-8-openjdk-amd64/jre/lib/amd64/libnpt.so
7f8b7d8e1000-7f8b7d8e3000 r-xp 00001000 08:05 2753238                    /usr/lib/jvm/java-8-openjdk-amd64/jre/lib/amd64/libnpt.so
7f8b7d8e3000-7f8b7d8e4000 r--p 00003000 08:05 2753238                    /usr/lib/jvm/java-8-openjdk-amd64/jre/lib/amd64/libnpt.so
7f8b7d8e4000-7f8b7d8e5000 r--p 00003000 08:05 2753238                    /usr/lib/jvm/java-8-openjdk-amd64/jre/lib/amd64/libnpt.so
7f8b7d8e5000-7f8b7d8e6000 rw-p 00004000 08:05 2753238                    /usr/lib/jvm/java-8-openjdk-amd64/jre/lib/amd64/libnpt.so
7f8b7d8e6000-7f8b7d8e9000 rw-p 00000000 00:00 0 
7f8b7d8e9000-7f8b7d8eb000 r--p 00000000 08:05 2622080                    /usr/lib/x86_64-linux-gnu/ld-linux-x86-64.so.2
7f8b7d8eb000-7f8b7d915000 r-xp 00002000 08:05 2622080                    /usr/lib/x86_64-linux-gnu/ld-linux-x86-64.so.2
7f8b7d915000-7f8b7d920000 r--p 0002c000 08:05 2622080                    /usr/lib/x86_64-linux-gnu/ld-linux-x86-64.so.2
7f8b7d920000-7f8b7d921000 r--p 00000000 00:00 0 
7f8b7d921000-7f8b7d923000 r--p 00037000 08:05 2622080                    /usr/lib/x86_64-linux-gnu/ld-linux-x86-64.so.2
7f8b7d923000-7f8b7d925000 rw-p 00039000 08:05 2622080                    /usr/lib/x86_64-linux-gnu/ld-linux-x86-64.so.2
7ffc6e665000-7ffc6e688000 rw-p 00000000 00:00 0                          [stack]
7ffc6e778000-7ffc6e77c000 r--p 00000000 00:00 0                          [vvar]
7ffc6e77c000-7ffc6e77e000 r-xp 00000000 00:00 0                          [vdso]
ffffffffff600000-ffffffffff601000 --xp 00000000 00:00 0                  [vsyscall]

VM Arguments:
jvm_args: -agentlib:jdwp=transport=dt_socket,address=127.0.0.1:53021,suspend=y,server=n -XX:TieredStopAtLevel=1 -Xverify:none -Dspring.output.ansi.enabled=always -Dcom.sun.management.jmxremote -Dspring.jmx.enabled=true -Dspring.liveBeansView.mbeanDomain -Dspring.application.admin.enabled=true -Dmanagement.endpoints.jmx.exposure.include=* -javaagent:/home/wj/下载/ideaIU-2024.2.1/idea-IU-242.21829.142/plugins/java/lib/rt/debugger-agent.jar -Dkotlinx.coroutines.debug.enable.creation.stack.trace=false -Ddebugger.agent.enable.coroutines=true -Dfile.encoding=UTF-8 
java_command: com.example.MinerApplication genesis -repo=./data/genesis --spring.config.location=./data/genesis/node.properties
java_class_path (initial): /usr/lib/jvm/java-1.8.0-openjdk-amd64/jre/lib/charsets.jar:/usr/lib/jvm/java-1.8.0-openjdk-amd64/jre/lib/ext/cldrdata.jar:/usr/lib/jvm/java-1.8.0-openjdk-amd64/jre/lib/ext/dnsns.jar:/usr/lib/jvm/java-1.8.0-openjdk-amd64/jre/lib/ext/icedtea-sound.jar:/usr/lib/jvm/java-1.8.0-openjdk-amd64/jre/lib/ext/jaccess.jar:/usr/lib/jvm/java-1.8.0-openjdk-amd64/jre/lib/ext/java-atk-wrapper.jar:/usr/lib/jvm/java-1.8.0-openjdk-amd64/jre/lib/ext/localedata.jar:/usr/lib/jvm/java-1.8.0-openjdk-amd64/jre/lib/ext/nashorn.jar:/usr/lib/jvm/java-1.8.0-openjdk-amd64/jre/lib/ext/sunec.jar:/usr/lib/jvm/java-1.8.0-openjdk-amd64/jre/lib/ext/sunjce_provider.jar:/usr/lib/jvm/java-1.8.0-openjdk-amd64/jre/lib/ext/sunpkcs11.jar:/usr/lib/jvm/java-1.8.0-openjdk-amd64/jre/lib/ext/zipfs.jar:/usr/lib/jvm/java-1.8.0-openjdk-amd64/jre/lib/jce.jar:/usr/lib/jvm/java-1.8.0-openjdk-amd64/jre/lib/jfr.jar:/usr/lib/jvm/java-1.8.0-openjdk-amd64/jre/lib/jsse.jar:/usr/lib/jvm/java-1.8.0-openjdk-amd64/jre/lib/management-agent.jar:/usr/lib/jvm/java-1.8.0-openjdk-amd64/jre/lib/resources.jar:/usr/lib/jvm/java-1.8.0-openjdk-amd64/jre/lib/rt.jar:/home/wj/pofChain/pof-miner/target/classes:/home/wj/pofChain/pof-base/target/classes:/home/wj/.m2/repository/org/springframework/boot/spring-boot-starter/2.6.5/spring-boot-starter-2.6.5.jar:/home/wj/.m2/repository/org/springframework/boot/spring-boot/2.6.5/spring-boot-2.6.5.jar:/home/wj/.m2/repository/org/springframework/boot/spring-boot-autoconfigure/2.6.5/spring-boot-autoconfigure-2.6.5.jar:/home/wj/.m2/repository/org/springframework/boot/spring-boot-starter-logging/2.6.5/spring-boot-starter-logging-2.6.5.jar:/home/wj/.m2/repository/org/apache/logging/log4j/log4j-to-slf4j/2.17.2/log4j-to-slf4j-2.17.2.jar:/home/wj/.m2/repository/org/apache/logging/log4j/log4j-api/2.17.2/log4j-api-2.17.2.jar:/home/wj/.m2/repository/org/slf4j/jul-to-slf4j/1.7.36/jul-to-slf4j-1.7.36.jar:/home/wj/.m2/repository/jakarta/annotation/jakarta.annotation-api/1.3.5/jakarta.annot
Launcher Type: SUN_STANDARD

Environment Variables:
PATH=/usr/local/sbin:/usr/local/bin:/usr/sbin:/usr/bin:/sbin:/bin:/usr/games:/usr/local/games:/snap/bin
USERNAME=wj
SHELL=/bin/bash
DISPLAY=:0

Signal Handlers:
SIGSEGV: [libjvm.so+0xb3b520], sa_mask[0]=11111111011111111101111111111110, sa_flags=SA_RESTART|SA_SIGINFO
SIGBUS: [libjvm.so+0xb3b520], sa_mask[0]=11111111011111111101111111111110, sa_flags=SA_RESTART|SA_SIGINFO
SIGFPE: [libjvm.so+0x97e510], sa_mask[0]=11111111011111111101111111111110, sa_flags=SA_RESTART|SA_SIGINFO
SIGPIPE: [libjvm.so+0x97e510], sa_mask[0]=11111111011111111101111111111110, sa_flags=SA_RESTART|SA_SIGINFO
SIGXFSZ: [libjvm.so+0x97e510], sa_mask[0]=11111111011111111101111111111110, sa_flags=SA_RESTART|SA_SIGINFO
SIGILL: [libjvm.so+0x97e510], sa_mask[0]=11111111011111111101111111111110, sa_flags=SA_RESTART|SA_SIGINFO
SIGUSR1: SIG_DFL, sa_mask[0]=00000000000000000000000000000000, sa_flags=none
SIGUSR2: [libjvm.so+0x97e840], sa_mask[0]=00000000000000000000000000000000, sa_flags=SA_RESTART|SA_SIGINFO
SIGHUP: [libjvm.so+0x97e790], sa_mask[0]=11111111011111111101111111111110, sa_flags=SA_RESTART|SA_SIGINFO
SIGINT: [libjvm.so+0x97e790], sa_mask[0]=11111111011111111101111111111110, sa_flags=SA_RESTART|SA_SIGINFO
SIGTERM: [libjvm.so+0x97e790], sa_mask[0]=11111111011111111101111111111110, sa_flags=SA_RESTART|SA_SIGINFO
SIGQUIT: [libjvm.so+0x97e790], sa_mask[0]=11111111011111111101111111111110, sa_flags=SA_RESTART|SA_SIGINFO


---------------  S Y S T E M  ---------------

OS:DISTRIB_ID=Ubuntu
DISTRIB_RELEASE=20.04
DISTRIB_CODENAME=focal
DISTRIB_DESCRIPTION="Ubuntu 20.04.6 LTS"

uname:Linux 5.15.0-124-generic #134~20.04.1-Ubuntu SMP Tue Oct 1 15:27:33 UTC 2024 x86_64
libc:glibc 2.35 NPTL 2.35 
rlimit: STACK 8192k, CORE 0k, NPROC 15136, NOFILE 1048576, AS infinity
load average:2.98 2.95 2.86

/proc/meminfo:
MemTotal:        3968956 kB
MemFree:          127408 kB
MemAvailable:     364380 kB
Buffers:           11892 kB
Cached:           401048 kB
SwapCached:        73828 kB
Active:           750688 kB
Inactive:        2498820 kB
Active(anon):     559232 kB
Inactive(anon):  2280156 kB
Active(file):     191456 kB
Inactive(file):   218664 kB
Unevictable:          16 kB
Mlocked:              16 kB
SwapTotal:       2097148 kB
SwapFree:        1091444 kB
Dirty:              3276 kB
Writeback:             0 kB
AnonPages:       2785268 kB
Mapped:           172132 kB
Shmem:              2848 kB
KReclaimable:      62152 kB
Slab:             152684 kB
SReclaimable:      62152 kB
SUnreclaim:        90532 kB
KernelStack:       12688 kB
PageTables:        24600 kB
NFS_Unstable:          0 kB
Bounce:                0 kB
WritebackTmp:          0 kB
CommitLimit:     4081624 kB
Committed_AS:    7165356 kB
VmallocTotal:   34359738367 kB
VmallocUsed:       61808 kB
VmallocChunk:          0 kB
Percpu:           102400 kB
HardwareCorrupted:     0 kB
AnonHugePages:         0 kB
ShmemHugePages:        0 kB
ShmemPmdMapped:        0 kB
FileHugePages:         0 kB
FilePmdMapped:         0 kB
HugePages_Total:       0
HugePages_Free:        0
HugePages_Rsvd:        0
HugePages_Surp:        0
Hugepagesize:       2048 kB
Hugetlb:               0 kB
DirectMap4k:      290624 kB
DirectMap2M:     3903488 kB
DirectMap1G:     2097152 kB

container (cgroup) information:
container_type: cgroupv1
cpu_cpuset_cpus: 0-1
cpu_memory_nodes: 0
active_processor_count: 2
cpu_quota: -1
cpu_period: 100000
cpu_shares: -1
memory_limit_in_bytes: -1
memory_and_swap_limit_in_bytes: -1
memory_soft_limit_in_bytes: -1
memory_usage_in_bytes: 3230035968
memory_max_usage_in_bytes: 3377381376


CPU:total 2 (initial active 2) (1 cores per cpu, 1 threads per core) family 6 model 191 stepping 2, cmov, cx8, fxsr, mmx, sse, sse2, sse3, ssse3, sse4.1, sse4.2, popcnt, avx, avx2, aes, clmul, erms, 3dnowpref, lzcnt, tsc, tscinvbit, bmi1, bmi2, adx

/proc/cpuinfo:
processor	: 0
vendor_id	: GenuineIntel
cpu family	: 6
model		: 191
model name	: 13th Gen Intel(R) Core(TM) i5-13500HX
stepping	: 2
microcode	: 0x34
cpu MHz		: 2688.001
cache size	: 24576 KB
physical id	: 0
siblings	: 1
core id		: 0
cpu cores	: 1
apicid		: 0
initial apicid	: 0
fpu		: yes
fpu_exception	: yes
cpuid level	: 32
wp		: yes
flags		: fpu vme de pse tsc msr pae mce cx8 apic sep mtrr pge mca cmov pat pse36 clflush mmx fxsr sse sse2 ss syscall nx pdpe1gb rdtscp lm constant_tsc arch_perfmon rep_good nopl xtopology tsc_reliable nonstop_tsc cpuid tsc_known_freq pni pclmulqdq ssse3 fma cx16 pcid sse4_1 sse4_2 x2apic movbe popcnt tsc_deadline_timer aes xsave avx f16c rdrand hypervisor lahf_lm abm 3dnowprefetch invpcid_single ssbd ibrs ibpb stibp ibrs_enhanced fsgsbase tsc_adjust bmi1 avx2 smep bmi2 erms invpcid rdseed adx smap clflushopt clwb sha_ni xsaveopt xsavec xgetbv1 xsaves avx_vnni arat umip pku ospke gfni vaes vpclmulqdq rdpid movdiri movdir64b fsrm md_clear serialize flush_l1d arch_capabilities
bugs		: spectre_v1 spectre_v2 spec_store_bypass swapgs itlb_multihit mmio_unknown eibrs_pbrsb rfds bhi
bogomips	: 5376.00
clflush size	: 64
cache_alignment	: 64
address sizes	: 45 bits physical, 48 bits virtual
power management:

processor	: 1
vendor_id	: GenuineIntel
cpu family	: 6
model		: 191
model name	: 13th Gen Intel(R) Core(TM) i5-13500HX
stepping	: 2
microcode	: 0x34
cpu MHz		: 2688.001
cache size	: 24576 KB
physical id	: 2
siblings	: 1
core id		: 0
cpu cores	: 1
apicid		: 2
initial apicid	: 2
fpu		: yes
fpu_exception	: yes
cpuid level	: 32
wp		: yes
flags		: fpu vme de pse tsc msr pae mce cx8 apic sep mtrr pge mca cmov pat pse36 clflush mmx fxsr sse sse2 ss syscall nx pdpe1gb rdtscp lm constant_tsc arch_perfmon rep_good nopl xtopology tsc_reliable nonstop_tsc cpuid tsc_known_freq pni pclmulqdq ssse3 fma cx16 pcid sse4_1 sse4_2 x2apic movbe popcnt tsc_deadline_timer aes xsave avx f16c rdrand hypervisor lahf_lm abm 3dnowprefetch invpcid_single ssbd ibrs ibpb stibp ibrs_enhanced fsgsbase tsc_adjust bmi1 avx2 smep bmi2 erms invpcid rdseed adx smap clflushopt clwb sha_ni xsaveopt xsavec xgetbv1 xsaves avx_vnni arat umip pku ospke gfni vaes vpclmulqdq rdpid movdiri movdir64b fsrm md_clear serialize flush_l1d arch_capabilities
bugs		: spectre_v1 spectre_v2 spec_store_bypass swapgs itlb_multihit mmio_unknown eibrs_pbrsb rfds bhi
bogomips	: 5376.00
clflush size	: 64
cache_alignment	: 64
address sizes	: 45 bits physical, 48 bits virtual
power management:



Memory: 4k page, physical 3968956k(127408k free), swap 2097148k(1091444k free)

vm_info: OpenJDK 64-Bit Server VM (25.422-b05) for linux-amd64 JRE (1.8.0_422-8u422-b05-1~20.04-b05), built on Jul 21 2024 21:59:24 by "buildd" with gcc 9.4.0

time: Tue Nov  5 09:58:56 2024
timezone: CST
elapsed time: 328.578166 seconds (0d 0h 5m 28s)

