#
# A fatal error has been detected by the Java Runtime Environment:
#
#  SIGSEGV (0xb) at pc=0x00007fdea88d7d39, pid=82310, tid=0x00007fdec31b6640
#
# JRE version: OpenJDK Runtime Environment (8.0_442-b06) (build 1.8.0_442-8u442-b06~us1-0ubuntu1~20.04-b06)
# Java VM: OpenJDK 64-Bit Server VM (25.442-b06 mixed mode linux-amd64 compressed oops)
# Problematic frame:
# C  [librocksdbjni2970761503723288637.so+0x2d7d39]  rocksdb_put_helper(JNIEnv_*, rocksdb::DB*, rocksdb::WriteOptions const&, rocksdb::ColumnFamilyHandle*, _jbyteArray*, int, int, _jbyteArray*, int, int)+0x1d9
#
# Failed to write core dump. Core dumps have been disabled. To enable core dumping, try "ulimit -c unlimited" before starting Java again
#
# If you would like to submit a bug report, please visit:
#   http://bugreport.java.com/bugreport/crash.jsp
# The crash happened outside the Java Virtual Machine in native code.
# See problematic frame for where to report the bug.
#

---------------  T H R E A D  ---------------

Current thread (0x00007fdebc011000):  JavaThread "main" [_thread_in_native, id=82311, stack(0x00007fdec30b7000,0x00007fdec31b7000)]

siginfo: si_signo: 11 (SIGSEGV), si_code: 1 (SEGV_MAPERR), si_addr: 0x0000000000000060

Registers:
RAX=0x0000000000000000, RBX=0x00007fdebc011260, RCX=0x00007fdec31b55a0, RDX=0x00007fdea9356ab0
RSP=0x00007fdec31b5580, RBP=0x00007fdec31b5620, RSI=0x00007fdebc6d2140, RDI=0x00007fdec31b55e0
R8 =0x00007fdec31b55b0, R9 =0x0000000000000017, R10=0x00007fdead02081c, R11=0x00007fdec3ec6a10
R12=0x00007fdebc832d80, R13=0x00007fdec31b55e0, R14=0x00007fde88002ee0, R15=0x00007fdebc6d2140
RIP=0x00007fdea88d7d39, EFLAGS=0x0000000000010246, CSGSFS=0x002b000000000033, ERR=0x0000000000000004
  TRAPNO=0x000000000000000e

Top of Stack: (sp=0x00007fdec31b5580)
0x00007fdec31b5580:   00007fdec31b55e8 0000000000000000
0x00007fdec31b5590:   00007fdea9356ab0 0000000000000017
0x00007fdec31b55a0:   00007fdebc832d80 0000000000000018
0x00007fdec31b55b0:   00007fde88002ee0 0000000000000017
0x00007fdec31b55c0:   0000000000000000 0000000000000000
0x00007fdec31b55d0:   0000000000000000 0000000000000000
0x00007fdec31b55e0:   00000000e15267d8 00007fdec31b55e8
0x00007fdec31b55f0:   00007fdea83ae6e8 00007fdebc011260
0x00007fdec31b5600:   00007fdebc6d2140 00007fdec31b5768
0x00007fdec31b5610:   00007fdec31b5780 00007fdebc011000
0x00007fdec31b5620:   00007fdec31b5680 00007fdea88d7dc8
0x00007fdec31b5630:   0000000000000018 00007fdec31b5750
0x00007fdec31b5640:   0000000000000000 0000000000000017
0x00007fdec31b5650:   0000000000000000 00007fdec31b56f0
0x00007fdec31b5660:   00007fdec31b56b8 00007fdec163d9b8
0x00007fdec31b5670:   0000000000000000 00007fdec163d9b0
0x00007fdec31b5680:   00007fdec31b5720 00007fdead020848
0x00007fdec31b5690:   00007fdec31b5750 0000000000000000
0x00007fdec31b56a0:   0000000000000017 00000000000000bc
0x00007fdec31b56b0:   00007fdebc011000 00007fdec31b56b8
0x00007fdec31b56c0:   00007fdea838bbd8 00007fdec31b5710
0x00007fdec31b56d0:   00007fdea838f570 00007fdea80d6190
0x00007fdec31b56e0:   00007fdec31b56e0 0000000000000000
0x00007fdec31b56f0:   00007fdec31b5780 00007fdec1643310
0x00007fdec31b5700:   0000000000000000 00007fdec163d9b8
0x00007fdec31b5710:   0000000000000000 00007fdec31b5740
0x00007fdec31b5720:   00007fdec31b57c8 00007fdead00809d
0x00007fdec31b5730:   0000000000000000 00007fdead016a78
0x00007fdec31b5740:   0000000000000017 0000000000000000
0x00007fdec31b5750:   00000000e1528de8 0000000000000018
0x00007fdec31b5760:   0000000000000000 00000000e1525378
0x00007fdec31b5770:   00007fdebc6d2140 00007fdec31b5778 

Instructions: (pc=0x00007fdea88d7d39)
0x00007fdea88d7d19:   1f 84 00 00 00 00 00 4c 8d 6d c0 48 8d 4d 80 4c
0x00007fdea88d7d29:   8d 45 90 48 8b 95 70 ff ff ff 4c 89 fe 4c 89 ef
0x00007fdea88d7d39:   ff 50 60 4c 8d 7d a0 4c 89 ee 4c 89 ff e8 f5 03
0x00007fdea88d7d49:   f9 ff 48 8b 7d c8 48 85 ff 0f 85 3a ff ff ff e9 

Register to memory mapping:

RAX=0x0000000000000000 is an unknown value
RBX=0x00007fdebc011260 is an unknown value
RCX=0x00007fdec31b55a0 is pointing into the stack for thread: 0x00007fdebc011000
RDX=0x00007fdea9356ab0: <offset 0xd56ab0> in /tmp/librocksdbjni2970761503723288637.so at 0x00007fdea8600000
RSP=0x00007fdec31b5580 is pointing into the stack for thread: 0x00007fdebc011000
RBP=0x00007fdec31b5620 is pointing into the stack for thread: 0x00007fdebc011000
RSI=0x00007fdebc6d2140 is an unknown value
RDI=0x00007fdec31b55e0 is pointing into the stack for thread: 0x00007fdebc011000
R8 =0x00007fdec31b55b0 is pointing into the stack for thread: 0x00007fdebc011000
R9 =0x0000000000000017 is an unknown value
R10=0x00007fdead02081c is at code_begin+1596 in an Interpreter codelet
method entry point (kind = native)  [0x00007fdead0201e0, 0x00007fdead0211c0]  4064 bytes
R11=0x00007fdec3ec6a10: <offset 0xa2ba10> in /usr/lib/jvm/java-8-openjdk-amd64/jre/lib/amd64/server/libjvm.so at 0x00007fdec349b000
R12=0x00007fdebc832d80 is an unknown value
R13=0x00007fdec31b55e0 is pointing into the stack for thread: 0x00007fdebc011000
R14=0x00007fde88002ee0 is an unknown value
R15=0x00007fdebc6d2140 is an unknown value


Stack: [0x00007fdec30b7000,0x00007fdec31b7000],  sp=0x00007fdec31b5580,  free space=1017k
Native frames: (J=compiled Java code, j=interpreted, Vv=VM code, C=native code)
C  [librocksdbjni2970761503723288637.so+0x2d7d39]  rocksdb_put_helper(JNIEnv_*, rocksdb::DB*, rocksdb::WriteOptions const&, rocksdb::ColumnFamilyHandle*, _jbyteArray*, int, int, _jbyteArray*, int, int)+0x1d9
C  [librocksdbjni2970761503723288637.so+0x2d7dc8]  Java_org_rocksdb_RocksDB_put__J_3BII_3BII+0x48
j  org.rocksdb.RocksDB.put(J[BII[BII)V+0
j  org.rocksdb.RocksDB.put([B[B)V+13
j  com.example.base.store.RocksDBStore.put(Ljava/lang/String;Ljava/lang/Object;)Z+12
j  com.example.base.entities.wallet.MockWalletAndTransactions.main([Ljava/lang/String;)V+352
v  ~StubRoutines::call_stub
V  [libjvm.so+0x6a7385]
V  [libjvm.so+0x72897d]
V  [libjvm.so+0x72b54e]
C  [libjli.so+0x4802]
C  [libjli.so+0x8dc1]
C  [libc.so.6+0x94b43]

Java frames: (J=compiled Java code, j=interpreted, Vv=VM code)
j  org.rocksdb.RocksDB.put(J[BII[BII)V+0
j  org.rocksdb.RocksDB.put([B[B)V+13
j  com.example.base.store.RocksDBStore.put(Ljava/lang/String;Ljava/lang/Object;)Z+12
j  com.example.base.entities.wallet.MockWalletAndTransactions.main([Ljava/lang/String;)V+352
v  ~StubRoutines::call_stub

---------------  P R O C E S S  ---------------

Java Threads: ( => current thread )
  0x00007fdebc173000 JavaThread "Service Thread" daemon [_thread_blocked, id=82333, stack(0x00007fdea990e000,0x00007fdea9a0e000)]
  0x00007fdebc16f000 JavaThread "C1 CompilerThread1" daemon [_thread_blocked, id=82332, stack(0x00007fdea9a0f000,0x00007fdea9b0f000)]
  0x00007fdebc16c800 JavaThread "C2 CompilerThread0" daemon [_thread_blocked, id=82331, stack(0x00007fdea9b10000,0x00007fdea9c10000)]
  0x00007fdebc15a000 JavaThread "JDWP Event Helper Thread" daemon [_thread_blocked, id=82326, stack(0x00007fdea9d10000,0x00007fdea9e10000)]
  0x00007fdebc140800 JavaThread "Signal Dispatcher" daemon [_thread_blocked, id=82323, stack(0x00007fdec016f000,0x00007fdec026f000)]
  0x00007fdebc111800 JavaThread "Finalizer" daemon [_thread_blocked, id=82317, stack(0x00007fdec026f000,0x00007fdec036f000)]
  0x00007fdebc10d000 JavaThread "Reference Handler" daemon [_thread_blocked, id=82315, stack(0x00007fdec036f000,0x00007fdec046f000)]
=>0x00007fdebc011000 JavaThread "main" [_thread_in_native, id=82311, stack(0x00007fdec30b7000,0x00007fdec31b7000)]

Other Threads:
  0x00007fdebc103000 VMThread [stack: 0x00007fdec0470000,0x00007fdec0570000] [id=82314]
  0x00007fdebc175000 WatcherThread [stack: 0x00007fdea980e000,0x00007fdea990e000] [id=82334]

VM state:not at safepoint (normal execution)

VM Mutex/Monitor currently owned by a thread: None

heap address: 0x000000009c200000, size: 1598 MB, Compressed Oops mode: 32-bit
Narrow klass base: 0x0000000000000000, Narrow klass shift: 3
Compressed class space size: 1073741824 Address: 0x0000000100000000

Heap:
 PSYoungGen      total 55296K, used 47480K [0x00000000deb80000, 0x00000000e2580000, 0x0000000100000000)
  eden space 51200K, 84% used [0x00000000deb80000,0x00000000e15dfc18,0x00000000e1d80000)
  from space 4096K, 99% used [0x00000000e2180000,0x00000000e257e698,0x00000000e2580000)
  to   space 4096K, 0% used [0x00000000e1d80000,0x00000000e1d80000,0x00000000e2180000)
 ParOldGen       total 68608K, used 4586K [0x000000009c200000, 0x00000000a0500000, 0x00000000deb80000)
  object space 68608K, 6% used [0x000000009c200000,0x000000009c67a8a0,0x00000000a0500000)
 Metaspace       used 14630K, capacity 14898K, committed 15104K, reserved 1062912K
  class space    used 1672K, capacity 1777K, committed 1792K, reserved 1048576K

Card table byte_map: [0x00007fdec20c0000,0x00007fdec23e0000] byte_map_base: 0x00007fdec1bdf000

Marking Bits: (ParMarkBitMap*) 0x00007fdec4286740
 Begin Bits: [0x00007fdea9e10000, 0x00007fdeab708000)
 End Bits:   [0x00007fdeab708000, 0x00007fdead000000)

Polling page: 0x00007fdec454f000

CodeCache: size=245760Kb used=4560Kb max_used=5134Kb free=241199Kb
 bounds [0x00007fdead000000, 0x00007fdead510000, 0x00007fdebc000000]
 total_blobs=1852 nmethods=1439 adapters=334
 compilation: enabled

Compilation events (10 events):
Event: 67.516 Thread 0x00007fdebc16f000 nmethod 1647 0x00007fdead134a50 code [0x00007fdead134bc0, 0x00007fdead134e90]
Event: 67.516 Thread 0x00007fdebc16f000 1648       3       com.esotericsoftware.kryo.util.IntMap::put (498 bytes)
Event: 67.518 Thread 0x00007fdebc16c800 nmethod 1644 0x00007fdead116d50 code [0x00007fdead116ec0, 0x00007fdead117328]
Event: 67.518 Thread 0x00007fdebc16c800 1646       4       org.bouncycastle.math.raw.Nat256::mulAddTo (462 bytes)
Event: 67.518 Thread 0x00007fdebc16f000 nmethod 1648 0x00007fdead198f10 code [0x00007fdead1991c0, 0x00007fdead19ab88]
Event: 67.519 Thread 0x00007fdebc16f000 1649       3       com.esotericsoftware.kryo.serializers.FieldSerializer::compare (13 bytes)
Event: 67.520 Thread 0x00007fdebc16f000 nmethod 1649 0x00007fdead389110 code [0x00007fdead3892e0, 0x00007fdead389b28]
Event: 67.520 Thread 0x00007fdebc16f000 1650       3       com.esotericsoftware.kryo.serializers.FieldSerializer::compare (14 bytes)
Event: 67.521 Thread 0x00007fdebc16f000 nmethod 1650 0x00007fdead406090 code [0x00007fdead406240, 0x00007fdead406808]
Event: 67.542 Thread 0x00007fdebc16c800 nmethod 1646 0x00007fdead307ed0 code [0x00007fdead308040, 0x00007fdead308978]

GC Heap History (8 events):
Event: 1.707 GC heap before
{Heap before GC invocations=1 (full 0):
 PSYoungGen      total 29696K, used 25600K [0x00000000deb80000, 0x00000000e0c80000, 0x0000000100000000)
  eden space 25600K, 100% used [0x00000000deb80000,0x00000000e0480000,0x00000000e0480000)
  from space 4096K, 0% used [0x00000000e0880000,0x00000000e0880000,0x00000000e0c80000)
  to   space 4096K, 0% used [0x00000000e0480000,0x00000000e0480000,0x00000000e0880000)
 ParOldGen       total 68608K, used 0K [0x000000009c200000, 0x00000000a0500000, 0x00000000deb80000)
  object space 68608K, 0% used [0x000000009c200000,0x000000009c200000,0x00000000a0500000)
 Metaspace       used 8172K, capacity 8342K, committed 8448K, reserved 1056768K
  class space    used 907K, capacity 1013K, committed 1024K, reserved 1048576K
Event: 1.715 GC heap after
Heap after GC invocations=1 (full 0):
 PSYoungGen      total 29696K, used 4089K [0x00000000deb80000, 0x00000000e0c80000, 0x0000000100000000)
  eden space 25600K, 0% used [0x00000000deb80000,0x00000000deb80000,0x00000000e0480000)
  from space 4096K, 99% used [0x00000000e0480000,0x00000000e087e668,0x00000000e0880000)
  to   space 4096K, 0% used [0x00000000e0880000,0x00000000e0880000,0x00000000e0c80000)
 ParOldGen       total 68608K, used 744K [0x000000009c200000, 0x00000000a0500000, 0x00000000deb80000)
  object space 68608K, 1% used [0x000000009c200000,0x000000009c2ba348,0x00000000a0500000)
 Metaspace       used 8172K, capacity 8342K, committed 8448K, reserved 1056768K
  class space    used 907K, capacity 1013K, committed 1024K, reserved 1048576K
}
Event: 2.145 GC heap before
{Heap before GC invocations=2 (full 0):
 PSYoungGen      total 29696K, used 29689K [0x00000000deb80000, 0x00000000e0c80000, 0x0000000100000000)
  eden space 25600K, 100% used [0x00000000deb80000,0x00000000e0480000,0x00000000e0480000)
  from space 4096K, 99% used [0x00000000e0480000,0x00000000e087e668,0x00000000e0880000)
  to   space 4096K, 0% used [0x00000000e0880000,0x00000000e0880000,0x00000000e0c80000)
 ParOldGen       total 68608K, used 744K [0x000000009c200000, 0x00000000a0500000, 0x00000000deb80000)
  object space 68608K, 1% used [0x000000009c200000,0x000000009c2ba348,0x00000000a0500000)
 Metaspace       used 10286K, capacity 10510K, committed 10752K, reserved 1058816K
  class space    used 1132K, capacity 1221K, committed 1280K, reserved 1048576K
Event: 2.154 GC heap after
Heap after GC invocations=2 (full 0):
 PSYoungGen      total 29696K, used 4081K [0x00000000deb80000, 0x00000000e2580000, 0x0000000100000000)
  eden space 25600K, 0% used [0x00000000deb80000,0x00000000deb80000,0x00000000e0480000)
  from space 4096K, 99% used [0x00000000e0880000,0x00000000e0c7c6a8,0x00000000e0c80000)
  to   space 4096K, 0% used [0x00000000e0480000,0x00000000e0480000,0x00000000e0880000)
 ParOldGen       total 68608K, used 2241K [0x000000009c200000, 0x00000000a0500000, 0x00000000deb80000)
  object space 68608K, 3% used [0x000000009c200000,0x000000009c430520,0x00000000a0500000)
 Metaspace       used 10286K, capacity 10510K, committed 10752K, reserved 1058816K
  class space    used 1132K, capacity 1221K, committed 1280K, reserved 1048576K
}
Event: 2.481 GC heap before
{Heap before GC invocations=3 (full 0):
 PSYoungGen      total 29696K, used 29681K [0x00000000deb80000, 0x00000000e2580000, 0x0000000100000000)
  eden space 25600K, 100% used [0x00000000deb80000,0x00000000e0480000,0x00000000e0480000)
  from space 4096K, 99% used [0x00000000e0880000,0x00000000e0c7c6a8,0x00000000e0c80000)
  to   space 4096K, 0% used [0x00000000e0480000,0x00000000e0480000,0x00000000e0880000)
 ParOldGen       total 68608K, used 2241K [0x000000009c200000, 0x00000000a0500000, 0x00000000deb80000)
  object space 68608K, 3% used [0x000000009c200000,0x000000009c430520,0x00000000a0500000)
 Metaspace       used 11213K, capacity 11438K, committed 11648K, reserved 1058816K
  class space    used 1266K, capacity 1381K, committed 1408K, reserved 1048576K
Event: 2.487 GC heap after
Heap after GC invocations=3 (full 0):
 PSYoungGen      total 29696K, used 4081K [0x00000000deb80000, 0x00000000e2580000, 0x0000000100000000)
  eden space 25600K, 0% used [0x00000000deb80000,0x00000000deb80000,0x00000000e0480000)
  from space 4096K, 99% used [0x00000000e0480000,0x00000000e087c6a8,0x00000000e0880000)
  to   space 4096K, 0% used [0x00000000e2180000,0x00000000e2180000,0x00000000e2580000)
 ParOldGen       total 68608K, used 3160K [0x000000009c200000, 0x00000000a0500000, 0x00000000deb80000)
  object space 68608K, 4% used [0x000000009c200000,0x000000009c516240,0x00000000a0500000)
 Metaspace       used 11213K, capacity 11438K, committed 11648K, reserved 1058816K
  class space    used 1266K, capacity 1381K, committed 1408K, reserved 1048576K
}
Event: 2.880 GC heap before
{Heap before GC invocations=4 (full 0):
 PSYoungGen      total 29696K, used 29681K [0x00000000deb80000, 0x00000000e2580000, 0x0000000100000000)
  eden space 25600K, 100% used [0x00000000deb80000,0x00000000e0480000,0x00000000e0480000)
  from space 4096K, 99% used [0x00000000e0480000,0x00000000e087c6a8,0x00000000e0880000)
  to   space 4096K, 0% used [0x00000000e2180000,0x00000000e2180000,0x00000000e2580000)
 ParOldGen       total 68608K, used 3160K [0x000000009c200000, 0x00000000a0500000, 0x00000000deb80000)
  object space 68608K, 4% used [0x000000009c200000,0x000000009c516240,0x00000000a0500000)
 Metaspace       used 12477K, capacity 12724K, committed 12800K, reserved 1060864K
  class space    used 1399K, capacity 1510K, committed 1536K, reserved 1048576K
Event: 2.890 GC heap after
Heap after GC invocations=4 (full 0):
 PSYoungGen      total 55296K, used 4089K [0x00000000deb80000, 0x00000000e2580000, 0x0000000100000000)
  eden space 51200K, 0% used [0x00000000deb80000,0x00000000deb80000,0x00000000e1d80000)
  from space 4096K, 99% used [0x00000000e2180000,0x00000000e257e698,0x00000000e2580000)
  to   space 4096K, 0% used [0x00000000e1d80000,0x00000000e1d80000,0x00000000e2180000)
 ParOldGen       total 68608K, used 4586K [0x000000009c200000, 0x00000000a0500000, 0x00000000deb80000)
  object space 68608K, 6% used [0x000000009c200000,0x000000009c67a8a0,0x00000000a0500000)
 Metaspace       used 12477K, capacity 12724K, committed 12800K, reserved 1060864K
  class space    used 1399K, capacity 1510K, committed 1536K, reserved 1048576K
}

Deoptimization events (10 events):
Event: 0.653 Thread 0x00007fdebc011000 Uncommon trap: reason=unstable_if action=reinterpret pc=0x00007fdead140e78 method=java.util.jar.JarFile.match([C[B[I[I)Z @ 29
Event: 1.146 Thread 0x00007fdebc011000 Uncommon trap: reason=loop_limit_check action=maybe_recompile pc=0x00007fdead208024 method=java.lang.String.equals(Ljava/lang/Object;)Z @ 56
Event: 1.231 Thread 0x00007fdebc011000 Uncommon trap: reason=unstable_if action=reinterpret pc=0x00007fdead1b11a4 method=java.lang.String.indexOf([CII[CIII)I @ 3
Event: 1.606 Thread 0x00007fdebc011000 Uncommon trap: reason=unstable_if action=reinterpret pc=0x00007fdead26710c method=sun.misc.URLClassPath$JarLoader.getResource(Ljava/lang/String;Z)Lsun/misc/Resource; @ 15
Event: 2.009 Thread 0x00007fdebc011000 Uncommon trap: reason=loop_limit_check action=maybe_recompile pc=0x00007fdead3086d8 method=java.math.BigInteger.multiplyToLen([II[II[I)[I @ 135
Event: 3.027 Thread 0x00007fdebc011000 Uncommon trap: reason=class_check action=maybe_recompile pc=0x00007fdead3b4850 method=java.util.HashMap.putVal(ILjava/lang/Object;Ljava/lang/Object;ZZ)Ljava/lang/Object; @ 203
Event: 3.027 Thread 0x00007fdebc011000 Uncommon trap: reason=class_check action=maybe_recompile pc=0x00007fdead3b4850 method=java.util.HashMap.putVal(ILjava/lang/Object;Ljava/lang/Object;ZZ)Ljava/lang/Object; @ 203
Event: 3.027 Thread 0x00007fdebc011000 Uncommon trap: reason=class_check action=maybe_recompile pc=0x00007fdead3b4850 method=java.util.HashMap.putVal(ILjava/lang/Object;Ljava/lang/Object;ZZ)Ljava/lang/Object; @ 203
Event: 3.027 Thread 0x00007fdebc011000 Uncommon trap: reason=class_check action=maybe_recompile pc=0x00007fdead3b4850 method=java.util.HashMap.putVal(ILjava/lang/Object;Ljava/lang/Object;ZZ)Ljava/lang/Object; @ 203
Event: 3.164 Thread 0x00007fdebc011000 Uncommon trap: reason=unstable_if action=reinterpret pc=0x00007fdead2fe86c method=java.util.jar.Attributes.read(Ljava/util/jar/Manifest$FastInputStream;[B)V @ 218

Classes redefined (0 events):
No events

Internal exceptions (10 events):
Event: 0.351 Thread 0x00007fdebc011000 Exception <a 'java/security/PrivilegedActionException'> (0x00000000ded63718) thrown at [/build/openjdk-8-zJa3ZI/openjdk-8-8u442-b06~us1/src/hotspot/src/share/vm/prims/jvm.cpp, line 1512]
Event: 0.650 Thread 0x00007fdebc011000 Exception <a 'java/security/PrivilegedActionException'> (0x00000000df2f8aa8) thrown at [/build/openjdk-8-zJa3ZI/openjdk-8-8u442-b06~us1/src/hotspot/src/share/vm/prims/jvm.cpp, line 1512]
Event: 0.650 Thread 0x00007fdebc011000 Exception <a 'java/security/PrivilegedActionException'> (0x00000000df2f8cb8) thrown at [/build/openjdk-8-zJa3ZI/openjdk-8-8u442-b06~us1/src/hotspot/src/share/vm/prims/jvm.cpp, line 1512]
Event: 0.651 Thread 0x00007fdebc011000 Exception <a 'java/security/PrivilegedActionException'> (0x00000000df2fb3d8) thrown at [/build/openjdk-8-zJa3ZI/openjdk-8-8u442-b06~us1/src/hotspot/src/share/vm/prims/jvm.cpp, line 1512]
Event: 0.651 Thread 0x00007fdebc011000 Exception <a 'java/security/PrivilegedActionException'> (0x00000000df2fb5e8) thrown at [/build/openjdk-8-zJa3ZI/openjdk-8-8u442-b06~us1/src/hotspot/src/share/vm/prims/jvm.cpp, line 1512]
Event: 0.770 Thread 0x00007fdebc011000 Exception <a 'java/io/FileNotFoundException'> (0x00000000df4edb50) thrown at [/build/openjdk-8-zJa3ZI/openjdk-8-8u442-b06~us1/src/hotspot/src/share/vm/prims/jni.cpp, line 712]
Event: 0.953 Thread 0x00007fdebc011000 Exception <a 'java/lang/NoSuchMethodError': org.slf4j.impl.StaticMDCBinder.getSingleton()Lorg/slf4j/impl/StaticMDCBinder;> (0x00000000df872e10) thrown at [/build/openjdk-8-zJa3ZI/openjdk-8-8u442-b06~us1/src/hotspot/src/share/vm/interpreter/linkResolver.cp
Event: 1.076 Thread 0x00007fdebc011000 Exception <a 'java/lang/NoSuchFieldError': method resolution failed> (0x00000000dfb7eae0) thrown at [/build/openjdk-8-zJa3ZI/openjdk-8-8u442-b06~us1/src/hotspot/src/share/vm/prims/methodHandles.cpp, line 1194]
Event: 1.090 Thread 0x00007fdebc011000 Exception <a 'java/lang/NoSuchFieldError': method resolution failed> (0x00000000dfb8d310) thrown at [/build/openjdk-8-zJa3ZI/openjdk-8-8u442-b06~us1/src/hotspot/src/share/vm/prims/methodHandles.cpp, line 1194]
Event: 3.125 Thread 0x00007fdebc011000 Exception <a 'java/lang/NoSuchMethodError': <clinit>> (0x00000000df929e08) thrown at [/build/openjdk-8-zJa3ZI/openjdk-8-8u442-b06~us1/src/hotspot/src/share/vm/prims/jni.cpp, line 1617]

Events (10 events):
Event: 315.575 Thread 0x00007fdebc011000 DEOPT PACKING pc=0x00007fdead34817c sp=0x00007fdec31b5290
Event: 315.575 Thread 0x00007fdebc011000 DEOPT UNPACKING pc=0x00007fdead0474c4 sp=0x00007fdec31b4ff0 mode 1
Event: 315.575 Thread 0x00007fdebc011000 DEOPT PACKING pc=0x00007fdead34362c sp=0x00007fdec31b51a0
Event: 315.575 Thread 0x00007fdebc011000 DEOPT UNPACKING pc=0x00007fdead0474c4 sp=0x00007fdec31b4f60 mode 1
Event: 315.575 Thread 0x00007fdebc011000 DEOPT PACKING pc=0x00007fdead34817c sp=0x00007fdec31b5290
Event: 315.575 Thread 0x00007fdebc011000 DEOPT UNPACKING pc=0x00007fdead0474c4 sp=0x00007fdec31b4ff0 mode 1
Event: 315.575 Thread 0x00007fdebc011000 DEOPT PACKING pc=0x00007fdead34362c sp=0x00007fdec31b51a0
Event: 315.575 Thread 0x00007fdebc011000 DEOPT UNPACKING pc=0x00007fdead0474c4 sp=0x00007fdec31b4f60 mode 1
Event: 315.575 Thread 0x00007fdebc011000 DEOPT PACKING pc=0x00007fdead34817c sp=0x00007fdec31b5290
Event: 315.575 Thread 0x00007fdebc011000 DEOPT UNPACKING pc=0x00007fdead0474c4 sp=0x00007fdec31b4ff0 mode 1


Dynamic libraries:
9c200000-a0500000 rw-p 00000000 00:00 0 
a0500000-deb80000 ---p 00000000 00:00 0 
deb80000-e2580000 rw-p 00000000 00:00 0 
e2580000-100000000 ---p 00000000 00:00 0 
100000000-1001c0000 rw-p 00000000 00:00 0 
1001c0000-140000000 ---p 00000000 00:00 0 
55858f8ee000-55858f8ef000 r--p 00000000 08:05 2753418                    /usr/lib/jvm/java-8-openjdk-amd64/jre/bin/java
55858f8ef000-55858f8f0000 r-xp 00001000 08:05 2753418                    /usr/lib/jvm/java-8-openjdk-amd64/jre/bin/java
55858f8f0000-55858f8f1000 r--p 00002000 08:05 2753418                    /usr/lib/jvm/java-8-openjdk-amd64/jre/bin/java
55858f8f1000-55858f8f2000 r--p 00002000 08:05 2753418                    /usr/lib/jvm/java-8-openjdk-amd64/jre/bin/java
55858f8f2000-55858f8f3000 rw-p 00003000 08:05 2753418                    /usr/lib/jvm/java-8-openjdk-amd64/jre/bin/java
5585bd8aa000-5585bd8cb000 rw-p 00000000 00:00 0                          [heap]
7fde68ffa000-7fde68ffb000 ---p 00000000 00:00 0 
7fde68ffb000-7fde697fb000 rw-p 00000000 00:00 0 
7fde697fb000-7fde697fc000 ---p 00000000 00:00 0 
7fde697fc000-7fde69ffc000 rw-p 00000000 00:00 0 
7fde69ffc000-7fde69ffd000 ---p 00000000 00:00 0 
7fde69ffd000-7fde6a7fd000 rw-p 00000000 00:00 0 
7fde6a7fd000-7fde6a7fe000 ---p 00000000 00:00 0 
7fde6a7fe000-7fde6affe000 rw-p 00000000 00:00 0 
7fde6c000000-7fde6c021000 rw-p 00000000 00:00 0 
7fde6c021000-7fde70000000 ---p 00000000 00:00 0 
7fde72ffe000-7fde72fff000 ---p 00000000 00:00 0 
7fde72fff000-7fde737ff000 rw-p 00000000 00:00 0 
7fde737ff000-7fde73800000 ---p 00000000 00:00 0 
7fde73800000-7fde74000000 rw-p 00000000 00:00 0 
7fde74000000-7fde74021000 rw-p 00000000 00:00 0 
7fde74021000-7fde78000000 ---p 00000000 00:00 0 
7fde78000000-7fde78021000 rw-p 00000000 00:00 0 
7fde78021000-7fde7c000000 ---p 00000000 00:00 0 
7fde7c000000-7fde7c541000 rw-p 00000000 00:00 0 
7fde7c541000-7fde80000000 ---p 00000000 00:00 0 
7fde80000000-7fde80590000 rw-p 00000000 00:00 0 
7fde80590000-7fde84000000 ---p 00000000 00:00 0 
7fde84000000-7fde84047000 rw-p 00000000 00:00 0 
7fde84047000-7fde88000000 ---p 00000000 00:00 0 
7fde88000000-7fde88021000 rw-p 00000000 00:00 0 
7fde88021000-7fde8c000000 ---p 00000000 00:00 0 
7fde8c000000-7fde8c021000 rw-p 00000000 00:00 0 
7fde8c021000-7fde90000000 ---p 00000000 00:00 0 
7fde90000000-7fde90034000 rw-p 00000000 00:00 0 
7fde90034000-7fde94000000 ---p 00000000 00:00 0 
7fde94000000-7fde94021000 rw-p 00000000 00:00 0 
7fde94021000-7fde98000000 ---p 00000000 00:00 0 
7fde98000000-7fde98021000 rw-p 00000000 00:00 0 
7fde98021000-7fde9c000000 ---p 00000000 00:00 0 
7fde9c000000-7fde9c021000 rw-p 00000000 00:00 0 
7fde9c021000-7fdea0000000 ---p 00000000 00:00 0 
7fdea0000000-7fdea0021000 rw-p 00000000 00:00 0 
7fdea0021000-7fdea4000000 ---p 00000000 00:00 0 
7fdea4000000-7fdea4021000 rw-p 00000000 00:00 0 
7fdea4021000-7fdea8000000 ---p 00000000 00:00 0 
7fdea8000000-7fdea8100000 rw-p 00000000 00:00 0 
7fdea8100000-7fdea8200000 ---p 00000000 00:00 0 
7fdea8200000-7fdea8400000 rw-p 00000000 00:00 0 
7fdea8400000-7fdea8600000 rw-p 00000000 00:00 0 
7fdea8600000-7fdea9129000 r-xp 00000000 08:05 917566                     /tmp/librocksdbjni2970761503723288637.so
7fdea9129000-7fdea9328000 ---p 00b29000 08:05 917566                     /tmp/librocksdbjni2970761503723288637.so
7fdea9328000-7fdea9349000 r--p 00b28000 08:05 917566                     /tmp/librocksdbjni2970761503723288637.so
7fdea9349000-7fdea9357000 rw-p 00b49000 08:05 917566                     /tmp/librocksdbjni2970761503723288637.so
7fdea9357000-7fdea935f000 rw-p 00000000 00:00 0 
7fdea940a000-7fdea9411000 r--p 00000000 08:05 2755561                    /usr/lib/jvm/java-8-openjdk-amd64/jre/lib/amd64/libsunec.so
7fdea9411000-7fdea942a000 r-xp 00007000 08:05 2755561                    /usr/lib/jvm/java-8-openjdk-amd64/jre/lib/amd64/libsunec.so
7fdea942a000-7fdea9434000 r--p 00020000 08:05 2755561                    /usr/lib/jvm/java-8-openjdk-amd64/jre/lib/amd64/libsunec.so
7fdea9434000-7fdea9438000 r--p 00029000 08:05 2755561                    /usr/lib/jvm/java-8-openjdk-amd64/jre/lib/amd64/libsunec.so
7fdea9438000-7fdea9439000 rw-p 0002d000 08:05 2755561                    /usr/lib/jvm/java-8-openjdk-amd64/jre/lib/amd64/libsunec.so
7fdea9439000-7fdea943b000 r--s 00016000 08:05 2755597                    /usr/lib/jvm/java-8-openjdk-amd64/jre/lib/jce.jar
7fdea943b000-7fdea944c000 r--s 001c5000 08:05 2755602                    /usr/lib/jvm/java-8-openjdk-amd64/jre/lib/jsse.jar
7fdea944c000-7fdea944f000 ---p 00000000 00:00 0 
7fdea944f000-7fdea9485000 rw-p 00000000 00:00 0 
7fdea9485000-7fdea948c000 r--s 00000000 08:05 2754531                    /usr/lib/x86_64-linux-gnu/gconv/gconv-modules.cache
7fdea948c000-7fdea94ae000 r--p 00000000 08:05 280879                     /usr/share/locale-langpack/zh_CN/LC_MESSAGES/libc.mo
7fdea94ae000-7fdea94b1000 r--s 00023000 08:05 1966943                    /home/wj/下载/ideaIU-2024.2.1/idea-IU-242.21829.142/lib/idea_rt.jar
7fdea94b1000-7fdea94b2000 r--s 00000000 08:05 2107758                    /home/wj/.m2/repository/net/jcip/jcip-annotations/1.0/jcip-annotations-1.0.jar
7fdea94b2000-7fdea94b4000 r--s 00009000 08:05 2102255                    /home/wj/.m2/repository/org/slf4j/slf4j-api/1.7.36/slf4j-api-1.7.36.jar
7fdea94b4000-7fdea94be000 r--s 000a5000 08:05 2107756                    /home/wj/.m2/repository/com/google/protobuf/protobuf-javalite/4.26.1/protobuf-javalite-4.26.1.jar
7fdea94be000-7fdea9532000 r--s 005e1000 08:05 2107752                    /home/wj/.m2/repository/org/bouncycastle/bcprov-jdk15to18/1.78.1/bcprov-jdk15to18-1.78.1.jar
7fdea9532000-7fdea9540000 r--s 0012e000 08:05 2107750                    /home/wj/.m2/repository/org/bitcoinj/bitcoinj-core/0.17-alpha5/bitcoinj-core-0.17-alpha5.jar
7fdea9540000-7fdea9542000 r--s 00005000 08:05 2107159                    /home/wj/.m2/repository/javax/annotation/javax.annotation-api/1.3.2/javax.annotation-api-1.3.2.jar
7fdea9542000-7fdea95bb000 r--s 00520000 08:05 2107143                    /home/wj/.m2/repository/org/bouncycastle/bcprov-jdk15on/1.70/bcprov-jdk15on-1.70.jar
7fdea95bb000-7fdea95c6000 r--s 0006b000 08:05 2107145                    /home/wj/.m2/repository/org/bouncycastle/bcutil-jdk15on/1.70/bcutil-jdk15on-1.70.jar
7fdea95c6000-7fdea95dc000 r--s 000d6000 08:05 2107141                    /home/wj/.m2/repository/org/bouncycastle/bcpkix-jdk15on/1.70/bcpkix-jdk15on-1.70.jar
7fdea95dc000-7fdea95de000 r--s 00001000 08:05 2102560                    /home/wj/.m2/repository/com/google/j2objc/j2objc-annotations/1.3/j2objc-annotations-1.3.jar
7fdea95de000-7fdea95df000 r--s 00003000 08:05 2102558                    /home/wj/.m2/repository/com/google/errorprone/error_prone_annotations/2.11.0/error_prone_annotations-2.11.0.jar
7fdea95df000-7fdea95ea000 r--s 00028000 08:05 2102556                    /home/wj/.m2/repository/org/checkerframework/checker-qual/3.12.0/checker-qual-3.12.0.jar
7fdea95ea000-7fdea95ec000 r--s 00003000 08:05 2102554                    /home/wj/.m2/repository/com/google/code/findbugs/jsr305/3.0.2/jsr305-3.0.2.jar
7fdea95ec000-7fdea95ed000 r--s 00000000 08:05 2102552                    /home/wj/.m2/repository/com/google/guava/listenablefuture/9999.0-empty-to-avoid-conflict-with-guava/listenablefuture-9999.0-empty-to-avoid-conflict-with-guava.jar
7fdea95ed000-7fdea95ef000 r--s 00000000 08:05 2102550                    /home/wj/.m2/repository/com/google/guava/failureaccess/1.0.1/failureaccess-1.0.1.jar
7fdea95ef000-7fdea9623000 r--s 0029f000 08:05 2102540                    /home/wj/.m2/repository/com/google/guava/guava/31.1-jre/guava-31.1-jre.jar
7fdea9623000-7fdea962a000 r--s 00050000 08:05 2102383                    /home/wj/.m2/repository/commons-codec/commons-codec/1.15/commons-codec-1.15.jar
7fdea962a000-7fdea9634000 r--s 00086000 08:05 2102406                    /home/wj/.m2/repository/org/apache/commons/commons-lang3/3.12.0/commons-lang3-3.12.0.jar
7fdea9634000-7fdea963b000 r--s 03a67000 08:05 2243741                    /home/wj/.m2/repository/org/rocksdb/rocksdbjni/8.8.1/rocksdbjni-8.8.1.jar
7fdea963b000-7fdea963e000 r--s 0000b000 08:05 2102376                    /home/wj/.m2/repository/org/objenesis/objenesis/2.5.1/objenesis-2.5.1.jar
7fdea963e000-7fdea963f000 r--s 00001000 08:05 2102374                    /home/wj/.m2/repository/com/esotericsoftware/minlog/1.3.0/minlog-1.3.0.jar
7fdea963f000-7fdea9641000 r--s 0000c000 08:05 2102372                    /home/wj/.m2/repository/org/ow2/asm/asm/5.0.4/asm-5.0.4.jar
7fdea9641000-7fdea9643000 r--s 00004000 08:05 2102370                    /home/wj/.m2/repository/com/esotericsoftware/reflectasm/1.11.3/reflectasm-1.11.3.jar
7fdea9643000-7fdea964a000 r--s 0004c000 08:05 2102360                    /home/wj/.m2/repository/com/esotericsoftware/kryo/4.0.1/kryo-4.0.1.jar
7fdea964a000-7fdea9663000 r--s 001c4000 08:05 2243170                    /home/wj/.m2/repository/org/projectlombok/lombok/1.18.22/lombok-1.18.22.jar
7fdea9663000-7fdea9668000 r--s 00042000 08:05 2243158                    /home/wj/.m2/repository/org/springframework/spring-expression/5.3.17/spring-expression-5.3.17.jar
7fdea9668000-7fdea9671000 r--s 00055000 08:05 2243154                    /home/wj/.m2/repository/org/springframework/spring-aop/5.3.17/spring-aop-5.3.17.jar
7fdea9671000-7fdea9684000 r--s 000e9000 08:05 2243212                    /home/wj/.m2/repository/org/springframework/spring-webmvc/5.3.17/spring-webmvc-5.3.17.jar
7fdea9684000-7fdea9691000 r--s 0009e000 08:05 2243155                    /home/wj/.m2/repository/org/springframework/spring-beans/5.3.17/spring-beans-5.3.17.jar
7fdea9691000-7fdea96b0000 r--s 00172000 08:05 2243161                    /home/wj/.m2/repository/org/springframework/spring-web/5.3.17/spring-web-5.3.17.jar
7fdea96b0000-7fdea96b6000 r--s 0003e000 08:05 2243210                    /home/wj/.m2/repository/org/apache/tomcat/embed/tomcat-embed-websocket/9.0.60/tomcat-embed-websocket-9.0.60.jar
7fdea96b6000-7fdea96bb000 r--s 0003a000 08:05 2243208                    /home/wj/.m2/repository/org/apache/tomcat/embed/tomcat-embed-el/9.0.60/tomcat-embed-el-9.0.60.jar
7fdea96bb000-7fdea96e5000 r--s 00318000 08:05 2243206                    /home/wj/.m2/repository/org/apache/tomcat/embed/tomcat-embed-core/9.0.60/tomcat-embed-core-9.0.60.jar
7fdea96e5000-7fdea96e6000 r--s 00001000 08:05 2243204                    /home/wj/.m2/repository/org/springframework/boot/spring-boot-starter-tomcat/2.6.5/spring-boot-starter-tomcat-2.6.5.jar
7fdea96e6000-7fdea96e8000 r--s 00001000 08:05 2104632                    /home/wj/.m2/repository/com/fasterxml/jackson/module/jackson-module-parameter-names/2.13.2/jackson-module-parameter-names-2.13.2.jar
7fdea96e8000-7fdea96eb000 r--s 0001b000 08:05 2243202                    /home/wj/.m2/repository/com/fasterxml/jackson/datatype/jackson-datatype-jsr310/2.13.2/jackson-datatype-jsr310-2.13.2.jar
7fdea96eb000-7fdea96ed000 r--s 00007000 08:05 2243198                    /home/wj/.m2/repository/com/fasterxml/jackson/datatype/jackson-datatype-jdk8/2.13.2/jackson-datatype-jdk8-2.13.2.jar
7fdea96ed000-7fdea96f2000 r--s 00057000 08:05 2102426                    /home/wj/.m2/repository/com/fasterxml/jackson/core/jackson-core/2.13.2/jackson-core-2.13.2.jar
7fdea96f2000-7fdea96f5000 r--s 00010000 08:05 2102422                    /home/wj/.m2/repository/com/fasterxml/jackson/core/jackson-annotations/2.13.2/jackson-annotations-2.13.2.jar
7fdea96f5000-7fdea970c000 r--s 00160000 08:05 2102389                    /home/wj/.m2/repository/com/fasterxml/jackson/core/jackson-databind/2.13.2/jackson-databind-2.13.2.jar
7fdea970c000-7fdea970d000 r--s 00001000 08:05 2243200                    /home/wj/.m2/repository/org/springframework/boot/spring-boot-starter-json/2.6.5/spring-boot-starter-json-2.6.5.jar
7fdea970d000-7fdea970e000 r--s 00001000 08:05 2243164                    /home/wj/.m2/repository/org/springframework/boot/spring-boot-starter-web/2.6.5/spring-boot-starter-web-2.6.5.jar
7fdea970e000-7fdea9715000 r--s 0004a000 08:05 2243218                    /home/wj/.m2/repository/org/yaml/snakeyaml/1.29/snakeyaml-1.29.jar
7fdea9715000-7fdea9716000 r--s 00005000 08:05 2104657                    /home/wj/.m2/repository/org/springframework/spring-jcl/5.3.17/spring-jcl-5.3.17.jar
7fdea9716000-7fdea9731000 r--s 0014f000 08:05 2104649                    /home/wj/.m2/repository/org/springframework/spring-core/5.3.17/spring-core-5.3.17.jar
7fdea9731000-7fdea9733000 r--s 00005000 08:05 2102562                    /home/wj/.m2/repository/jakarta/annotation/jakarta.annotation-api/1.3.5/jakarta.annotation-api-1.3.5.jar
7fdea9733000-7fdea9735000 r--s 00000000 08:05 2102616                    /home/wj/.m2/repository/org/slf4j/jul-to-slf4j/1.7.36/jul-to-slf4j-1.7.36.jar
7fdea9735000-7fdea973b000 r--s 00044000 08:05 2102614                    /home/wj/.m2/repository/org/apache/logging/log4j/log4j-api/2.17.2/log4j-api-2.17.2.jar
7fdea973b000-7fdea973d000 r--s 00003000 08:05 2102612                    /home/wj/.m2/repository/org/apache/logging/log4j/log4j-to-slf4j/2.17.2/log4j-to-slf4j-2.17.2.jar
7fdea973d000-7fdea9747000 r--s 00064000 08:05 2102610                    /home/wj/.m2/repository/ch/qos/logback/logback-core/1.2.11/logback-core-1.2.11.jar
7fdea9747000-7fdea974d000 r--s 00033000 08:05 2102608                    /home/wj/.m2/repository/ch/qos/logback/logback-classic/1.2.11/logback-classic-1.2.11.jar
7fdea974d000-7fdea974e000 r--s 00001000 08:05 2243216                    /home/wj/.m2/repository/org/springframework/boot/spring-boot-starter-logging/2.6.5/spring-boot-starter-logging-2.6.5.jar
7fdea974e000-7fdea977b000 r--s 00162000 08:05 2243178                    /home/wj/.m2/repository/org/springframework/boot/spring-boot-autoconfigure/2.6.5/spring-boot-autoconfigure-2.6.5.jar
7fdea977b000-7fdea9797000 r--s 0011c000 08:05 2243159                    /home/wj/.m2/repository/org/springframework/spring-context/5.3.17/spring-context-5.3.17.jar
7fdea9797000-7fdea97b5000 r--s 0013e000 08:05 2243173                    /home/wj/.m2/repository/org/springframework/boot/spring-boot/2.6.5/spring-boot-2.6.5.jar
7fdea97b5000-7fdea97b6000 r--s 00001000 08:05 2243168                    /home/wj/.m2/repository/org/springframework/boot/spring-boot-starter/2.6.5/spring-boot-starter-2.6.5.jar
7fdea97b6000-7fdea97bb000 r--p 00000000 08:05 2755556                    /usr/lib/jvm/java-8-openjdk-amd64/jre/lib/amd64/libnet.so
7fdea97bb000-7fdea97cc000 r-xp 00005000 08:05 2755556                    /usr/lib/jvm/java-8-openjdk-amd64/jre/lib/amd64/libnet.so
7fdea97cc000-7fdea97d0000 r--p 00016000 08:05 2755556                    /usr/lib/jvm/java-8-openjdk-amd64/jre/lib/amd64/libnet.so
7fdea97d0000-7fdea97d1000 r--p 00019000 08:05 2755556                    /usr/lib/jvm/java-8-openjdk-amd64/jre/lib/amd64/libnet.so
7fdea97d1000-7fdea97d2000 rw-p 0001a000 08:05 2755556                    /usr/lib/jvm/java-8-openjdk-amd64/jre/lib/amd64/libnet.so
7fdea97d2000-7fdea97d9000 r--p 00000000 08:05 2755557                    /usr/lib/jvm/java-8-openjdk-amd64/jre/lib/amd64/libnio.so
7fdea97d9000-7fdea97e2000 r-xp 00007000 08:05 2755557                    /usr/lib/jvm/java-8-openjdk-amd64/jre/lib/amd64/libnio.so
7fdea97e2000-7fdea97e5000 r--p 00010000 08:05 2755557                    /usr/lib/jvm/java-8-openjdk-amd64/jre/lib/amd64/libnio.so
7fdea97e5000-7fdea97e6000 r--p 00012000 08:05 2755557                    /usr/lib/jvm/java-8-openjdk-amd64/jre/lib/amd64/libnio.so
7fdea97e6000-7fdea97e7000 rw-p 00013000 08:05 2755557                    /usr/lib/jvm/java-8-openjdk-amd64/jre/lib/amd64/libnio.so
7fdea97e7000-7fdea97f9000 r--s 0034c000 08:05 2755606                    /usr/lib/jvm/java-8-openjdk-amd64/jre/lib/resources.jar
7fdea97f9000-7fdea97fa000 r--s 00000000 08:05 2755604                    /usr/lib/jvm/java-8-openjdk-amd64/jre/lib/management-agent.jar
7fdea97fa000-7fdea980b000 r--s 001c5000 08:05 2755602                    /usr/lib/jvm/java-8-openjdk-amd64/jre/lib/jsse.jar
7fdea980b000-7fdea980d000 r--s 00016000 08:05 2755597                    /usr/lib/jvm/java-8-openjdk-amd64/jre/lib/jce.jar
7fdea980d000-7fdea980e000 ---p 00000000 00:00 0 
7fdea980e000-7fdea990e000 rw-p 00000000 00:00 0 
7fdea990e000-7fdea9911000 ---p 00000000 00:00 0 
7fdea9911000-7fdea9a0e000 rw-p 00000000 00:00 0 
7fdea9a0e000-7fdea9a0f000 ---p 00000000 00:00 0 
7fdea9a0f000-7fdea9a12000 ---p 00000000 00:00 0 
7fdea9a12000-7fdea9b0f000 rw-p 00000000 00:00 0 
7fdea9b0f000-7fdea9b10000 ---p 00000000 00:00 0 
7fdea9b10000-7fdea9b13000 ---p 00000000 00:00 0 
7fdea9b13000-7fdea9c10000 rw-p 00000000 00:00 0 
7fdea9c10000-7fdea9c13000 ---p 00000000 00:00 0 
7fdea9c13000-7fdea9d10000 rw-p 00000000 00:00 0 
7fdea9d10000-7fdea9d13000 ---p 00000000 00:00 0 
7fdea9d13000-7fdead000000 rw-p 00000000 00:00 0 
7fdead000000-7fdead510000 rwxp 00000000 00:00 0 
7fdead510000-7fdebc000000 ---p 00000000 00:00 0 
7fdebc000000-7fdebca42000 rw-p 00000000 00:00 0 
7fdebca42000-7fdec0000000 ---p 00000000 00:00 0 
7fdec0000000-7fdec0005000 r--s 002fa000 08:05 2755567                    /usr/lib/jvm/java-8-openjdk-amd64/jre/lib/charsets.jar
7fdec0005000-7fdec0008000 r--s 0000f000 08:05 2755577                    /usr/lib/jvm/java-8-openjdk-amd64/jre/lib/ext/icedtea-sound.jar
7fdec0008000-7fdec000b000 r--s 00042000 08:05 2755587                    /usr/lib/jvm/java-8-openjdk-amd64/jre/lib/ext/sunpkcs11.jar
7fdec000b000-7fdec000d000 r--s 00001000 08:05 2755576                    /usr/lib/jvm/java-8-openjdk-amd64/jre/lib/ext/dnsns.jar
7fdec000d000-7fdec000f000 r--s 00008000 08:05 2755581                    /usr/lib/jvm/java-8-openjdk-amd64/jre/lib/ext/sunec.jar
7fdec000f000-7fdec002b000 r--s 00394000 08:05 2755575                    /usr/lib/jvm/java-8-openjdk-amd64/jre/lib/ext/cldrdata.jar
7fdec002b000-7fdec0035000 r--s 00117000 08:05 2755579                    /usr/lib/jvm/java-8-openjdk-amd64/jre/lib/ext/localedata.jar
7fdec0035000-7fdec0036000 r--s 0000a000 08:05 2755578                    /usr/lib/jvm/java-8-openjdk-amd64/jre/lib/ext/jaccess.jar
7fdec0036000-7fdec003c000 r--s 0003e000 08:05 2755586                    /usr/lib/jvm/java-8-openjdk-amd64/jre/lib/ext/sunjce_provider.jar
7fdec003c000-7fdec003e000 r--s 00010000 08:05 2755588                    /usr/lib/jvm/java-8-openjdk-amd64/jre/lib/ext/zipfs.jar
7fdec003e000-7fdec0059000 r--s 001d6000 08:05 2755580                    /usr/lib/jvm/java-8-openjdk-amd64/jre/lib/ext/nashorn.jar
7fdec0059000-7fdec005b000 r--s 0000c000 08:05 2888732                    /usr/share/java/java-atk-wrapper.jar
7fdec005b000-7fdec0062000 r--s 000d3000 08:05 2755601                    /usr/lib/jvm/java-8-openjdk-amd64/jre/lib/jfr.jar
7fdec0062000-7fdec0068000 r--s 000fa000 08:05 1849657                    /home/wj/下载/ideaIU-2024.2.1/idea-IU-242.21829.142/plugins/java/lib/rt/debugger-agent.jar
7fdec0068000-7fdec006b000 ---p 00000000 00:00 0 
7fdec006b000-7fdec0168000 rw-p 00000000 00:00 0 
7fdec0168000-7fdec016a000 r--p 00000000 08:05 2755537                    /usr/lib/jvm/java-8-openjdk-amd64/jre/lib/amd64/libdt_socket.so
7fdec016a000-7fdec016c000 r-xp 00002000 08:05 2755537                    /usr/lib/jvm/java-8-openjdk-amd64/jre/lib/amd64/libdt_socket.so
7fdec016c000-7fdec016d000 r--p 00004000 08:05 2755537                    /usr/lib/jvm/java-8-openjdk-amd64/jre/lib/amd64/libdt_socket.so
7fdec016d000-7fdec016e000 r--p 00004000 08:05 2755537                    /usr/lib/jvm/java-8-openjdk-amd64/jre/lib/amd64/libdt_socket.so
7fdec016e000-7fdec016f000 rw-p 00005000 08:05 2755537                    /usr/lib/jvm/java-8-openjdk-amd64/jre/lib/amd64/libdt_socket.so
7fdec016f000-7fdec0172000 ---p 00000000 00:00 0 
7fdec0172000-7fdec026f000 rw-p 00000000 00:00 0 
7fdec026f000-7fdec0272000 ---p 00000000 00:00 0 
7fdec0272000-7fdec036f000 rw-p 00000000 00:00 0 
7fdec036f000-7fdec0372000 ---p 00000000 00:00 0 
7fdec0372000-7fdec046f000 rw-p 00000000 00:00 0 
7fdec046f000-7fdec0470000 ---p 00000000 00:00 0 
7fdec0470000-7fdec0ec7000 rw-p 00000000 00:00 0 
7fdec0ec7000-7fdec1099000 r--s 03cce000 08:05 2755607                    /usr/lib/jvm/java-8-openjdk-amd64/jre/lib/rt.jar
7fdec1099000-7fdec1ca9000 rw-p 00000000 00:00 0 
7fdec1ca9000-7fdec1caa000 ---p 00000000 00:00 0 
7fdec1caa000-7fdec1daa000 rw-p 00000000 00:00 0 
7fdec1daa000-7fdec1dab000 ---p 00000000 00:00 0 
7fdec1dab000-7fdec1ecd000 rw-p 00000000 00:00 0 
7fdec1ecd000-7fdec20c0000 ---p 00000000 00:00 0 
7fdec20c0000-7fdec20e2000 rw-p 00000000 00:00 0 
7fdec20e2000-7fdec22d4000 ---p 00000000 00:00 0 
7fdec22d4000-7fdec22f2000 rw-p 00000000 00:00 0 
7fdec22f2000-7fdec23df000 ---p 00000000 00:00 0 
7fdec23df000-7fdec23f5000 rw-p 00000000 00:00 0 
7fdec23f5000-7fdec27a0000 ---p 00000000 00:00 0 
7fdec27a0000-7fdec27a3000 r--p 00000000 08:05 2755564                    /usr/lib/jvm/java-8-openjdk-amd64/jre/lib/amd64/libzip.so
7fdec27a3000-7fdec27a8000 r-xp 00003000 08:05 2755564                    /usr/lib/jvm/java-8-openjdk-amd64/jre/lib/amd64/libzip.so
7fdec27a8000-7fdec27aa000 r--p 00008000 08:05 2755564                    /usr/lib/jvm/java-8-openjdk-amd64/jre/lib/amd64/libzip.so
7fdec27aa000-7fdec27ab000 r--p 00009000 08:05 2755564                    /usr/lib/jvm/java-8-openjdk-amd64/jre/lib/amd64/libzip.so
7fdec27ab000-7fdec27ac000 rw-p 0000a000 08:05 2755564                    /usr/lib/jvm/java-8-openjdk-amd64/jre/lib/amd64/libzip.so
7fdec27ac000-7fdec27ae000 r--p 00000000 08:05 2755540                    /usr/lib/jvm/java-8-openjdk-amd64/jre/lib/amd64/libinstrument.so
7fdec27ae000-7fdec27b5000 r-xp 00002000 08:05 2755540                    /usr/lib/jvm/java-8-openjdk-amd64/jre/lib/amd64/libinstrument.so
7fdec27b5000-7fdec27b8000 r--p 00009000 08:05 2755540                    /usr/lib/jvm/java-8-openjdk-amd64/jre/lib/amd64/libinstrument.so
7fdec27b8000-7fdec27b9000 r--p 0000b000 08:05 2755540                    /usr/lib/jvm/java-8-openjdk-amd64/jre/lib/amd64/libinstrument.so
7fdec27b9000-7fdec27ba000 rw-p 0000c000 08:05 2755540                    /usr/lib/jvm/java-8-openjdk-amd64/jre/lib/amd64/libinstrument.so
7fdec27ba000-7fdec3032000 r--p 00000000 08:05 2623780                    /usr/lib/locale/locale-archive
7fdec3032000-7fdec3034000 r--p 00000000 08:05 2755550                    /usr/lib/jvm/java-8-openjdk-amd64/jre/lib/amd64/libjdwp.so
7fdec3034000-7fdec3060000 r-xp 00002000 08:05 2755550                    /usr/lib/jvm/java-8-openjdk-amd64/jre/lib/amd64/libjdwp.so
7fdec3060000-7fdec306d000 r--p 0002e000 08:05 2755550                    /usr/lib/jvm/java-8-openjdk-amd64/jre/lib/amd64/libjdwp.so
7fdec306d000-7fdec306e000 r--p 0003a000 08:05 2755550                    /usr/lib/jvm/java-8-openjdk-amd64/jre/lib/amd64/libjdwp.so
7fdec306e000-7fdec306f000 rw-p 0003b000 08:05 2755550                    /usr/lib/jvm/java-8-openjdk-amd64/jre/lib/amd64/libjdwp.so
7fdec306f000-7fdec307c000 r--p 00000000 08:05 2755545                    /usr/lib/jvm/java-8-openjdk-amd64/jre/lib/amd64/libjava.so
7fdec307c000-7fdec3094000 r-xp 0000d000 08:05 2755545                    /usr/lib/jvm/java-8-openjdk-amd64/jre/lib/amd64/libjava.so
7fdec3094000-7fdec309b000 r--p 00025000 08:05 2755545                    /usr/lib/jvm/java-8-openjdk-amd64/jre/lib/amd64/libjava.so
7fdec309b000-7fdec309c000 r--p 0002b000 08:05 2755545                    /usr/lib/jvm/java-8-openjdk-amd64/jre/lib/amd64/libjava.so
7fdec309c000-7fdec309e000 rw-p 0002c000 08:05 2755545                    /usr/lib/jvm/java-8-openjdk-amd64/jre/lib/amd64/libjava.so
7fdec309e000-7fdec30a3000 r--p 00000000 08:05 2755563                    /usr/lib/jvm/java-8-openjdk-amd64/jre/lib/amd64/libverify.so
7fdec30a3000-7fdec30ac000 r-xp 00005000 08:05 2755563                    /usr/lib/jvm/java-8-openjdk-amd64/jre/lib/amd64/libverify.so
7fdec30ac000-7fdec30ae000 r--p 0000e000 08:05 2755563                    /usr/lib/jvm/java-8-openjdk-amd64/jre/lib/amd64/libverify.so
7fdec30ae000-7fdec30b0000 r--p 0000f000 08:05 2755563                    /usr/lib/jvm/java-8-openjdk-amd64/jre/lib/amd64/libverify.so
7fdec30b0000-7fdec30b1000 rw-p 00011000 08:05 2755563                    /usr/lib/jvm/java-8-openjdk-amd64/jre/lib/amd64/libverify.so
7fdec30b1000-7fdec30b2000 r--p 00000000 08:05 2623930                    /usr/lib/x86_64-linux-gnu/librt.so.1
7fdec30b2000-7fdec30b3000 r-xp 00001000 08:05 2623930                    /usr/lib/x86_64-linux-gnu/librt.so.1
7fdec30b3000-7fdec30b4000 r--p 00002000 08:05 2623930                    /usr/lib/x86_64-linux-gnu/librt.so.1
7fdec30b4000-7fdec30b5000 r--p 00002000 08:05 2623930                    /usr/lib/x86_64-linux-gnu/librt.so.1
7fdec30b5000-7fdec30b6000 rw-p 00003000 08:05 2623930                    /usr/lib/x86_64-linux-gnu/librt.so.1
7fdec30b6000-7fdec30b7000 ---p 00000000 00:00 0 
7fdec30b7000-7fdec30ba000 ---p 00000000 00:00 0 
7fdec30ba000-7fdec31b7000 rw-p 00000000 00:00 0 
7fdec31b7000-7fdec31ba000 r--p 00000000 08:05 2623667                    /usr/lib/x86_64-linux-gnu/libgcc_s.so.1
7fdec31ba000-7fdec31cc000 r-xp 00003000 08:05 2623667                    /usr/lib/x86_64-linux-gnu/libgcc_s.so.1
7fdec31cc000-7fdec31d0000 r--p 00015000 08:05 2623667                    /usr/lib/x86_64-linux-gnu/libgcc_s.so.1
7fdec31d0000-7fdec31d1000 r--p 00018000 08:05 2623667                    /usr/lib/x86_64-linux-gnu/libgcc_s.so.1
7fdec31d1000-7fdec31d2000 rw-p 00019000 08:05 2623667                    /usr/lib/x86_64-linux-gnu/libgcc_s.so.1
7fdec31d2000-7fdec31e0000 r--p 00000000 08:05 2623910                    /usr/lib/x86_64-linux-gnu/libm.so.6
7fdec31e0000-7fdec325c000 r-xp 0000e000 08:05 2623910                    /usr/lib/x86_64-linux-gnu/libm.so.6
7fdec325c000-7fdec32b7000 r--p 0008a000 08:05 2623910                    /usr/lib/x86_64-linux-gnu/libm.so.6
7fdec32b7000-7fdec32b8000 r--p 000e4000 08:05 2623910                    /usr/lib/x86_64-linux-gnu/libm.so.6
7fdec32b8000-7fdec32b9000 rw-p 000e5000 08:05 2623910                    /usr/lib/x86_64-linux-gnu/libm.so.6
7fdec32b9000-7fdec334f000 r--p 00000000 08:05 2623640                    /usr/lib/x86_64-linux-gnu/libstdc++.so.6.0.28
7fdec334f000-7fdec3440000 r-xp 00096000 08:05 2623640                    /usr/lib/x86_64-linux-gnu/libstdc++.so.6.0.28
7fdec3440000-7fdec3489000 r--p 00187000 08:05 2623640                    /usr/lib/x86_64-linux-gnu/libstdc++.so.6.0.28
7fdec3489000-7fdec348a000 ---p 001d0000 08:05 2623640                    /usr/lib/x86_64-linux-gnu/libstdc++.so.6.0.28
7fdec348a000-7fdec3495000 r--p 001d0000 08:05 2623640                    /usr/lib/x86_64-linux-gnu/libstdc++.so.6.0.28
7fdec3495000-7fdec3498000 rw-p 001db000 08:05 2623640                    /usr/lib/x86_64-linux-gnu/libstdc++.so.6.0.28
7fdec3498000-7fdec349b000 rw-p 00000000 00:00 0 
7fdec349b000-7fdec3691000 r--p 00000000 08:05 2755566                    /usr/lib/jvm/java-8-openjdk-amd64/jre/lib/amd64/server/libjvm.so
7fdec3691000-7fdec3ffd000 r-xp 001f6000 08:05 2755566                    /usr/lib/jvm/java-8-openjdk-amd64/jre/lib/amd64/server/libjvm.so
7fdec3ffd000-7fdec41b0000 r--p 00b62000 08:05 2755566                    /usr/lib/jvm/java-8-openjdk-amd64/jre/lib/amd64/server/libjvm.so
7fdec41b0000-7fdec41b1000 ---p 00d15000 08:05 2755566                    /usr/lib/jvm/java-8-openjdk-amd64/jre/lib/amd64/server/libjvm.so
7fdec41b1000-7fdec4247000 r--p 00d15000 08:05 2755566                    /usr/lib/jvm/java-8-openjdk-amd64/jre/lib/amd64/server/libjvm.so
7fdec4247000-7fdec4270000 rw-p 00dab000 08:05 2755566                    /usr/lib/jvm/java-8-openjdk-amd64/jre/lib/amd64/server/libjvm.so
7fdec4270000-7fdec42a7000 rw-p 00000000 00:00 0 
7fdec42a7000-7fdec42cf000 r--p 00000000 08:05 2623905                    /usr/lib/x86_64-linux-gnu/libc.so.6
7fdec42cf000-7fdec4464000 r-xp 00028000 08:05 2623905                    /usr/lib/x86_64-linux-gnu/libc.so.6
7fdec4464000-7fdec44bc000 r--p 001bd000 08:05 2623905                    /usr/lib/x86_64-linux-gnu/libc.so.6
7fdec44bc000-7fdec44c0000 r--p 00214000 08:05 2623905                    /usr/lib/x86_64-linux-gnu/libc.so.6
7fdec44c0000-7fdec44c2000 rw-p 00218000 08:05 2623905                    /usr/lib/x86_64-linux-gnu/libc.so.6
7fdec44c2000-7fdec44cf000 rw-p 00000000 00:00 0 
7fdec44cf000-7fdec44d0000 r--p 00000000 08:05 2623908                    /usr/lib/x86_64-linux-gnu/libdl.so.2
7fdec44d0000-7fdec44d1000 r-xp 00001000 08:05 2623908                    /usr/lib/x86_64-linux-gnu/libdl.so.2
7fdec44d1000-7fdec44d2000 r--p 00002000 08:05 2623908                    /usr/lib/x86_64-linux-gnu/libdl.so.2
7fdec44d2000-7fdec44d3000 r--p 00002000 08:05 2623908                    /usr/lib/x86_64-linux-gnu/libdl.so.2
7fdec44d3000-7fdec44d4000 rw-p 00003000 08:05 2623908                    /usr/lib/x86_64-linux-gnu/libdl.so.2
7fdec44d4000-7fdec44d7000 r--p 00000000 08:05 2755529                    /usr/lib/jvm/java-8-openjdk-amd64/jre/lib/amd64/jli/libjli.so
7fdec44d7000-7fdec44e1000 r-xp 00003000 08:05 2755529                    /usr/lib/jvm/java-8-openjdk-amd64/jre/lib/amd64/jli/libjli.so
7fdec44e1000-7fdec44e4000 r--p 0000d000 08:05 2755529                    /usr/lib/jvm/java-8-openjdk-amd64/jre/lib/amd64/jli/libjli.so
7fdec44e4000-7fdec44e5000 r--p 0000f000 08:05 2755529                    /usr/lib/jvm/java-8-openjdk-amd64/jre/lib/amd64/jli/libjli.so
7fdec44e5000-7fdec44e6000 rw-p 00010000 08:05 2755529                    /usr/lib/jvm/java-8-openjdk-amd64/jre/lib/amd64/jli/libjli.so
7fdec44e6000-7fdec44e8000 r--p 00000000 08:05 2628913                    /usr/lib/x86_64-linux-gnu/libz.so.1.2.11
7fdec44e8000-7fdec44f9000 r-xp 00002000 08:05 2628913                    /usr/lib/x86_64-linux-gnu/libz.so.1.2.11
7fdec44f9000-7fdec44ff000 r--p 00013000 08:05 2628913                    /usr/lib/x86_64-linux-gnu/libz.so.1.2.11
7fdec44ff000-7fdec4500000 ---p 00019000 08:05 2628913                    /usr/lib/x86_64-linux-gnu/libz.so.1.2.11
7fdec4500000-7fdec4501000 r--p 00019000 08:05 2628913                    /usr/lib/x86_64-linux-gnu/libz.so.1.2.11
7fdec4501000-7fdec4502000 rw-p 0001a000 08:05 2628913                    /usr/lib/x86_64-linux-gnu/libz.so.1.2.11
7fdec4502000-7fdec4503000 r--p 00000000 08:05 2623926                    /usr/lib/x86_64-linux-gnu/libpthread.so.0
7fdec4503000-7fdec4504000 r-xp 00001000 08:05 2623926                    /usr/lib/x86_64-linux-gnu/libpthread.so.0
7fdec4504000-7fdec4505000 r--p 00002000 08:05 2623926                    /usr/lib/x86_64-linux-gnu/libpthread.so.0
7fdec4505000-7fdec4506000 r--p 00002000 08:05 2623926                    /usr/lib/x86_64-linux-gnu/libpthread.so.0
7fdec4506000-7fdec4507000 rw-p 00003000 08:05 2623926                    /usr/lib/x86_64-linux-gnu/libpthread.so.0
7fdec4507000-7fdec450f000 rw-s 00000000 08:05 917524                     /tmp/hsperfdata_wj/82310
7fdec450f000-7fdec4510000 r--p 00000000 08:05 2755558                    /usr/lib/jvm/java-8-openjdk-amd64/jre/lib/amd64/libnpt.so
7fdec4510000-7fdec4512000 r-xp 00001000 08:05 2755558                    /usr/lib/jvm/java-8-openjdk-amd64/jre/lib/amd64/libnpt.so
7fdec4512000-7fdec4513000 r--p 00003000 08:05 2755558                    /usr/lib/jvm/java-8-openjdk-amd64/jre/lib/amd64/libnpt.so
7fdec4513000-7fdec4514000 r--p 00003000 08:05 2755558                    /usr/lib/jvm/java-8-openjdk-amd64/jre/lib/amd64/libnpt.so
7fdec4514000-7fdec4515000 rw-p 00004000 08:05 2755558                    /usr/lib/jvm/java-8-openjdk-amd64/jre/lib/amd64/libnpt.so
7fdec4515000-7fdec4518000 rw-p 00000000 00:00 0 
7fdec4518000-7fdec451a000 r--p 00000000 08:05 2622080                    /usr/lib/x86_64-linux-gnu/ld-linux-x86-64.so.2
7fdec451a000-7fdec4544000 r-xp 00002000 08:05 2622080                    /usr/lib/x86_64-linux-gnu/ld-linux-x86-64.so.2
7fdec4544000-7fdec454f000 r--p 0002c000 08:05 2622080                    /usr/lib/x86_64-linux-gnu/ld-linux-x86-64.so.2
7fdec454f000-7fdec4550000 r--p 00000000 00:00 0 
7fdec4550000-7fdec4552000 r--p 00037000 08:05 2622080                    /usr/lib/x86_64-linux-gnu/ld-linux-x86-64.so.2
7fdec4552000-7fdec4554000 rw-p 00039000 08:05 2622080                    /usr/lib/x86_64-linux-gnu/ld-linux-x86-64.so.2
7ffc9baac000-7ffc9bacf000 rw-p 00000000 00:00 0                          [stack]
7ffc9bb04000-7ffc9bb08000 r--p 00000000 00:00 0                          [vvar]
7ffc9bb08000-7ffc9bb0a000 r-xp 00000000 00:00 0                          [vdso]
ffffffffff600000-ffffffffff601000 --xp 00000000 00:00 0                  [vsyscall]

VM Arguments:
jvm_args: -agentlib:jdwp=transport=dt_socket,address=127.0.0.1:43677,suspend=y,server=n -javaagent:/home/wj/下载/ideaIU-2024.2.1/idea-IU-242.21829.142/plugins/java/lib/rt/debugger-agent.jar -Dkotlinx.coroutines.debug.enable.creation.stack.trace=false -Ddebugger.agent.enable.coroutines=true -Dfile.encoding=UTF-8 
java_command: com.example.base.entities.wallet.MockWalletAndTransactions
java_class_path (initial): /usr/lib/jvm/java-1.8.0-openjdk-amd64/jre/lib/charsets.jar:/usr/lib/jvm/java-1.8.0-openjdk-amd64/jre/lib/ext/cldrdata.jar:/usr/lib/jvm/java-1.8.0-openjdk-amd64/jre/lib/ext/dnsns.jar:/usr/lib/jvm/java-1.8.0-openjdk-amd64/jre/lib/ext/icedtea-sound.jar:/usr/lib/jvm/java-1.8.0-openjdk-amd64/jre/lib/ext/jaccess.jar:/usr/lib/jvm/java-1.8.0-openjdk-amd64/jre/lib/ext/java-atk-wrapper.jar:/usr/lib/jvm/java-1.8.0-openjdk-amd64/jre/lib/ext/localedata.jar:/usr/lib/jvm/java-1.8.0-openjdk-amd64/jre/lib/ext/nashorn.jar:/usr/lib/jvm/java-1.8.0-openjdk-amd64/jre/lib/ext/sunec.jar:/usr/lib/jvm/java-1.8.0-openjdk-amd64/jre/lib/ext/sunjce_provider.jar:/usr/lib/jvm/java-1.8.0-openjdk-amd64/jre/lib/ext/sunpkcs11.jar:/usr/lib/jvm/java-1.8.0-openjdk-amd64/jre/lib/ext/zipfs.jar:/usr/lib/jvm/java-1.8.0-openjdk-amd64/jre/lib/jce.jar:/usr/lib/jvm/java-1.8.0-openjdk-amd64/jre/lib/jfr.jar:/usr/lib/jvm/java-1.8.0-openjdk-amd64/jre/lib/jsse.jar:/usr/lib/jvm/java-1.8.0-openjdk-amd64/jre/lib/management-agent.jar:/usr/lib/jvm/java-1.8.0-openjdk-amd64/jre/lib/resources.jar:/usr/lib/jvm/java-1.8.0-openjdk-amd64/jre/lib/rt.jar:/home/wj/dockerAFLdemo/pofChain/pof-base/target/classes:/home/wj/.m2/repository/org/springframework/boot/spring-boot-starter/2.6.5/spring-boot-starter-2.6.5.jar:/home/wj/.m2/repository/org/springframework/boot/spring-boot/2.6.5/spring-boot-2.6.5.jar:/home/wj/.m2/repository/org/springframework/spring-context/5.3.17/spring-context-5.3.17.jar:/home/wj/.m2/repository/org/springframework/boot/spring-boot-autoconfigure/2.6.5/spring-boot-autoconfigure-2.6.5.jar:/home/wj/.m2/repository/org/springframework/boot/spring-boot-starter-logging/2.6.5/spring-boot-starter-logging-2.6.5.jar:/home/wj/.m2/repository/ch/qos/logback/logback-classic/1.2.11/logback-classic-1.2.11.jar:/home/wj/.m2/repository/ch/qos/logback/logback-core/1.2.11/logback-core-1.2.11.jar:/home/wj/.m2/repository/org/apache/logging/log4j/log4j-to-slf4j/2.17.2/log4j-to-slf4j-2.17.2.jar:/home/wj/.m2/re
Launcher Type: SUN_STANDARD

Environment Variables:
PATH=/usr/local/sbin:/usr/local/bin:/usr/sbin:/usr/bin:/sbin:/bin:/usr/games:/usr/local/games:/snap/bin
USERNAME=wj
SHELL=/bin/bash
DISPLAY=:0

Signal Handlers:
SIGSEGV: [libjvm.so+0xb3b440], sa_mask[0]=11111111011111111101111111111110, sa_flags=SA_RESTART|SA_SIGINFO
SIGBUS: [libjvm.so+0xb3b440], sa_mask[0]=11111111011111111101111111111110, sa_flags=SA_RESTART|SA_SIGINFO
SIGFPE: [libjvm.so+0x97e0b0], sa_mask[0]=11111111011111111101111111111110, sa_flags=SA_RESTART|SA_SIGINFO
SIGPIPE: [libjvm.so+0x97e0b0], sa_mask[0]=11111111011111111101111111111110, sa_flags=SA_RESTART|SA_SIGINFO
SIGXFSZ: [libjvm.so+0x97e0b0], sa_mask[0]=11111111011111111101111111111110, sa_flags=SA_RESTART|SA_SIGINFO
SIGILL: [libjvm.so+0x97e0b0], sa_mask[0]=11111111011111111101111111111110, sa_flags=SA_RESTART|SA_SIGINFO
SIGUSR1: SIG_DFL, sa_mask[0]=00000000000000000000000000000000, sa_flags=none
SIGUSR2: [libjvm.so+0x97e3e0], sa_mask[0]=00000000000000000000000000000000, sa_flags=SA_RESTART|SA_SIGINFO
SIGHUP: [libjvm.so+0x97e330], sa_mask[0]=11111111011111111101111111111110, sa_flags=SA_RESTART|SA_SIGINFO
SIGINT: [libjvm.so+0x97e330], sa_mask[0]=11111111011111111101111111111110, sa_flags=SA_RESTART|SA_SIGINFO
SIGTERM: [libjvm.so+0x97e330], sa_mask[0]=11111111011111111101111111111110, sa_flags=SA_RESTART|SA_SIGINFO
SIGQUIT: [libjvm.so+0x97e330], sa_mask[0]=11111111011111111101111111111110, sa_flags=SA_RESTART|SA_SIGINFO


---------------  S Y S T E M  ---------------

OS:DISTRIB_ID=Ubuntu
DISTRIB_RELEASE=20.04
DISTRIB_CODENAME=focal
DISTRIB_DESCRIPTION="Ubuntu 20.04.6 LTS"

uname:Linux 5.15.0-130-generic #140~20.04.1-Ubuntu SMP Wed Dec 18 21:35:34 UTC 2024 x86_64
libc:glibc 2.35 NPTL 2.35 
rlimit: STACK 8192k, CORE 0k, NPROC 25192, NOFILE 1048576, AS infinity
load average:0.94 1.67 1.90

/proc/meminfo:
MemTotal:        6543344 kB
MemFree:          276108 kB
MemAvailable:    1064900 kB
Buffers:           79108 kB
Cached:           859864 kB
SwapCached:        40140 kB
Active:          3024772 kB
Inactive:        2398580 kB
Active(anon):    2488604 kB
Inactive(anon):  1999112 kB
Active(file):     536168 kB
Inactive(file):   399468 kB
Unevictable:          16 kB
Mlocked:              16 kB
SwapTotal:       2097148 kB
SwapFree:        1209180 kB
Dirty:                84 kB
Writeback:             0 kB
AnonPages:       4469900 kB
Mapped:           348208 kB
Shmem:              3336 kB
KReclaimable:     139760 kB
Slab:             278608 kB
SReclaimable:     139760 kB
SUnreclaim:       138848 kB
KernelStack:       12920 kB
PageTables:        29492 kB
NFS_Unstable:          0 kB
Bounce:                0 kB
WritebackTmp:          0 kB
CommitLimit:     5368820 kB
Committed_AS:    9116348 kB
VmallocTotal:   34359738367 kB
VmallocUsed:       76780 kB
VmallocChunk:          0 kB
Percpu:           141824 kB
HardwareCorrupted:     0 kB
AnonHugePages:         0 kB
ShmemHugePages:        0 kB
ShmemPmdMapped:        0 kB
FileHugePages:         0 kB
FilePmdMapped:         0 kB
HugePages_Total:       0
HugePages_Free:        0
HugePages_Rsvd:        0
HugePages_Surp:        0
Hugepagesize:       2048 kB
Hugetlb:               0 kB
DirectMap4k:      468800 kB
DirectMap2M:     6346752 kB
DirectMap1G:           0 kB

container (cgroup) information:
container_type: cgroupv1
cpu_cpuset_cpus: 0-1
cpu_memory_nodes: 0
active_processor_count: 2
cpu_quota: -1
cpu_period: 100000
cpu_shares: -1
memory_limit_in_bytes: -1
memory_and_swap_limit_in_bytes: -1
memory_soft_limit_in_bytes: -1
memory_usage_in_bytes: 5116870656
memory_max_usage_in_bytes: 5352349696


CPU:total 2 (initial active 2) (1 cores per cpu, 1 threads per core) family 6 model 191 stepping 2, cmov, cx8, fxsr, mmx, sse, sse2, sse3, ssse3, sse4.1, sse4.2, popcnt, avx, avx2, aes, clmul, erms, 3dnowpref, lzcnt, tsc, tscinvbit, bmi1, bmi2, adx

/proc/cpuinfo:
processor	: 0
vendor_id	: GenuineIntel
cpu family	: 6
model		: 191
model name	: 13th Gen Intel(R) Core(TM) i5-13500HX
stepping	: 2
microcode	: 0x34
cpu MHz		: 2688.005
cache size	: 24576 KB
physical id	: 0
siblings	: 1
core id		: 0
cpu cores	: 1
apicid		: 0
initial apicid	: 0
fpu		: yes
fpu_exception	: yes
cpuid level	: 32
wp		: yes
flags		: fpu vme de pse tsc msr pae mce cx8 apic sep mtrr pge mca cmov pat pse36 clflush mmx fxsr sse sse2 ss syscall nx pdpe1gb rdtscp lm constant_tsc arch_perfmon rep_good nopl xtopology tsc_reliable nonstop_tsc cpuid tsc_known_freq pni pclmulqdq ssse3 fma cx16 sse4_1 sse4_2 x2apic movbe popcnt tsc_deadline_timer aes xsave avx f16c rdrand hypervisor lahf_lm abm 3dnowprefetch ssbd ibrs ibpb stibp ibrs_enhanced fsgsbase tsc_adjust bmi1 avx2 smep bmi2 erms invpcid rdseed adx smap clflushopt clwb sha_ni xsaveopt xsavec xgetbv1 xsaves avx_vnni arat umip pku ospke gfni vaes vpclmulqdq rdpid movdiri movdir64b fsrm md_clear serialize flush_l1d arch_capabilities
bugs		: spectre_v1 spectre_v2 spec_store_bypass swapgs itlb_multihit mmio_unknown eibrs_pbrsb rfds bhi
bogomips	: 5376.01
clflush size	: 64
cache_alignment	: 64
address sizes	: 45 bits physical, 48 bits virtual
power management:

processor	: 1
vendor_id	: GenuineIntel
cpu family	: 6
model		: 191
model name	: 13th Gen Intel(R) Core(TM) i5-13500HX
stepping	: 2
microcode	: 0x34
cpu MHz		: 2688.005
cache size	: 24576 KB
physical id	: 2
siblings	: 1
core id		: 0
cpu cores	: 1
apicid		: 2
initial apicid	: 2
fpu		: yes
fpu_exception	: yes
cpuid level	: 32
wp		: yes
flags		: fpu vme de pse tsc msr pae mce cx8 apic sep mtrr pge mca cmov pat pse36 clflush mmx fxsr sse sse2 ss syscall nx pdpe1gb rdtscp lm constant_tsc arch_perfmon rep_good nopl xtopology tsc_reliable nonstop_tsc cpuid tsc_known_freq pni pclmulqdq ssse3 fma cx16 sse4_1 sse4_2 x2apic movbe popcnt tsc_deadline_timer aes xsave avx f16c rdrand hypervisor lahf_lm abm 3dnowprefetch ssbd ibrs ibpb stibp ibrs_enhanced fsgsbase tsc_adjust bmi1 avx2 smep bmi2 erms invpcid rdseed adx smap clflushopt clwb sha_ni xsaveopt xsavec xgetbv1 xsaves avx_vnni arat umip pku ospke gfni vaes vpclmulqdq rdpid movdiri movdir64b fsrm md_clear serialize flush_l1d arch_capabilities
bugs		: spectre_v1 spectre_v2 spec_store_bypass swapgs itlb_multihit mmio_unknown eibrs_pbrsb rfds bhi
bogomips	: 5376.01
clflush size	: 64
cache_alignment	: 64
address sizes	: 45 bits physical, 48 bits virtual
power management:



Memory: 4k page, physical 6543344k(276108k free), swap 2097148k(1209180k free)

vm_info: OpenJDK 64-Bit Server VM (25.442-b06) for linux-amd64 JRE (1.8.0_442-8u442-b06~us1-0ubuntu1~20.04-b06), built on Jan 26 2025 07:38:16 by "buildd" with gcc 9.4.0

time: Thu Feb  6 21:15:55 2025
timezone: CST
elapsed time: 315.605412 seconds (0d 0h 5m 15s)

