#
# A fatal error has been detected by the Java Runtime Environment:
#
#  SIGSEGV (0xb) at pc=0x0000000000000000, pid=835176, tid=0x00007f5884afd640
#
# JRE version: OpenJDK Runtime Environment (8.0_422-b05) (build 1.8.0_422-8u422-b05-1~20.04-b05)
# Java VM: OpenJDK 64-Bit Server VM (25.422-b05 mixed mode linux-amd64 compressed oops)
# Problematic frame:
# C  0x0000000000000000
#
# Failed to write core dump. Core dumps have been disabled. To enable core dumping, try "ulimit -c unlimited" before starting Java again
#
# If you would like to submit a bug report, please visit:
#   http://bugreport.java.com/bugreport/crash.jsp
# The crash happened outside the Java Virtual Machine in native code.
# See problematic frame for where to report the bug.
#

---------------  T H R E A D  ---------------

Current thread (0x00007f589008d000):  JavaThread "Thread-45" daemon [_thread_in_native, id=835369, stack(0x00007f58849fe000,0x00007f5884afe000)]

siginfo: si_signo: 11 (SIGSEGV), si_code: 1 (SEGV_MAPERR), si_addr: 0x0000000000000000

Registers:
RAX=0x00007f58d0d11710, RBX=0x00007f589008d260, RCX=0x0000000000000030, RDX=0x00007f58d5beb9b8
RSP=0x00007f5884afc428, RBP=0x00007f5884afc510, RSI=0x0000000000000001, RDI=0x00007f58d0cd8b80
R8 =0x00007f589c004690, R9 =0x0000000000000000, R10=0x00007f58c102081c, R11=0x00007f58d5830e30
R12=0x00007f5884afc490, R13=0x00007f589c004690, R14=0x00007f58d0cd8b80, R15=0x0000000000000000
RIP=0x0000000000000000, EFLAGS=0x0000000000010246, CSGSFS=0x002b000000000033, ERR=0x0000000000000014
  TRAPNO=0x000000000000000e

Top of Stack: (sp=0x00007f5884afc428)
0x00007f5884afc428:   00007f58872e002a 00007f58be1110d0
0x00007f5884afc438:   00007f5884afc530 00007f5884afc690
0x00007f5884afc448:   0000000000000030 00007f589c004690
0x00007f5884afc458:   0000000000000009 0000000000000000
0x00007f5884afc468:   0000000000000000 00007f5884afc750
0x00007f5884afc478:   00007f58c11b57dc 0000000000000000
0x00007f5884afc488:   00007f58bc2e3ff0 00007f58879f9a21
0x00007f5884afc498:   0000000000000000 0000000000000000
0x00007f5884afc4a8:   00007f58c10080e2 00000000ee59f728
0x00007f5884afc4b8:   0000000000000000 00007f58d4e04558
0x00007f5884afc4c8:   00007f5884afc4c0 00007f58be10ec00
0x00007f5884afc4d8:   00007f5884afc568 00007f58be10efa8
0x00007f5884afc4e8:   00007f5884afc530 0000000000000000
0x00007f5884afc4f8:   00007f58bc2c3420 00007f5884afc6a8
0x00007f5884afc508:   00007f589008d000 00007f5884afc5e0
0x00007f5884afc518:   00007f58872e01a5 0000000000000009
0x00007f5884afc528:   00000000c37bd238 0000000000000000
0x00007f5884afc538:   0000000000000000 0000000000000000
0x00007f5884afc548:   0000000000000000 0000000000000000
0x00007f5884afc558:   0000000400000000 ffffffffffffffff
0x00007f5884afc568:   00000000ee59ecd0 0000000000000000
0x00007f5884afc578:   0000000100000101 0000000000000000
0x00007f5884afc588:   0000000000000000 0000000000000000
0x00007f5884afc598:   0000000000000000 0000000000000000
0x00007f5884afc5a8:   00007f58be110cc8 00000000f201b290
0x00007f5884afc5b8:   0000000000000000 00007f5884afc628
0x00007f5884afc5c8:   00007f58c1000a00 00007f58bc2c3428
0x00007f5884afc5d8:   0000000000000000 00007f5884afc660
0x00007f5884afc5e8:   00007f58c1020848 0000000000000001
0x00007f5884afc5f8:   0000000000000000 00007f5884afc5f0
0x00007f5884afc608:   00007f58be110c67 00007f5884afc660
0x00007f5884afc618:   00007f58be111ad0 00007f5884afc620 

Instructions: (pc=0x0000000000000000)
0xffffffffffffffe0:   

Register to memory mapping:

RAX=0x00007f58d0d11710 is an unknown value
RBX=0x00007f589008d260 is an unknown value
RCX=0x0000000000000030 is an unknown value
RDX=0x00007f58d5beb9b8: <offset 0xde69b8> in /usr/lib/jvm/java-8-openjdk-amd64/jre/lib/amd64/server/libjvm.so at 0x00007f58d4e05000
RSP=0x00007f5884afc428 is pointing into the stack for thread: 0x00007f589008d000
RBP=0x00007f5884afc510 is pointing into the stack for thread: 0x00007f589008d000
RSI=0x0000000000000001 is an unknown value
RDI=0x00007f58d0cd8b80 is an unknown value
R8 =0x00007f589c004690 is an unknown value
R9 =0x0000000000000000 is an unknown value
R10=0x00007f58c102081c is at code_begin+1596 in an Interpreter codelet
method entry point (kind = native)  [0x00007f58c10201e0, 0x00007f58c10211c0]  4064 bytes
R11=0x00007f58d5830e30: <offset 0xa2be30> in /usr/lib/jvm/java-8-openjdk-amd64/jre/lib/amd64/server/libjvm.so at 0x00007f58d4e05000
R12=0x00007f5884afc490 is pointing into the stack for thread: 0x00007f589008d000
R13=0x00007f589c004690 is an unknown value
R14=0x00007f58d0cd8b80 is an unknown value
R15=0x0000000000000000 is an unknown value


Stack: [0x00007f58849fe000,0x00007f5884afe000],  sp=0x00007f5884afc428,  free space=1017k
Java frames: (J=compiled Java code, j=interpreted, Vv=VM code)
j  org.rocksdb.RocksDB.get(J[BII)[B+0
j  org.rocksdb.RocksDB.get([B)[B+9
j  com.example.base.store.RocksDBStore.get(Ljava/lang/String;)Ljava/util/Optional;+8
j  com.example.web.service.BlockServiceImpl.getLatestBlock()Lcom/example/base/entities/Block;+14
j  com.example.web.service.BlockServiceImpl.executeCommand()V+194
j  com.example.web.service.BlockServiceImpl.lambda$startMining$0()V+11
j  com.example.web.service.BlockServiceImpl$$Lambda$601.run()V+4
j  java.lang.Thread.run()V+11
v  ~StubRoutines::call_stub

---------------  P R O C E S S  ---------------

Java Threads: ( => current thread )
=>0x00007f589008d000 JavaThread "Thread-45" daemon [_thread_in_native, id=835369, stack(0x00007f58849fe000,0x00007f5884afe000)]
  0x00007f58d0011000 JavaThread "DestroyJavaVM" [_thread_blocked, id=835178, stack(0x00007f58d4a21000,0x00007f58d4b21000)]
  0x00007f58d0e76000 JavaThread "http-nio-127.0.0.1-8001-Acceptor" daemon [_thread_in_native, id=835354, stack(0x00007f587f700000,0x00007f587f800000)]
  0x00007f58d0e73000 JavaThread "http-nio-127.0.0.1-8001-Poller" daemon [_thread_in_native, id=835353, stack(0x00007f587f800000,0x00007f587f900000)]
  0x00007f58d0e53800 JavaThread "http-nio-127.0.0.1-8001-exec-10" daemon [_thread_blocked, id=835352, stack(0x00007f587fb00000,0x00007f587fc00000)]
  0x00007f58d0e51800 JavaThread "http-nio-127.0.0.1-8001-exec-9" daemon [_thread_blocked, id=835351, stack(0x00007f587fc00000,0x00007f587fd00000)]
  0x00007f58d0e4f800 JavaThread "http-nio-127.0.0.1-8001-exec-8" daemon [_thread_blocked, id=835350, stack(0x00007f587fd00000,0x00007f587fe00000)]
  0x00007f58d0e4d800 JavaThread "http-nio-127.0.0.1-8001-exec-7" daemon [_thread_blocked, id=835349, stack(0x00007f587fe00000,0x00007f587ff00000)]
  0x00007f58d0e4b800 JavaThread "http-nio-127.0.0.1-8001-exec-6" daemon [_thread_blocked, id=835348, stack(0x00007f587ff00000,0x00007f5880000000)]
  0x00007f58d0e49800 JavaThread "http-nio-127.0.0.1-8001-exec-5" daemon [_thread_blocked, id=835347, stack(0x00007f58840fe000,0x00007f58841fe000)]
  0x00007f58d0e47800 JavaThread "http-nio-127.0.0.1-8001-exec-4" daemon [_thread_blocked, id=835346, stack(0x00007f58841fe000,0x00007f58842fe000)]
  0x00007f58d0e46000 JavaThread "http-nio-127.0.0.1-8001-exec-3" daemon [_thread_blocked, id=835345, stack(0x00007f58842fe000,0x00007f58843fe000)]
  0x00007f58d0e44800 JavaThread "http-nio-127.0.0.1-8001-exec-2" daemon [_thread_blocked, id=835344, stack(0x00007f58843fe000,0x00007f58844fe000)]
  0x00007f58d0e44000 JavaThread "http-nio-127.0.0.1-8001-exec-1" daemon [_thread_blocked, id=835343, stack(0x00007f58846fe000,0x00007f58847fe000)]
  0x00007f58d0d79800 JavaThread "Thread-32" daemon [_thread_in_native, id=835328, stack(0x00007f58847fe000,0x00007f58848fe000)]
  0x00007f58d0d40000 JavaThread "tio-timer-reconnect-1" daemon [_thread_blocked, id=835324, stack(0x00007f58848fe000,0x00007f58849fe000)]
  0x00007f58d0d3f800 JavaThread "Thread-29" daemon [_thread_in_native, id=835322, stack(0x00007f5884afe000,0x00007f5884bfe000)]
  0x00007f58d0dd0800 JavaThread "tio-group-1" [_thread_blocked, id=835319, stack(0x00007f5884bfe000,0x00007f5884cfe000)]
  0x00007f58d0dcf800 JavaThread "tio-worker-1" [_thread_blocked, id=835318, stack(0x00007f5884cfe000,0x00007f5884dfe000)]
  0x00007f58d0dcd000 JavaThread "TioSystemTimer" daemon [_thread_blocked, id=835317, stack(0x00007f5884dfe000,0x00007f5884efe000)]
  0x00007f58d0ccb800 JavaThread "container-0" [_thread_blocked, id=835293, stack(0x00007f5884efe000,0x00007f5884ffe000)]
  0x00007f58d0cc6800 JavaThread "Catalina-utility-2" [_thread_blocked, id=835292, stack(0x00007f5887dc7000,0x00007f5887ec7000)]
  0x00007f58d0cc5000 JavaThread "Catalina-utility-1" [_thread_blocked, id=835291, stack(0x00007f5887f00000,0x00007f5888000000)]
  0x00007f5880045800 JavaThread "RMI Scheduler(0)" daemon [_thread_blocked, id=835215, stack(0x00007f58bc038000,0x00007f58bc138000)]
  0x00007f58a0001000 JavaThread "Attach Listener" daemon [_thread_blocked, id=835211, stack(0x00007f58bc461000,0x00007f58bc561000)]
  0x00007f58d0584800 JavaThread "RMI TCP Accept-0" daemon [_thread_in_native, id=835209, stack(0x00007f58bc662000,0x00007f58bc762000)]
  0x00007f58d017a800 JavaThread "Service Thread" daemon [_thread_blocked, id=835206, stack(0x00007f58bc9c3000,0x00007f58bcac3000)]
  0x00007f58d016f000 JavaThread "C1 CompilerThread1" daemon [_thread_blocked, id=835205, stack(0x00007f58bcac4000,0x00007f58bcbc4000)]
  0x00007f58d016c800 JavaThread "C2 CompilerThread0" daemon [_thread_blocked, id=835204, stack(0x00007f58bcbc5000,0x00007f58bccc5000)]
  0x00007f58d0159800 JavaThread "JDWP Event Helper Thread" daemon [_thread_blocked, id=835192, stack(0x00007f58bcdd2000,0x00007f58bced2000)]
  0x00007f58d0140800 JavaThread "Signal Dispatcher" daemon [_thread_blocked, id=835189, stack(0x00007f58bcfd2000,0x00007f58bd0d2000)]
  0x00007f58d0111800 JavaThread "Finalizer" daemon [_thread_blocked, id=835188, stack(0x00007f58bd0d2000,0x00007f58bd1d2000)]
  0x00007f58d010d000 JavaThread "Reference Handler" daemon [_thread_blocked, id=835187, stack(0x00007f58bd1d2000,0x00007f58bd2d2000)]

Other Threads:
  0x00007f58d0103000 VMThread [stack: 0x00007f58bd2d3000,0x00007f58bd3d3000] [id=835186]
  0x00007f58d0593800 WatcherThread [stack: 0x00007f58bc562000,0x00007f58bc662000] [id=835210]

VM state:not at safepoint (normal execution)

VM Mutex/Monitor currently owned by a thread: None

heap address: 0x00000000c3600000, size: 970 MB, Compressed Oops mode: 32-bit
Narrow klass base: 0x0000000000000000, Narrow klass shift: 3
Compressed class space size: 1073741824 Address: 0x0000000100000000

Heap:
 PSYoungGen      total 107008K, used 50561K [0x00000000ebd00000, 0x00000000f4f00000, 0x0000000100000000)
  eden space 98304K, 42% used [0x00000000ebd00000,0x00000000ee5e2408,0x00000000f1d00000)
  from space 8704K, 99% used [0x00000000f1d00000,0x00000000f257e128,0x00000000f2580000)
  to   space 10240K, 0% used [0x00000000f4500000,0x00000000f4500000,0x00000000f4f00000)
 ParOldGen       total 32768K, used 9532K [0x00000000c3600000, 0x00000000c5600000, 0x00000000ebd00000)
  object space 32768K, 29% used [0x00000000c3600000,0x00000000c3f4f1b0,0x00000000c5600000)
 Metaspace       used 32855K, capacity 35166K, committed 35328K, reserved 1079296K
  class space    used 4307K, capacity 4740K, committed 4864K, reserved 1048576K

Card table byte_map: [0x00007f58c0a5a000,0x00007f58c0c40000] byte_map_base: 0x00007f58c043f000

Marking Bits: (ParMarkBitMap*) 0x00007f58d5bef740
 Begin Bits: [0x00007f58be9c5000, 0x00007f58bf8ed000)
 End Bits:   [0x00007f58bf8ed000, 0x00007f58c0815000)

Polling page: 0x00007f58d5eb7000

CodeCache: size=245760Kb used=6875Kb max_used=6893Kb free=238884Kb
 bounds [0x00007f58c1000000, 0x00007f58c16c0000, 0x00007f58d0000000]
 total_blobs=3836 nmethods=3363 adapters=393
 compilation: enabled

Compilation events (10 events):
Event: 409.581 Thread 0x00007f58d016f000 3429       1       ch.qos.logback.core.pattern.FormattingConverter::write (154 bytes)
Event: 409.591 Thread 0x00007f58d016f000 nmethod 3429 0x00007f58c16ba210 code [0x00007f58c16ba420, 0x00007f58c16ba8d8]
Event: 409.867 Thread 0x00007f58d016f000 3430       1       java.util.Calendar::complete (40 bytes)
Event: 409.869 Thread 0x00007f58d016f000 nmethod 3430 0x00007f58c1230150 code [0x00007f58c12302c0, 0x00007f58c1230458]
Event: 409.876 Thread 0x00007f58d016f000 3431       1       java.lang.Exception::<init> (6 bytes)
Event: 409.943 Thread 0x00007f58d016f000 nmethod 3431 0x00007f58c122fd50 code [0x00007f58c122fec0, 0x00007f58c1230088]
Event: 409.963 Thread 0x00007f58d016f000 3432       1       sun.nio.cs.UTF_8$Decoder::isMalformed3 (45 bytes)
Event: 409.963 Thread 0x00007f58d016f000 nmethod 3432 0x00007f58c12380d0 code [0x00007f58c1238220, 0x00007f58c1238370]
Event: 411.742 Thread 0x00007f58d016f000 3433       1       java.util.regex.Pattern::split (290 bytes)
Event: 411.754 Thread 0x00007f58d016f000 nmethod 3433 0x00007f58c16bae50 code [0x00007f58c16bb1e0, 0x00007f58c16bc438]

GC Heap History (10 events):
Event: 9.026 GC heap before
{Heap before GC invocations=6 (full 0):
 PSYoungGen      total 34304K, used 29611K [0x00000000ebd00000, 0x00000000f0800000, 0x0000000100000000)
  eden space 31744K, 85% used [0x00000000ebd00000,0x00000000ed76d648,0x00000000edc00000)
  from space 2560K, 99% used [0x00000000edc00000,0x00000000ede7d628,0x00000000ede80000)
  to   space 6656K, 0% used [0x00000000f0180000,0x00000000f0180000,0x00000000f0800000)
 ParOldGen       total 42496K, used 7308K [0x00000000c3600000, 0x00000000c5f80000, 0x00000000ebd00000)
  object space 42496K, 17% used [0x00000000c3600000,0x00000000c3d23318,0x00000000c5f80000)
 Metaspace       used 20302K, capacity 21160K, committed 21248K, reserved 1067008K
  class space    used 2574K, capacity 2786K, committed 2816K, reserved 1048576K
Event: 9.050 GC heap after
Heap after GC invocations=6 (full 0):
 PSYoungGen      total 69632K, used 5331K [0x00000000ebd00000, 0x00000000f0900000, 0x0000000100000000)
  eden space 62976K, 0% used [0x00000000ebd00000,0x00000000ebd00000,0x00000000efa80000)
  from space 6656K, 80% used [0x00000000f0180000,0x00000000f06b4db0,0x00000000f0800000)
  to   space 7168K, 0% used [0x00000000efa80000,0x00000000efa80000,0x00000000f0180000)
 ParOldGen       total 42496K, used 7316K [0x00000000c3600000, 0x00000000c5f80000, 0x00000000ebd00000)
  object space 42496K, 17% used [0x00000000c3600000,0x00000000c3d25318,0x00000000c5f80000)
 Metaspace       used 20302K, capacity 21160K, committed 21248K, reserved 1067008K
  class space    used 2574K, capacity 2786K, committed 2816K, reserved 1048576K
}
Event: 9.050 GC heap before
{Heap before GC invocations=7 (full 1):
 PSYoungGen      total 69632K, used 5331K [0x00000000ebd00000, 0x00000000f0900000, 0x0000000100000000)
  eden space 62976K, 0% used [0x00000000ebd00000,0x00000000ebd00000,0x00000000efa80000)
  from space 6656K, 80% used [0x00000000f0180000,0x00000000f06b4db0,0x00000000f0800000)
  to   space 7168K, 0% used [0x00000000efa80000,0x00000000efa80000,0x00000000f0180000)
 ParOldGen       total 42496K, used 7316K [0x00000000c3600000, 0x00000000c5f80000, 0x00000000ebd00000)
  object space 42496K, 17% used [0x00000000c3600000,0x00000000c3d25318,0x00000000c5f80000)
 Metaspace       used 20302K, capacity 21160K, committed 21248K, reserved 1067008K
  class space    used 2574K, capacity 2786K, committed 2816K, reserved 1048576K
Event: 9.159 GC heap after
Heap after GC invocations=7 (full 1):
 PSYoungGen      total 69632K, used 0K [0x00000000ebd00000, 0x00000000f0900000, 0x0000000100000000)
  eden space 62976K, 0% used [0x00000000ebd00000,0x00000000ebd00000,0x00000000efa80000)
  from space 6656K, 0% used [0x00000000f0180000,0x00000000f0180000,0x00000000f0800000)
  to   space 7168K, 0% used [0x00000000efa80000,0x00000000efa80000,0x00000000f0180000)
 ParOldGen       total 32768K, used 6855K [0x00000000c3600000, 0x00000000c5600000, 0x00000000ebd00000)
  object space 32768K, 20% used [0x00000000c3600000,0x00000000c3cb1d50,0x00000000c5600000)
 Metaspace       used 20302K, capacity 21160K, committed 21248K, reserved 1067008K
  class space    used 2574K, capacity 2786K, committed 2816K, reserved 1048576K
}
Event: 13.090 GC heap before
{Heap before GC invocations=8 (full 1):
 PSYoungGen      total 69632K, used 62976K [0x00000000ebd00000, 0x00000000f0900000, 0x0000000100000000)
  eden space 62976K, 100% used [0x00000000ebd00000,0x00000000efa80000,0x00000000efa80000)
  from space 6656K, 0% used [0x00000000f0180000,0x00000000f0180000,0x00000000f0800000)
  to   space 7168K, 0% used [0x00000000efa80000,0x00000000efa80000,0x00000000f0180000)
 ParOldGen       total 32768K, used 6855K [0x00000000c3600000, 0x00000000c5600000, 0x00000000ebd00000)
  object space 32768K, 20% used [0x00000000c3600000,0x00000000c3cb1d50,0x00000000c5600000)
 Metaspace       used 22938K, capacity 24024K, committed 24192K, reserved 1071104K
  class space    used 2966K, capacity 3198K, committed 3200K, reserved 1048576K
Event: 13.127 GC heap after
Heap after GC invocations=8 (full 1):
 PSYoungGen      total 70144K, used 4990K [0x00000000ebd00000, 0x00000000f2c80000, 0x0000000100000000)
  eden space 62976K, 0% used [0x00000000ebd00000,0x00000000ebd00000,0x00000000efa80000)
  from space 7168K, 69% used [0x00000000efa80000,0x00000000eff5faf8,0x00000000f0180000)
  to   space 7168K, 0% used [0x00000000f2580000,0x00000000f2580000,0x00000000f2c80000)
 ParOldGen       total 32768K, used 6863K [0x00000000c3600000, 0x00000000c5600000, 0x00000000ebd00000)
  object space 32768K, 20% used [0x00000000c3600000,0x00000000c3cb3d50,0x00000000c5600000)
 Metaspace       used 22938K, capacity 24024K, committed 24192K, reserved 1071104K
  class space    used 2966K, capacity 3198K, committed 3200K, reserved 1048576K
}
Event: 15.797 GC heap before
{Heap before GC invocations=9 (full 1):
 PSYoungGen      total 70144K, used 67966K [0x00000000ebd00000, 0x00000000f2c80000, 0x0000000100000000)
  eden space 62976K, 100% used [0x00000000ebd00000,0x00000000efa80000,0x00000000efa80000)
  from space 7168K, 69% used [0x00000000efa80000,0x00000000eff5faf8,0x00000000f0180000)
  to   space 7168K, 0% used [0x00000000f2580000,0x00000000f2580000,0x00000000f2c80000)
 ParOldGen       total 32768K, used 6863K [0x00000000c3600000, 0x00000000c5600000, 0x00000000ebd00000)
  object space 32768K, 20% used [0x00000000c3600000,0x00000000c3cb3d50,0x00000000c5600000)
 Metaspace       used 27470K, capacity 29302K, committed 29312K, reserved 1075200K
  class space    used 3597K, capacity 3961K, committed 3968K, reserved 1048576K
Event: 15.838 GC heap after
Heap after GC invocations=9 (full 1):
 PSYoungGen      total 105472K, used 7151K [0x00000000ebd00000, 0x00000000f2f00000, 0x0000000100000000)
  eden space 98304K, 0% used [0x00000000ebd00000,0x00000000ebd00000,0x00000000f1d00000)
  from space 7168K, 99% used [0x00000000f2580000,0x00000000f2c7bcd0,0x00000000f2c80000)
  to   space 8704K, 0% used [0x00000000f1d00000,0x00000000f1d00000,0x00000000f2580000)
 ParOldGen       total 32768K, used 7606K [0x00000000c3600000, 0x00000000c5600000, 0x00000000ebd00000)
  object space 32768K, 23% used [0x00000000c3600000,0x00000000c3d6db80,0x00000000c5600000)
 Metaspace       used 27470K, capacity 29302K, committed 29312K, reserved 1075200K
  class space    used 3597K, capacity 3961K, committed 3968K, reserved 1048576K
}
Event: 109.425 GC heap before
{Heap before GC invocations=10 (full 1):
 PSYoungGen      total 105472K, used 105455K [0x00000000ebd00000, 0x00000000f2f00000, 0x0000000100000000)
  eden space 98304K, 100% used [0x00000000ebd00000,0x00000000f1d00000,0x00000000f1d00000)
  from space 7168K, 99% used [0x00000000f2580000,0x00000000f2c7bcd0,0x00000000f2c80000)
  to   space 8704K, 0% used [0x00000000f1d00000,0x00000000f1d00000,0x00000000f2580000)
 ParOldGen       total 32768K, used 7606K [0x00000000c3600000, 0x00000000c5600000, 0x00000000ebd00000)
  object space 32768K, 23% used [0x00000000c3600000,0x00000000c3d6db80,0x00000000c5600000)
 Metaspace       used 32651K, capacity 34974K, committed 35328K, reserved 1079296K
  class space    used 4294K, capacity 4740K, committed 4864K, reserved 1048576K
Event: 109.548 GC heap after
Heap after GC invocations=10 (full 1):
 PSYoungGen      total 107008K, used 8696K [0x00000000ebd00000, 0x00000000f4f00000, 0x0000000100000000)
  eden space 98304K, 0% used [0x00000000ebd00000,0x00000000ebd00000,0x00000000f1d00000)
  from space 8704K, 99% used [0x00000000f1d00000,0x00000000f257e128,0x00000000f2580000)
  to   space 10240K, 0% used [0x00000000f4500000,0x00000000f4500000,0x00000000f4f00000)
 ParOldGen       total 32768K, used 9532K [0x00000000c3600000, 0x00000000c5600000, 0x00000000ebd00000)
  object space 32768K, 29% used [0x00000000c3600000,0x00000000c3f4f1b0,0x00000000c5600000)
 Metaspace       used 32651K, capacity 34974K, committed 35328K, reserved 1079296K
  class space    used 4294K, capacity 4740K, committed 4864K, reserved 1048576K
}

Deoptimization events (0 events):
No events

Classes redefined (0 events):
No events

Internal exceptions (10 events):
Event: 409.882 Thread 0x00007f589008d000 Exception <a 'java/io/IOException'> (0x00000000ed62a300) thrown at [/build/openjdk-8-S0Y16D/openjdk-8-8u422-b05/src/hotspot/src/share/vm/prims/jni.cpp, line 712]
Event: 409.928 Thread 0x00007f589008d000 Exception <a 'java/io/IOException'> (0x00000000ed639398) thrown at [/build/openjdk-8-S0Y16D/openjdk-8-8u422-b05/src/hotspot/src/share/vm/prims/jni.cpp, line 712]
Event: 409.928 Thread 0x00007f589008d000 Exception <a 'java/io/IOException'> (0x00000000ed639658) thrown at [/build/openjdk-8-S0Y16D/openjdk-8-8u422-b05/src/hotspot/src/share/vm/prims/jni.cpp, line 712]
Event: 409.928 Thread 0x00007f589008d000 Exception <a 'java/io/IOException'> (0x00000000ed6398e8) thrown at [/build/openjdk-8-S0Y16D/openjdk-8-8u422-b05/src/hotspot/src/share/vm/prims/jni.cpp, line 712]
Event: 411.744 Thread 0x00007f589008d000 Exception <a 'java/io/IOException'> (0x00000000ee429430) thrown at [/build/openjdk-8-S0Y16D/openjdk-8-8u422-b05/src/hotspot/src/share/vm/prims/jni.cpp, line 712]
Event: 411.745 Thread 0x00007f589008d000 Exception <a 'java/io/IOException'> (0x00000000ee4296f0) thrown at [/build/openjdk-8-S0Y16D/openjdk-8-8u422-b05/src/hotspot/src/share/vm/prims/jni.cpp, line 712]
Event: 411.745 Thread 0x00007f589008d000 Exception <a 'java/io/IOException'> (0x00000000ee429980) thrown at [/build/openjdk-8-S0Y16D/openjdk-8-8u422-b05/src/hotspot/src/share/vm/prims/jni.cpp, line 712]
Event: 411.942 Thread 0x00007f589008d000 Exception <a 'java/io/IOException'> (0x00000000ee59efd0) thrown at [/build/openjdk-8-S0Y16D/openjdk-8-8u422-b05/src/hotspot/src/share/vm/prims/jni.cpp, line 712]
Event: 411.943 Thread 0x00007f589008d000 Exception <a 'java/io/IOException'> (0x00000000ee59f290) thrown at [/build/openjdk-8-S0Y16D/openjdk-8-8u422-b05/src/hotspot/src/share/vm/prims/jni.cpp, line 712]
Event: 411.943 Thread 0x00007f589008d000 Exception <a 'java/io/IOException'> (0x00000000ee59f520) thrown at [/build/openjdk-8-S0Y16D/openjdk-8-8u422-b05/src/hotspot/src/share/vm/prims/jni.cpp, line 712]

Events (10 events):
Event: 411.745 Thread 0x00007f589008d000 DEOPT PACKING pc=0x00007f58c1599ee4 sp=0x00007f5884afc590
Event: 411.745 Thread 0x00007f589008d000 DEOPT UNPACKING pc=0x00007f58c10474c4 sp=0x00007f5884afc2a8 mode 1
Event: 411.754 Thread 0x00007f58d016f000 flushing nmethod 0x00007f58c134ae50
Event: 411.755 Thread 0x00007f58d016f000 flushing nmethod 0x00007f58c134dc10
Event: 411.942 Thread 0x00007f589008d000 DEOPT PACKING pc=0x00007f58c1241944 sp=0x00007f5884afc210
Event: 411.942 Thread 0x00007f589008d000 DEOPT UNPACKING pc=0x00007f58c10474c4 sp=0x00007f5884afbf58 mode 1
Event: 411.943 Thread 0x00007f589008d000 DEOPT PACKING pc=0x00007f58c1241944 sp=0x00007f5884afc280
Event: 411.943 Thread 0x00007f589008d000 DEOPT UNPACKING pc=0x00007f58c10474c4 sp=0x00007f5884afbfc8 mode 1
Event: 411.943 Thread 0x00007f589008d000 DEOPT PACKING pc=0x00007f58c1599ee4 sp=0x00007f5884afc4f0
Event: 411.943 Thread 0x00007f589008d000 DEOPT UNPACKING pc=0x00007f58c10474c4 sp=0x00007f5884afc208 mode 1


Dynamic libraries:
c3600000-c5600000 rw-p 00000000 00:00 0 
c5600000-ebd00000 ---p 00000000 00:00 0 
ebd00000-f4f00000 rw-p 00000000 00:00 0 
f4f00000-100000000 ---p 00000000 00:00 0 
100000000-1004c0000 rw-p 00000000 00:00 0 
1004c0000-140000000 ---p 00000000 00:00 0 
55f15079f000-55f1507a0000 r--p 00000000 08:05 2753198                    /usr/lib/jvm/java-8-openjdk-amd64/jre/bin/java
55f1507a0000-55f1507a1000 r-xp 00001000 08:05 2753198                    /usr/lib/jvm/java-8-openjdk-amd64/jre/bin/java
55f1507a1000-55f1507a2000 r--p 00002000 08:05 2753198                    /usr/lib/jvm/java-8-openjdk-amd64/jre/bin/java
55f1507a2000-55f1507a3000 r--p 00002000 08:05 2753198                    /usr/lib/jvm/java-8-openjdk-amd64/jre/bin/java
55f1507a3000-55f1507a4000 rw-p 00003000 08:05 2753198                    /usr/lib/jvm/java-8-openjdk-amd64/jre/bin/java
55f151807000-55f151850000 rw-p 00000000 00:00 0                          [heap]
7f5878ff2000-7f5878ff3000 ---p 00000000 00:00 0 
7f5878ff3000-7f58797f3000 rw-p 00000000 00:00 0 
7f58797f3000-7f58797f4000 ---p 00000000 00:00 0 
7f58797f4000-7f5879ff4000 rw-p 00000000 00:00 0 
7f587bff8000-7f587bff9000 ---p 00000000 00:00 0 
7f587bff9000-7f587c7f9000 rw-p 00000000 00:00 0 
7f587c7f9000-7f587c7fa000 ---p 00000000 00:00 0 
7f587c7fa000-7f587cffa000 rw-p 00000000 00:00 0 
7f587f300000-7f587f303000 ---p 00000000 00:00 0 
7f587f303000-7f587f400000 rw-p 00000000 00:00 0 
7f587f400000-7f587f403000 ---p 00000000 00:00 0 
7f587f403000-7f587f500000 rw-p 00000000 00:00 0 
7f587f500000-7f587f503000 ---p 00000000 00:00 0 
7f587f503000-7f587f600000 rw-p 00000000 00:00 0 
7f587f600000-7f587f603000 ---p 00000000 00:00 0 
7f587f603000-7f587f700000 rw-p 00000000 00:00 0 
7f587f700000-7f587f703000 ---p 00000000 00:00 0 
7f587f703000-7f587f800000 rw-p 00000000 00:00 0 
7f587f800000-7f587f803000 ---p 00000000 00:00 0 
7f587f803000-7f587fac0000 rw-p 00000000 00:00 0 
7f587fac0000-7f587fb00000 ---p 00000000 00:00 0 
7f587fb00000-7f587fb03000 ---p 00000000 00:00 0 
7f587fb03000-7f587fc00000 rw-p 00000000 00:00 0 
7f587fc00000-7f587fc03000 ---p 00000000 00:00 0 
7f587fc03000-7f587fd00000 rw-p 00000000 00:00 0 
7f587fd00000-7f587fd03000 ---p 00000000 00:00 0 
7f587fd03000-7f587fe00000 rw-p 00000000 00:00 0 
7f587fe00000-7f587fe03000 ---p 00000000 00:00 0 
7f587fe03000-7f587ff00000 rw-p 00000000 00:00 0 
7f587ff00000-7f587ff03000 ---p 00000000 00:00 0 
7f587ff03000-7f5880000000 rw-p 00000000 00:00 0 
7f5880000000-7f588005c000 rw-p 00000000 00:00 0 
7f588005c000-7f5884000000 ---p 00000000 00:00 0 
7f58840fe000-7f5884101000 ---p 00000000 00:00 0 
7f5884101000-7f58841fe000 rw-p 00000000 00:00 0 
7f58841fe000-7f5884201000 ---p 00000000 00:00 0 
7f5884201000-7f58842fe000 rw-p 00000000 00:00 0 
7f58842fe000-7f5884301000 ---p 00000000 00:00 0 
7f5884301000-7f58843fe000 rw-p 00000000 00:00 0 
7f58843fe000-7f5884401000 ---p 00000000 00:00 0 
7f5884401000-7f58846fe000 rw-p 00000000 00:00 0 
7f58846fe000-7f5884701000 ---p 00000000 00:00 0 
7f5884701000-7f58847fe000 rw-p 00000000 00:00 0 
7f58847fe000-7f5884801000 ---p 00000000 00:00 0 
7f5884801000-7f58848fe000 rw-p 00000000 00:00 0 
7f58848fe000-7f5884901000 ---p 00000000 00:00 0 
7f5884901000-7f58849fe000 rw-p 00000000 00:00 0 
7f58849fe000-7f5884a01000 ---p 00000000 00:00 0 
7f5884a01000-7f5884afe000 rw-p 00000000 00:00 0 
7f5884afe000-7f5884b01000 ---p 00000000 00:00 0 
7f5884b01000-7f5884bfe000 rw-p 00000000 00:00 0 
7f5884bfe000-7f5884c01000 ---p 00000000 00:00 0 
7f5884c01000-7f5884cfe000 rw-p 00000000 00:00 0 
7f5884cfe000-7f5884d01000 ---p 00000000 00:00 0 
7f5884d01000-7f5884dfe000 rw-p 00000000 00:00 0 
7f5884dfe000-7f5884e01000 ---p 00000000 00:00 0 
7f5884e01000-7f5884efe000 rw-p 00000000 00:00 0 
7f5884efe000-7f5884f01000 ---p 00000000 00:00 0 
7f5884f01000-7f58851fe000 rw-p 00000000 00:00 0 
7f58851fe000-7f58853fe000 rw-p 00000000 00:00 0 
7f58853fe000-7f58855fe000 rw-p 00000000 00:00 0 
7f58855fe000-7f58857fe000 rw-p 00000000 00:00 0 
7f58857fe000-7f58859fe000 rw-p 00000000 00:00 0 
7f58859fe000-7f5885bfe000 rw-p 00000000 00:00 0 
7f5885bfe000-7f5885dfe000 rw-p 00000000 00:00 0 
7f5885dfe000-7f5885ffe000 rw-p 00000000 00:00 0 
7f5885ffe000-7f5885fff000 ---p 00000000 00:00 0 
7f5885fff000-7f58867ff000 rw-p 00000000 00:00 0 
7f58867ff000-7f5886800000 ---p 00000000 00:00 0 
7f5886800000-7f5887000000 rw-p 00000000 00:00 0 
7f5887000000-7f5887b29000 r-xp 00000000 08:05 917908                     /tmp/librocksdbjni8061147950150361317.so
7f5887b29000-7f5887d28000 ---p 00b29000 08:05 917908                     /tmp/librocksdbjni8061147950150361317.so
7f5887d28000-7f5887d49000 r--p 00b28000 08:05 917908                     /tmp/librocksdbjni8061147950150361317.so
7f5887d49000-7f5887d57000 rw-p 00b49000 08:05 917908                     /tmp/librocksdbjni8061147950150361317.so
7f5887d57000-7f5887d5f000 rw-p 00000000 00:00 0 
7f5887d98000-7f5887d9f000 r--p 00000000 08:05 2753241                    /usr/lib/jvm/java-8-openjdk-amd64/jre/lib/amd64/libsunec.so
7f5887d9f000-7f5887db8000 r-xp 00007000 08:05 2753241                    /usr/lib/jvm/java-8-openjdk-amd64/jre/lib/amd64/libsunec.so
7f5887db8000-7f5887dc2000 r--p 00020000 08:05 2753241                    /usr/lib/jvm/java-8-openjdk-amd64/jre/lib/amd64/libsunec.so
7f5887dc2000-7f5887dc6000 r--p 00029000 08:05 2753241                    /usr/lib/jvm/java-8-openjdk-amd64/jre/lib/amd64/libsunec.so
7f5887dc6000-7f5887dc7000 rw-p 0002d000 08:05 2753241                    /usr/lib/jvm/java-8-openjdk-amd64/jre/lib/amd64/libsunec.so
7f5887dc7000-7f5887dca000 ---p 00000000 00:00 0 
7f5887dca000-7f5887ec7000 rw-p 00000000 00:00 0 
7f5887ec7000-7f5887eca000 ---p 00000000 00:00 0 
7f5887eca000-7f5887f00000 rw-p 00000000 00:00 0 
7f5887f00000-7f5887f03000 ---p 00000000 00:00 0 
7f5887f03000-7f5888000000 rw-p 00000000 00:00 0 
7f5888000000-7f5888021000 rw-p 00000000 00:00 0 
7f5888021000-7f588c000000 ---p 00000000 00:00 0 
7f588c000000-7f588c021000 rw-p 00000000 00:00 0 
7f588c021000-7f5890000000 ---p 00000000 00:00 0 
7f5890000000-7f58900dd000 rw-p 00000000 00:00 0 
7f58900dd000-7f5894000000 ---p 00000000 00:00 0 
7f5894000000-7f5894452000 rw-p 00000000 00:00 0 
7f5894452000-7f5898000000 ---p 00000000 00:00 0 
7f5898000000-7f589809b000 rw-p 00000000 00:00 0 
7f589809b000-7f589c000000 ---p 00000000 00:00 0 
7f589c000000-7f589c02b000 rw-p 00000000 00:00 0 
7f589c02b000-7f58a0000000 ---p 00000000 00:00 0 
7f58a0000000-7f58a0021000 rw-p 00000000 00:00 0 
7f58a0021000-7f58a4000000 ---p 00000000 00:00 0 
7f58a4000000-7f58a4197000 rw-p 00000000 00:00 0 
7f58a4197000-7f58a8000000 ---p 00000000 00:00 0 
7f58a8000000-7f58a8021000 rw-p 00000000 00:00 0 
7f58a8021000-7f58ac000000 ---p 00000000 00:00 0 
7f58ac000000-7f58ac021000 rw-p 00000000 00:00 0 
7f58ac021000-7f58b0000000 ---p 00000000 00:00 0 
7f58b0000000-7f58b0021000 rw-p 00000000 00:00 0 
7f58b0021000-7f58b4000000 ---p 00000000 00:00 0 
7f58b4000000-7f58b4167000 rw-p 00000000 00:00 0 
7f58b4167000-7f58b8000000 ---p 00000000 00:00 0 
7f58b8000000-7f58b802b000 rw-p 00000000 00:00 0 
7f58b802b000-7f58bc000000 ---p 00000000 00:00 0 
7f58bc024000-7f58bc026000 r--s 00016000 08:05 2753279                    /usr/lib/jvm/java-8-openjdk-amd64/jre/lib/jce.jar
7f58bc026000-7f58bc038000 r--s 0034c000 08:05 2753290                    /usr/lib/jvm/java-8-openjdk-amd64/jre/lib/resources.jar
7f58bc038000-7f58bc03b000 ---p 00000000 00:00 0 
7f58bc03b000-7f58bc138000 rw-p 00000000 00:00 0 
7f58bc138000-7f58bc13f000 r--s 00000000 08:05 2754531                    /usr/lib/x86_64-linux-gnu/gconv/gconv-modules.cache
7f58bc13f000-7f58bc161000 r--p 00000000 08:05 280879                     /usr/share/locale-langpack/zh_CN/LC_MESSAGES/libc.mo
7f58bc161000-7f58bc361000 rw-p 00000000 00:00 0 
7f58bc361000-7f58bc364000 ---p 00000000 00:00 0 
7f58bc364000-7f58bc461000 rw-p 00000000 00:00 0 
7f58bc461000-7f58bc464000 ---p 00000000 00:00 0 
7f58bc464000-7f58bc561000 rw-p 00000000 00:00 0 
7f58bc561000-7f58bc562000 ---p 00000000 00:00 0 
7f58bc562000-7f58bc662000 rw-p 00000000 00:00 0 
7f58bc662000-7f58bc665000 ---p 00000000 00:00 0 
7f58bc665000-7f58bc762000 rw-p 00000000 00:00 0 
7f58bc762000-7f58bc773000 r--s 001c5000 08:05 2753285                    /usr/lib/jvm/java-8-openjdk-amd64/jre/lib/jsse.jar
7f58bc773000-7f58bc776000 r--s 00023000 08:05 1966943                    /home/wj/下载/ideaIU-2024.2.1/idea-IU-242.21829.142/lib/idea_rt.jar
7f58bc776000-7f58bc780000 r--s 00064000 08:05 2102610                    /home/wj/.m2/repository/ch/qos/logback/logback-core/1.2.11/logback-core-1.2.11.jar
7f58bc780000-7f58bc787000 r--s 00041000 08:05 2260627                    /home/wj/.m2/repository/ch/qos/logback/logback-classic/1.2.6/logback-classic-1.2.6.jar
7f58bc787000-7f58bc789000 r--s 00009000 08:05 2102255                    /home/wj/.m2/repository/org/slf4j/slf4j-api/1.7.36/slf4j-api-1.7.36.jar
7f58bc789000-7f58bc790000 r--s 03a67000 08:05 2243741                    /home/wj/.m2/repository/org/rocksdb/rocksdbjni/8.8.1/rocksdbjni-8.8.1.jar
7f58bc790000-7f58bc797000 r--s 00054000 08:05 2243723                    /home/wj/.m2/repository/commons-codec/commons-codec/1.17.1/commons-codec-1.17.1.jar
7f58bc797000-7f58bc79f000 r--s 00072000 08:05 2102530                    /home/wj/.m2/repository/org/apache/commons/commons-lang3/3.7/commons-lang3-3.7.jar
7f58bc79f000-7f58bc7a0000 r--s 00003000 08:05 2102531                    /home/wj/.m2/repository/com/google/errorprone/error_prone_annotations/2.10.0/error_prone_annotations-2.10.0.jar
7f58bc7a0000-7f58bc7ac000 r--s 0002b000 08:05 2102526                    /home/wj/.m2/repository/org/checkerframework/checker-qual/3.19.0/checker-qual-3.19.0.jar
7f58bc7ac000-7f58bc7bd000 r--s 000ce000 08:05 2102522                    /home/wj/.m2/repository/com/github/ben-manes/caffeine/caffeine/2.9.3/caffeine-2.9.3.jar
7f58bc7bd000-7f58bc7c1000 r--s 00025000 08:05 2102515                    /home/wj/.m2/repository/net/dreamlu/tio-utils/3.8.4.v20220920-RELEASE/tio-utils-3.8.4.v20220920-RELEASE.jar
7f58bc7c1000-7f58bc7c5000 r--s 0002c000 08:05 2102487                    /home/wj/.m2/repository/net/dreamlu/tio-core/3.8.4.v20220920-RELEASE/tio-core-3.8.4.v20220920-RELEASE.jar
7f58bc7c5000-7f58bc7c6000 r--s 00005000 08:05 2104657                    /home/wj/.m2/repository/org/springframework/spring-jcl/5.3.17/spring-jcl-5.3.17.jar
7f58bc7c6000-7f58bc7e1000 r--s 0014f000 08:05 2104649                    /home/wj/.m2/repository/org/springframework/spring-core/5.3.17/spring-core-5.3.17.jar
7f58bc7e1000-7f58bc7e6000 r--s 00042000 08:05 2243158                    /home/wj/.m2/repository/org/springframework/spring-expression/5.3.17/spring-expression-5.3.17.jar
7f58bc7e6000-7f58bc802000 r--s 0011c000 08:05 2243159                    /home/wj/.m2/repository/org/springframework/spring-context/5.3.17/spring-context-5.3.17.jar
7f58bc802000-7f58bc80b000 r--s 00055000 08:05 2243154                    /home/wj/.m2/repository/org/springframework/spring-aop/5.3.17/spring-aop-5.3.17.jar
7f58bc80b000-7f58bc81e000 r--s 000e9000 08:05 2243212                    /home/wj/.m2/repository/org/springframework/spring-webmvc/5.3.17/spring-webmvc-5.3.17.jar
7f58bc81e000-7f58bc82b000 r--s 0009e000 08:05 2243155                    /home/wj/.m2/repository/org/springframework/spring-beans/5.3.17/spring-beans-5.3.17.jar
7f58bc82b000-7f58bc84a000 r--s 00172000 08:05 2243161                    /home/wj/.m2/repository/org/springframework/spring-web/5.3.17/spring-web-5.3.17.jar
7f58bc84a000-7f58bc850000 r--s 0003e000 08:05 2243210                    /home/wj/.m2/repository/org/apache/tomcat/embed/tomcat-embed-websocket/9.0.60/tomcat-embed-websocket-9.0.60.jar
7f58bc850000-7f58bc855000 r--s 0003a000 08:05 2243208                    /home/wj/.m2/repository/org/apache/tomcat/embed/tomcat-embed-el/9.0.60/tomcat-embed-el-9.0.60.jar
7f58bc855000-7f58bc87f000 r--s 00318000 08:05 2243206                    /home/wj/.m2/repository/org/apache/tomcat/embed/tomcat-embed-core/9.0.60/tomcat-embed-core-9.0.60.jar
7f58bc87f000-7f58bc880000 r--s 00001000 08:05 2243204                    /home/wj/.m2/repository/org/springframework/boot/spring-boot-starter-tomcat/2.6.5/spring-boot-starter-tomcat-2.6.5.jar
7f58bc880000-7f58bc882000 r--s 00001000 08:05 2104632                    /home/wj/.m2/repository/com/fasterxml/jackson/module/jackson-module-parameter-names/2.13.2/jackson-module-parameter-names-2.13.2.jar
7f58bc882000-7f58bc885000 r--s 0001b000 08:05 2243202                    /home/wj/.m2/repository/com/fasterxml/jackson/datatype/jackson-datatype-jsr310/2.13.2/jackson-datatype-jsr310-2.13.2.jar
7f58bc885000-7f58bc887000 r--s 00007000 08:05 2243198                    /home/wj/.m2/repository/com/fasterxml/jackson/datatype/jackson-datatype-jdk8/2.13.2/jackson-datatype-jdk8-2.13.2.jar
7f58bc887000-7f58bc88c000 r--s 00057000 08:05 2102426                    /home/wj/.m2/repository/com/fasterxml/jackson/core/jackson-core/2.13.2/jackson-core-2.13.2.jar
7f58bc88c000-7f58bc88f000 r--s 00010000 08:05 2102422                    /home/wj/.m2/repository/com/fasterxml/jackson/core/jackson-annotations/2.13.2/jackson-annotations-2.13.2.jar
7f58bc88f000-7f58bc8a6000 r--s 00160000 08:05 2102389                    /home/wj/.m2/repository/com/fasterxml/jackson/core/jackson-databind/2.13.2/jackson-databind-2.13.2.jar
7f58bc8a6000-7f58bc8a7000 r--s 00001000 08:05 2243200                    /home/wj/.m2/repository/org/springframework/boot/spring-boot-starter-json/2.6.5/spring-boot-starter-json-2.6.5.jar
7f58bc8a7000-7f58bc8a8000 r--s 00001000 08:05 2243164                    /home/wj/.m2/repository/org/springframework/boot/spring-boot-starter-web/2.6.5/spring-boot-starter-web-2.6.5.jar
7f58bc8a8000-7f58bc8ab000 r--s 0000b000 08:05 2102376                    /home/wj/.m2/repository/org/objenesis/objenesis/2.5.1/objenesis-2.5.1.jar
7f58bc8ab000-7f58bc8ac000 r--s 00001000 08:05 2102374                    /home/wj/.m2/repository/com/esotericsoftware/minlog/1.3.0/minlog-1.3.0.jar
7f58bc8ac000-7f58bc8ae000 r--s 0000c000 08:05 2102372                    /home/wj/.m2/repository/org/ow2/asm/asm/5.0.4/asm-5.0.4.jar
7f58bc8ae000-7f58bc8b0000 r--s 00004000 08:05 2102370                    /home/wj/.m2/repository/com/esotericsoftware/reflectasm/1.11.3/reflectasm-1.11.3.jar
7f58bc8b0000-7f58bc8b7000 r--s 0004c000 08:05 2102360                    /home/wj/.m2/repository/com/esotericsoftware/kryo/4.0.1/kryo-4.0.1.jar
7f58bc8b7000-7f58bc8d0000 r--s 001c4000 08:05 2243170                    /home/wj/.m2/repository/org/projectlombok/lombok/1.18.22/lombok-1.18.22.jar
7f58bc8d0000-7f58bc8d7000 r--s 0004a000 08:05 2243218                    /home/wj/.m2/repository/org/yaml/snakeyaml/1.29/snakeyaml-1.29.jar
7f58bc8d7000-7f58bc8d9000 r--s 00005000 08:05 2102562                    /home/wj/.m2/repository/jakarta/annotation/jakarta.annotation-api/1.3.5/jakarta.annotation-api-1.3.5.jar
7f58bc8d9000-7f58bc8db000 r--s 00000000 08:05 2102616                    /home/wj/.m2/repository/org/slf4j/jul-to-slf4j/1.7.36/jul-to-slf4j-1.7.36.jar
7f58bc8db000-7f58bc8e1000 r--s 00044000 08:05 2102614                    /home/wj/.m2/repository/org/apache/logging/log4j/log4j-api/2.17.2/log4j-api-2.17.2.jar
7f58bc8e1000-7f58bc8e3000 r--s 00003000 08:05 2102612                    /home/wj/.m2/repository/org/apache/logging/log4j/log4j-to-slf4j/2.17.2/log4j-to-slf4j-2.17.2.jar
7f58bc8e3000-7f58bc8e4000 r--s 00001000 08:05 2243216                    /home/wj/.m2/repository/org/springframework/boot/spring-boot-starter-logging/2.6.5/spring-boot-starter-logging-2.6.5.jar
7f58bc8e4000-7f58bc911000 r--s 00162000 08:05 2243178                    /home/wj/.m2/repository/org/springframework/boot/spring-boot-autoconfigure/2.6.5/spring-boot-autoconfigure-2.6.5.jar
7f58bc911000-7f58bc92f000 r--s 0013e000 08:05 2243173                    /home/wj/.m2/repository/org/springframework/boot/spring-boot/2.6.5/spring-boot-2.6.5.jar
7f58bc92f000-7f58bc930000 r--s 00001000 08:05 2243168                    /home/wj/.m2/repository/org/springframework/boot/spring-boot-starter/2.6.5/spring-boot-starter-2.6.5.jar
7f58bc930000-7f58bc931000 r--s 00000000 08:05 2753288                    /usr/lib/jvm/java-8-openjdk-amd64/jre/lib/management-agent.jar
7f58bc931000-7f58bc934000 r--s 0000f000 08:05 2753261                    /usr/lib/jvm/java-8-openjdk-amd64/jre/lib/ext/icedtea-sound.jar
7f58bc934000-7f58bc937000 r--s 00042000 08:05 2753267                    /usr/lib/jvm/java-8-openjdk-amd64/jre/lib/ext/sunpkcs11.jar
7f58bc937000-7f58bc939000 r--s 00001000 08:05 2753260                    /usr/lib/jvm/java-8-openjdk-amd64/jre/lib/ext/dnsns.jar
7f58bc939000-7f58bc93b000 r--s 00008000 08:05 2753265                    /usr/lib/jvm/java-8-openjdk-amd64/jre/lib/ext/sunec.jar
7f58bc93b000-7f58bc957000 r--s 00394000 08:05 2753259                    /usr/lib/jvm/java-8-openjdk-amd64/jre/lib/ext/cldrdata.jar
7f58bc957000-7f58bc961000 r--s 00117000 08:05 2753263                    /usr/lib/jvm/java-8-openjdk-amd64/jre/lib/ext/localedata.jar
7f58bc961000-7f58bc967000 r--s 0003e000 08:05 2753266                    /usr/lib/jvm/java-8-openjdk-amd64/jre/lib/ext/sunjce_provider.jar
7f58bc967000-7f58bc969000 r--s 00010000 08:05 2753268                    /usr/lib/jvm/java-8-openjdk-amd64/jre/lib/ext/zipfs.jar
7f58bc969000-7f58bc984000 r--s 001d6000 08:05 2753264                    /usr/lib/jvm/java-8-openjdk-amd64/jre/lib/ext/nashorn.jar
7f58bc984000-7f58bc986000 r--s 0000c000 08:05 2888732                    /usr/share/java/java-atk-wrapper.jar
7f58bc986000-7f58bc98d000 r--p 00000000 08:05 2753237                    /usr/lib/jvm/java-8-openjdk-amd64/jre/lib/amd64/libnio.so
7f58bc98d000-7f58bc996000 r-xp 00007000 08:05 2753237                    /usr/lib/jvm/java-8-openjdk-amd64/jre/lib/amd64/libnio.so
7f58bc996000-7f58bc999000 r--p 00010000 08:05 2753237                    /usr/lib/jvm/java-8-openjdk-amd64/jre/lib/amd64/libnio.so
7f58bc999000-7f58bc99a000 r--p 00012000 08:05 2753237                    /usr/lib/jvm/java-8-openjdk-amd64/jre/lib/amd64/libnio.so
7f58bc99a000-7f58bc99b000 rw-p 00013000 08:05 2753237                    /usr/lib/jvm/java-8-openjdk-amd64/jre/lib/amd64/libnio.so
7f58bc99b000-7f58bc99f000 r--p 00000000 08:05 2753234                    /usr/lib/jvm/java-8-openjdk-amd64/jre/lib/amd64/libmanagement.so
7f58bc99f000-7f58bc9a3000 r-xp 00004000 08:05 2753234                    /usr/lib/jvm/java-8-openjdk-amd64/jre/lib/amd64/libmanagement.so
7f58bc9a3000-7f58bc9a5000 r--p 00008000 08:05 2753234                    /usr/lib/jvm/java-8-openjdk-amd64/jre/lib/amd64/libmanagement.so
7f58bc9a5000-7f58bc9a6000 r--p 00009000 08:05 2753234                    /usr/lib/jvm/java-8-openjdk-amd64/jre/lib/amd64/libmanagement.so
7f58bc9a6000-7f58bc9a7000 rw-p 0000a000 08:05 2753234                    /usr/lib/jvm/java-8-openjdk-amd64/jre/lib/amd64/libmanagement.so
7f58bc9a7000-7f58bc9ac000 r--p 00000000 08:05 2753236                    /usr/lib/jvm/java-8-openjdk-amd64/jre/lib/amd64/libnet.so
7f58bc9ac000-7f58bc9bd000 r-xp 00005000 08:05 2753236                    /usr/lib/jvm/java-8-openjdk-amd64/jre/lib/amd64/libnet.so
7f58bc9bd000-7f58bc9c1000 r--p 00016000 08:05 2753236                    /usr/lib/jvm/java-8-openjdk-amd64/jre/lib/amd64/libnet.so
7f58bc9c1000-7f58bc9c2000 r--p 00019000 08:05 2753236                    /usr/lib/jvm/java-8-openjdk-amd64/jre/lib/amd64/libnet.so
7f58bc9c2000-7f58bc9c3000 rw-p 0001a000 08:05 2753236                    /usr/lib/jvm/java-8-openjdk-amd64/jre/lib/amd64/libnet.so
7f58bc9c3000-7f58bc9c6000 ---p 00000000 00:00 0 
7f58bc9c6000-7f58bcac3000 rw-p 00000000 00:00 0 
7f58bcac3000-7f58bcac4000 ---p 00000000 00:00 0 
7f58bcac4000-7f58bcac7000 ---p 00000000 00:00 0 
7f58bcac7000-7f58bcbc4000 rw-p 00000000 00:00 0 
7f58bcbc4000-7f58bcbc5000 ---p 00000000 00:00 0 
7f58bcbc5000-7f58bcbc8000 ---p 00000000 00:00 0 
7f58bcbc8000-7f58bccc5000 rw-p 00000000 00:00 0 
7f58bccc5000-7f58bcccc000 r--s 000d3000 08:05 2753284                    /usr/lib/jvm/java-8-openjdk-amd64/jre/lib/jfr.jar
7f58bcccc000-7f58bccd2000 r--s 000fa000 08:05 1849657                    /home/wj/下载/ideaIU-2024.2.1/idea-IU-242.21829.142/plugins/java/lib/rt/debugger-agent.jar
7f58bccd2000-7f58bccd5000 ---p 00000000 00:00 0 
7f58bccd5000-7f58bcdd2000 rw-p 00000000 00:00 0 
7f58bcdd2000-7f58bcdd5000 ---p 00000000 00:00 0 
7f58bcdd5000-7f58bced2000 rw-p 00000000 00:00 0 
7f58bced2000-7f58bced5000 ---p 00000000 00:00 0 
7f58bced5000-7f58bcfd2000 rw-p 00000000 00:00 0 
7f58bcfd2000-7f58bcfd5000 ---p 00000000 00:00 0 
7f58bcfd5000-7f58bd0d2000 rw-p 00000000 00:00 0 
7f58bd0d2000-7f58bd0d5000 ---p 00000000 00:00 0 
7f58bd0d5000-7f58bd1d2000 rw-p 00000000 00:00 0 
7f58bd1d2000-7f58bd1d5000 ---p 00000000 00:00 0 
7f58bd1d5000-7f58bd2d2000 rw-p 00000000 00:00 0 
7f58bd2d2000-7f58bd2d3000 ---p 00000000 00:00 0 
7f58bd2d3000-7f58bdd2a000 rw-p 00000000 00:00 0 
7f58bdd2a000-7f58bdefc000 r--s 03ccc000 08:05 2753291                    /usr/lib/jvm/java-8-openjdk-amd64/jre/lib/rt.jar
7f58bdefc000-7f58c0815000 rw-p 00000000 00:00 0 
7f58c0815000-7f58c0816000 ---p 00000000 00:00 0 
7f58c0816000-7f58c0926000 rw-p 00000000 00:00 0 
7f58c0926000-7f58c0a5a000 ---p 00000000 00:00 0 
7f58c0a5a000-7f58c0a6a000 rw-p 00000000 00:00 0 
7f58c0a6a000-7f58c0b9d000 ---p 00000000 00:00 0 
7f58c0b9d000-7f58c0be7000 rw-p 00000000 00:00 0 
7f58c0be7000-7f58c0c3f000 ---p 00000000 00:00 0 
7f58c0c3f000-7f58c0c5b000 rw-p 00000000 00:00 0 
7f58c0c5b000-7f58c1000000 ---p 00000000 00:00 0 
7f58c1000000-7f58c16c0000 rwxp 00000000 00:00 0 
7f58c16c0000-7f58d0000000 ---p 00000000 00:00 0 
7f58d0000000-7f58d0e81000 rw-p 00000000 00:00 0 
7f58d0e81000-7f58d4000000 ---p 00000000 00:00 0 
7f58d4000000-7f58d4001000 r--s 0000a000 08:05 2753262                    /usr/lib/jvm/java-8-openjdk-amd64/jre/lib/ext/jaccess.jar
7f58d4001000-7f58d4002000 ---p 00000000 00:00 0 
7f58d4002000-7f58d4102000 rw-p 00000000 00:00 0 
7f58d4102000-7f58d4105000 r--p 00000000 08:05 2753244                    /usr/lib/jvm/java-8-openjdk-amd64/jre/lib/amd64/libzip.so
7f58d4105000-7f58d410a000 r-xp 00003000 08:05 2753244                    /usr/lib/jvm/java-8-openjdk-amd64/jre/lib/amd64/libzip.so
7f58d410a000-7f58d410c000 r--p 00008000 08:05 2753244                    /usr/lib/jvm/java-8-openjdk-amd64/jre/lib/amd64/libzip.so
7f58d410c000-7f58d410d000 r--p 00009000 08:05 2753244                    /usr/lib/jvm/java-8-openjdk-amd64/jre/lib/amd64/libzip.so
7f58d410d000-7f58d410e000 rw-p 0000a000 08:05 2753244                    /usr/lib/jvm/java-8-openjdk-amd64/jre/lib/amd64/libzip.so
7f58d410e000-7f58d4116000 rw-s 00000000 08:05 917546                     /tmp/hsperfdata_wj/835176
7f58d4116000-7f58d4118000 r--p 00000000 08:05 2753220                    /usr/lib/jvm/java-8-openjdk-amd64/jre/lib/amd64/libinstrument.so
7f58d4118000-7f58d411f000 r-xp 00002000 08:05 2753220                    /usr/lib/jvm/java-8-openjdk-amd64/jre/lib/amd64/libinstrument.so
7f58d411f000-7f58d4122000 r--p 00009000 08:05 2753220                    /usr/lib/jvm/java-8-openjdk-amd64/jre/lib/amd64/libinstrument.so
7f58d4122000-7f58d4123000 r--p 0000b000 08:05 2753220                    /usr/lib/jvm/java-8-openjdk-amd64/jre/lib/amd64/libinstrument.so
7f58d4123000-7f58d4124000 rw-p 0000c000 08:05 2753220                    /usr/lib/jvm/java-8-openjdk-amd64/jre/lib/amd64/libinstrument.so
7f58d4124000-7f58d499c000 r--p 00000000 08:05 2623780                    /usr/lib/locale/locale-archive
7f58d499c000-7f58d499e000 r--p 00000000 08:05 2753230                    /usr/lib/jvm/java-8-openjdk-amd64/jre/lib/amd64/libjdwp.so
7f58d499e000-7f58d49ca000 r-xp 00002000 08:05 2753230                    /usr/lib/jvm/java-8-openjdk-amd64/jre/lib/amd64/libjdwp.so
7f58d49ca000-7f58d49d7000 r--p 0002e000 08:05 2753230                    /usr/lib/jvm/java-8-openjdk-amd64/jre/lib/amd64/libjdwp.so
7f58d49d7000-7f58d49d8000 r--p 0003a000 08:05 2753230                    /usr/lib/jvm/java-8-openjdk-amd64/jre/lib/amd64/libjdwp.so
7f58d49d8000-7f58d49d9000 rw-p 0003b000 08:05 2753230                    /usr/lib/jvm/java-8-openjdk-amd64/jre/lib/amd64/libjdwp.so
7f58d49d9000-7f58d49e6000 r--p 00000000 08:05 2753225                    /usr/lib/jvm/java-8-openjdk-amd64/jre/lib/amd64/libjava.so
7f58d49e6000-7f58d49fe000 r-xp 0000d000 08:05 2753225                    /usr/lib/jvm/java-8-openjdk-amd64/jre/lib/amd64/libjava.so
7f58d49fe000-7f58d4a05000 r--p 00025000 08:05 2753225                    /usr/lib/jvm/java-8-openjdk-amd64/jre/lib/amd64/libjava.so
7f58d4a05000-7f58d4a06000 r--p 0002b000 08:05 2753225                    /usr/lib/jvm/java-8-openjdk-amd64/jre/lib/amd64/libjava.so
7f58d4a06000-7f58d4a08000 rw-p 0002c000 08:05 2753225                    /usr/lib/jvm/java-8-openjdk-amd64/jre/lib/amd64/libjava.so
7f58d4a08000-7f58d4a0d000 r--p 00000000 08:05 2753243                    /usr/lib/jvm/java-8-openjdk-amd64/jre/lib/amd64/libverify.so
7f58d4a0d000-7f58d4a16000 r-xp 00005000 08:05 2753243                    /usr/lib/jvm/java-8-openjdk-amd64/jre/lib/amd64/libverify.so
7f58d4a16000-7f58d4a18000 r--p 0000e000 08:05 2753243                    /usr/lib/jvm/java-8-openjdk-amd64/jre/lib/amd64/libverify.so
7f58d4a18000-7f58d4a1a000 r--p 0000f000 08:05 2753243                    /usr/lib/jvm/java-8-openjdk-amd64/jre/lib/amd64/libverify.so
7f58d4a1a000-7f58d4a1b000 rw-p 00011000 08:05 2753243                    /usr/lib/jvm/java-8-openjdk-amd64/jre/lib/amd64/libverify.so
7f58d4a1b000-7f58d4a1c000 r--p 00000000 08:05 2623930                    /usr/lib/x86_64-linux-gnu/librt.so.1
7f58d4a1c000-7f58d4a1d000 r-xp 00001000 08:05 2623930                    /usr/lib/x86_64-linux-gnu/librt.so.1
7f58d4a1d000-7f58d4a1e000 r--p 00002000 08:05 2623930                    /usr/lib/x86_64-linux-gnu/librt.so.1
7f58d4a1e000-7f58d4a1f000 r--p 00002000 08:05 2623930                    /usr/lib/x86_64-linux-gnu/librt.so.1
7f58d4a1f000-7f58d4a20000 rw-p 00003000 08:05 2623930                    /usr/lib/x86_64-linux-gnu/librt.so.1
7f58d4a20000-7f58d4a21000 ---p 00000000 00:00 0 
7f58d4a21000-7f58d4a24000 ---p 00000000 00:00 0 
7f58d4a24000-7f58d4b21000 rw-p 00000000 00:00 0 
7f58d4b21000-7f58d4b24000 r--p 00000000 08:05 2623667                    /usr/lib/x86_64-linux-gnu/libgcc_s.so.1
7f58d4b24000-7f58d4b36000 r-xp 00003000 08:05 2623667                    /usr/lib/x86_64-linux-gnu/libgcc_s.so.1
7f58d4b36000-7f58d4b3a000 r--p 00015000 08:05 2623667                    /usr/lib/x86_64-linux-gnu/libgcc_s.so.1
7f58d4b3a000-7f58d4b3b000 r--p 00018000 08:05 2623667                    /usr/lib/x86_64-linux-gnu/libgcc_s.so.1
7f58d4b3b000-7f58d4b3c000 rw-p 00019000 08:05 2623667                    /usr/lib/x86_64-linux-gnu/libgcc_s.so.1
7f58d4b3c000-7f58d4b4a000 r--p 00000000 08:05 2623910                    /usr/lib/x86_64-linux-gnu/libm.so.6
7f58d4b4a000-7f58d4bc6000 r-xp 0000e000 08:05 2623910                    /usr/lib/x86_64-linux-gnu/libm.so.6
7f58d4bc6000-7f58d4c21000 r--p 0008a000 08:05 2623910                    /usr/lib/x86_64-linux-gnu/libm.so.6
7f58d4c21000-7f58d4c22000 r--p 000e4000 08:05 2623910                    /usr/lib/x86_64-linux-gnu/libm.so.6
7f58d4c22000-7f58d4c23000 rw-p 000e5000 08:05 2623910                    /usr/lib/x86_64-linux-gnu/libm.so.6
7f58d4c23000-7f58d4cb9000 r--p 00000000 08:05 2623640                    /usr/lib/x86_64-linux-gnu/libstdc++.so.6.0.28
7f58d4cb9000-7f58d4daa000 r-xp 00096000 08:05 2623640                    /usr/lib/x86_64-linux-gnu/libstdc++.so.6.0.28
7f58d4daa000-7f58d4df3000 r--p 00187000 08:05 2623640                    /usr/lib/x86_64-linux-gnu/libstdc++.so.6.0.28
7f58d4df3000-7f58d4df4000 ---p 001d0000 08:05 2623640                    /usr/lib/x86_64-linux-gnu/libstdc++.so.6.0.28
7f58d4df4000-7f58d4dff000 r--p 001d0000 08:05 2623640                    /usr/lib/x86_64-linux-gnu/libstdc++.so.6.0.28
7f58d4dff000-7f58d4e02000 rw-p 001db000 08:05 2623640                    /usr/lib/x86_64-linux-gnu/libstdc++.so.6.0.28
7f58d4e02000-7f58d4e05000 rw-p 00000000 00:00 0 
7f58d4e05000-7f58d4ffb000 r--p 00000000 08:05 2753247                    /usr/lib/jvm/java-8-openjdk-amd64/jre/lib/amd64/server/libjvm.so
7f58d4ffb000-7f58d5967000 r-xp 001f6000 08:05 2753247                    /usr/lib/jvm/java-8-openjdk-amd64/jre/lib/amd64/server/libjvm.so
7f58d5967000-7f58d5b1a000 r--p 00b62000 08:05 2753247                    /usr/lib/jvm/java-8-openjdk-amd64/jre/lib/amd64/server/libjvm.so
7f58d5b1a000-7f58d5bb0000 r--p 00d14000 08:05 2753247                    /usr/lib/jvm/java-8-openjdk-amd64/jre/lib/amd64/server/libjvm.so
7f58d5bb0000-7f58d5bd9000 rw-p 00daa000 08:05 2753247                    /usr/lib/jvm/java-8-openjdk-amd64/jre/lib/amd64/server/libjvm.so
7f58d5bd9000-7f58d5c10000 rw-p 00000000 00:00 0 
7f58d5c10000-7f58d5c38000 r--p 00000000 08:05 2623905                    /usr/lib/x86_64-linux-gnu/libc.so.6
7f58d5c38000-7f58d5dcd000 r-xp 00028000 08:05 2623905                    /usr/lib/x86_64-linux-gnu/libc.so.6
7f58d5dcd000-7f58d5e25000 r--p 001bd000 08:05 2623905                    /usr/lib/x86_64-linux-gnu/libc.so.6
7f58d5e25000-7f58d5e29000 r--p 00214000 08:05 2623905                    /usr/lib/x86_64-linux-gnu/libc.so.6
7f58d5e29000-7f58d5e2b000 rw-p 00218000 08:05 2623905                    /usr/lib/x86_64-linux-gnu/libc.so.6
7f58d5e2b000-7f58d5e38000 rw-p 00000000 00:00 0 
7f58d5e38000-7f58d5e39000 r--p 00000000 08:05 2623908                    /usr/lib/x86_64-linux-gnu/libdl.so.2
7f58d5e39000-7f58d5e3a000 r-xp 00001000 08:05 2623908                    /usr/lib/x86_64-linux-gnu/libdl.so.2
7f58d5e3a000-7f58d5e3b000 r--p 00002000 08:05 2623908                    /usr/lib/x86_64-linux-gnu/libdl.so.2
7f58d5e3b000-7f58d5e3c000 r--p 00002000 08:05 2623908                    /usr/lib/x86_64-linux-gnu/libdl.so.2
7f58d5e3c000-7f58d5e3d000 rw-p 00003000 08:05 2623908                    /usr/lib/x86_64-linux-gnu/libdl.so.2
7f58d5e3d000-7f58d5e40000 r--p 00000000 08:05 2753211                    /usr/lib/jvm/java-8-openjdk-amd64/jre/lib/amd64/jli/libjli.so
7f58d5e40000-7f58d5e4a000 r-xp 00003000 08:05 2753211                    /usr/lib/jvm/java-8-openjdk-amd64/jre/lib/amd64/jli/libjli.so
7f58d5e4a000-7f58d5e4d000 r--p 0000d000 08:05 2753211                    /usr/lib/jvm/java-8-openjdk-amd64/jre/lib/amd64/jli/libjli.so
7f58d5e4d000-7f58d5e4e000 r--p 0000f000 08:05 2753211                    /usr/lib/jvm/java-8-openjdk-amd64/jre/lib/amd64/jli/libjli.so
7f58d5e4e000-7f58d5e4f000 rw-p 00010000 08:05 2753211                    /usr/lib/jvm/java-8-openjdk-amd64/jre/lib/amd64/jli/libjli.so
7f58d5e4f000-7f58d5e51000 r--p 00000000 08:05 2628913                    /usr/lib/x86_64-linux-gnu/libz.so.1.2.11
7f58d5e51000-7f58d5e62000 r-xp 00002000 08:05 2628913                    /usr/lib/x86_64-linux-gnu/libz.so.1.2.11
7f58d5e62000-7f58d5e68000 r--p 00013000 08:05 2628913                    /usr/lib/x86_64-linux-gnu/libz.so.1.2.11
7f58d5e68000-7f58d5e69000 ---p 00019000 08:05 2628913                    /usr/lib/x86_64-linux-gnu/libz.so.1.2.11
7f58d5e69000-7f58d5e6a000 r--p 00019000 08:05 2628913                    /usr/lib/x86_64-linux-gnu/libz.so.1.2.11
7f58d5e6a000-7f58d5e6b000 rw-p 0001a000 08:05 2628913                    /usr/lib/x86_64-linux-gnu/libz.so.1.2.11
7f58d5e6b000-7f58d5e6c000 r--p 00000000 08:05 2623926                    /usr/lib/x86_64-linux-gnu/libpthread.so.0
7f58d5e6c000-7f58d5e6d000 r-xp 00001000 08:05 2623926                    /usr/lib/x86_64-linux-gnu/libpthread.so.0
7f58d5e6d000-7f58d5e6e000 r--p 00002000 08:05 2623926                    /usr/lib/x86_64-linux-gnu/libpthread.so.0
7f58d5e6e000-7f58d5e6f000 r--p 00002000 08:05 2623926                    /usr/lib/x86_64-linux-gnu/libpthread.so.0
7f58d5e6f000-7f58d5e70000 rw-p 00003000 08:05 2623926                    /usr/lib/x86_64-linux-gnu/libpthread.so.0
7f58d5e70000-7f58d5e72000 r--p 00000000 08:05 2753217                    /usr/lib/jvm/java-8-openjdk-amd64/jre/lib/amd64/libdt_socket.so
7f58d5e72000-7f58d5e74000 r-xp 00002000 08:05 2753217                    /usr/lib/jvm/java-8-openjdk-amd64/jre/lib/amd64/libdt_socket.so
7f58d5e74000-7f58d5e75000 r--p 00004000 08:05 2753217                    /usr/lib/jvm/java-8-openjdk-amd64/jre/lib/amd64/libdt_socket.so
7f58d5e75000-7f58d5e76000 r--p 00004000 08:05 2753217                    /usr/lib/jvm/java-8-openjdk-amd64/jre/lib/amd64/libdt_socket.so
7f58d5e76000-7f58d5e77000 rw-p 00005000 08:05 2753217                    /usr/lib/jvm/java-8-openjdk-amd64/jre/lib/amd64/libdt_socket.so
7f58d5e77000-7f58d5e78000 r--p 00000000 08:05 2753238                    /usr/lib/jvm/java-8-openjdk-amd64/jre/lib/amd64/libnpt.so
7f58d5e78000-7f58d5e7a000 r-xp 00001000 08:05 2753238                    /usr/lib/jvm/java-8-openjdk-amd64/jre/lib/amd64/libnpt.so
7f58d5e7a000-7f58d5e7b000 r--p 00003000 08:05 2753238                    /usr/lib/jvm/java-8-openjdk-amd64/jre/lib/amd64/libnpt.so
7f58d5e7b000-7f58d5e7c000 r--p 00003000 08:05 2753238                    /usr/lib/jvm/java-8-openjdk-amd64/jre/lib/amd64/libnpt.so
7f58d5e7c000-7f58d5e7d000 rw-p 00004000 08:05 2753238                    /usr/lib/jvm/java-8-openjdk-amd64/jre/lib/amd64/libnpt.so
7f58d5e7d000-7f58d5e80000 rw-p 00000000 00:00 0 
7f58d5e80000-7f58d5e82000 r--p 00000000 08:05 2622080                    /usr/lib/x86_64-linux-gnu/ld-linux-x86-64.so.2
7f58d5e82000-7f58d5eac000 r-xp 00002000 08:05 2622080                    /usr/lib/x86_64-linux-gnu/ld-linux-x86-64.so.2
7f58d5eac000-7f58d5eb7000 r--p 0002c000 08:05 2622080                    /usr/lib/x86_64-linux-gnu/ld-linux-x86-64.so.2
7f58d5eb7000-7f58d5eb8000 r--p 00000000 00:00 0 
7f58d5eb8000-7f58d5eba000 r--p 00037000 08:05 2622080                    /usr/lib/x86_64-linux-gnu/ld-linux-x86-64.so.2
7f58d5eba000-7f58d5ebc000 rw-p 00039000 08:05 2622080                    /usr/lib/x86_64-linux-gnu/ld-linux-x86-64.so.2
7ffe06898000-7ffe068bb000 rw-p 00000000 00:00 0                          [stack]
7ffe0697b000-7ffe0697f000 r--p 00000000 00:00 0                          [vvar]
7ffe0697f000-7ffe06981000 r-xp 00000000 00:00 0                          [vdso]
ffffffffff600000-ffffffffff601000 --xp 00000000 00:00 0                  [vsyscall]

VM Arguments:
jvm_args: -agentlib:jdwp=transport=dt_socket,address=127.0.0.1:45633,suspend=y,server=n -XX:TieredStopAtLevel=1 -Xverify:none -Dspring.output.ansi.enabled=always -Dcom.sun.management.jmxremote -Dspring.jmx.enabled=true -Dspring.liveBeansView.mbeanDomain -Dspring.application.admin.enabled=true -Dmanagement.endpoints.jmx.exposure.include=* -javaagent:/home/wj/下载/ideaIU-2024.2.1/idea-IU-242.21829.142/plugins/java/lib/rt/debugger-agent.jar -Dkotlinx.coroutines.debug.enable.creation.stack.trace=false -Ddebugger.agent.enable.coroutines=true -Dfile.encoding=UTF-8 
java_command: com.example.MinerApplication genesis -repo=./data/genesis --spring.config.location=./data/genesis/node.properties
java_class_path (initial): /usr/lib/jvm/java-1.8.0-openjdk-amd64/jre/lib/charsets.jar:/usr/lib/jvm/java-1.8.0-openjdk-amd64/jre/lib/ext/cldrdata.jar:/usr/lib/jvm/java-1.8.0-openjdk-amd64/jre/lib/ext/dnsns.jar:/usr/lib/jvm/java-1.8.0-openjdk-amd64/jre/lib/ext/icedtea-sound.jar:/usr/lib/jvm/java-1.8.0-openjdk-amd64/jre/lib/ext/jaccess.jar:/usr/lib/jvm/java-1.8.0-openjdk-amd64/jre/lib/ext/java-atk-wrapper.jar:/usr/lib/jvm/java-1.8.0-openjdk-amd64/jre/lib/ext/localedata.jar:/usr/lib/jvm/java-1.8.0-openjdk-amd64/jre/lib/ext/nashorn.jar:/usr/lib/jvm/java-1.8.0-openjdk-amd64/jre/lib/ext/sunec.jar:/usr/lib/jvm/java-1.8.0-openjdk-amd64/jre/lib/ext/sunjce_provider.jar:/usr/lib/jvm/java-1.8.0-openjdk-amd64/jre/lib/ext/sunpkcs11.jar:/usr/lib/jvm/java-1.8.0-openjdk-amd64/jre/lib/ext/zipfs.jar:/usr/lib/jvm/java-1.8.0-openjdk-amd64/jre/lib/jce.jar:/usr/lib/jvm/java-1.8.0-openjdk-amd64/jre/lib/jfr.jar:/usr/lib/jvm/java-1.8.0-openjdk-amd64/jre/lib/jsse.jar:/usr/lib/jvm/java-1.8.0-openjdk-amd64/jre/lib/management-agent.jar:/usr/lib/jvm/java-1.8.0-openjdk-amd64/jre/lib/resources.jar:/usr/lib/jvm/java-1.8.0-openjdk-amd64/jre/lib/rt.jar:/home/wj/pofChain/pof-miner/target/classes:/home/wj/pofChain/pof-base/target/classes:/home/wj/.m2/repository/org/springframework/boot/spring-boot-starter/2.6.5/spring-boot-starter-2.6.5.jar:/home/wj/.m2/repository/org/springframework/boot/spring-boot/2.6.5/spring-boot-2.6.5.jar:/home/wj/.m2/repository/org/springframework/boot/spring-boot-autoconfigure/2.6.5/spring-boot-autoconfigure-2.6.5.jar:/home/wj/.m2/repository/org/springframework/boot/spring-boot-starter-logging/2.6.5/spring-boot-starter-logging-2.6.5.jar:/home/wj/.m2/repository/org/apache/logging/log4j/log4j-to-slf4j/2.17.2/log4j-to-slf4j-2.17.2.jar:/home/wj/.m2/repository/org/apache/logging/log4j/log4j-api/2.17.2/log4j-api-2.17.2.jar:/home/wj/.m2/repository/org/slf4j/jul-to-slf4j/1.7.36/jul-to-slf4j-1.7.36.jar:/home/wj/.m2/repository/jakarta/annotation/jakarta.annotation-api/1.3.5/jakarta.annot
Launcher Type: SUN_STANDARD

Environment Variables:
PATH=/usr/local/sbin:/usr/local/bin:/usr/sbin:/usr/bin:/sbin:/bin:/usr/games:/usr/local/games:/snap/bin
USERNAME=wj
SHELL=/bin/bash
DISPLAY=:0

Signal Handlers:
SIGSEGV: [libjvm.so+0xb3b520], sa_mask[0]=11111111011111111101111111111110, sa_flags=SA_RESTART|SA_SIGINFO
SIGBUS: [libjvm.so+0xb3b520], sa_mask[0]=11111111011111111101111111111110, sa_flags=SA_RESTART|SA_SIGINFO
SIGFPE: [libjvm.so+0x97e510], sa_mask[0]=11111111011111111101111111111110, sa_flags=SA_RESTART|SA_SIGINFO
SIGPIPE: [libjvm.so+0x97e510], sa_mask[0]=11111111011111111101111111111110, sa_flags=SA_RESTART|SA_SIGINFO
SIGXFSZ: [libjvm.so+0x97e510], sa_mask[0]=11111111011111111101111111111110, sa_flags=SA_RESTART|SA_SIGINFO
SIGILL: [libjvm.so+0x97e510], sa_mask[0]=11111111011111111101111111111110, sa_flags=SA_RESTART|SA_SIGINFO
SIGUSR1: SIG_DFL, sa_mask[0]=00000000000000000000000000000000, sa_flags=none
SIGUSR2: [libjvm.so+0x97e840], sa_mask[0]=00000000000000000000000000000000, sa_flags=SA_RESTART|SA_SIGINFO
SIGHUP: [libjvm.so+0x97e790], sa_mask[0]=11111111011111111101111111111110, sa_flags=SA_RESTART|SA_SIGINFO
SIGINT: [libjvm.so+0x97e790], sa_mask[0]=11111111011111111101111111111110, sa_flags=SA_RESTART|SA_SIGINFO
SIGTERM: [libjvm.so+0x97e790], sa_mask[0]=11111111011111111101111111111110, sa_flags=SA_RESTART|SA_SIGINFO
SIGQUIT: [libjvm.so+0x97e790], sa_mask[0]=11111111011111111101111111111110, sa_flags=SA_RESTART|SA_SIGINFO


---------------  S Y S T E M  ---------------

OS:DISTRIB_ID=Ubuntu
DISTRIB_RELEASE=20.04
DISTRIB_CODENAME=focal
DISTRIB_DESCRIPTION="Ubuntu 20.04.6 LTS"

uname:Linux 5.15.0-124-generic #134~20.04.1-Ubuntu SMP Tue Oct 1 15:27:33 UTC 2024 x86_64
libc:glibc 2.35 NPTL 2.35 
rlimit: STACK 8192k, CORE 0k, NPROC 15136, NOFILE 1048576, AS infinity
load average:4.61 3.20 2.63

/proc/meminfo:
MemTotal:        3968956 kB
MemFree:         2869856 kB
MemAvailable:    2833312 kB
Buffers:            4424 kB
Cached:           104736 kB
SwapCached:        17092 kB
Active:           312912 kB
Inactive:         197940 kB
Active(anon):     266744 kB
Inactive(anon):   137176 kB
Active(file):      46168 kB
Inactive(file):    60764 kB
Unevictable:           0 kB
Mlocked:               0 kB
SwapTotal:       2097148 kB
SwapFree:        1410656 kB
Dirty:              1760 kB
Writeback:             0 kB
AnonPages:        391504 kB
Mapped:            68004 kB
Shmem:              2128 kB
KReclaimable:      59496 kB
Slab:             150072 kB
SReclaimable:      59496 kB
SUnreclaim:        90576 kB
KernelStack:       10896 kB
PageTables:        15204 kB
NFS_Unstable:          0 kB
Bounce:                0 kB
WritebackTmp:          0 kB
CommitLimit:     4081624 kB
Committed_AS:    4262100 kB
VmallocTotal:   34359738367 kB
VmallocUsed:       60016 kB
VmallocChunk:          0 kB
Percpu:           102400 kB
HardwareCorrupted:     0 kB
AnonHugePages:         0 kB
ShmemHugePages:        0 kB
ShmemPmdMapped:        0 kB
FileHugePages:         0 kB
FilePmdMapped:         0 kB
HugePages_Total:       0
HugePages_Free:        0
HugePages_Rsvd:        0
HugePages_Surp:        0
Hugepagesize:       2048 kB
Hugetlb:               0 kB
DirectMap4k:      290624 kB
DirectMap2M:     3903488 kB
DirectMap1G:     2097152 kB

container (cgroup) information:
container_type: cgroupv1
cpu_cpuset_cpus: 0-1
cpu_memory_nodes: 0
active_processor_count: 2
cpu_quota: -1
cpu_period: 100000
cpu_shares: -1
memory_limit_in_bytes: -1
memory_and_swap_limit_in_bytes: -1
memory_soft_limit_in_bytes: -1
memory_usage_in_bytes: 494886912
memory_max_usage_in_bytes: 3377381376


CPU:total 2 (initial active 2) (1 cores per cpu, 1 threads per core) family 6 model 191 stepping 2, cmov, cx8, fxsr, mmx, sse, sse2, sse3, ssse3, sse4.1, sse4.2, popcnt, avx, avx2, aes, clmul, erms, 3dnowpref, lzcnt, tsc, tscinvbit, bmi1, bmi2, adx

/proc/cpuinfo:
processor	: 0
vendor_id	: GenuineIntel
cpu family	: 6
model		: 191
model name	: 13th Gen Intel(R) Core(TM) i5-13500HX
stepping	: 2
microcode	: 0x34
cpu MHz		: 2688.001
cache size	: 24576 KB
physical id	: 0
siblings	: 1
core id		: 0
cpu cores	: 1
apicid		: 0
initial apicid	: 0
fpu		: yes
fpu_exception	: yes
cpuid level	: 32
wp		: yes
flags		: fpu vme de pse tsc msr pae mce cx8 apic sep mtrr pge mca cmov pat pse36 clflush mmx fxsr sse sse2 ss syscall nx pdpe1gb rdtscp lm constant_tsc arch_perfmon rep_good nopl xtopology tsc_reliable nonstop_tsc cpuid tsc_known_freq pni pclmulqdq ssse3 fma cx16 pcid sse4_1 sse4_2 x2apic movbe popcnt tsc_deadline_timer aes xsave avx f16c rdrand hypervisor lahf_lm abm 3dnowprefetch invpcid_single ssbd ibrs ibpb stibp ibrs_enhanced fsgsbase tsc_adjust bmi1 avx2 smep bmi2 erms invpcid rdseed adx smap clflushopt clwb sha_ni xsaveopt xsavec xgetbv1 xsaves avx_vnni arat umip pku ospke gfni vaes vpclmulqdq rdpid movdiri movdir64b fsrm md_clear serialize flush_l1d arch_capabilities
bugs		: spectre_v1 spectre_v2 spec_store_bypass swapgs itlb_multihit mmio_unknown eibrs_pbrsb rfds bhi
bogomips	: 5376.00
clflush size	: 64
cache_alignment	: 64
address sizes	: 45 bits physical, 48 bits virtual
power management:

processor	: 1
vendor_id	: GenuineIntel
cpu family	: 6
model		: 191
model name	: 13th Gen Intel(R) Core(TM) i5-13500HX
stepping	: 2
microcode	: 0x34
cpu MHz		: 2688.001
cache size	: 24576 KB
physical id	: 2
siblings	: 1
core id		: 0
cpu cores	: 1
apicid		: 2
initial apicid	: 2
fpu		: yes
fpu_exception	: yes
cpuid level	: 32
wp		: yes
flags		: fpu vme de pse tsc msr pae mce cx8 apic sep mtrr pge mca cmov pat pse36 clflush mmx fxsr sse sse2 ss syscall nx pdpe1gb rdtscp lm constant_tsc arch_perfmon rep_good nopl xtopology tsc_reliable nonstop_tsc cpuid tsc_known_freq pni pclmulqdq ssse3 fma cx16 pcid sse4_1 sse4_2 x2apic movbe popcnt tsc_deadline_timer aes xsave avx f16c rdrand hypervisor lahf_lm abm 3dnowprefetch invpcid_single ssbd ibrs ibpb stibp ibrs_enhanced fsgsbase tsc_adjust bmi1 avx2 smep bmi2 erms invpcid rdseed adx smap clflushopt clwb sha_ni xsaveopt xsavec xgetbv1 xsaves avx_vnni arat umip pku ospke gfni vaes vpclmulqdq rdpid movdiri movdir64b fsrm md_clear serialize flush_l1d arch_capabilities
bugs		: spectre_v1 spectre_v2 spec_store_bypass swapgs itlb_multihit mmio_unknown eibrs_pbrsb rfds bhi
bogomips	: 5376.00
clflush size	: 64
cache_alignment	: 64
address sizes	: 45 bits physical, 48 bits virtual
power management:



Memory: 4k page, physical 3968956k(2869856k free), swap 2097148k(1410656k free)

vm_info: OpenJDK 64-Bit Server VM (25.422-b05) for linux-amd64 JRE (1.8.0_422-8u422-b05-1~20.04-b05), built on Jul 21 2024 21:59:24 by "buildd" with gcc 9.4.0

time: Tue Nov  5 09:35:19 2024
timezone: CST
elapsed time: 411.974730 seconds (0d 0h 6m 51s)

