#
# A fatal error has been detected by the Java Runtime Environment:
#
#  SIGSEGV (0xb) at pc=0x00007f26b2ffc4f3, pid=306437, tid=0x00007f26777ff640
#
# JRE version: OpenJDK Runtime Environment (8.0_442-b06) (build 1.8.0_442-8u442-b06~us1-0ubuntu1~20.04-b06)
# Java VM: OpenJDK 64-Bit Server VM (25.442-b06 mixed mode linux-amd64 compressed oops)
# Problematic frame:
# C  [librocksdbjni5324699147366377568.so+0x3fc4f3]  rocksdb::DBImpl::FailIfCfHasTs(rocksdb::ColumnFamilyHandle const*) const+0x23
#
# Failed to write core dump. Core dumps have been disabled. To enable core dumping, try "ulimit -c unlimited" before starting Java again
#
# If you would like to submit a bug report, please visit:
#   http://bugreport.java.com/bugreport/crash.jsp
# The crash happened outside the Java Virtual Machine in native code.
# See problematic frame for where to report the bug.
#

---------------  T H R E A D  ---------------

Current thread (0x00007f26a0038000):  JavaThread "tio-group-8" daemon [_thread_in_native, id=309838, stack(0x00007f2677700000,0x00007f2677800000)]

siginfo: si_signo: 11 (SIGSEGV), si_code: 1 (SEGV_MAPERR), si_addr: 0x0000000000000000

Registers:
RAX=0x0000000000000000, RBX=0x00007f26777fc8b0, RCX=0x0000000000000000, RDX=0x0000000000000000
RSP=0x00007f26777fc4c0, RBP=0x00007f26777fc690, RSI=0x00007f26c8dac140, RDI=0x00007f26c8dac140
R8 =0x00007f26777fc9d0, R9 =0x00007f26777fcbf0, R10=0x00007f26b902081c, R11=0x00007f26cfa7ca10
R12=0x0000000000000000, R13=0x00007f26777fcbf0, R14=0x00007f26777fca70, R15=0x00007f26c8dac140
RIP=0x00007f26b2ffc4f3, EFLAGS=0x0000000000010246, CSGSFS=0x002b000000000033, ERR=0x0000000000000004
  TRAPNO=0x000000000000000e

Top of Stack: (sp=0x00007f26777fc4c0)
0x00007f26777fc4c0:   000000009c476c38 0000000000000003
0x00007f26777fc4d0:   00007f26777fc710 00007f26b911f9b5
0x00007f26777fc4e0:   00007f26777fc620 00007f26b9117b2c
0x00007f26777fc4f0:   00007f26777fc9c8 00007f26b911ebd4
0x00007f26777fc500:   00000000e23cc620 00007f26777fc508
0x00007f26777fc510:   00007f26777fc580 0000000000000001
0x00007f26777fc520:   00007f2600000027 00000000e23cd420
0x00007f26777fc530:   000000009c43fa68 00000000e23cd130
0x00007f26777fc540:   00007f26777fc9c8 00007f26b9117159
0x00007f26777fc550:   00007f26777fc5d8 00007f26b165f520
0x00007f26777fc560:   00007f26777fc710 00007f26b911ebd4
0x00007f26777fc570:   0000002b00000015 00007f2600000016
0x00007f26777fc580:   00007f26777fc620 00007f26b900809d
0x00007f26777fc590:   00000000e23cd118 00000000e23cd300
0x00007f26777fc5a0:   00000000e23cd358 000000010000002d
0x00007f26777fc5b0:   000000010020f028 00000000e23cd7f0
0x00007f26777fc5c0:   00000000e23cd850 0000000c00000000
0x00007f26777fc5d0:   00000000e23cd808 00007f260000000c
0x00007f26777fc5e0:   00007f26777fc9c8 00007f26b95e2fb4
0x00007f26777fc5f0:   00007f26777fc668 0000000000000023
0x00007f26777fc600:   00007f26777fc9c8 00007f26b9117b2c
0x00007f26777fc610:   00007f26777fc9c8 00007f26b910c264
0x00007f26777fc620:   00000000e23cd3c8 00000000e23cd0d0
0x00007f26777fc630:   000000009c43fa68 00000000e23cd7f0
0x00007f26777fc640:   0000000200000000 00000000e23cd838
0x00007f26777fc650:   000000000000000c 00000000e23cd808
0x00007f26777fc660:   0000000000000001 00007f26777fca70
0x00007f26777fc670:   00007f26777fc9d0 00007f26777fcbf0
0x00007f26777fc680:   00007f26777fca70 00007f26c8dac140
0x00007f26777fc690:   00007f26777fc9c0 00007f26b301df95
0x00007f26777fc6a0:   00007f26777fc710 00007f26b9007e20
0x00007f26777fc6b0:   00007f26777fc9c8 00007f26b9117159 

Instructions: (pc=0x00007f26b2ffc4f3)
0x00007f26b2ffc4d3:   e5 41 57 41 56 41 55 41 54 49 89 d4 53 48 89 fb
0x00007f26b2ffc4e3:   48 81 ec a8 01 00 00 48 85 d2 0f 84 45 03 00 00
0x00007f26b2ffc4f3:   49 8b 04 24 4c 89 e7 ff 50 28 48 83 78 28 00 75
0x00007f26b2ffc503:   34 c6 03 00 c6 43 01 00 c6 43 02 00 c6 43 03 00 

Register to memory mapping:

RAX=0x0000000000000000 is an unknown value
RBX=0x00007f26777fc8b0 is pointing into the stack for thread: 0x00007f26a0038000
RCX=0x0000000000000000 is an unknown value
RDX=0x0000000000000000 is an unknown value
RSP=0x00007f26777fc4c0 is pointing into the stack for thread: 0x00007f26a0038000
RBP=0x00007f26777fc690 is pointing into the stack for thread: 0x00007f26a0038000
RSI=0x00007f26c8dac140 is an unknown value
RDI=0x00007f26c8dac140 is an unknown value
R8 =0x00007f26777fc9d0 is pointing into the stack for thread: 0x00007f26a0038000
R9 =0x00007f26777fcbf0 is pointing into the stack for thread: 0x00007f26a0038000
R10=0x00007f26b902081c is at code_begin+1596 in an Interpreter codelet
method entry point (kind = native)  [0x00007f26b90201e0, 0x00007f26b90211c0]  4064 bytes
R11=0x00007f26cfa7ca10: <offset 0xa2ba10> in /usr/lib/jvm/java-8-openjdk-amd64/jre/lib/amd64/server/libjvm.so at 0x00007f26cf051000
R12=0x0000000000000000 is an unknown value
R13=0x00007f26777fcbf0 is pointing into the stack for thread: 0x00007f26a0038000
R14=0x00007f26777fca70 is pointing into the stack for thread: 0x00007f26a0038000
R15=0x00007f26c8dac140 is an unknown value


Stack: [0x00007f2677700000,0x00007f2677800000],  sp=0x00007f26777fc4c0,  free space=1009k
Native frames: (J=compiled Java code, j=interpreted, Vv=VM code, C=native code)
C  [librocksdbjni5324699147366377568.so+0x3fc4f3]  rocksdb::DBImpl::FailIfCfHasTs(rocksdb::ColumnFamilyHandle const*) const+0x23
C  [librocksdbjni5324699147366377568.so+0x41df95]  rocksdb::DBImpl::GetImpl(rocksdb::ReadOptions const&, rocksdb::Slice const&, rocksdb::DBImpl::GetImplOptions&)+0x7d5
C  [librocksdbjni5324699147366377568.so+0x4011d2]  rocksdb::DBImpl::GetImpl(rocksdb::ReadOptions const&, rocksdb::ColumnFamilyHandle*, rocksdb::Slice const&, rocksdb::PinnableSlice*, std::string*)+0x52
C  [librocksdbjni5324699147366377568.so+0x401310]  rocksdb::DBImpl::Get(rocksdb::ReadOptions const&, rocksdb::ColumnFamilyHandle*, rocksdb::Slice const&, rocksdb::PinnableSlice*, std::string*)+0x110
C  [librocksdbjni5324699147366377568.so+0x3fd457]  rocksdb::DBImpl::Get(rocksdb::ReadOptions const&, rocksdb::ColumnFamilyHandle*, rocksdb::Slice const&, rocksdb::PinnableSlice*)+0x17
C  [librocksdbjni5324699147366377568.so+0x2e0054]  rocksdb_get_helper(JNIEnv_*, rocksdb::DB*, rocksdb::ReadOptions const&, rocksdb::ColumnFamilyHandle*, _jbyteArray*, int, int)+0x244
C  [librocksdbjni5324699147366377568.so+0x2e01a5]  Java_org_rocksdb_RocksDB_get__J_3BII+0xe5
j  org.rocksdb.RocksDB.get(J[BII)[B+0
j  org.rocksdb.RocksDB.get([B)[B+9
j  com.example.base.store.RocksDBStore.get(Ljava/lang/String;)Ljava/util/Optional;+8
j  com.example.web.service.impl.ChainServiceImpl.getBlockByHash(Ljava/lang/String;)Lcom/example/base/entities/block/Block;+36
j  com.example.net.server.MessageServerHandler.receiveNewBlock_supplier([B)Lcom/example/net/base/MessagePacket;+30
j  com.example.net.server.P2pServerHandler.handler(Lorg/tio/core/intf/Packet;Lorg/tio/core/ChannelContext;)V+236
j  org.tio.core.task.HandlerRunnable.handler(Lorg/tio/core/intf/Packet;)V+123
j  org.tio.core.task.DecodeRunnable.handler(Lorg/tio/core/intf/Packet;I)V+48
j  org.tio.core.task.DecodeRunnable.decode()V+734
j  org.tio.core.ReadCompletionHandler.completed(Ljava/lang/Integer;Ljava/nio/ByteBuffer;)V+338
j  org.tio.core.ReadCompletionHandler.completed(Ljava/lang/Object;Ljava/lang/Object;)V+9
j  sun.nio.ch.Invoker.invokeUnchecked(Ljava/nio/channels/CompletionHandler;Ljava/lang/Object;Ljava/lang/Object;Ljava/lang/Throwable;)V+7
j  sun.nio.ch.Invoker.invokeDirect(Lsun/nio/ch/Invoker$GroupAndInvokeCount;Ljava/nio/channels/CompletionHandler;Ljava/lang/Object;Ljava/lang/Object;Ljava/lang/Throwable;)V+9
j  sun.nio.ch.UnixAsynchronousSocketChannelImpl.implRead(ZLjava/nio/ByteBuffer;[Ljava/nio/ByteBuffer;JLjava/util/concurrent/TimeUnit;Ljava/lang/Object;Ljava/nio/channels/CompletionHandler;)Ljava/util/concurrent/Future;+401
j  sun.nio.ch.AsynchronousSocketChannelImpl.read(ZLjava/nio/ByteBuffer;[Ljava/nio/ByteBuffer;JLjava/util/concurrent/TimeUnit;Ljava/lang/Object;Ljava/nio/channels/CompletionHandler;)Ljava/util/concurrent/Future;+241
j  sun.nio.ch.AsynchronousSocketChannelImpl.read(Ljava/nio/ByteBuffer;JLjava/util/concurrent/TimeUnit;Ljava/lang/Object;Ljava/nio/channels/CompletionHandler;)V+43
j  java.nio.channels.AsynchronousSocketChannel.read(Ljava/nio/ByteBuffer;Ljava/lang/Object;Ljava/nio/channels/CompletionHandler;)V+8
j  org.tio.core.ReadCompletionHandler.read()V+80
j  org.tio.core.ReadCompletionHandler.completed(Ljava/lang/Integer;Ljava/nio/ByteBuffer;)V+467
j  org.tio.core.ReadCompletionHandler.completed(Ljava/lang/Object;Ljava/lang/Object;)V+9
j  sun.nio.ch.Invoker.invokeUnchecked(Ljava/nio/channels/CompletionHandler;Ljava/lang/Object;Ljava/lang/Object;Ljava/lang/Throwable;)V+7
j  sun.nio.ch.Invoker.invokeDirect(Lsun/nio/ch/Invoker$GroupAndInvokeCount;Ljava/nio/channels/CompletionHandler;Ljava/lang/Object;Ljava/lang/Object;Ljava/lang/Throwable;)V+9
j  sun.nio.ch.UnixAsynchronousSocketChannelImpl.implRead(ZLjava/nio/ByteBuffer;[Ljava/nio/ByteBuffer;JLjava/util/concurrent/TimeUnit;Ljava/lang/Object;Ljava/nio/channels/CompletionHandler;)Ljava/util/concurrent/Future;+401
j  sun.nio.ch.AsynchronousSocketChannelImpl.read(ZLjava/nio/ByteBuffer;[Ljava/nio/ByteBuffer;JLjava/util/concurrent/TimeUnit;Ljava/lang/Object;Ljava/nio/channels/CompletionHandler;)Ljava/util/concurrent/Future;+241
j  sun.nio.ch.AsynchronousSocketChannelImpl.read(Ljava/nio/ByteBuffer;JLjava/util/concurrent/TimeUnit;Ljava/lang/Object;Ljava/nio/channels/CompletionHandler;)V+43
j  java.nio.channels.AsynchronousSocketChannel.read(Ljava/nio/ByteBuffer;Ljava/lang/Object;Ljava/nio/channels/CompletionHandler;)V+8
j  org.tio.core.ReadCompletionHandler.read()V+80
j  org.tio.core.ReadCompletionHandler.completed(Ljava/lang/Integer;Ljava/nio/ByteBuffer;)V+467
j  org.tio.core.ReadCompletionHandler.completed(Ljava/lang/Object;Ljava/lang/Object;)V+9
j  sun.nio.ch.Invoker.invokeUnchecked(Ljava/nio/channels/CompletionHandler;Ljava/lang/Object;Ljava/lang/Object;Ljava/lang/Throwable;)V+7
j  sun.nio.ch.Invoker.invokeDirect(Lsun/nio/ch/Invoker$GroupAndInvokeCount;Ljava/nio/channels/CompletionHandler;Ljava/lang/Object;Ljava/lang/Object;Ljava/lang/Throwable;)V+9
j  sun.nio.ch.UnixAsynchronousSocketChannelImpl.implRead(ZLjava/nio/ByteBuffer;[Ljava/nio/ByteBuffer;JLjava/util/concurrent/TimeUnit;Ljava/lang/Object;Ljava/nio/channels/CompletionHandler;)Ljava/util/concurrent/Future;+401
j  sun.nio.ch.AsynchronousSocketChannelImpl.read(ZLjava/nio/ByteBuffer;[Ljava/nio/ByteBuffer;JLjava/util/concurrent/TimeUnit;Ljava/lang/Object;Ljava/nio/channels/CompletionHandler;)Ljava/util/concurrent/Future;+241
j  sun.nio.ch.AsynchronousSocketChannelImpl.read(Ljava/nio/ByteBuffer;JLjava/util/concurrent/TimeUnit;Ljava/lang/Object;Ljava/nio/channels/CompletionHandler;)V+43
j  java.nio.channels.AsynchronousSocketChannel.read(Ljava/nio/ByteBuffer;Ljava/lang/Object;Ljava/nio/channels/CompletionHandler;)V+8
j  org.tio.core.ReadCompletionHandler.read()V+80
j  org.tio.core.ReadCompletionHandler.completed(Ljava/lang/Integer;Ljava/nio/ByteBuffer;)V+467
j  org.tio.core.ReadCompletionHandler.completed(Ljava/lang/Object;Ljava/lang/Object;)V+9
j  sun.nio.ch.Invoker.invokeUnchecked(Ljava/nio/channels/CompletionHandler;Ljava/lang/Object;Ljava/lang/Object;Ljava/lang/Throwable;)V+7
j  sun.nio.ch.Invoker.invokeDirect(Lsun/nio/ch/Invoker$GroupAndInvokeCount;Ljava/nio/channels/CompletionHandler;Ljava/lang/Object;Ljava/lang/Object;Ljava/lang/Throwable;)V+9
j  sun.nio.ch.UnixAsynchronousSocketChannelImpl.implRead(ZLjava/nio/ByteBuffer;[Ljava/nio/ByteBuffer;JLjava/util/concurrent/TimeUnit;Ljava/lang/Object;Ljava/nio/channels/CompletionHandler;)Ljava/util/concurrent/Future;+401
j  sun.nio.ch.AsynchronousSocketChannelImpl.read(ZLjava/nio/ByteBuffer;[Ljava/nio/ByteBuffer;JLjava/util/concurrent/TimeUnit;Ljava/lang/Object;Ljava/nio/channels/CompletionHandler;)Ljava/util/concurrent/Future;+241
j  sun.nio.ch.AsynchronousSocketChannelImpl.read(Ljava/nio/ByteBuffer;JLjava/util/concurrent/TimeUnit;Ljava/lang/Object;Ljava/nio/channels/CompletionHandler;)V+43
j  java.nio.channels.AsynchronousSocketChannel.read(Ljava/nio/ByteBuffer;Ljava/lang/Object;Ljava/nio/channels/CompletionHandler;)V+8
j  org.tio.core.ReadCompletionHandler.read()V+80
j  org.tio.core.ReadCompletionHandler.completed(Ljava/lang/Integer;Ljava/nio/ByteBuffer;)V+467
j  org.tio.core.ReadCompletionHandler.completed(Ljava/lang/Object;Ljava/lang/Object;)V+9
j  sun.nio.ch.Invoker.invokeUnchecked(Ljava/nio/channels/CompletionHandler;Ljava/lang/Object;Ljava/lang/Object;Ljava/lang/Throwable;)V+7
j  sun.nio.ch.Invoker$2.run()V+35
j  sun.nio.ch.AsynchronousChannelGroupImpl$1.run()V+11
j  java.util.concurrent.ThreadPoolExecutor.runWorker(Ljava/util/concurrent/ThreadPoolExecutor$Worker;)V+95
j  java.util.concurrent.ThreadPoolExecutor$Worker.run()V+5
j  java.lang.Thread.run()V+11
v  ~StubRoutines::call_stub
V  [libjvm.so+0x6a7385]
V  [libjvm.so+0x6a4acf]
V  [libjvm.so+0x6a50c4]
V  [libjvm.so+0x74b060]
V  [libjvm.so+0xadf2af]
V  [libjvm.so+0xadf5a3]
V  [libjvm.so+0x980070]
C  [libc.so.6+0x94b43]

Java frames: (J=compiled Java code, j=interpreted, Vv=VM code)
j  org.rocksdb.RocksDB.get(J[BII)[B+0
j  org.rocksdb.RocksDB.get([B)[B+9
j  com.example.base.store.RocksDBStore.get(Ljava/lang/String;)Ljava/util/Optional;+8
j  com.example.web.service.impl.ChainServiceImpl.getBlockByHash(Ljava/lang/String;)Lcom/example/base/entities/block/Block;+36
j  com.example.net.server.MessageServerHandler.receiveNewBlock_supplier([B)Lcom/example/net/base/MessagePacket;+30
j  com.example.net.server.P2pServerHandler.handler(Lorg/tio/core/intf/Packet;Lorg/tio/core/ChannelContext;)V+236
j  org.tio.core.task.HandlerRunnable.handler(Lorg/tio/core/intf/Packet;)V+123
j  org.tio.core.task.DecodeRunnable.handler(Lorg/tio/core/intf/Packet;I)V+48
j  org.tio.core.task.DecodeRunnable.decode()V+734
j  org.tio.core.ReadCompletionHandler.completed(Ljava/lang/Integer;Ljava/nio/ByteBuffer;)V+338
j  org.tio.core.ReadCompletionHandler.completed(Ljava/lang/Object;Ljava/lang/Object;)V+9
j  sun.nio.ch.Invoker.invokeUnchecked(Ljava/nio/channels/CompletionHandler;Ljava/lang/Object;Ljava/lang/Object;Ljava/lang/Throwable;)V+7
j  sun.nio.ch.Invoker.invokeDirect(Lsun/nio/ch/Invoker$GroupAndInvokeCount;Ljava/nio/channels/CompletionHandler;Ljava/lang/Object;Ljava/lang/Object;Ljava/lang/Throwable;)V+9
j  sun.nio.ch.UnixAsynchronousSocketChannelImpl.implRead(ZLjava/nio/ByteBuffer;[Ljava/nio/ByteBuffer;JLjava/util/concurrent/TimeUnit;Ljava/lang/Object;Ljava/nio/channels/CompletionHandler;)Ljava/util/concurrent/Future;+401
j  sun.nio.ch.AsynchronousSocketChannelImpl.read(ZLjava/nio/ByteBuffer;[Ljava/nio/ByteBuffer;JLjava/util/concurrent/TimeUnit;Ljava/lang/Object;Ljava/nio/channels/CompletionHandler;)Ljava/util/concurrent/Future;+241
j  sun.nio.ch.AsynchronousSocketChannelImpl.read(Ljava/nio/ByteBuffer;JLjava/util/concurrent/TimeUnit;Ljava/lang/Object;Ljava/nio/channels/CompletionHandler;)V+43
j  java.nio.channels.AsynchronousSocketChannel.read(Ljava/nio/ByteBuffer;Ljava/lang/Object;Ljava/nio/channels/CompletionHandler;)V+8
j  org.tio.core.ReadCompletionHandler.read()V+80
j  org.tio.core.ReadCompletionHandler.completed(Ljava/lang/Integer;Ljava/nio/ByteBuffer;)V+467
j  org.tio.core.ReadCompletionHandler.completed(Ljava/lang/Object;Ljava/lang/Object;)V+9
j  sun.nio.ch.Invoker.invokeUnchecked(Ljava/nio/channels/CompletionHandler;Ljava/lang/Object;Ljava/lang/Object;Ljava/lang/Throwable;)V+7
j  sun.nio.ch.Invoker.invokeDirect(Lsun/nio/ch/Invoker$GroupAndInvokeCount;Ljava/nio/channels/CompletionHandler;Ljava/lang/Object;Ljava/lang/Object;Ljava/lang/Throwable;)V+9
j  sun.nio.ch.UnixAsynchronousSocketChannelImpl.implRead(ZLjava/nio/ByteBuffer;[Ljava/nio/ByteBuffer;JLjava/util/concurrent/TimeUnit;Ljava/lang/Object;Ljava/nio/channels/CompletionHandler;)Ljava/util/concurrent/Future;+401
j  sun.nio.ch.AsynchronousSocketChannelImpl.read(ZLjava/nio/ByteBuffer;[Ljava/nio/ByteBuffer;JLjava/util/concurrent/TimeUnit;Ljava/lang/Object;Ljava/nio/channels/CompletionHandler;)Ljava/util/concurrent/Future;+241
j  sun.nio.ch.AsynchronousSocketChannelImpl.read(Ljava/nio/ByteBuffer;JLjava/util/concurrent/TimeUnit;Ljava/lang/Object;Ljava/nio/channels/CompletionHandler;)V+43
j  java.nio.channels.AsynchronousSocketChannel.read(Ljava/nio/ByteBuffer;Ljava/lang/Object;Ljava/nio/channels/CompletionHandler;)V+8
j  org.tio.core.ReadCompletionHandler.read()V+80
j  org.tio.core.ReadCompletionHandler.completed(Ljava/lang/Integer;Ljava/nio/ByteBuffer;)V+467
j  org.tio.core.ReadCompletionHandler.completed(Ljava/lang/Object;Ljava/lang/Object;)V+9
j  sun.nio.ch.Invoker.invokeUnchecked(Ljava/nio/channels/CompletionHandler;Ljava/lang/Object;Ljava/lang/Object;Ljava/lang/Throwable;)V+7
j  sun.nio.ch.Invoker.invokeDirect(Lsun/nio/ch/Invoker$GroupAndInvokeCount;Ljava/nio/channels/CompletionHandler;Ljava/lang/Object;Ljava/lang/Object;Ljava/lang/Throwable;)V+9
j  sun.nio.ch.UnixAsynchronousSocketChannelImpl.implRead(ZLjava/nio/ByteBuffer;[Ljava/nio/ByteBuffer;JLjava/util/concurrent/TimeUnit;Ljava/lang/Object;Ljava/nio/channels/CompletionHandler;)Ljava/util/concurrent/Future;+401
j  sun.nio.ch.AsynchronousSocketChannelImpl.read(ZLjava/nio/ByteBuffer;[Ljava/nio/ByteBuffer;JLjava/util/concurrent/TimeUnit;Ljava/lang/Object;Ljava/nio/channels/CompletionHandler;)Ljava/util/concurrent/Future;+241
j  sun.nio.ch.AsynchronousSocketChannelImpl.read(Ljava/nio/ByteBuffer;JLjava/util/concurrent/TimeUnit;Ljava/lang/Object;Ljava/nio/channels/CompletionHandler;)V+43
j  java.nio.channels.AsynchronousSocketChannel.read(Ljava/nio/ByteBuffer;Ljava/lang/Object;Ljava/nio/channels/CompletionHandler;)V+8
j  org.tio.core.ReadCompletionHandler.read()V+80
j  org.tio.core.ReadCompletionHandler.completed(Ljava/lang/Integer;Ljava/nio/ByteBuffer;)V+467
j  org.tio.core.ReadCompletionHandler.completed(Ljava/lang/Object;Ljava/lang/Object;)V+9
j  sun.nio.ch.Invoker.invokeUnchecked(Ljava/nio/channels/CompletionHandler;Ljava/lang/Object;Ljava/lang/Object;Ljava/lang/Throwable;)V+7
j  sun.nio.ch.Invoker.invokeDirect(Lsun/nio/ch/Invoker$GroupAndInvokeCount;Ljava/nio/channels/CompletionHandler;Ljava/lang/Object;Ljava/lang/Object;Ljava/lang/Throwable;)V+9
j  sun.nio.ch.UnixAsynchronousSocketChannelImpl.implRead(ZLjava/nio/ByteBuffer;[Ljava/nio/ByteBuffer;JLjava/util/concurrent/TimeUnit;Ljava/lang/Object;Ljava/nio/channels/CompletionHandler;)Ljava/util/concurrent/Future;+401
j  sun.nio.ch.AsynchronousSocketChannelImpl.read(ZLjava/nio/ByteBuffer;[Ljava/nio/ByteBuffer;JLjava/util/concurrent/TimeUnit;Ljava/lang/Object;Ljava/nio/channels/CompletionHandler;)Ljava/util/concurrent/Future;+241
j  sun.nio.ch.AsynchronousSocketChannelImpl.read(Ljava/nio/ByteBuffer;JLjava/util/concurrent/TimeUnit;Ljava/lang/Object;Ljava/nio/channels/CompletionHandler;)V+43
j  java.nio.channels.AsynchronousSocketChannel.read(Ljava/nio/ByteBuffer;Ljava/lang/Object;Ljava/nio/channels/CompletionHandler;)V+8
j  org.tio.core.ReadCompletionHandler.read()V+80
j  org.tio.core.ReadCompletionHandler.completed(Ljava/lang/Integer;Ljava/nio/ByteBuffer;)V+467
j  org.tio.core.ReadCompletionHandler.completed(Ljava/lang/Object;Ljava/lang/Object;)V+9
j  sun.nio.ch.Invoker.invokeUnchecked(Ljava/nio/channels/CompletionHandler;Ljava/lang/Object;Ljava/lang/Object;Ljava/lang/Throwable;)V+7
j  sun.nio.ch.Invoker$2.run()V+35
j  sun.nio.ch.AsynchronousChannelGroupImpl$1.run()V+11
j  java.util.concurrent.ThreadPoolExecutor.runWorker(Ljava/util/concurrent/ThreadPoolExecutor$Worker;)V+95
j  java.util.concurrent.ThreadPoolExecutor$Worker.run()V+5
j  java.lang.Thread.run()V+11
v  ~StubRoutines::call_stub

---------------  P R O C E S S  ---------------

Java Threads: ( => current thread )
  0x00007f2678049000 JavaThread "tio-worker-12" daemon [_thread_in_vm, id=338024, stack(0x00007f26b39c7000,0x00007f26b3ac7000)]
  0x00007f268c029800 JavaThread "tio-group-16" daemon [_thread_blocked, id=338020, stack(0x00007f26b3b00000,0x00007f26b3c00000)]
  0x00007f2678048000 JavaThread "tio-worker-11" daemon [_thread_blocked, id=338014, stack(0x00007f26b10fe000,0x00007f26b11fe000)]
  0x00007f268403f800 JavaThread "tio-group-15" daemon [_thread_blocked, id=338008, stack(0x00007f2676b00000,0x00007f2676c00000)]
  0x00007f2678044000 JavaThread "tio-worker-10" daemon [_thread_blocked, id=338004, stack(0x00007f2676c00000,0x00007f2676d00000)]
  0x00007f267c020800 JavaThread "tio-group-14" daemon [_thread_blocked, id=337981, stack(0x00007f2676f00000,0x00007f2677000000)]
  0x00007f2678029800 JavaThread "tio-worker-9" daemon [_thread_blocked, id=337977, stack(0x00007f26ac110000,0x00007f26ac210000)]
  0x00007f26c877d000 JavaThread "tio-group-13" daemon [_thread_blocked, id=337958, stack(0x00007f26ad710000,0x00007f26ad810000)]
  0x00007f267803e000 JavaThread "tio-worker-8" daemon [_thread_blocked, id=337954, stack(0x00007f2676d00000,0x00007f2676e00000)]
  0x00007f26a413b800 JavaThread "SpringApplicationShutdownHook" [_thread_blocked, id=337949, stack(0x00007f2676e00000,0x00007f2676f00000)]
  0x00007f269c00f000 JavaThread "SIGINT handler" daemon [_thread_blocked, id=337944, stack(0x00007f2677000000,0x00007f2677100000)]
  0x00007f269c00e000 JavaThread "tio-group-12" daemon [_thread_blocked, id=337934, stack(0x00007f2677100000,0x00007f2677200000)]
  0x00007f2678027000 JavaThread "tio-worker-7" daemon [_thread_blocked, id=337931, stack(0x00007f2677200000,0x00007f2677300000)]
  0x00007f2694055800 JavaThread "tio-group-11" daemon [_thread_blocked, id=337918, stack(0x00007f26b8a00000,0x00007f26b8b00000)]
  0x00007f2678028000 JavaThread "tio-worker-6" daemon [_thread_blocked, id=337915, stack(0x00007f26b8c00000,0x00007f26b8d00000)]
  0x00007f268c028000 JavaThread "tio-group-10" daemon [_thread_blocked, id=329827, stack(0x00007f2677300000,0x00007f2677400000)]
  0x00007f2678025800 JavaThread "tio-worker-5" daemon [_thread_blocked, id=329823, stack(0x00007f2677400000,0x00007f2677500000)]
  0x00007f268404a000 JavaThread "tio-group-9" daemon [_thread_blocked, id=327287, stack(0x00007f2677500000,0x00007f2677600000)]
  0x00007f2678017800 JavaThread "tio-worker-4" daemon [_thread_blocked, id=327284, stack(0x00007f2677600000,0x00007f2677700000)]
=>0x00007f26a0038000 JavaThread "tio-group-8" daemon [_thread_in_native, id=309838, stack(0x00007f2677700000,0x00007f2677800000)]
  0x0000557b6ebca800 JavaThread "tio-group-7" daemon [_thread_blocked, id=306799, stack(0x00007f2677800000,0x00007f2677900000)]
  0x00007f2684052000 JavaThread "tio-worker-3" daemon [_thread_blocked, id=306797, stack(0x00007f2677d00000,0x00007f2677e00000)]
  0x00007f26a801e000 JavaThread "tio-group-6" daemon [_thread_blocked, id=306778, stack(0x00007f2677900000,0x00007f2677a00000)]
  0x00007f2690036800 JavaThread "tio-worker-2" daemon [_thread_blocked, id=306777, stack(0x00007f2677a00000,0x00007f2677b00000)]
  0x00007f268004d000 JavaThread "tio-group-5" daemon [_thread_blocked, id=306772, stack(0x00007f26ad310000,0x00007f26ad410000)]
  0x00007f268801b000 JavaThread "tio-client-reconn-1" daemon [_thread_blocked, id=306770, stack(0x00007f26ac010000,0x00007f26ac110000)]
  0x00007f268004c000 JavaThread "tio-group-4" daemon [_thread_blocked, id=306755, stack(0x00007f2677f00000,0x00007f2678000000)]
  0x00007f26a004d000 JavaThread "tio-group-3" daemon [_thread_blocked, id=306753, stack(0x00007f2677e00000,0x00007f2677f00000)]
  0x00007f26a0006800 JavaThread "tio-group-2" daemon [_thread_blocked, id=306749, stack(0x00007f26b3d00000,0x00007f26b3e00000)]
  0x00007f26c8011800 JavaThread "DestroyJavaVM" [_thread_blocked, id=306441, stack(0x00007f26cec6d000,0x00007f26ced6d000)]
  0x00007f26c8e9a000 JavaThread "Thread-32" daemon [_thread_in_native, id=306589, stack(0x00007f26acf10000,0x00007f26ad010000)]
  0x00007f26c8b1a800 JavaThread "tio-timer-reconnect-1" daemon [_thread_blocked, id=306578, stack(0x00007f26ad210000,0x00007f26ad310000)]
  0x00007f26c8b18800 JavaThread "Thread-26" daemon [_thread_in_native, id=306576, stack(0x00007f26ad410000,0x00007f26ad510000)]
  0x00007f26c8ead000 JavaThread "tio-group-1" [_thread_blocked, id=306575, stack(0x00007f26ad510000,0x00007f26ad610000)]
  0x00007f26c8e20000 JavaThread "tio-worker-1" [_thread_blocked, id=306574, stack(0x00007f26ad610000,0x00007f26ad710000)]
  0x00007f267c037800 JavaThread "RMI Scheduler(0)" daemon [_thread_blocked, id=306475, stack(0x00007f26b3c00000,0x00007f26b3d00000)]
  0x00007f269c001000 JavaThread "Attach Listener" daemon [_thread_blocked, id=306471, stack(0x00007f26b803b000,0x00007f26b813b000)]
  0x00007f26c8690000 JavaThread "RMI TCP Accept-0" daemon [_thread_in_native, id=306469, stack(0x00007f26b823c000,0x00007f26b833c000)]
  0x00007f26c817b800 JavaThread "Service Thread" daemon [_thread_blocked, id=306465, stack(0x00007f26b86fe000,0x00007f26b87fe000)]
  0x00007f26c8170000 JavaThread "C1 CompilerThread1" daemon [_thread_in_vm, id=306463, stack(0x00007f26b87ff000,0x00007f26b88ff000)]
  0x00007f26c816d800 JavaThread "C2 CompilerThread0" daemon [_thread_blocked, id=306462, stack(0x00007f26b8900000,0x00007f26b8a00000)]
  0x00007f26c815a800 JavaThread "JDWP Event Helper Thread" daemon [_thread_blocked, id=306459, stack(0x00007f26b8b00000,0x00007f26b8c00000)]
  0x00007f26c8141000 JavaThread "Signal Dispatcher" daemon [_thread_blocked, id=306454, stack(0x00007f26b8d00000,0x00007f26b8e00000)]
  0x00007f26c8112000 JavaThread "Finalizer" daemon [_thread_blocked, id=306447, stack(0x00007f26b8e00000,0x00007f26b8f00000)]
  0x00007f26c810d800 JavaThread "Reference Handler" daemon [_thread_blocked, id=306446, stack(0x00007f26b8f00000,0x00007f26b9000000)]

Other Threads:
  0x00007f26c8103800 VMThread [stack: 0x00007f26cc026000,0x00007f26cc126000] [id=306444]
  0x00007f26c869f000 WatcherThread [stack: 0x00007f26b813c000,0x00007f26b823c000] [id=306470]

VM state:not at safepoint (normal execution)

VM Mutex/Monitor currently owned by a thread: None

heap address: 0x000000009c200000, size: 1598 MB, Compressed Oops mode: 32-bit
Narrow klass base: 0x0000000000000000, Narrow klass shift: 3
Compressed class space size: 1073741824 Address: 0x0000000100000000

Heap:
 PSYoungGen      total 159744K, used 58493K [0x00000000deb80000, 0x00000000ec800000, 0x0000000100000000)
  eden space 146944K, 39% used [0x00000000deb80000,0x00000000e249f410,0x00000000e7b00000)
  from space 12800K, 0% used [0x00000000e7b00000,0x00000000e7b00000,0x00000000e8780000)
  to   space 13312K, 0% used [0x00000000ebb00000,0x00000000ebb00000,0x00000000ec800000)
 ParOldGen       total 62976K, used 14520K [0x000000009c200000, 0x000000009ff80000, 0x00000000deb80000)
  object space 62976K, 23% used [0x000000009c200000,0x000000009d02e220,0x000000009ff80000)
 Metaspace       used 35018K, capacity 37454K, committed 37632K, reserved 1081344K
  class space    used 4577K, capacity 5013K, committed 5120K, reserved 1048576K

Card table byte_map: [0x00007f26cdc76000,0x00007f26cdf96000] byte_map_base: 0x00007f26cd795000

Marking Bits: (ParMarkBitMap*) 0x00007f26cfe3c740
 Begin Bits: [0x00007f26ade10000, 0x00007f26af708000)
 End Bits:   [0x00007f26af708000, 0x00007f26b1000000)

Polling page: 0x00007f26d0107000

CodeCache: size=245760Kb used=7547Kb max_used=7547Kb free=238212Kb
 bounds [0x00007f26b9000000, 0x00007f26b9770000, 0x00007f26c8000000]
 total_blobs=4219 nmethods=3735 adapters=404
 compilation: enabled

Compilation events (10 events):
Event: 331.169 Thread 0x00007f26c8170000 nmethod 3830 0x00007f26b96c60d0 code [0x00007f26b96c6220, 0x00007f26b96c6370]
Event: 331.170 Thread 0x00007f26c8170000 3832   !   1       com.esotericsoftware.kryo.serializers.FieldSerializer::rebuildCachedFields (609 bytes)
Event: 331.210 Thread 0x00007f26c8170000 nmethod 3832 0x00007f26b975a050 code [0x00007f26b975a4c0, 0x00007f26b975bbd8]
Event: 331.210 Thread 0x00007f26c8170000 3833   !   1       java.util.concurrent.ConcurrentHashMap::clear (176 bytes)
Event: 331.237 Thread 0x00007f26c8170000 nmethod 3833 0x00007f26b975d750 code [0x00007f26b975d900, 0x00007f26b975df98]
Event: 331.237 Thread 0x00007f26c8170000 3834       1       java.util.LinkedHashMap::afterNodeRemoval (65 bytes)
Event: 331.237 Thread 0x00007f26c8170000 nmethod 3834 0x00007f26b96c5c50 code [0x00007f26b96c5dc0, 0x00007f26b96c5fd0]
Event: 331.238 Thread 0x00007f26c8170000 3835       1       java.text.DecimalFormatSymbols::<init> (15 bytes)
Event: 331.238 Thread 0x00007f26c8170000 nmethod 3835 0x00007f26b96c5910 code [0x00007f26b96c5a80, 0x00007f26b96c5bc8]
Event: 331.238 Thread 0x00007f26c8170000 3836   !   1       java.text.DecimalFormatSymbols::initialize (317 bytes)

GC Heap History (10 events):
Event: 9.957 GC heap before
{Heap before GC invocations=7 (full 1):
 PSYoungGen      total 55296K, used 51200K [0x00000000deb80000, 0x00000000e6080000, 0x0000000100000000)
  eden space 51200K, 100% used [0x00000000deb80000,0x00000000e1d80000,0x00000000e1d80000)
  from space 4096K, 0% used [0x00000000e1d80000,0x00000000e1d80000,0x00000000e2180000)
  to   space 8704K, 0% used [0x00000000e5800000,0x00000000e5800000,0x00000000e6080000)
 ParOldGen       total 43008K, used 6951K [0x000000009c200000, 0x000000009ec00000, 0x00000000deb80000)
  object space 43008K, 16% used [0x000000009c200000,0x000000009c8c9d18,0x000000009ec00000)
 Metaspace       used 21903K, capacity 22980K, committed 23040K, reserved 1069056K
  class space    used 2808K, capacity 3038K, committed 3072K, reserved 1048576K
Event: 9.981 GC heap after
Heap after GC invocations=7 (full 1):
 PSYoungGen      total 92672K, used 4265K [0x00000000deb80000, 0x00000000e5c80000, 0x0000000100000000)
  eden space 88064K, 0% used [0x00000000deb80000,0x00000000deb80000,0x00000000e4180000)
  from space 4608K, 92% used [0x00000000e5800000,0x00000000e5c2a5c0,0x00000000e5c80000)
  to   space 8192K, 0% used [0x00000000e4c80000,0x00000000e4c80000,0x00000000e5480000)
 ParOldGen       total 43008K, used 6951K [0x000000009c200000, 0x000000009ec00000, 0x00000000deb80000)
  object space 43008K, 16% used [0x000000009c200000,0x000000009c8c9d18,0x000000009ec00000)
 Metaspace       used 21903K, capacity 22980K, committed 23040K, reserved 1069056K
  class space    used 2808K, capacity 3038K, committed 3072K, reserved 1048576K
}
Event: 12.348 GC heap before
{Heap before GC invocations=8 (full 1):
 PSYoungGen      total 92672K, used 92329K [0x00000000deb80000, 0x00000000e5c80000, 0x0000000100000000)
  eden space 88064K, 100% used [0x00000000deb80000,0x00000000e4180000,0x00000000e4180000)
  from space 4608K, 92% used [0x00000000e5800000,0x00000000e5c2a5c0,0x00000000e5c80000)
  to   space 8192K, 0% used [0x00000000e4c80000,0x00000000e4c80000,0x00000000e5480000)
 ParOldGen       total 43008K, used 6951K [0x000000009c200000, 0x000000009ec00000, 0x00000000deb80000)
  object space 43008K, 16% used [0x000000009c200000,0x000000009c8c9d18,0x000000009ec00000)
 Metaspace       used 26987K, capacity 28728K, committed 28928K, reserved 1075200K
  class space    used 3501K, capacity 3804K, committed 3840K, reserved 1048576K
Event: 12.402 GC heap after
Heap after GC invocations=8 (full 1):
 PSYoungGen      total 107520K, used 8189K [0x00000000deb80000, 0x00000000e9180000, 0x0000000100000000)
  eden space 99328K, 0% used [0x00000000deb80000,0x00000000deb80000,0x00000000e4c80000)
  from space 8192K, 99% used [0x00000000e4c80000,0x00000000e547f6f8,0x00000000e5480000)
  to   space 10240K, 0% used [0x00000000e8780000,0x00000000e8780000,0x00000000e9180000)
 ParOldGen       total 43008K, used 8343K [0x000000009c200000, 0x000000009ec00000, 0x00000000deb80000)
  object space 43008K, 19% used [0x000000009c200000,0x000000009ca25fb0,0x000000009ec00000)
 Metaspace       used 26987K, capacity 28728K, committed 28928K, reserved 1075200K
  class space    used 3501K, capacity 3804K, committed 3840K, reserved 1048576K
}
Event: 20.255 GC heap before
{Heap before GC invocations=9 (full 1):
 PSYoungGen      total 107520K, used 107517K [0x00000000deb80000, 0x00000000e9180000, 0x0000000100000000)
  eden space 99328K, 100% used [0x00000000deb80000,0x00000000e4c80000,0x00000000e4c80000)
  from space 8192K, 99% used [0x00000000e4c80000,0x00000000e547f6f8,0x00000000e5480000)
  to   space 10240K, 0% used [0x00000000e8780000,0x00000000e8780000,0x00000000e9180000)
 ParOldGen       total 43008K, used 8343K [0x000000009c200000, 0x000000009ec00000, 0x00000000deb80000)
  object space 43008K, 19% used [0x000000009c200000,0x000000009ca25fb0,0x000000009ec00000)
 Metaspace       used 32329K, capacity 34568K, committed 34688K, reserved 1079296K
  class space    used 4225K, capacity 4632K, committed 4736K, reserved 1048576K
Event: 20.304 GC heap after
Heap after GC invocations=9 (full 1):
 PSYoungGen      total 157184K, used 10237K [0x00000000deb80000, 0x00000000ea480000, 0x0000000100000000)
  eden space 146944K, 0% used [0x00000000deb80000,0x00000000deb80000,0x00000000e7b00000)
  from space 10240K, 99% used [0x00000000e8780000,0x00000000e917f6b8,0x00000000e9180000)
  to   space 12800K, 0% used [0x00000000e7b00000,0x00000000e7b00000,0x00000000e8780000)
 ParOldGen       total 43008K, used 11507K [0x000000009c200000, 0x000000009ec00000, 0x00000000deb80000)
  object space 43008K, 26% used [0x000000009c200000,0x000000009cd3cfe8,0x000000009ec00000)
 Metaspace       used 32329K, capacity 34568K, committed 34688K, reserved 1079296K
  class space    used 4225K, capacity 4632K, committed 4736K, reserved 1048576K
}
Event: 99.580 GC heap before
{Heap before GC invocations=10 (full 1):
 PSYoungGen      total 157184K, used 39697K [0x00000000deb80000, 0x00000000ea480000, 0x0000000100000000)
  eden space 146944K, 20% used [0x00000000deb80000,0x00000000e0844f68,0x00000000e7b00000)
  from space 10240K, 99% used [0x00000000e8780000,0x00000000e917f6b8,0x00000000e9180000)
  to   space 12800K, 0% used [0x00000000e7b00000,0x00000000e7b00000,0x00000000e8780000)
 ParOldGen       total 43008K, used 11507K [0x000000009c200000, 0x000000009ec00000, 0x00000000deb80000)
  object space 43008K, 26% used [0x000000009c200000,0x000000009cd3cfe8,0x000000009ec00000)
 Metaspace       used 33032K, capacity 35318K, committed 35416K, reserved 1079296K
  class space    used 4332K, capacity 4774K, committed 4864K, reserved 1048576K
Event: 99.772 GC heap after
Heap after GC invocations=10 (full 1):
 PSYoungGen      total 159744K, used 9513K [0x00000000deb80000, 0x00000000ec800000, 0x0000000100000000)
  eden space 146944K, 0% used [0x00000000deb80000,0x00000000deb80000,0x00000000e7b00000)
  from space 12800K, 74% used [0x00000000e7b00000,0x00000000e844a570,0x00000000e8780000)
  to   space 13312K, 0% used [0x00000000ebb00000,0x00000000ebb00000,0x00000000ec800000)
 ParOldGen       total 43008K, used 12611K [0x000000009c200000, 0x000000009ec00000, 0x00000000deb80000)
  object space 43008K, 29% used [0x000000009c200000,0x000000009ce50fe8,0x000000009ec00000)
 Metaspace       used 33032K, capacity 35318K, committed 35416K, reserved 1079296K
  class space    used 4332K, capacity 4774K, committed 4864K, reserved 1048576K
}
Event: 99.772 GC heap before
{Heap before GC invocations=11 (full 2):
 PSYoungGen      total 159744K, used 9513K [0x00000000deb80000, 0x00000000ec800000, 0x0000000100000000)
  eden space 146944K, 0% used [0x00000000deb80000,0x00000000deb80000,0x00000000e7b00000)
  from space 12800K, 74% used [0x00000000e7b00000,0x00000000e844a570,0x00000000e8780000)
  to   space 13312K, 0% used [0x00000000ebb00000,0x00000000ebb00000,0x00000000ec800000)
 ParOldGen       total 43008K, used 12611K [0x000000009c200000, 0x000000009ec00000, 0x00000000deb80000)
  object space 43008K, 29% used [0x000000009c200000,0x000000009ce50fe8,0x000000009ec00000)
 Metaspace       used 33032K, capacity 35318K, committed 35416K, reserved 1079296K
  class space    used 4332K, capacity 4774K, committed 4864K, reserved 1048576K
Event: 100.549 GC heap after
Heap after GC invocations=11 (full 2):
 PSYoungGen      total 159744K, used 0K [0x00000000deb80000, 0x00000000ec800000, 0x0000000100000000)
  eden space 146944K, 0% used [0x00000000deb80000,0x00000000deb80000,0x00000000e7b00000)
  from space 12800K, 0% used [0x00000000e7b00000,0x00000000e7b00000,0x00000000e8780000)
  to   space 13312K, 0% used [0x00000000ebb00000,0x00000000ebb00000,0x00000000ec800000)
 ParOldGen       total 62976K, used 14520K [0x000000009c200000, 0x000000009ff80000, 0x00000000deb80000)
  object space 62976K, 23% used [0x000000009c200000,0x000000009d02e220,0x000000009ff80000)
 Metaspace       used 33032K, capacity 35318K, committed 35416K, reserved 1079296K
  class space    used 4332K, capacity 4774K, committed 4864K, reserved 1048576K
}

Deoptimization events (0 events):
No events

Classes redefined (0 events):
No events

Internal exceptions (10 events):
Event: 18.172 Thread 0x00007f26c8011800 Exception <a 'java/lang/ClassNotFoundException': org/springframework/context/ResourceLoaderAwareCustomizer> (0x00000000e2ee84f0) thrown at [/build/openjdk-8-zJa3ZI/openjdk-8-8u442-b06~us1/src/hotspot/src/share/vm/classfile/systemDictionary.cpp, line 217]
Event: 18.173 Thread 0x00007f26c8011800 Exception <a 'java/lang/ClassNotFoundException': org/springframework/beans/factory/AwareCustomizer> (0x00000000e2eff238) thrown at [/build/openjdk-8-zJa3ZI/openjdk-8-8u442-b06~us1/src/hotspot/src/share/vm/classfile/systemDictionary.cpp, line 217]
Event: 18.174 Thread 0x00007f26c8011800 Exception <a 'java/lang/ClassNotFoundException': org/springframework/context/ApplicationContextAwareCustomizer> (0x00000000e2f19168) thrown at [/build/openjdk-8-zJa3ZI/openjdk-8-8u442-b06~us1/src/hotspot/src/share/vm/classfile/systemDictionary.cpp, line 2
Event: 18.175 Thread 0x00007f26c8011800 Exception <a 'java/lang/ClassNotFoundException': org/springframework/beans/factory/AwareCustomizer> (0x00000000e2f304c8) thrown at [/build/openjdk-8-zJa3ZI/openjdk-8-8u442-b06~us1/src/hotspot/src/share/vm/classfile/systemDictionary.cpp, line 217]
Event: 18.176 Thread 0x00007f26c8011800 Exception <a 'java/lang/ClassNotFoundException': org/springframework/web/context/ServletContextAwareCustomizer> (0x00000000e2f4a368) thrown at [/build/openjdk-8-zJa3ZI/openjdk-8-8u442-b06~us1/src/hotspot/src/share/vm/classfile/systemDictionary.cpp, line 2
Event: 18.177 Thread 0x00007f26c8011800 Exception <a 'java/lang/ClassNotFoundException': org/springframework/beans/factory/AwareCustomizer> (0x00000000e2f61128) thrown at [/build/openjdk-8-zJa3ZI/openjdk-8-8u442-b06~us1/src/hotspot/src/share/vm/classfile/systemDictionary.cpp, line 217]
Event: 19.510 Thread 0x00007f26c8011800 Exception <a 'java/lang/NoSuchMethodError': java.lang.Object.lambda$thenComparing$36697e65$1(Ljava/util/Comparator;Ljava/lang/Object;Ljava/lang/Object;)I> (0x00000000e422c650) thrown at [/build/openjdk-8-zJa3ZI/openjdk-8-8u442-b06~us1/src/hotspot/src/shar
Event: 19.845 Thread 0x00007f26c8011800 Exception <a 'java/lang/IncompatibleClassChangeError': Found class java.lang.Object, but interface was expected> (0x00000000e47966a0) thrown at [/build/openjdk-8-zJa3ZI/openjdk-8-8u442-b06~us1/src/hotspot/src/share/vm/interpreter/linkResolver.cpp, line 65
Event: 104.761 Thread 0x00007f26c8b18800 Exception <a 'java/net/ConnectException'> (0x00000000df0414f0) thrown at [/build/openjdk-8-zJa3ZI/openjdk-8-8u442-b06~us1/src/hotspot/src/share/vm/prims/jni.cpp, line 712]
Event: 331.111 Thread 0x00007f26c8d9e000 Exception <a 'java/lang/InterruptedException': sleep interrupted> (0x00000000e2211bc8) thrown at [/build/openjdk-8-zJa3ZI/openjdk-8-8u442-b06~us1/src/hotspot/src/share/vm/prims/jvm.cpp, line 3374]

Events (10 events):
Event: 331.258 Thread 0x00007f26a0038000 DEOPT PACKING pc=0x00007f26b9364d1c sp=0x00007f26777fbc50
Event: 331.258 Thread 0x00007f26a0038000 DEOPT UNPACKING pc=0x00007f26b90474c4 sp=0x00007f26777fba10 mode 1
Event: 331.258 Thread 0x00007f26a0038000 DEOPT PACKING pc=0x00007f26b93b076c sp=0x00007f26777fbd40
Event: 331.258 Thread 0x00007f26a0038000 DEOPT UNPACKING pc=0x00007f26b90474c4 sp=0x00007f26777fbaa0 mode 1
Event: 331.258 Thread 0x00007f26a0038000 DEOPT PACKING pc=0x00007f26b9364d1c sp=0x00007f26777fbc50
Event: 331.258 Thread 0x00007f26a0038000 DEOPT UNPACKING pc=0x00007f26b90474c4 sp=0x00007f26777fba10 mode 1
Event: 331.258 loading class org/springframework/boot/SpringApplicationShutdownHook
Event: 331.258 Thread 0x00007f26a0038000 DEOPT PACKING pc=0x00007f26b93b076c sp=0x00007f26777fbd40
Event: 331.258 Thread 0x00007f26a0038000 DEOPT UNPACKING pc=0x00007f26b90474c4 sp=0x00007f26777fbaa0 mode 1
Event: 331.258 loading class org/springframework/boot/SpringApplicationShutdownHook done


Dynamic libraries:
9c200000-9ff80000 rw-p 00000000 00:00 0 
9ff80000-deb80000 ---p 00000000 00:00 0 
deb80000-ec800000 rw-p 00000000 00:00 0 
ec800000-100000000 ---p 00000000 00:00 0 
100000000-100500000 rw-p 00000000 00:00 0 
100500000-140000000 ---p 00000000 00:00 0 
557b47d1c000-557b47d1d000 r--p 00000000 08:05 2753418                    /usr/lib/jvm/java-8-openjdk-amd64/jre/bin/java
557b47d1d000-557b47d1e000 r-xp 00001000 08:05 2753418                    /usr/lib/jvm/java-8-openjdk-amd64/jre/bin/java
557b47d1e000-557b47d1f000 r--p 00002000 08:05 2753418                    /usr/lib/jvm/java-8-openjdk-amd64/jre/bin/java
557b47d1f000-557b47d20000 r--p 00002000 08:05 2753418                    /usr/lib/jvm/java-8-openjdk-amd64/jre/bin/java
557b47d20000-557b47d21000 rw-p 00003000 08:05 2753418                    /usr/lib/jvm/java-8-openjdk-amd64/jre/bin/java
557b6eb99000-557b6ebe1000 rw-p 00000000 00:00 0                          [heap]
7f2671ff4000-7f2671ff5000 ---p 00000000 00:00 0 
7f2671ff5000-7f26727f5000 rw-p 00000000 00:00 0 
7f26747f9000-7f26747fa000 ---p 00000000 00:00 0 
7f26747fa000-7f2674ffa000 rw-p 00000000 00:00 0 
7f2674ffa000-7f2674ffb000 ---p 00000000 00:00 0 
7f2674ffb000-7f26757fb000 rw-p 00000000 00:00 0 
7f2676b00000-7f2676b03000 ---p 00000000 00:00 0 
7f2676b03000-7f2676c00000 rw-p 00000000 00:00 0 
7f2676c00000-7f2676c03000 ---p 00000000 00:00 0 
7f2676c03000-7f2676d00000 rw-p 00000000 00:00 0 
7f2676d00000-7f2676d03000 ---p 00000000 00:00 0 
7f2676d03000-7f2676e00000 rw-p 00000000 00:00 0 
7f2676e00000-7f2676e03000 ---p 00000000 00:00 0 
7f2676e03000-7f2676f00000 rw-p 00000000 00:00 0 
7f2676f00000-7f2676f03000 ---p 00000000 00:00 0 
7f2676f03000-7f2677000000 rw-p 00000000 00:00 0 
7f2677000000-7f2677003000 ---p 00000000 00:00 0 
7f2677003000-7f2677100000 rw-p 00000000 00:00 0 
7f2677100000-7f2677103000 ---p 00000000 00:00 0 
7f2677103000-7f2677200000 rw-p 00000000 00:00 0 
7f2677200000-7f2677203000 ---p 00000000 00:00 0 
7f2677203000-7f2677300000 rw-p 00000000 00:00 0 
7f2677300000-7f2677303000 ---p 00000000 00:00 0 
7f2677303000-7f2677400000 rw-p 00000000 00:00 0 
7f2677400000-7f2677403000 ---p 00000000 00:00 0 
7f2677403000-7f2677500000 rw-p 00000000 00:00 0 
7f2677500000-7f2677503000 ---p 00000000 00:00 0 
7f2677503000-7f2677600000 rw-p 00000000 00:00 0 
7f2677600000-7f2677603000 ---p 00000000 00:00 0 
7f2677603000-7f2677700000 rw-p 00000000 00:00 0 
7f2677700000-7f2677703000 ---p 00000000 00:00 0 
7f2677703000-7f2677800000 rw-p 00000000 00:00 0 
7f2677800000-7f2677803000 ---p 00000000 00:00 0 
7f2677803000-7f2677900000 rw-p 00000000 00:00 0 
7f2677900000-7f2677903000 ---p 00000000 00:00 0 
7f2677903000-7f2677a00000 rw-p 00000000 00:00 0 
7f2677a00000-7f2677a03000 ---p 00000000 00:00 0 
7f2677a03000-7f2677cc0000 rw-p 00000000 00:00 0 
7f2677cc0000-7f2677d00000 ---p 00000000 00:00 0 
7f2677d00000-7f2677d03000 ---p 00000000 00:00 0 
7f2677d03000-7f2677e00000 rw-p 00000000 00:00 0 
7f2677e00000-7f2677e03000 ---p 00000000 00:00 0 
7f2677e03000-7f2677f00000 rw-p 00000000 00:00 0 
7f2677f00000-7f2677f03000 ---p 00000000 00:00 0 
7f2677f03000-7f2678000000 rw-p 00000000 00:00 0 
7f2678000000-7f267806c000 rw-p 00000000 00:00 0 
7f267806c000-7f267c000000 ---p 00000000 00:00 0 
7f267c000000-7f267c04e000 rw-p 00000000 00:00 0 
7f267c04e000-7f2680000000 ---p 00000000 00:00 0 
7f2680000000-7f26804ca000 rw-p 00000000 00:00 0 
7f26804ca000-7f2684000000 ---p 00000000 00:00 0 
7f2684000000-7f2684069000 rw-p 00000000 00:00 0 
7f2684069000-7f2688000000 ---p 00000000 00:00 0 
7f2688000000-7f2688021000 rw-p 00000000 00:00 0 
7f2688021000-7f268c000000 ---p 00000000 00:00 0 
7f268c000000-7f268c05f000 rw-p 00000000 00:00 0 
7f268c05f000-7f2690000000 ---p 00000000 00:00 0 
7f2690000000-7f26900b2000 rw-p 00000000 00:00 0 
7f26900b2000-7f2694000000 ---p 00000000 00:00 0 
7f2694000000-7f26940a2000 rw-p 00000000 00:00 0 
7f26940a2000-7f2698000000 ---p 00000000 00:00 0 
7f2698000000-7f2698021000 rw-p 00000000 00:00 0 
7f2698021000-7f269c000000 ---p 00000000 00:00 0 
7f269c000000-7f269c021000 rw-p 00000000 00:00 0 
7f269c021000-7f26a0000000 ---p 00000000 00:00 0 
7f26a0000000-7f26a004e000 rw-p 00000000 00:00 0 
7f26a004e000-7f26a4000000 ---p 00000000 00:00 0 
7f26a4000000-7f26a4144000 rw-p 00000000 00:00 0 
7f26a4144000-7f26a8000000 ---p 00000000 00:00 0 
7f26a8000000-7f26a8039000 rw-p 00000000 00:00 0 
7f26a8039000-7f26ac000000 ---p 00000000 00:00 0 
7f26ac010000-7f26ac013000 ---p 00000000 00:00 0 
7f26ac013000-7f26ac110000 rw-p 00000000 00:00 0 
7f26ac110000-7f26ac113000 ---p 00000000 00:00 0 
7f26ac113000-7f26ac210000 rw-p 00000000 00:00 0 
7f26ac210000-7f26ac213000 ---p 00000000 00:00 0 
7f26ac213000-7f26ac310000 rw-p 00000000 00:00 0 
7f26ac310000-7f26ac313000 ---p 00000000 00:00 0 
7f26ac313000-7f26ac410000 rw-p 00000000 00:00 0 
7f26ac410000-7f26ac413000 ---p 00000000 00:00 0 
7f26ac413000-7f26ac510000 rw-p 00000000 00:00 0 
7f26ac510000-7f26ac513000 ---p 00000000 00:00 0 
7f26ac513000-7f26ac610000 rw-p 00000000 00:00 0 
7f26ac610000-7f26ac613000 ---p 00000000 00:00 0 
7f26ac613000-7f26ac710000 rw-p 00000000 00:00 0 
7f26ac710000-7f26ac713000 ---p 00000000 00:00 0 
7f26ac713000-7f26ac810000 rw-p 00000000 00:00 0 
7f26ac810000-7f26ac813000 ---p 00000000 00:00 0 
7f26ac813000-7f26ac910000 rw-p 00000000 00:00 0 
7f26ac910000-7f26ac913000 ---p 00000000 00:00 0 
7f26ac913000-7f26aca10000 rw-p 00000000 00:00 0 
7f26aca10000-7f26aca13000 ---p 00000000 00:00 0 
7f26aca13000-7f26acb10000 rw-p 00000000 00:00 0 
7f26acb10000-7f26acb13000 ---p 00000000 00:00 0 
7f26acb13000-7f26ace10000 rw-p 00000000 00:00 0 
7f26ace10000-7f26ace13000 ---p 00000000 00:00 0 
7f26ace13000-7f26acf10000 rw-p 00000000 00:00 0 
7f26acf10000-7f26acf13000 ---p 00000000 00:00 0 
7f26acf13000-7f26ad210000 rw-p 00000000 00:00 0 
7f26ad210000-7f26ad213000 ---p 00000000 00:00 0 
7f26ad213000-7f26ad310000 rw-p 00000000 00:00 0 
7f26ad310000-7f26ad313000 ---p 00000000 00:00 0 
7f26ad313000-7f26ad410000 rw-p 00000000 00:00 0 
7f26ad410000-7f26ad413000 ---p 00000000 00:00 0 
7f26ad413000-7f26ad510000 rw-p 00000000 00:00 0 
7f26ad510000-7f26ad513000 ---p 00000000 00:00 0 
7f26ad513000-7f26ad610000 rw-p 00000000 00:00 0 
7f26ad610000-7f26ad613000 ---p 00000000 00:00 0 
7f26ad613000-7f26ad710000 rw-p 00000000 00:00 0 
7f26ad710000-7f26ad713000 ---p 00000000 00:00 0 
7f26ad713000-7f26ada10000 rw-p 00000000 00:00 0 
7f26ada10000-7f26adc10000 rw-p 00000000 00:00 0 
7f26adc10000-7f26ade10000 rw-p 00000000 00:00 0 
7f26ade10000-7f26b1000000 rw-p 00000000 00:00 0 
7f26b10fe000-7f26b1101000 ---p 00000000 00:00 0 
7f26b1101000-7f26b13fe000 rw-p 00000000 00:00 0 
7f26b13fe000-7f26b15fe000 rw-p 00000000 00:00 0 
7f26b15fe000-7f26b17fe000 rw-p 00000000 00:00 0 
7f26b17fe000-7f26b19fe000 rw-p 00000000 00:00 0 
7f26b19fe000-7f26b1bfe000 rw-p 00000000 00:00 0 
7f26b1bfe000-7f26b1bff000 ---p 00000000 00:00 0 
7f26b1bff000-7f26b23ff000 rw-p 00000000 00:00 0 
7f26b23ff000-7f26b2400000 ---p 00000000 00:00 0 
7f26b2400000-7f26b2c00000 rw-p 00000000 00:00 0 
7f26b2c00000-7f26b3729000 r-xp 00000000 08:05 917693                     /tmp/librocksdbjni5324699147366377568.so (deleted)
7f26b3729000-7f26b3928000 ---p 00b29000 08:05 917693                     /tmp/librocksdbjni5324699147366377568.so (deleted)
7f26b3928000-7f26b3949000 r--p 00b28000 08:05 917693                     /tmp/librocksdbjni5324699147366377568.so (deleted)
7f26b3949000-7f26b3957000 rw-p 00b49000 08:05 917693                     /tmp/librocksdbjni5324699147366377568.so (deleted)
7f26b3957000-7f26b395f000 rw-p 00000000 00:00 0 
7f26b3996000-7f26b399d000 r--p 00000000 08:05 2755561                    /usr/lib/jvm/java-8-openjdk-amd64/jre/lib/amd64/libsunec.so
7f26b399d000-7f26b39b6000 r-xp 00007000 08:05 2755561                    /usr/lib/jvm/java-8-openjdk-amd64/jre/lib/amd64/libsunec.so
7f26b39b6000-7f26b39c0000 r--p 00020000 08:05 2755561                    /usr/lib/jvm/java-8-openjdk-amd64/jre/lib/amd64/libsunec.so
7f26b39c0000-7f26b39c4000 r--p 00029000 08:05 2755561                    /usr/lib/jvm/java-8-openjdk-amd64/jre/lib/amd64/libsunec.so
7f26b39c4000-7f26b39c5000 rw-p 0002d000 08:05 2755561                    /usr/lib/jvm/java-8-openjdk-amd64/jre/lib/amd64/libsunec.so
7f26b39c5000-7f26b39c7000 r--s 00016000 08:05 2755597                    /usr/lib/jvm/java-8-openjdk-amd64/jre/lib/jce.jar
7f26b39c7000-7f26b39ca000 ---p 00000000 00:00 0 
7f26b39ca000-7f26b3ac7000 rw-p 00000000 00:00 0 
7f26b3ac7000-7f26b3aca000 ---p 00000000 00:00 0 
7f26b3aca000-7f26b3b00000 rw-p 00000000 00:00 0 
7f26b3b00000-7f26b3b03000 ---p 00000000 00:00 0 
7f26b3b03000-7f26b3c00000 rw-p 00000000 00:00 0 
7f26b3c00000-7f26b3c03000 ---p 00000000 00:00 0 
7f26b3c03000-7f26b3d00000 rw-p 00000000 00:00 0 
7f26b3d00000-7f26b3d03000 ---p 00000000 00:00 0 
7f26b3d03000-7f26b4000000 rw-p 00000000 00:00 0 
7f26b4000000-7f26b4041000 rw-p 00000000 00:00 0 
7f26b4041000-7f26b8000000 ---p 00000000 00:00 0 
7f26b8000000-7f26b8012000 r--s 0034c000 08:05 2755606                    /usr/lib/jvm/java-8-openjdk-amd64/jre/lib/resources.jar
7f26b8012000-7f26b8019000 r--s 00000000 08:05 2754531                    /usr/lib/x86_64-linux-gnu/gconv/gconv-modules.cache
7f26b8019000-7f26b803b000 r--p 00000000 08:05 280879                     /usr/share/locale-langpack/zh_CN/LC_MESSAGES/libc.mo
7f26b803b000-7f26b803e000 ---p 00000000 00:00 0 
7f26b803e000-7f26b813b000 rw-p 00000000 00:00 0 
7f26b813b000-7f26b813c000 ---p 00000000 00:00 0 
7f26b813c000-7f26b823c000 rw-p 00000000 00:00 0 
7f26b823c000-7f26b823f000 ---p 00000000 00:00 0 
7f26b823f000-7f26b833c000 rw-p 00000000 00:00 0 
7f26b833c000-7f26b834d000 r--s 001c5000 08:05 2755602                    /usr/lib/jvm/java-8-openjdk-amd64/jre/lib/jsse.jar
7f26b834d000-7f26b8350000 r--s 00023000 08:05 1966943                    /home/wj//ideaIU-2024.2.1/idea-IU-242.21829.142/lib/idea_rt.jar
7f26b8350000-7f26b8351000 r--s 00000000 08:05 2107758                    /home/wj/.m2/repository/net/jcip/jcip-annotations/1.0/jcip-annotations-1.0.jar
7f26b8351000-7f26b835b000 r--s 000a5000 08:05 2107756                    /home/wj/.m2/repository/com/google/protobuf/protobuf-javalite/4.26.1/protobuf-javalite-4.26.1.jar
7f26b835b000-7f26b83cf000 r--s 005e1000 08:05 2107752                    /home/wj/.m2/repository/org/bouncycastle/bcprov-jdk15to18/1.78.1/bcprov-jdk15to18-1.78.1.jar
7f26b83cf000-7f26b83dd000 r--s 0012e000 08:05 2107750                    /home/wj/.m2/repository/org/bitcoinj/bitcoinj-core/0.17-alpha5/bitcoinj-core-0.17-alpha5.jar
7f26b83dd000-7f26b83e7000 r--s 00064000 08:05 2102610                    /home/wj/.m2/repository/ch/qos/logback/logback-core/1.2.11/logback-core-1.2.11.jar
7f26b83e7000-7f26b83ee000 r--s 00041000 08:05 2243482                    /home/wj/.m2/repository/ch/qos/logback/logback-classic/1.2.6/logback-classic-1.2.6.jar
7f26b83ee000-7f26b83f0000 r--s 00009000 08:05 2102255                    /home/wj/.m2/repository/org/slf4j/slf4j-api/1.7.36/slf4j-api-1.7.36.jar
7f26b83f0000-7f26b83f7000 r--s 03a67000 08:05 2243741                    /home/wj/.m2/repository/org/rocksdb/rocksdbjni/8.8.1/rocksdbjni-8.8.1.jar
7f26b83f7000-7f26b83fe000 r--s 00054000 08:05 2243723                    /home/wj/.m2/repository/commons-codec/commons-codec/1.17.1/commons-codec-1.17.1.jar
7f26b83fe000-7f26b840e000 r--s 000a8000 08:05 2361832                    /home/wj/.m2/repository/org/apache/commons/commons-collections4/4.4/commons-collections4-4.4.jar
7f26b840e000-7f26b8416000 r--s 00072000 08:05 2102530                    /home/wj/.m2/repository/org/apache/commons/commons-lang3/3.7/commons-lang3-3.7.jar
7f26b8416000-7f26b8427000 r--s 000ce000 08:05 2102522                    /home/wj/.m2/repository/com/github/ben-manes/caffeine/caffeine/2.9.3/caffeine-2.9.3.jar
7f26b8427000-7f26b842b000 r--s 00025000 08:05 2102515                    /home/wj/.m2/repository/net/dreamlu/tio-utils/3.8.4.v20220920-RELEASE/tio-utils-3.8.4.v20220920-RELEASE.jar
7f26b842b000-7f26b842f000 r--s 0002c000 08:05 2102487                    /home/wj/.m2/repository/net/dreamlu/tio-core/3.8.4.v20220920-RELEASE/tio-core-3.8.4.v20220920-RELEASE.jar
7f26b842f000-7f26b8430000 r--s 00005000 08:05 2104657                    /home/wj/.m2/repository/org/springframework/spring-jcl/5.3.17/spring-jcl-5.3.17.jar
7f26b8430000-7f26b844b000 r--s 0014f000 08:05 2104649                    /home/wj/.m2/repository/org/springframework/spring-core/5.3.17/spring-core-5.3.17.jar
7f26b844b000-7f26b8450000 r--s 00042000 08:05 2243158                    /home/wj/.m2/repository/org/springframework/spring-expression/5.3.17/spring-expression-5.3.17.jar
7f26b8450000-7f26b846c000 r--s 0011c000 08:05 2243159                    /home/wj/.m2/repository/org/springframework/spring-context/5.3.17/spring-context-5.3.17.jar
7f26b846c000-7f26b8475000 r--s 00055000 08:05 2243154                    /home/wj/.m2/repository/org/springframework/spring-aop/5.3.17/spring-aop-5.3.17.jar
7f26b8475000-7f26b8488000 r--s 000e9000 08:05 2243212                    /home/wj/.m2/repository/org/springframework/spring-webmvc/5.3.17/spring-webmvc-5.3.17.jar
7f26b8488000-7f26b8495000 r--s 0009e000 08:05 2243155                    /home/wj/.m2/repository/org/springframework/spring-beans/5.3.17/spring-beans-5.3.17.jar
7f26b8495000-7f26b84b4000 r--s 00172000 08:05 2243161                    /home/wj/.m2/repository/org/springframework/spring-web/5.3.17/spring-web-5.3.17.jar
7f26b84b4000-7f26b84ba000 r--s 0003e000 08:05 2243210                    /home/wj/.m2/repository/org/apache/tomcat/embed/tomcat-embed-websocket/9.0.60/tomcat-embed-websocket-9.0.60.jar
7f26b84ba000-7f26b84bf000 r--s 0003a000 08:05 2243208                    /home/wj/.m2/repository/org/apache/tomcat/embed/tomcat-embed-el/9.0.60/tomcat-embed-el-9.0.60.jar
7f26b84bf000-7f26b84e9000 r--s 00318000 08:05 2243206                    /home/wj/.m2/repository/org/apache/tomcat/embed/tomcat-embed-core/9.0.60/tomcat-embed-core-9.0.60.jar
7f26b84e9000-7f26b84ea000 r--s 00001000 08:05 2243204                    /home/wj/.m2/repository/org/springframework/boot/spring-boot-starter-tomcat/2.6.5/spring-boot-starter-tomcat-2.6.5.jar
7f26b84ea000-7f26b84ec000 r--s 00001000 08:05 2104632                    /home/wj/.m2/repository/com/fasterxml/jackson/module/jackson-module-parameter-names/2.13.2/jackson-module-parameter-names-2.13.2.jar
7f26b84ec000-7f26b84ef000 r--s 0001b000 08:05 2243202                    /home/wj/.m2/repository/com/fasterxml/jackson/datatype/jackson-datatype-jsr310/2.13.2/jackson-datatype-jsr310-2.13.2.jar
7f26b84ef000-7f26b84f1000 r--s 00007000 08:05 2243198                    /home/wj/.m2/repository/com/fasterxml/jackson/datatype/jackson-datatype-jdk8/2.13.2/jackson-datatype-jdk8-2.13.2.jar
7f26b84f1000-7f26b84f6000 r--s 00057000 08:05 2102426                    /home/wj/.m2/repository/com/fasterxml/jackson/core/jackson-core/2.13.2/jackson-core-2.13.2.jar
7f26b84f6000-7f26b84f9000 r--s 00010000 08:05 2102422                    /home/wj/.m2/repository/com/fasterxml/jackson/core/jackson-annotations/2.13.2/jackson-annotations-2.13.2.jar
7f26b84f9000-7f26b8510000 r--s 00160000 08:05 2102389                    /home/wj/.m2/repository/com/fasterxml/jackson/core/jackson-databind/2.13.2/jackson-databind-2.13.2.jar
7f26b8510000-7f26b8511000 r--s 00001000 08:05 2243200                    /home/wj/.m2/repository/org/springframework/boot/spring-boot-starter-json/2.6.5/spring-boot-starter-json-2.6.5.jar
7f26b8511000-7f26b8512000 r--s 00001000 08:05 2243164                    /home/wj/.m2/repository/org/springframework/boot/spring-boot-starter-web/2.6.5/spring-boot-starter-web-2.6.5.jar
7f26b8512000-7f26b8514000 r--s 00005000 08:05 2107159                    /home/wj/.m2/repository/javax/annotation/javax.annotation-api/1.3.2/javax.annotation-api-1.3.2.jar
7f26b8514000-7f26b858d000 r--s 00520000 08:05 2107143                    /home/wj/.m2/repository/org/bouncycastle/bcprov-jdk15on/1.70/bcprov-jdk15on-1.70.jar
7f26b858d000-7f26b8598000 r--s 0006b000 08:05 2107145                    /home/wj/.m2/repository/org/bouncycastle/bcutil-jdk15on/1.70/bcutil-jdk15on-1.70.jar
7f26b8598000-7f26b85ae000 r--s 000d6000 08:05 2107141                    /home/wj/.m2/repository/org/bouncycastle/bcpkix-jdk15on/1.70/bcpkix-jdk15on-1.70.jar
7f26b85ae000-7f26b85b0000 r--s 00001000 08:05 2102560                    /home/wj/.m2/repository/com/google/j2objc/j2objc-annotations/1.3/j2objc-annotations-1.3.jar
7f26b85b0000-7f26b85b1000 r--s 00003000 08:05 2102558                    /home/wj/.m2/repository/com/google/errorprone/error_prone_annotations/2.11.0/error_prone_annotations-2.11.0.jar
7f26b85b1000-7f26b85bc000 r--s 00028000 08:05 2102556                    /home/wj/.m2/repository/org/checkerframework/checker-qual/3.12.0/checker-qual-3.12.0.jar
7f26b85bc000-7f26b85be000 r--s 00003000 08:05 2102554                    /home/wj/.m2/repository/com/google/code/findbugs/jsr305/3.0.2/jsr305-3.0.2.jar
7f26b85be000-7f26b85bf000 r--s 00000000 08:05 2102552                    /home/wj/.m2/repository/com/google/guava/listenablefuture/9999.0-empty-to-avoid-conflict-with-guava/listenablefuture-9999.0-empty-to-avoid-conflict-with-guava.jar
7f26b85bf000-7f26b85c1000 r--s 00000000 08:05 2102550                    /home/wj/.m2/repository/com/google/guava/failureaccess/1.0.1/failureaccess-1.0.1.jar
7f26b85c1000-7f26b85f5000 r--s 0029f000 08:05 2102540                    /home/wj/.m2/repository/com/google/guava/guava/31.1-jre/guava-31.1-jre.jar
7f26b85f5000-7f26b85f8000 r--s 0000b000 08:05 2102376                    /home/wj/.m2/repository/org/objenesis/objenesis/2.5.1/objenesis-2.5.1.jar
7f26b85f8000-7f26b85f9000 r--s 00001000 08:05 2102374                    /home/wj/.m2/repository/com/esotericsoftware/minlog/1.3.0/minlog-1.3.0.jar
7f26b85f9000-7f26b85fb000 r--s 0000c000 08:05 2102372                    /home/wj/.m2/repository/org/ow2/asm/asm/5.0.4/asm-5.0.4.jar
7f26b85fb000-7f26b85fd000 r--s 00004000 08:05 2102370                    /home/wj/.m2/repository/com/esotericsoftware/reflectasm/1.11.3/reflectasm-1.11.3.jar
7f26b85fd000-7f26b8604000 r--s 0004c000 08:05 2102360                    /home/wj/.m2/repository/com/esotericsoftware/kryo/4.0.1/kryo-4.0.1.jar
7f26b8604000-7f26b861d000 r--s 001c4000 08:05 2243170                    /home/wj/.m2/repository/org/projectlombok/lombok/1.18.22/lombok-1.18.22.jar
7f26b861d000-7f26b8624000 r--s 0004a000 08:05 2243218                    /home/wj/.m2/repository/org/yaml/snakeyaml/1.29/snakeyaml-1.29.jar
7f26b8624000-7f26b8626000 r--s 00005000 08:05 2102562                    /home/wj/.m2/repository/jakarta/annotation/jakarta.annotation-api/1.3.5/jakarta.annotation-api-1.3.5.jar
7f26b8626000-7f26b8628000 r--s 00000000 08:05 2102616                    /home/wj/.m2/repository/org/slf4j/jul-to-slf4j/1.7.36/jul-to-slf4j-1.7.36.jar
7f26b8628000-7f26b862e000 r--s 00044000 08:05 2102614                    /home/wj/.m2/repository/org/apache/logging/log4j/log4j-api/2.17.2/log4j-api-2.17.2.jar
7f26b862e000-7f26b8630000 r--s 00003000 08:05 2102612                    /home/wj/.m2/repository/org/apache/logging/log4j/log4j-to-slf4j/2.17.2/log4j-to-slf4j-2.17.2.jar
7f26b8630000-7f26b8631000 r--s 00001000 08:05 2243216                    /home/wj/.m2/repository/org/springframework/boot/spring-boot-starter-logging/2.6.5/spring-boot-starter-logging-2.6.5.jar
7f26b8631000-7f26b865e000 r--s 00162000 08:05 2243178                    /home/wj/.m2/repository/org/springframework/boot/spring-boot-autoconfigure/2.6.5/spring-boot-autoconfigure-2.6.5.jar
7f26b865e000-7f26b867c000 r--s 0013e000 08:05 2243173                    /home/wj/.m2/repository/org/springframework/boot/spring-boot/2.6.5/spring-boot-2.6.5.jar
7f26b867c000-7f26b867d000 r--s 00001000 08:05 2243168                    /home/wj/.m2/repository/org/springframework/boot/spring-boot-starter/2.6.5/spring-boot-starter-2.6.5.jar
7f26b867d000-7f26b867e000 r--s 00000000 08:05 2755604                    /usr/lib/jvm/java-8-openjdk-amd64/jre/lib/management-agent.jar
7f26b867e000-7f26b8681000 r--s 0000f000 08:05 2755577                    /usr/lib/jvm/java-8-openjdk-amd64/jre/lib/ext/icedtea-sound.jar
7f26b8681000-7f26b8684000 r--s 00042000 08:05 2755587                    /usr/lib/jvm/java-8-openjdk-amd64/jre/lib/ext/sunpkcs11.jar
7f26b8684000-7f26b8686000 r--s 00001000 08:05 2755576                    /usr/lib/jvm/java-8-openjdk-amd64/jre/lib/ext/dnsns.jar
7f26b8686000-7f26b86a2000 r--s 00394000 08:05 2755575                    /usr/lib/jvm/java-8-openjdk-amd64/jre/lib/ext/cldrdata.jar
7f26b86a2000-7f26b86ac000 r--s 00117000 08:05 2755579                    /usr/lib/jvm/java-8-openjdk-amd64/jre/lib/ext/localedata.jar
7f26b86ac000-7f26b86b2000 r--s 0003e000 08:05 2755586                    /usr/lib/jvm/java-8-openjdk-amd64/jre/lib/ext/sunjce_provider.jar
7f26b86b2000-7f26b86cd000 r--s 001d6000 08:05 2755580                    /usr/lib/jvm/java-8-openjdk-amd64/jre/lib/ext/nashorn.jar
7f26b86cd000-7f26b86d4000 r--p 00000000 08:05 2755557                    /usr/lib/jvm/java-8-openjdk-amd64/jre/lib/amd64/libnio.so
7f26b86d4000-7f26b86dd000 r-xp 00007000 08:05 2755557                    /usr/lib/jvm/java-8-openjdk-amd64/jre/lib/amd64/libnio.so
7f26b86dd000-7f26b86e0000 r--p 00010000 08:05 2755557                    /usr/lib/jvm/java-8-openjdk-amd64/jre/lib/amd64/libnio.so
7f26b86e0000-7f26b86e1000 r--p 00012000 08:05 2755557                    /usr/lib/jvm/java-8-openjdk-amd64/jre/lib/amd64/libnio.so
7f26b86e1000-7f26b86e2000 rw-p 00013000 08:05 2755557                    /usr/lib/jvm/java-8-openjdk-amd64/jre/lib/amd64/libnio.so
7f26b86e2000-7f26b86e7000 r--p 00000000 08:05 2755556                    /usr/lib/jvm/java-8-openjdk-amd64/jre/lib/amd64/libnet.so
7f26b86e7000-7f26b86f8000 r-xp 00005000 08:05 2755556                    /usr/lib/jvm/java-8-openjdk-amd64/jre/lib/amd64/libnet.so
7f26b86f8000-7f26b86fc000 r--p 00016000 08:05 2755556                    /usr/lib/jvm/java-8-openjdk-amd64/jre/lib/amd64/libnet.so
7f26b86fc000-7f26b86fd000 r--p 00019000 08:05 2755556                    /usr/lib/jvm/java-8-openjdk-amd64/jre/lib/amd64/libnet.so
7f26b86fd000-7f26b86fe000 rw-p 0001a000 08:05 2755556                    /usr/lib/jvm/java-8-openjdk-amd64/jre/lib/amd64/libnet.so
7f26b86fe000-7f26b8701000 ---p 00000000 00:00 0 
7f26b8701000-7f26b87fe000 rw-p 00000000 00:00 0 
7f26b87fe000-7f26b87ff000 ---p 00000000 00:00 0 
7f26b87ff000-7f26b8802000 ---p 00000000 00:00 0 
7f26b8802000-7f26b88ff000 rw-p 00000000 00:00 0 
7f26b88ff000-7f26b8900000 ---p 00000000 00:00 0 
7f26b8900000-7f26b8903000 ---p 00000000 00:00 0 
7f26b8903000-7f26b8a00000 rw-p 00000000 00:00 0 
7f26b8a00000-7f26b8a03000 ---p 00000000 00:00 0 
7f26b8a03000-7f26b8b00000 rw-p 00000000 00:00 0 
7f26b8b00000-7f26b8b03000 ---p 00000000 00:00 0 
7f26b8b03000-7f26b8c00000 rw-p 00000000 00:00 0 
7f26b8c00000-7f26b8c03000 ---p 00000000 00:00 0 
7f26b8c03000-7f26b8d00000 rw-p 00000000 00:00 0 
7f26b8d00000-7f26b8d03000 ---p 00000000 00:00 0 
7f26b8d03000-7f26b8e00000 rw-p 00000000 00:00 0 
7f26b8e00000-7f26b8e03000 ---p 00000000 00:00 0 
7f26b8e03000-7f26b8f00000 rw-p 00000000 00:00 0 
7f26b8f00000-7f26b8f03000 ---p 00000000 00:00 0 
7f26b8f03000-7f26b9000000 rw-p 00000000 00:00 0 
7f26b9000000-7f26b9770000 rwxp 00000000 00:00 0 
7f26b9770000-7f26c8000000 ---p 00000000 00:00 0 
7f26c8000000-7f26c8fc8000 rw-p 00000000 00:00 0 
7f26c8fc8000-7f26cc000000 ---p 00000000 00:00 0 
7f26cc000000-7f26cc002000 r--s 00008000 08:05 2755581                    /usr/lib/jvm/java-8-openjdk-amd64/jre/lib/ext/sunec.jar
7f26cc002000-7f26cc003000 r--s 0000a000 08:05 2755578                    /usr/lib/jvm/java-8-openjdk-amd64/jre/lib/ext/jaccess.jar
7f26cc003000-7f26cc005000 r--s 00010000 08:05 2755588                    /usr/lib/jvm/java-8-openjdk-amd64/jre/lib/ext/zipfs.jar
7f26cc005000-7f26cc009000 r--p 00000000 08:05 2755554                    /usr/lib/jvm/java-8-openjdk-amd64/jre/lib/amd64/libmanagement.so
7f26cc009000-7f26cc00d000 r-xp 00004000 08:05 2755554                    /usr/lib/jvm/java-8-openjdk-amd64/jre/lib/amd64/libmanagement.so
7f26cc00d000-7f26cc00f000 r--p 00008000 08:05 2755554                    /usr/lib/jvm/java-8-openjdk-amd64/jre/lib/amd64/libmanagement.so
7f26cc00f000-7f26cc010000 r--p 00009000 08:05 2755554                    /usr/lib/jvm/java-8-openjdk-amd64/jre/lib/amd64/libmanagement.so
7f26cc010000-7f26cc011000 rw-p 0000a000 08:05 2755554                    /usr/lib/jvm/java-8-openjdk-amd64/jre/lib/amd64/libmanagement.so
7f26cc011000-7f26cc018000 r--s 000d3000 08:05 2755601                    /usr/lib/jvm/java-8-openjdk-amd64/jre/lib/jfr.jar
7f26cc018000-7f26cc01e000 r--s 000fa000 08:05 1849657                    /home/wj//ideaIU-2024.2.1/idea-IU-242.21829.142/plugins/java/lib/rt/debugger-agent.jar
7f26cc01e000-7f26cc020000 r--p 00000000 08:05 2755537                    /usr/lib/jvm/java-8-openjdk-amd64/jre/lib/amd64/libdt_socket.so
7f26cc020000-7f26cc022000 r-xp 00002000 08:05 2755537                    /usr/lib/jvm/java-8-openjdk-amd64/jre/lib/amd64/libdt_socket.so
7f26cc022000-7f26cc023000 r--p 00004000 08:05 2755537                    /usr/lib/jvm/java-8-openjdk-amd64/jre/lib/amd64/libdt_socket.so
7f26cc023000-7f26cc024000 r--p 00004000 08:05 2755537                    /usr/lib/jvm/java-8-openjdk-amd64/jre/lib/amd64/libdt_socket.so
7f26cc024000-7f26cc025000 rw-p 00005000 08:05 2755537                    /usr/lib/jvm/java-8-openjdk-amd64/jre/lib/amd64/libdt_socket.so
7f26cc025000-7f26cc026000 ---p 00000000 00:00 0 
7f26cc026000-7f26cca7d000 rw-p 00000000 00:00 0 
7f26cca7d000-7f26ccc4f000 r--s 03cce000 08:05 2755607                    /usr/lib/jvm/java-8-openjdk-amd64/jre/lib/rt.jar
7f26ccc4f000-7f26cd85f000 rw-p 00000000 00:00 0 
7f26cd85f000-7f26cd860000 ---p 00000000 00:00 0 
7f26cd860000-7f26cd960000 rw-p 00000000 00:00 0 
7f26cd960000-7f26cd961000 ---p 00000000 00:00 0 
7f26cd961000-7f26cda80000 rw-p 00000000 00:00 0 
7f26cda80000-7f26cdc76000 ---p 00000000 00:00 0 
7f26cdc76000-7f26cdc95000 rw-p 00000000 00:00 0 
7f26cdc95000-7f26cde8a000 ---p 00000000 00:00 0 
7f26cde8a000-7f26cdef9000 rw-p 00000000 00:00 0 
7f26cdef9000-7f26cdf95000 ---p 00000000 00:00 0 
7f26cdf95000-7f26cdfb4000 rw-p 00000000 00:00 0 
7f26cdfb4000-7f26ce356000 ---p 00000000 00:00 0 
7f26ce356000-7f26ce359000 r--p 00000000 08:05 2755564                    /usr/lib/jvm/java-8-openjdk-amd64/jre/lib/amd64/libzip.so
7f26ce359000-7f26ce35e000 r-xp 00003000 08:05 2755564                    /usr/lib/jvm/java-8-openjdk-amd64/jre/lib/amd64/libzip.so
7f26ce35e000-7f26ce360000 r--p 00008000 08:05 2755564                    /usr/lib/jvm/java-8-openjdk-amd64/jre/lib/amd64/libzip.so
7f26ce360000-7f26ce361000 r--p 00009000 08:05 2755564                    /usr/lib/jvm/java-8-openjdk-amd64/jre/lib/amd64/libzip.so
7f26ce361000-7f26ce362000 rw-p 0000a000 08:05 2755564                    /usr/lib/jvm/java-8-openjdk-amd64/jre/lib/amd64/libzip.so
7f26ce362000-7f26ce364000 r--p 00000000 08:05 2755540                    /usr/lib/jvm/java-8-openjdk-amd64/jre/lib/amd64/libinstrument.so
7f26ce364000-7f26ce36b000 r-xp 00002000 08:05 2755540                    /usr/lib/jvm/java-8-openjdk-amd64/jre/lib/amd64/libinstrument.so
7f26ce36b000-7f26ce36e000 r--p 00009000 08:05 2755540                    /usr/lib/jvm/java-8-openjdk-amd64/jre/lib/amd64/libinstrument.so
7f26ce36e000-7f26ce36f000 r--p 0000b000 08:05 2755540                    /usr/lib/jvm/java-8-openjdk-amd64/jre/lib/amd64/libinstrument.so
7f26ce36f000-7f26ce370000 rw-p 0000c000 08:05 2755540                    /usr/lib/jvm/java-8-openjdk-amd64/jre/lib/amd64/libinstrument.so
7f26ce370000-7f26cebe8000 r--p 00000000 08:05 2623780                    /usr/lib/locale/locale-archive
7f26cebe8000-7f26cebea000 r--p 00000000 08:05 2755550                    /usr/lib/jvm/java-8-openjdk-amd64/jre/lib/amd64/libjdwp.so
7f26cebea000-7f26cec16000 r-xp 00002000 08:05 2755550                    /usr/lib/jvm/java-8-openjdk-amd64/jre/lib/amd64/libjdwp.so
7f26cec16000-7f26cec23000 r--p 0002e000 08:05 2755550                    /usr/lib/jvm/java-8-openjdk-amd64/jre/lib/amd64/libjdwp.so
7f26cec23000-7f26cec24000 r--p 0003a000 08:05 2755550                    /usr/lib/jvm/java-8-openjdk-amd64/jre/lib/amd64/libjdwp.so
7f26cec24000-7f26cec25000 rw-p 0003b000 08:05 2755550                    /usr/lib/jvm/java-8-openjdk-amd64/jre/lib/amd64/libjdwp.so
7f26cec25000-7f26cec32000 r--p 00000000 08:05 2755545                    /usr/lib/jvm/java-8-openjdk-amd64/jre/lib/amd64/libjava.so
7f26cec32000-7f26cec4a000 r-xp 0000d000 08:05 2755545                    /usr/lib/jvm/java-8-openjdk-amd64/jre/lib/amd64/libjava.so
7f26cec4a000-7f26cec51000 r--p 00025000 08:05 2755545                    /usr/lib/jvm/java-8-openjdk-amd64/jre/lib/amd64/libjava.so
7f26cec51000-7f26cec52000 r--p 0002b000 08:05 2755545                    /usr/lib/jvm/java-8-openjdk-amd64/jre/lib/amd64/libjava.so
7f26cec52000-7f26cec54000 rw-p 0002c000 08:05 2755545                    /usr/lib/jvm/java-8-openjdk-amd64/jre/lib/amd64/libjava.so
7f26cec54000-7f26cec59000 r--p 00000000 08:05 2755563                    /usr/lib/jvm/java-8-openjdk-amd64/jre/lib/amd64/libverify.so
7f26cec59000-7f26cec62000 r-xp 00005000 08:05 2755563                    /usr/lib/jvm/java-8-openjdk-amd64/jre/lib/amd64/libverify.so
7f26cec62000-7f26cec64000 r--p 0000e000 08:05 2755563                    /usr/lib/jvm/java-8-openjdk-amd64/jre/lib/amd64/libverify.so
7f26cec64000-7f26cec66000 r--p 0000f000 08:05 2755563                    /usr/lib/jvm/java-8-openjdk-amd64/jre/lib/amd64/libverify.so
7f26cec66000-7f26cec67000 rw-p 00011000 08:05 2755563                    /usr/lib/jvm/java-8-openjdk-amd64/jre/lib/amd64/libverify.so
7f26cec67000-7f26cec68000 r--p 00000000 08:05 2623930                    /usr/lib/x86_64-linux-gnu/librt.so.1
7f26cec68000-7f26cec69000 r-xp 00001000 08:05 2623930                    /usr/lib/x86_64-linux-gnu/librt.so.1
7f26cec69000-7f26cec6a000 r--p 00002000 08:05 2623930                    /usr/lib/x86_64-linux-gnu/librt.so.1
7f26cec6a000-7f26cec6b000 r--p 00002000 08:05 2623930                    /usr/lib/x86_64-linux-gnu/librt.so.1
7f26cec6b000-7f26cec6c000 rw-p 00003000 08:05 2623930                    /usr/lib/x86_64-linux-gnu/librt.so.1
7f26cec6c000-7f26cec6d000 ---p 00000000 00:00 0 
7f26cec6d000-7f26cec70000 ---p 00000000 00:00 0 
7f26cec70000-7f26ced6d000 rw-p 00000000 00:00 0 
7f26ced6d000-7f26ced70000 r--p 00000000 08:05 2623667                    /usr/lib/x86_64-linux-gnu/libgcc_s.so.1
7f26ced70000-7f26ced82000 r-xp 00003000 08:05 2623667                    /usr/lib/x86_64-linux-gnu/libgcc_s.so.1
7f26ced82000-7f26ced86000 r--p 00015000 08:05 2623667                    /usr/lib/x86_64-linux-gnu/libgcc_s.so.1
7f26ced86000-7f26ced87000 r--p 00018000 08:05 2623667                    /usr/lib/x86_64-linux-gnu/libgcc_s.so.1
7f26ced87000-7f26ced88000 rw-p 00019000 08:05 2623667                    /usr/lib/x86_64-linux-gnu/libgcc_s.so.1
7f26ced88000-7f26ced96000 r--p 00000000 08:05 2623910                    /usr/lib/x86_64-linux-gnu/libm.so.6
7f26ced96000-7f26cee12000 r-xp 0000e000 08:05 2623910                    /usr/lib/x86_64-linux-gnu/libm.so.6
7f26cee12000-7f26cee6d000 r--p 0008a000 08:05 2623910                    /usr/lib/x86_64-linux-gnu/libm.so.6
7f26cee6d000-7f26cee6e000 r--p 000e4000 08:05 2623910                    /usr/lib/x86_64-linux-gnu/libm.so.6
7f26cee6e000-7f26cee6f000 rw-p 000e5000 08:05 2623910                    /usr/lib/x86_64-linux-gnu/libm.so.6
7f26cee6f000-7f26cef05000 r--p 00000000 08:05 2623640                    /usr/lib/x86_64-linux-gnu/libstdc++.so.6.0.28
7f26cef05000-7f26ceff6000 r-xp 00096000 08:05 2623640                    /usr/lib/x86_64-linux-gnu/libstdc++.so.6.0.28
7f26ceff6000-7f26cf03f000 r--p 00187000 08:05 2623640                    /usr/lib/x86_64-linux-gnu/libstdc++.so.6.0.28
7f26cf03f000-7f26cf040000 ---p 001d0000 08:05 2623640                    /usr/lib/x86_64-linux-gnu/libstdc++.so.6.0.28
7f26cf040000-7f26cf04b000 r--p 001d0000 08:05 2623640                    /usr/lib/x86_64-linux-gnu/libstdc++.so.6.0.28
7f26cf04b000-7f26cf04e000 rw-p 001db000 08:05 2623640                    /usr/lib/x86_64-linux-gnu/libstdc++.so.6.0.28
7f26cf04e000-7f26cf051000 rw-p 00000000 00:00 0 
7f26cf051000-7f26cf247000 r--p 00000000 08:05 2755566                    /usr/lib/jvm/java-8-openjdk-amd64/jre/lib/amd64/server/libjvm.so
7f26cf247000-7f26cfbb3000 r-xp 001f6000 08:05 2755566                    /usr/lib/jvm/java-8-openjdk-amd64/jre/lib/amd64/server/libjvm.so
7f26cfbb3000-7f26cfd66000 r--p 00b62000 08:05 2755566                    /usr/lib/jvm/java-8-openjdk-amd64/jre/lib/amd64/server/libjvm.so
7f26cfd66000-7f26cfd67000 ---p 00d15000 08:05 2755566                    /usr/lib/jvm/java-8-openjdk-amd64/jre/lib/amd64/server/libjvm.so
7f26cfd67000-7f26cfdfd000 r--p 00d15000 08:05 2755566                    /usr/lib/jvm/java-8-openjdk-amd64/jre/lib/amd64/server/libjvm.so
7f26cfdfd000-7f26cfe26000 rw-p 00dab000 08:05 2755566                    /usr/lib/jvm/java-8-openjdk-amd64/jre/lib/amd64/server/libjvm.so
7f26cfe26000-7f26cfe5d000 rw-p 00000000 00:00 0 
7f26cfe5d000-7f26cfe85000 r--p 00000000 08:05 2623905                    /usr/lib/x86_64-linux-gnu/libc.so.6
7f26cfe85000-7f26d001a000 r-xp 00028000 08:05 2623905                    /usr/lib/x86_64-linux-gnu/libc.so.6
7f26d001a000-7f26d0072000 r--p 001bd000 08:05 2623905                    /usr/lib/x86_64-linux-gnu/libc.so.6
7f26d0072000-7f26d0076000 r--p 00214000 08:05 2623905                    /usr/lib/x86_64-linux-gnu/libc.so.6
7f26d0076000-7f26d0078000 rw-p 00218000 08:05 2623905                    /usr/lib/x86_64-linux-gnu/libc.so.6
7f26d0078000-7f26d0085000 rw-p 00000000 00:00 0 
7f26d0085000-7f26d0086000 r--p 00000000 08:05 2623908                    /usr/lib/x86_64-linux-gnu/libdl.so.2
7f26d0086000-7f26d0087000 r-xp 00001000 08:05 2623908                    /usr/lib/x86_64-linux-gnu/libdl.so.2
7f26d0087000-7f26d0088000 r--p 00002000 08:05 2623908                    /usr/lib/x86_64-linux-gnu/libdl.so.2
7f26d0088000-7f26d0089000 r--p 00002000 08:05 2623908                    /usr/lib/x86_64-linux-gnu/libdl.so.2
7f26d0089000-7f26d008a000 rw-p 00003000 08:05 2623908                    /usr/lib/x86_64-linux-gnu/libdl.so.2
7f26d008a000-7f26d008d000 r--p 00000000 08:05 2755529                    /usr/lib/jvm/java-8-openjdk-amd64/jre/lib/amd64/jli/libjli.so
7f26d008d000-7f26d0097000 r-xp 00003000 08:05 2755529                    /usr/lib/jvm/java-8-openjdk-amd64/jre/lib/amd64/jli/libjli.so
7f26d0097000-7f26d009a000 r--p 0000d000 08:05 2755529                    /usr/lib/jvm/java-8-openjdk-amd64/jre/lib/amd64/jli/libjli.so
7f26d009a000-7f26d009b000 r--p 0000f000 08:05 2755529                    /usr/lib/jvm/java-8-openjdk-amd64/jre/lib/amd64/jli/libjli.so
7f26d009b000-7f26d009c000 rw-p 00010000 08:05 2755529                    /usr/lib/jvm/java-8-openjdk-amd64/jre/lib/amd64/jli/libjli.so
7f26d009c000-7f26d009e000 r--p 00000000 08:05 2628913                    /usr/lib/x86_64-linux-gnu/libz.so.1.2.11
7f26d009e000-7f26d00af000 r-xp 00002000 08:05 2628913                    /usr/lib/x86_64-linux-gnu/libz.so.1.2.11
7f26d00af000-7f26d00b5000 r--p 00013000 08:05 2628913                    /usr/lib/x86_64-linux-gnu/libz.so.1.2.11
7f26d00b5000-7f26d00b6000 ---p 00019000 08:05 2628913                    /usr/lib/x86_64-linux-gnu/libz.so.1.2.11
7f26d00b6000-7f26d00b7000 r--p 00019000 08:05 2628913                    /usr/lib/x86_64-linux-gnu/libz.so.1.2.11
7f26d00b7000-7f26d00b8000 rw-p 0001a000 08:05 2628913                    /usr/lib/x86_64-linux-gnu/libz.so.1.2.11
7f26d00b8000-7f26d00b9000 r--p 00000000 08:05 2623926                    /usr/lib/x86_64-linux-gnu/libpthread.so.0
7f26d00b9000-7f26d00ba000 r-xp 00001000 08:05 2623926                    /usr/lib/x86_64-linux-gnu/libpthread.so.0
7f26d00ba000-7f26d00bb000 r--p 00002000 08:05 2623926                    /usr/lib/x86_64-linux-gnu/libpthread.so.0
7f26d00bb000-7f26d00bc000 r--p 00002000 08:05 2623926                    /usr/lib/x86_64-linux-gnu/libpthread.so.0
7f26d00bc000-7f26d00bd000 rw-p 00003000 08:05 2623926                    /usr/lib/x86_64-linux-gnu/libpthread.so.0
7f26d00bd000-7f26d00bf000 r--s 0000c000 08:05 2888732                    /usr/share/java/java-atk-wrapper.jar
7f26d00bf000-7f26d00c7000 rw-s 00000000 08:05 917674                     /tmp/hsperfdata_wj/306437
7f26d00c7000-7f26d00c8000 r--p 00000000 08:05 2755558                    /usr/lib/jvm/java-8-openjdk-amd64/jre/lib/amd64/libnpt.so
7f26d00c8000-7f26d00ca000 r-xp 00001000 08:05 2755558                    /usr/lib/jvm/java-8-openjdk-amd64/jre/lib/amd64/libnpt.so
7f26d00ca000-7f26d00cb000 r--p 00003000 08:05 2755558                    /usr/lib/jvm/java-8-openjdk-amd64/jre/lib/amd64/libnpt.so
7f26d00cb000-7f26d00cc000 r--p 00003000 08:05 2755558                    /usr/lib/jvm/java-8-openjdk-amd64/jre/lib/amd64/libnpt.so
7f26d00cc000-7f26d00cd000 rw-p 00004000 08:05 2755558                    /usr/lib/jvm/java-8-openjdk-amd64/jre/lib/amd64/libnpt.so
7f26d00cd000-7f26d00d0000 rw-p 00000000 00:00 0 
7f26d00d0000-7f26d00d2000 r--p 00000000 08:05 2622080                    /usr/lib/x86_64-linux-gnu/ld-linux-x86-64.so.2
7f26d00d2000-7f26d00fc000 r-xp 00002000 08:05 2622080                    /usr/lib/x86_64-linux-gnu/ld-linux-x86-64.so.2
7f26d00fc000-7f26d0107000 r--p 0002c000 08:05 2622080                    /usr/lib/x86_64-linux-gnu/ld-linux-x86-64.so.2
7f26d0107000-7f26d0108000 r--p 00000000 00:00 0 
7f26d0108000-7f26d010a000 r--p 00037000 08:05 2622080                    /usr/lib/x86_64-linux-gnu/ld-linux-x86-64.so.2
7f26d010a000-7f26d010c000 rw-p 00039000 08:05 2622080                    /usr/lib/x86_64-linux-gnu/ld-linux-x86-64.so.2
7fffbce35000-7fffbce58000 rw-p 00000000 00:00 0                          [stack]
7fffbce5a000-7fffbce5e000 r--p 00000000 00:00 0                          [vvar]
7fffbce5e000-7fffbce60000 r-xp 00000000 00:00 0                          [vdso]
ffffffffff600000-ffffffffff601000 --xp 00000000 00:00 0                  [vsyscall]

VM Arguments:
jvm_args: -agentlib:jdwp=transport=dt_socket,address=127.0.0.1:32933,suspend=y,server=n -XX:TieredStopAtLevel=1 -Xverify:none -Dspring.output.ansi.enabled=always -Dcom.sun.management.jmxremote -Dspring.jmx.enabled=true -Dspring.liveBeansView.mbeanDomain -Dspring.application.admin.enabled=true -Dmanagement.endpoints.jmx.exposure.include=* -javaagent:/home/wj//ideaIU-2024.2.1/idea-IU-242.21829.142/plugins/java/lib/rt/debugger-agent.jar -Dkotlinx.coroutines.debug.enable.creation.stack.trace=false -Ddebugger.agent.enable.coroutines=true -Dfile.encoding=UTF-8 
java_command: com.example.MinerApplication genesis -repo=./datastore/genesis --spring.config.location=./datastore/genesis/node.properties -api.port=8001 -p2p.port=2345
java_class_path (initial): /usr/lib/jvm/java-1.8.0-openjdk-amd64/jre/lib/charsets.jar:/usr/lib/jvm/java-1.8.0-openjdk-amd64/jre/lib/ext/cldrdata.jar:/usr/lib/jvm/java-1.8.0-openjdk-amd64/jre/lib/ext/dnsns.jar:/usr/lib/jvm/java-1.8.0-openjdk-amd64/jre/lib/ext/icedtea-sound.jar:/usr/lib/jvm/java-1.8.0-openjdk-amd64/jre/lib/ext/jaccess.jar:/usr/lib/jvm/java-1.8.0-openjdk-amd64/jre/lib/ext/java-atk-wrapper.jar:/usr/lib/jvm/java-1.8.0-openjdk-amd64/jre/lib/ext/localedata.jar:/usr/lib/jvm/java-1.8.0-openjdk-amd64/jre/lib/ext/nashorn.jar:/usr/lib/jvm/java-1.8.0-openjdk-amd64/jre/lib/ext/sunec.jar:/usr/lib/jvm/java-1.8.0-openjdk-amd64/jre/lib/ext/sunjce_provider.jar:/usr/lib/jvm/java-1.8.0-openjdk-amd64/jre/lib/ext/sunpkcs11.jar:/usr/lib/jvm/java-1.8.0-openjdk-amd64/jre/lib/ext/zipfs.jar:/usr/lib/jvm/java-1.8.0-openjdk-amd64/jre/lib/jce.jar:/usr/lib/jvm/java-1.8.0-openjdk-amd64/jre/lib/jfr.jar:/usr/lib/jvm/java-1.8.0-openjdk-amd64/jre/lib/jsse.jar:/usr/lib/jvm/java-1.8.0-openjdk-amd64/jre/lib/management-agent.jar:/usr/lib/jvm/java-1.8.0-openjdk-amd64/jre/lib/resources.jar:/usr/lib/jvm/java-1.8.0-openjdk-amd64/jre/lib/rt.jar:/home/wj/dockerAFLdemo/pofChain/pof-miner/target/classes:/home/wj/dockerAFLdemo/pofChain/pof-base/target/classes:/home/wj/.m2/repository/org/springframework/boot/spring-boot-starter/2.6.5/spring-boot-starter-2.6.5.jar:/home/wj/.m2/repository/org/springframework/boot/spring-boot/2.6.5/spring-boot-2.6.5.jar:/home/wj/.m2/repository/org/springframework/boot/spring-boot-autoconfigure/2.6.5/spring-boot-autoconfigure-2.6.5.jar:/home/wj/.m2/repository/org/springframework/boot/spring-boot-starter-logging/2.6.5/spring-boot-starter-logging-2.6.5.jar:/home/wj/.m2/repository/org/apache/logging/log4j/log4j-to-slf4j/2.17.2/log4j-to-slf4j-2.17.2.jar:/home/wj/.m2/repository/org/apache/logging/log4j/log4j-api/2.17.2/log4j-api-2.17.2.jar:/home/wj/.m2/repository/org/slf4j/jul-to-slf4j/1.7.36/jul-to-slf4j-1.7.36.jar:/home/wj/.m2/repository/jakarta/annotation/jakarta.annota
Launcher Type: SUN_STANDARD

Environment Variables:
PATH=/usr/local/sbin:/usr/local/bin:/usr/sbin:/usr/bin:/sbin:/bin:/usr/games:/usr/local/games:/snap/bin
USERNAME=wj
SHELL=/bin/bash
DISPLAY=:0

Signal Handlers:
SIGSEGV: [libjvm.so+0xb3b440], sa_mask[0]=11111111011111111101111111111110, sa_flags=SA_RESTART|SA_SIGINFO
SIGBUS: [libjvm.so+0xb3b440], sa_mask[0]=11111111011111111101111111111110, sa_flags=SA_RESTART|SA_SIGINFO
SIGFPE: [libjvm.so+0x97e0b0], sa_mask[0]=11111111011111111101111111111110, sa_flags=SA_RESTART|SA_SIGINFO
SIGPIPE: [libjvm.so+0x97e0b0], sa_mask[0]=11111111011111111101111111111110, sa_flags=SA_RESTART|SA_SIGINFO
SIGXFSZ: [libjvm.so+0x97e0b0], sa_mask[0]=11111111011111111101111111111110, sa_flags=SA_RESTART|SA_SIGINFO
SIGILL: [libjvm.so+0x97e0b0], sa_mask[0]=11111111011111111101111111111110, sa_flags=SA_RESTART|SA_SIGINFO
SIGUSR1: SIG_DFL, sa_mask[0]=00000000000000000000000000000000, sa_flags=none
SIGUSR2: [libjvm.so+0x97e3e0], sa_mask[0]=00000000000000000000000000000000, sa_flags=SA_RESTART|SA_SIGINFO
SIGHUP: [libjvm.so+0x97e330], sa_mask[0]=11111111011111111101111111111110, sa_flags=SA_RESTART|SA_SIGINFO
SIGINT: [libjvm.so+0x97e330], sa_mask[0]=11111111011111111101111111111110, sa_flags=SA_RESTART|SA_SIGINFO
SIGTERM: [libjvm.so+0x97e330], sa_mask[0]=11111111011111111101111111111110, sa_flags=SA_RESTART|SA_SIGINFO
SIGQUIT: [libjvm.so+0x97e330], sa_mask[0]=11111111011111111101111111111110, sa_flags=SA_RESTART|SA_SIGINFO


---------------  S Y S T E M  ---------------

OS:DISTRIB_ID=Ubuntu
DISTRIB_RELEASE=20.04
DISTRIB_CODENAME=focal
DISTRIB_DESCRIPTION="Ubuntu 20.04.6 LTS"

uname:Linux 5.15.0-135-generic #146~20.04.1-Ubuntu SMP Thu Feb 20 11:19:07 UTC 2025 x86_64
libc:glibc 2.35 NPTL 2.35 
rlimit: STACK 8192k, CORE 0k, NPROC 25186, NOFILE 1048576, AS infinity
load average:6.87 5.41 4.57

/proc/meminfo:
MemTotal:        6543308 kB
MemFree:          245344 kB
MemAvailable:    1059648 kB
Buffers:           44896 kB
Cached:           939368 kB
SwapCached:        37148 kB
Active:          1416036 kB
Inactive:        4133816 kB
Active(anon):     763296 kB
Inactive(anon):  3807544 kB
Active(file):     652740 kB
Inactive(file):   326272 kB
Unevictable:          16 kB
Mlocked:              16 kB
SwapTotal:       2097148 kB
SwapFree:        1386744 kB
Dirty:               320 kB
Writeback:             0 kB
AnonPages:       4532608 kB
Mapped:           341976 kB
Shmem:              5252 kB
KReclaimable:      99936 kB
Slab:             215524 kB
SReclaimable:      99936 kB
SUnreclaim:       115588 kB
KernelStack:       14872 kB
PageTables:        29764 kB
NFS_Unstable:          0 kB
Bounce:                0 kB
WritebackTmp:          0 kB
CommitLimit:     5368800 kB
Committed_AS:    9263864 kB
VmallocTotal:   34359738367 kB
VmallocUsed:       65624 kB
VmallocChunk:          0 kB
Percpu:           109568 kB
HardwareCorrupted:     0 kB
AnonHugePages:         0 kB
ShmemHugePages:        0 kB
ShmemPmdMapped:        0 kB
FileHugePages:         0 kB
FilePmdMapped:         0 kB
HugePages_Total:       0
HugePages_Free:        0
HugePages_Rsvd:        0
HugePages_Surp:        0
Hugepagesize:       2048 kB
Hugetlb:               0 kB
DirectMap4k:      237376 kB
DirectMap2M:     5529600 kB
DirectMap1G:     1048576 kB

container (cgroup) information:
container_type: cgroupv1
cpu_cpuset_cpus: 0-1
cpu_memory_nodes: 0
active_processor_count: 2
cpu_quota: -1
cpu_period: 100000
cpu_shares: -1
memory_limit_in_bytes: -1
memory_and_swap_limit_in_bytes: -1
memory_soft_limit_in_bytes: -1
memory_usage_in_bytes: 5339369472
memory_max_usage_in_bytes: 5565612032


CPU:total 2 (initial active 2) (1 cores per cpu, 1 threads per core) family 6 model 191 stepping 2, cmov, cx8, fxsr, mmx, sse, sse2, sse3, ssse3, sse4.1, sse4.2, popcnt, avx, avx2, aes, clmul, erms, 3dnowpref, lzcnt, tsc, tscinvbit, bmi1, bmi2, adx

/proc/cpuinfo:
processor	: 0
vendor_id	: GenuineIntel
cpu family	: 6
model		: 191
model name	: 13th Gen Intel(R) Core(TM) i5-13500HX
stepping	: 2
microcode	: 0x34
cpu MHz		: 2688.001
cache size	: 24576 KB
physical id	: 0
siblings	: 1
core id		: 0
cpu cores	: 1
apicid		: 0
initial apicid	: 0
fpu		: yes
fpu_exception	: yes
cpuid level	: 32
wp		: yes
flags		: fpu vme de pse tsc msr pae mce cx8 apic sep mtrr pge mca cmov pat pse36 clflush mmx fxsr sse sse2 ss syscall nx pdpe1gb rdtscp lm constant_tsc arch_perfmon rep_good nopl xtopology tsc_reliable nonstop_tsc cpuid tsc_known_freq pni pclmulqdq ssse3 fma cx16 sse4_1 sse4_2 x2apic movbe popcnt tsc_deadline_timer aes xsave avx f16c rdrand hypervisor lahf_lm abm 3dnowprefetch ssbd ibrs ibpb stibp ibrs_enhanced fsgsbase tsc_adjust bmi1 avx2 smep bmi2 erms invpcid rdseed adx smap clflushopt clwb sha_ni xsaveopt xsavec xgetbv1 xsaves avx_vnni arat umip pku ospke gfni vaes vpclmulqdq rdpid movdiri movdir64b fsrm md_clear serialize flush_l1d arch_capabilities
bugs		: spectre_v1 spectre_v2 spec_store_bypass swapgs itlb_multihit mmio_unknown eibrs_pbrsb rfds bhi
bogomips	: 5376.00
clflush size	: 64
cache_alignment	: 64
address sizes	: 45 bits physical, 48 bits virtual
power management:

processor	: 1
vendor_id	: GenuineIntel
cpu family	: 6
model		: 191
model name	: 13th Gen Intel(R) Core(TM) i5-13500HX
stepping	: 2
microcode	: 0x34
cpu MHz		: 2688.001
cache size	: 24576 KB
physical id	: 2
siblings	: 1
core id		: 0
cpu cores	: 1
apicid		: 2
initial apicid	: 2
fpu		: yes
fpu_exception	: yes
cpuid level	: 32
wp		: yes
flags		: fpu vme de pse tsc msr pae mce cx8 apic sep mtrr pge mca cmov pat pse36 clflush mmx fxsr sse sse2 ss syscall nx pdpe1gb rdtscp lm constant_tsc arch_perfmon rep_good nopl xtopology tsc_reliable nonstop_tsc cpuid tsc_known_freq pni pclmulqdq ssse3 fma cx16 sse4_1 sse4_2 x2apic movbe popcnt tsc_deadline_timer aes xsave avx f16c rdrand hypervisor lahf_lm abm 3dnowprefetch ssbd ibrs ibpb stibp ibrs_enhanced fsgsbase tsc_adjust bmi1 avx2 smep bmi2 erms invpcid rdseed adx smap clflushopt clwb sha_ni xsaveopt xsavec xgetbv1 xsaves avx_vnni arat umip pku ospke gfni vaes vpclmulqdq rdpid movdiri movdir64b fsrm md_clear serialize flush_l1d arch_capabilities
bugs		: spectre_v1 spectre_v2 spec_store_bypass swapgs itlb_multihit mmio_unknown eibrs_pbrsb rfds bhi
bogomips	: 5376.00
clflush size	: 64
cache_alignment	: 64
address sizes	: 45 bits physical, 48 bits virtual
power management:



Memory: 4k page, physical 6543308k(245344k free), swap 2097148k(1386744k free)

vm_info: OpenJDK 64-Bit Server VM (25.442-b06) for linux-amd64 JRE (1.8.0_442-8u442-b06~us1-0ubuntu1~20.04-b06), built on Jan 26 2025 07:38:16 by "buildd" with gcc 9.4.0

time: Tue Mar 18 23:28:49 2025
timezone: CST
elapsed time: 331.350485 seconds (0d 0h 5m 31s)

