#
# A fatal error has been detected by the Java Runtime Environment:
#
#  SIGSEGV (0xb) at pc=0x00007f0dfa1fc4f3, pid=781181, tid=0x00007f0dc62ff640
#
# JRE version: OpenJDK Runtime Environment (8.0_422-b05) (build 1.8.0_422-8u422-b05-1~20.04-b05)
# Java VM: OpenJDK 64-Bit Server VM (25.422-b05 mixed mode linux-amd64 compressed oops)
# Problematic frame:
# C  [librocksdbjni3655437200566617638.so+0x3fc4f3]  rocksdb::DBImpl::FailIfCfHasTs(rocksdb::ColumnFamilyHandle const*) const+0x23
#
# Failed to write core dump. Core dumps have been disabled. To enable core dumping, try "ulimit -c unlimited" before starting Java again
#
# If you would like to submit a bug report, please visit:
#   http://bugreport.java.com/bugreport/crash.jsp
# The crash happened outside the Java Virtual Machine in native code.
# See problematic frame for where to report the bug.
#

---------------  T H R E A D  ---------------

Current thread (0x00007f0dd414c800):  JavaThread "Thread-75" daemon [_thread_in_native, id=782227, stack(0x00007f0dc6200000,0x00007f0dc6300000)]

siginfo: si_signo: 11 (SIGSEGV), si_code: 1 (SEGV_MAPERR), si_addr: 0x0000000000000000

Registers:
RAX=0x0000000000000000, RBX=0x00007f0dc62fe150, RCX=0x0000000000000000, RDX=0x0000000000000000
RSP=0x00007f0dc62fdd60, RBP=0x00007f0dc62fdf30, RSI=0x00007f0e10af1540, RDI=0x00007f0e10af1540
R8 =0x00007f0dc62fe270, R9 =0x00007f0dc62fe490, R10=0x00007f0e0102081c, R11=0x00007f0e185dce30
R12=0x0000000000000000, R13=0x00007f0dc62fe490, R14=0x00007f0dc62fe310, R15=0x00007f0e10af1540
RIP=0x00007f0dfa1fc4f3, EFLAGS=0x0000000000010246, CSGSFS=0x002b000000000033, ERR=0x0000000000000004
  TRAPNO=0x000000000000000e

Top of Stack: (sp=0x00007f0dc62fdd60)
0x00007f0dc62fdd60:   00007f0dc62fdda0 0000000000000000
0x00007f0dc62fdd70:   00007f0dc62fdd80 0000000000000000
0x00007f0dc62fdd80:   00007f0e18a4f7a0 00007f0dc62fdda0
0x00007f0dc62fdd90:   00007f0dc62fe040 0000000000000000
0x00007f0dc62fdda0:   00000000000000c0 00007f0dc002c750
0x00007f0dc62fddb0:   00007f0dc002c728 00007f0e00000000
0x00007f0dc62fddc0:   00000000ef99ffc0 6cb6db465bbe6b00
0x00007f0dc62fddd0:   00000000c3685008 00007f0dc002c700
0x00007f0dc62fdde0:   00007f0dc62fde30 00007f0e18a55b8d
0x00007f0dc62fddf0:   00007f0dc002c728 00000000c002c750
0x00007f0dc62fde00:   0000000000000000 00007f0dc002c700
0x00007f0dc62fde10:   00007f0e10007280 00007f0dd414c800
0x00007f0dc62fde20:   00007f0e100072a0 0000000000000000
0x00007f0dc62fde30:   00007f0dc62fde70 00007f0e184eccd6
0x00007f0dc62fde40:   00000000ef997500 00007f0e10007280
0x00007f0dc62fde50:   0000000000000000 0000000000000000
0x00007f0dc62fde60:   00007f0dd42365c0 00007f0dd414c800
0x00007f0dc62fde70:   00007f0dc62fdec0 00007f0e184ed99e
0x00007f0dc62fde80:   00007f0dc62fdec0 0000000210103e50
0x00007f0dc62fde90:   00007f0e10103e28 000000000000000b
0x00007f0dc62fdea0:   00007f0dc62fe0c0 00007f0e10007280
0x00007f0dc62fdeb0:   00007f0e18997290 00007f0dd414c800
0x00007f0dc62fdec0:   00007f0dc62fe060 00007f0e186f0ac4
0x00007f0dc62fded0:   00007f0e10007280 0000000000000000
0x00007f0dc62fdee0:   00057f0dc62fdf00 00000000c3684fa8
0x00007f0dc62fdef0:   00007f0dc62ff640 00007f0e1869238f
0x00007f0dc62fdf00:   00007f0dc62fe778 00007f0dc62fe310
0x00007f0dc62fdf10:   00007f0dc62fe270 00007f0dc62fe490
0x00007f0dc62fdf20:   00007f0dc62fe310 00007f0e10af1540
0x00007f0dc62fdf30:   00007f0dc62fe260 00007f0dfa21df95
0x00007f0dc62fdf40:   00007f0dc002be10 00007f0df845c900
0x00007f0dc62fdf50:   0000000000000000 00007f0dd4236290 

Instructions: (pc=0x00007f0dfa1fc4f3)
0x00007f0dfa1fc4d3:   e5 41 57 41 56 41 55 41 54 49 89 d4 53 48 89 fb
0x00007f0dfa1fc4e3:   48 81 ec a8 01 00 00 48 85 d2 0f 84 45 03 00 00
0x00007f0dfa1fc4f3:   49 8b 04 24 4c 89 e7 ff 50 28 48 83 78 28 00 75
0x00007f0dfa1fc503:   34 c6 03 00 c6 43 01 00 c6 43 02 00 c6 43 03 00 

Register to memory mapping:

RAX=0x0000000000000000 is an unknown value
RBX=0x00007f0dc62fe150 is pointing into the stack for thread: 0x00007f0dd414c800
RCX=0x0000000000000000 is an unknown value
RDX=0x0000000000000000 is an unknown value
RSP=0x00007f0dc62fdd60 is pointing into the stack for thread: 0x00007f0dd414c800
RBP=0x00007f0dc62fdf30 is pointing into the stack for thread: 0x00007f0dd414c800
RSI=0x00007f0e10af1540 is an unknown value
RDI=0x00007f0e10af1540 is an unknown value
R8 =0x00007f0dc62fe270 is pointing into the stack for thread: 0x00007f0dd414c800
R9 =0x00007f0dc62fe490 is pointing into the stack for thread: 0x00007f0dd414c800
R10=0x00007f0e0102081c is at code_begin+1596 in an Interpreter codelet
method entry point (kind = native)  [0x00007f0e010201e0, 0x00007f0e010211c0]  4064 bytes
R11=0x00007f0e185dce30: <offset 0xa2be30> in /usr/lib/jvm/java-8-openjdk-amd64/jre/lib/amd64/server/libjvm.so at 0x00007f0e17bb1000
R12=0x0000000000000000 is an unknown value
R13=0x00007f0dc62fe490 is pointing into the stack for thread: 0x00007f0dd414c800
R14=0x00007f0dc62fe310 is pointing into the stack for thread: 0x00007f0dd414c800
R15=0x00007f0e10af1540 is an unknown value


Stack: [0x00007f0dc6200000,0x00007f0dc6300000],  sp=0x00007f0dc62fdd60,  free space=1015k
Native frames: (J=compiled Java code, j=interpreted, Vv=VM code, C=native code)
C  [librocksdbjni3655437200566617638.so+0x3fc4f3]  rocksdb::DBImpl::FailIfCfHasTs(rocksdb::ColumnFamilyHandle const*) const+0x23
C  [librocksdbjni3655437200566617638.so+0x41df95]  rocksdb::DBImpl::GetImpl(rocksdb::ReadOptions const&, rocksdb::Slice const&, rocksdb::DBImpl::GetImplOptions&)+0x7d5
C  [librocksdbjni3655437200566617638.so+0x4011d2]  rocksdb::DBImpl::GetImpl(rocksdb::ReadOptions const&, rocksdb::ColumnFamilyHandle*, rocksdb::Slice const&, rocksdb::PinnableSlice*, std::string*)+0x52
C  [librocksdbjni3655437200566617638.so+0x401310]  rocksdb::DBImpl::Get(rocksdb::ReadOptions const&, rocksdb::ColumnFamilyHandle*, rocksdb::Slice const&, rocksdb::PinnableSlice*, std::string*)+0x110
C  [librocksdbjni3655437200566617638.so+0x3fd457]  rocksdb::DBImpl::Get(rocksdb::ReadOptions const&, rocksdb::ColumnFamilyHandle*, rocksdb::Slice const&, rocksdb::PinnableSlice*)+0x17
C  [librocksdbjni3655437200566617638.so+0x2e0054]  rocksdb_get_helper(JNIEnv_*, rocksdb::DB*, rocksdb::ReadOptions const&, rocksdb::ColumnFamilyHandle*, _jbyteArray*, int, int)+0x244
C  [librocksdbjni3655437200566617638.so+0x2e01a5]  Java_org_rocksdb_RocksDB_get__J_3BII+0xe5
j  org.rocksdb.RocksDB.get(J[BII)[B+0
j  org.rocksdb.RocksDB.get([B)[B+9
j  com.example.base.store.RocksDBStore.get(Ljava/lang/String;)Ljava/util/Optional;+8
j  com.example.web.service.BlockServiceImpl.getLatestBlock()Lcom/example/base/entities/Block;+14
j  com.example.web.service.BlockServiceImpl.executeCommand()V+194
j  com.example.web.service.BlockServiceImpl.lambda$startMining$0()V+11
j  com.example.web.service.BlockServiceImpl$$Lambda$601.run()V+4
j  java.lang.Thread.run()V+11
v  ~StubRoutines::call_stub
V  [libjvm.so+0x6a7575]
V  [libjvm.so+0x6a4cbf]
V  [libjvm.so+0x6a52b4]
V  [libjvm.so+0x74b250]
V  [libjvm.so+0xadf39f]
V  [libjvm.so+0xadf693]
V  [libjvm.so+0x9804d0]
C  [libc.so.6+0x94b43]

Java frames: (J=compiled Java code, j=interpreted, Vv=VM code)
j  org.rocksdb.RocksDB.get(J[BII)[B+0
j  org.rocksdb.RocksDB.get([B)[B+9
j  com.example.base.store.RocksDBStore.get(Ljava/lang/String;)Ljava/util/Optional;+8
j  com.example.web.service.BlockServiceImpl.getLatestBlock()Lcom/example/base/entities/Block;+14
j  com.example.web.service.BlockServiceImpl.executeCommand()V+194
j  com.example.web.service.BlockServiceImpl.lambda$startMining$0()V+11
j  com.example.web.service.BlockServiceImpl$$Lambda$601.run()V+4
j  java.lang.Thread.run()V+11
v  ~StubRoutines::call_stub

---------------  P R O C E S S  ---------------

Java Threads: ( => current thread )
=>0x00007f0dd414c800 JavaThread "Thread-75" daemon [_thread_in_native, id=782227, stack(0x00007f0dc6200000,0x00007f0dc6300000)]
  0x00007f0e10011000 JavaThread "DestroyJavaVM" [_thread_blocked, id=781184, stack(0x00007f0e177cd000,0x00007f0e178cd000)]
  0x00007f0e10e39000 JavaThread "http-nio-127.0.0.1-8001-Acceptor" daemon [_thread_in_native, id=781461, stack(0x00007f0dc6500000,0x00007f0dc6600000)]
  0x00007f0e10e35000 JavaThread "http-nio-127.0.0.1-8001-Poller" daemon [_thread_in_native, id=781460, stack(0x00007f0dc6400000,0x00007f0dc6500000)]
  0x00007f0e10e15800 JavaThread "http-nio-127.0.0.1-8001-exec-10" daemon [_thread_blocked, id=781456, stack(0x00007f0dc6800000,0x00007f0dc6900000)]
  0x00007f0e10e13800 JavaThread "http-nio-127.0.0.1-8001-exec-9" daemon [_thread_blocked, id=781455, stack(0x00007f0dc6900000,0x00007f0dc6a00000)]
  0x00007f0e10e11800 JavaThread "http-nio-127.0.0.1-8001-exec-8" daemon [_thread_blocked, id=781454, stack(0x00007f0dc6a00000,0x00007f0dc6b00000)]
  0x00007f0e10e0f800 JavaThread "http-nio-127.0.0.1-8001-exec-7" daemon [_thread_blocked, id=781453, stack(0x00007f0dc6b00000,0x00007f0dc6c00000)]
  0x00007f0e10e0d800 JavaThread "http-nio-127.0.0.1-8001-exec-6" daemon [_thread_blocked, id=781452, stack(0x00007f0dc6c00000,0x00007f0dc6d00000)]
  0x00007f0e10e0b800 JavaThread "http-nio-127.0.0.1-8001-exec-5" daemon [_thread_blocked, id=781451, stack(0x00007f0dc6d00000,0x00007f0dc6e00000)]
  0x00007f0e10e09800 JavaThread "http-nio-127.0.0.1-8001-exec-4" daemon [_thread_blocked, id=781450, stack(0x00007f0dc6e00000,0x00007f0dc6f00000)]
  0x00007f0e10e08000 JavaThread "http-nio-127.0.0.1-8001-exec-3" daemon [_thread_blocked, id=781449, stack(0x00007f0dc6f00000,0x00007f0dc7000000)]
  0x00007f0e10e06800 JavaThread "http-nio-127.0.0.1-8001-exec-2" daemon [_thread_blocked, id=781448, stack(0x00007f0dc7000000,0x00007f0dc7100000)]
  0x00007f0e10e06000 JavaThread "http-nio-127.0.0.1-8001-exec-1" daemon [_thread_blocked, id=781447, stack(0x00007f0dc7300000,0x00007f0dc7400000)]
  0x00007f0e10d28800 JavaThread "Thread-61" daemon [_thread_in_native, id=781408, stack(0x00007f0dc7400000,0x00007f0dc7500000)]
  0x00007f0e10cf0000 JavaThread "tio-timer-reconnect-1" daemon [_thread_blocked, id=781395, stack(0x00007f0dc7500000,0x00007f0dc7600000)]
  0x00007f0e10d7f000 JavaThread "Thread-57" daemon [_thread_in_native, id=781393, stack(0x00007f0dc7700000,0x00007f0dc7800000)]
  0x00007f0e10ced000 JavaThread "tio-group-1" [_thread_blocked, id=781392, stack(0x00007f0dc7800000,0x00007f0dc7900000)]
  0x00007f0e10cec000 JavaThread "tio-worker-1" [_thread_blocked, id=781391, stack(0x00007f0dc7900000,0x00007f0dc7a00000)]
  0x00007f0e10cb3000 JavaThread "TioSystemTimer" daemon [_thread_blocked, id=781388, stack(0x00007f0dc7b00000,0x00007f0dc7c00000)]
  0x00007f0e10c96000 JavaThread "container-0" [_thread_blocked, id=781351, stack(0x00007f0df80fe000,0x00007f0df81fe000)]
  0x00007f0dd404e000 JavaThread "Catalina-utility-2" [_thread_blocked, id=781350, stack(0x00007f0dfacab000,0x00007f0dfadab000)]
  0x00007f0e10c95000 JavaThread "Catalina-utility-1" [_thread_blocked, id=781349, stack(0x00007f0dfabab000,0x00007f0dfacab000)]
  0x00007f0dc0013800 JavaThread "RMI Scheduler(0)" daemon [_thread_blocked, id=781223, stack(0x00007f0dfadab000,0x00007f0dfaeab000)]
  0x00007f0de0001000 JavaThread "Attach Listener" daemon [_thread_blocked, id=781214, stack(0x00007f0dfb20d000,0x00007f0dfb30d000)]
  0x00007f0e105be800 JavaThread "RMI TCP Accept-0" daemon [_thread_in_native, id=781212, stack(0x00007f0dfb40e000,0x00007f0dfb50e000)]
  0x00007f0e1017a800 JavaThread "Service Thread" daemon [_thread_blocked, id=781211, stack(0x00007f0dfb5fd000,0x00007f0dfb6fd000)]
  0x00007f0e1016f000 JavaThread "C1 CompilerThread1" daemon [_thread_blocked, id=781210, stack(0x00007f0dfb6fe000,0x00007f0dfb7fe000)]
  0x00007f0e1016c800 JavaThread "C2 CompilerThread0" daemon [_thread_blocked, id=781209, stack(0x00007f0dfb7ff000,0x00007f0dfb8ff000)]
  0x00007f0de4001800 JavaThread "JDWP Command Reader" daemon [_thread_in_native, id=781194, stack(0x00007f0dfb8ff000,0x00007f0dfb9ff000)]
  0x00007f0e10159800 JavaThread "JDWP Event Helper Thread" daemon [_thread_blocked, id=781193, stack(0x00007f0dfb9ff000,0x00007f0dfbaff000)]
  0x00007f0e10156000 JavaThread "JDWP Transport Listener: dt_socket" daemon [_thread_blocked, id=781192, stack(0x00007f0dfbaff000,0x00007f0dfbbff000)]
  0x00007f0e10140800 JavaThread "Signal Dispatcher" daemon [_thread_blocked, id=781191, stack(0x00007f0dfbbff000,0x00007f0dfbcff000)]
  0x00007f0e10111800 JavaThread "Finalizer" daemon [_thread_blocked, id=781189, stack(0x00007f0dfbcff000,0x00007f0dfbdff000)]
  0x00007f0e1010d000 JavaThread "Reference Handler" daemon [_thread_blocked, id=781188, stack(0x00007f0dfbdff000,0x00007f0dfbeff000)]

Other Threads:
  0x00007f0e10103000 VMThread [stack: 0x00007f0dfbf00000,0x00007f0dfc000000] [id=781187]
  0x00007f0e105cd000 WatcherThread [stack: 0x00007f0dfb30e000,0x00007f0dfb40e000] [id=781213]

VM state:not at safepoint (normal execution)

VM Mutex/Monitor currently owned by a thread: None

heap address: 0x00000000c3600000, size: 970 MB, Compressed Oops mode: 32-bit
Narrow klass base: 0x0000000000000000, Narrow klass shift: 3
Compressed class space size: 1073741824 Address: 0x0000000100000000

Heap:
 PSYoungGen      total 106496K, used 72569K [0x00000000ebd00000, 0x00000000f5000000, 0x0000000100000000)
  eden space 98304K, 65% used [0x00000000ebd00000,0x00000000efbdf3d8,0x00000000f1d00000)
  from space 8192K, 99% used [0x00000000f1d00000,0x00000000f24ff050,0x00000000f2500000)
  to   space 10240K, 0% used [0x00000000f4600000,0x00000000f4600000,0x00000000f5000000)
 ParOldGen       total 34816K, used 13277K [0x00000000c3600000, 0x00000000c5800000, 0x00000000ebd00000)
  object space 34816K, 38% used [0x00000000c3600000,0x00000000c42f7648,0x00000000c5800000)
 Metaspace       used 32889K, capacity 35158K, committed 35328K, reserved 1079296K
  class space    used 4308K, capacity 4740K, committed 4864K, reserved 1048576K

Card table byte_map: [0x00007f0e16908000,0x00007f0e16aee000] byte_map_base: 0x00007f0e162ed000

Marking Bits: (ParMarkBitMap*) 0x00007f0e1899b740
 Begin Bits: [0x00007f0e14772000, 0x00007f0e1569a000)
 End Bits:   [0x00007f0e1569a000, 0x00007f0e165c2000)

Polling page: 0x00007f0e18c63000

CodeCache: size=245760Kb used=7058Kb max_used=7058Kb free=238701Kb
 bounds [0x00007f0e01000000, 0x00007f0e016f0000, 0x00007f0e10000000]
 total_blobs=3910 nmethods=3437 adapters=393
 compilation: enabled

Compilation events (10 events):
Event: 534.085 Thread 0x00007f0e1016f000 3527       1       com.esotericsoftware.kryo.Kryo$DefaultSerializerEntry::<init> (15 bytes)
Event: 534.085 Thread 0x00007f0e1016f000 nmethod 3527 0x00007f0e016e1650 code [0x00007f0e016e17a0, 0x00007f0e016e18d0]
Event: 534.086 Thread 0x00007f0e1016f000 3528       1       com.esotericsoftware.kryo.Registration::getType (5 bytes)
Event: 534.086 Thread 0x00007f0e1016f000 nmethod 3528 0x00007f0e016e1950 code [0x00007f0e016e1aa0, 0x00007f0e016e1bb0]
Event: 534.115 Thread 0x00007f0e1016f000 3529       1       ch.qos.logback.core.pattern.FormattingConverter::write (154 bytes)
Event: 534.117 Thread 0x00007f0e1016f000 nmethod 3529 0x00007f0e016e1c10 code [0x00007f0e016e1e20, 0x00007f0e016e22d8]
Event: 534.124 Thread 0x00007f0e1016f000 3530       1       java.util.Calendar::complete (40 bytes)
Event: 534.124 Thread 0x00007f0e1016f000 nmethod 3530 0x00007f0e016e2850 code [0x00007f0e016e29c0, 0x00007f0e016e2b58]
Event: 534.467 Thread 0x00007f0e1016f000 3531       1       java.util.regex.Pattern::split (290 bytes)
Event: 534.471 Thread 0x00007f0e1016f000 nmethod 3531 0x00007f0e016e2c10 code [0x00007f0e016e2fa0, 0x00007f0e016e41f8]

GC Heap History (10 events):
Event: 13.654 GC heap before
{Heap before GC invocations=6 (full 0):
 PSYoungGen      total 34304K, used 30578K [0x00000000ebd00000, 0x00000000f0800000, 0x0000000100000000)
  eden space 31744K, 88% used [0x00000000ebd00000,0x00000000ed860630,0x00000000edc00000)
  from space 2560K, 99% used [0x00000000edc00000,0x00000000ede7c340,0x00000000ede80000)
  to   space 6656K, 0% used [0x00000000f0180000,0x00000000f0180000,0x00000000f0800000)
 ParOldGen       total 42496K, used 7332K [0x00000000c3600000, 0x00000000c5f80000, 0x00000000ebd00000)
  object space 42496K, 17% used [0x00000000c3600000,0x00000000c3d291c0,0x00000000c5f80000)
 Metaspace       used 20316K, capacity 21156K, committed 21248K, reserved 1067008K
  class space    used 2576K, capacity 2786K, committed 2816K, reserved 1048576K
Event: 13.733 GC heap after
Heap after GC invocations=6 (full 0):
 PSYoungGen      total 69632K, used 5406K [0x00000000ebd00000, 0x00000000f0900000, 0x0000000100000000)
  eden space 62976K, 0% used [0x00000000ebd00000,0x00000000ebd00000,0x00000000efa80000)
  from space 6656K, 81% used [0x00000000f0180000,0x00000000f06c7920,0x00000000f0800000)
  to   space 7168K, 0% used [0x00000000efa80000,0x00000000efa80000,0x00000000f0180000)
 ParOldGen       total 42496K, used 7332K [0x00000000c3600000, 0x00000000c5f80000, 0x00000000ebd00000)
  object space 42496K, 17% used [0x00000000c3600000,0x00000000c3d291c0,0x00000000c5f80000)
 Metaspace       used 20316K, capacity 21156K, committed 21248K, reserved 1067008K
  class space    used 2576K, capacity 2786K, committed 2816K, reserved 1048576K
}
Event: 13.736 GC heap before
{Heap before GC invocations=7 (full 1):
 PSYoungGen      total 69632K, used 5406K [0x00000000ebd00000, 0x00000000f0900000, 0x0000000100000000)
  eden space 62976K, 0% used [0x00000000ebd00000,0x00000000ebd00000,0x00000000efa80000)
  from space 6656K, 81% used [0x00000000f0180000,0x00000000f06c7920,0x00000000f0800000)
  to   space 7168K, 0% used [0x00000000efa80000,0x00000000efa80000,0x00000000f0180000)
 ParOldGen       total 42496K, used 7332K [0x00000000c3600000, 0x00000000c5f80000, 0x00000000ebd00000)
  object space 42496K, 17% used [0x00000000c3600000,0x00000000c3d291c0,0x00000000c5f80000)
 Metaspace       used 20316K, capacity 21156K, committed 21248K, reserved 1067008K
  class space    used 2576K, capacity 2786K, committed 2816K, reserved 1048576K
Event: 13.941 GC heap after
Heap after GC invocations=7 (full 1):
 PSYoungGen      total 69632K, used 0K [0x00000000ebd00000, 0x00000000f0900000, 0x0000000100000000)
  eden space 62976K, 0% used [0x00000000ebd00000,0x00000000ebd00000,0x00000000efa80000)
  from space 6656K, 0% used [0x00000000f0180000,0x00000000f0180000,0x00000000f0800000)
  to   space 7168K, 0% used [0x00000000efa80000,0x00000000efa80000,0x00000000f0180000)
 ParOldGen       total 34816K, used 9878K [0x00000000c3600000, 0x00000000c5800000, 0x00000000ebd00000)
  object space 34816K, 28% used [0x00000000c3600000,0x00000000c3fa5910,0x00000000c5800000)
 Metaspace       used 20316K, capacity 21156K, committed 21248K, reserved 1067008K
  class space    used 2576K, capacity 2786K, committed 2816K, reserved 1048576K
}
Event: 86.618 GC heap before
{Heap before GC invocations=8 (full 1):
 PSYoungGen      total 69632K, used 62976K [0x00000000ebd00000, 0x00000000f0900000, 0x0000000100000000)
  eden space 62976K, 100% used [0x00000000ebd00000,0x00000000efa80000,0x00000000efa80000)
  from space 6656K, 0% used [0x00000000f0180000,0x00000000f0180000,0x00000000f0800000)
  to   space 7168K, 0% used [0x00000000efa80000,0x00000000efa80000,0x00000000f0180000)
 ParOldGen       total 34816K, used 9878K [0x00000000c3600000, 0x00000000c5800000, 0x00000000ebd00000)
  object space 34816K, 28% used [0x00000000c3600000,0x00000000c3fa5910,0x00000000c5800000)
 Metaspace       used 22575K, capacity 23678K, committed 23936K, reserved 1071104K
  class space    used 2914K, capacity 3141K, committed 3200K, reserved 1048576K
Event: 86.692 GC heap after
Heap after GC invocations=8 (full 1):
 PSYoungGen      total 70144K, used 4381K [0x00000000ebd00000, 0x00000000f2b80000, 0x0000000100000000)
  eden space 62976K, 0% used [0x00000000ebd00000,0x00000000ebd00000,0x00000000efa80000)
  from space 7168K, 61% used [0x00000000efa80000,0x00000000efec7518,0x00000000f0180000)
  to   space 6656K, 0% used [0x00000000f2500000,0x00000000f2500000,0x00000000f2b80000)
 ParOldGen       total 34816K, used 9886K [0x00000000c3600000, 0x00000000c5800000, 0x00000000ebd00000)
  object space 34816K, 28% used [0x00000000c3600000,0x00000000c3fa7910,0x00000000c5800000)
 Metaspace       used 22575K, capacity 23678K, committed 23936K, reserved 1071104K
  class space    used 2914K, capacity 3141K, committed 3200K, reserved 1048576K
}
Event: 90.850 GC heap before
{Heap before GC invocations=9 (full 1):
 PSYoungGen      total 70144K, used 67357K [0x00000000ebd00000, 0x00000000f2b80000, 0x0000000100000000)
  eden space 62976K, 100% used [0x00000000ebd00000,0x00000000efa80000,0x00000000efa80000)
  from space 7168K, 61% used [0x00000000efa80000,0x00000000efec7518,0x00000000f0180000)
  to   space 6656K, 0% used [0x00000000f2500000,0x00000000f2500000,0x00000000f2b80000)
 ParOldGen       total 34816K, used 9886K [0x00000000c3600000, 0x00000000c5800000, 0x00000000ebd00000)
  object space 34816K, 28% used [0x00000000c3600000,0x00000000c3fa7910,0x00000000c5800000)
 Metaspace       used 27047K, capacity 28740K, committed 29056K, reserved 1075200K
  class space    used 3520K, capacity 3876K, committed 3968K, reserved 1048576K
Event: 90.990 GC heap after
Heap after GC invocations=9 (full 1):
 PSYoungGen      total 104960K, used 6648K [0x00000000ebd00000, 0x00000000f3000000, 0x0000000100000000)
  eden space 98304K, 0% used [0x00000000ebd00000,0x00000000ebd00000,0x00000000f1d00000)
  from space 6656K, 99% used [0x00000000f2500000,0x00000000f2b7e040,0x00000000f2b80000)
  to   space 8192K, 0% used [0x00000000f1d00000,0x00000000f1d00000,0x00000000f2500000)
 ParOldGen       total 34816K, used 10943K [0x00000000c3600000, 0x00000000c5800000, 0x00000000ebd00000)
  object space 34816K, 31% used [0x00000000c3600000,0x00000000c40afd90,0x00000000c5800000)
 Metaspace       used 27047K, capacity 28740K, committed 29056K, reserved 1075200K
  class space    used 3520K, capacity 3876K, committed 3968K, reserved 1048576K
}
Event: 273.906 GC heap before
{Heap before GC invocations=10 (full 1):
 PSYoungGen      total 104960K, used 104952K [0x00000000ebd00000, 0x00000000f3000000, 0x0000000100000000)
  eden space 98304K, 100% used [0x00000000ebd00000,0x00000000f1d00000,0x00000000f1d00000)
  from space 6656K, 99% used [0x00000000f2500000,0x00000000f2b7e040,0x00000000f2b80000)
  to   space 8192K, 0% used [0x00000000f1d00000,0x00000000f1d00000,0x00000000f2500000)
 ParOldGen       total 34816K, used 10943K [0x00000000c3600000, 0x00000000c5800000, 0x00000000ebd00000)
  object space 34816K, 31% used [0x00000000c3600000,0x00000000c40afd90,0x00000000c5800000)
 Metaspace       used 32385K, capacity 34656K, committed 34944K, reserved 1079296K
  class space    used 4260K, capacity 4699K, committed 4736K, reserved 1048576K
Event: 273.983 GC heap after
Heap after GC invocations=10 (full 1):
 PSYoungGen      total 106496K, used 8188K [0x00000000ebd00000, 0x00000000f5000000, 0x0000000100000000)
  eden space 98304K, 0% used [0x00000000ebd00000,0x00000000ebd00000,0x00000000f1d00000)
  from space 8192K, 99% used [0x00000000f1d00000,0x00000000f24ff050,0x00000000f2500000)
  to   space 10240K, 0% used [0x00000000f4600000,0x00000000f4600000,0x00000000f5000000)
 ParOldGen       total 34816K, used 13277K [0x00000000c3600000, 0x00000000c5800000, 0x00000000ebd00000)
  object space 34816K, 38% used [0x00000000c3600000,0x00000000c42f7648,0x00000000c5800000)
 Metaspace       used 32385K, capacity 34656K, committed 34944K, reserved 1079296K
  class space    used 4260K, capacity 4699K, committed 4736K, reserved 1048576K
}

Deoptimization events (0 events):
No events

Classes redefined (0 events):
No events

Internal exceptions (10 events):
Event: 99.934 Thread 0x00007f0e10011000 Exception <a 'java/lang/ClassNotFoundException': org/springframework/web/servlet/config/annotation/DelegatingWebMvcConfigurationCustomizer> (0x00000000edf75308) thrown at [/build/openjdk-8-S0Y16D/openjdk-8-8u422-b05/src/hotspot/src/share/vm/classfile/syst
Event: 99.944 Thread 0x00007f0e10011000 Exception <a 'java/lang/ClassNotFoundException': org/springframework/boot/autoconfigure/web/servlet/WebMvcAutoConfiguration$EnableWebMvcConfigurationCustomizer> (0x00000000edf9c210) thrown at [/build/openjdk-8-S0Y16D/openjdk-8-8u422-b05/src/hotspot/src/sh
Event: 99.947 Thread 0x00007f0e10011000 Exception <a 'java/lang/ClassNotFoundException': org/springframework/context/ResourceLoaderAwareCustomizer> (0x00000000edfc6388) thrown at [/build/openjdk-8-S0Y16D/openjdk-8-8u422-b05/src/hotspot/src/share/vm/classfile/systemDictionary.cpp, line 217]
Event: 99.948 Thread 0x00007f0e10011000 Exception <a 'java/lang/ClassNotFoundException': org/springframework/beans/factory/AwareCustomizer> (0x00000000edfda690) thrown at [/build/openjdk-8-S0Y16D/openjdk-8-8u422-b05/src/hotspot/src/share/vm/classfile/systemDictionary.cpp, line 217]
Event: 99.949 Thread 0x00007f0e10011000 Exception <a 'java/lang/ClassNotFoundException': org/springframework/context/ApplicationContextAwareCustomizer> (0x00000000edff0b40) thrown at [/build/openjdk-8-S0Y16D/openjdk-8-8u422-b05/src/hotspot/src/share/vm/classfile/systemDictionary.cpp, line 217]
Event: 99.950 Thread 0x00007f0e10011000 Exception <a 'java/lang/ClassNotFoundException': org/springframework/beans/factory/AwareCustomizer> (0x00000000ee005460) thrown at [/build/openjdk-8-S0Y16D/openjdk-8-8u422-b05/src/hotspot/src/share/vm/classfile/systemDictionary.cpp, line 217]
Event: 99.952 Thread 0x00007f0e10011000 Exception <a 'java/lang/ClassNotFoundException': org/springframework/web/context/ServletContextAwareCustomizer> (0x00000000ee01b880) thrown at [/build/openjdk-8-S0Y16D/openjdk-8-8u422-b05/src/hotspot/src/share/vm/classfile/systemDictionary.cpp, line 217]
Event: 99.953 Thread 0x00007f0e10011000 Exception <a 'java/lang/ClassNotFoundException': org/springframework/beans/factory/AwareCustomizer> (0x00000000ee02fc00) thrown at [/build/openjdk-8-S0Y16D/openjdk-8-8u422-b05/src/hotspot/src/share/vm/classfile/systemDictionary.cpp, line 217]
Event: 102.181 Thread 0x00007f0e10011000 Exception <a 'java/lang/NoSuchMethodError': java.lang.Object.lambda$thenComparing$36697e65$1(Ljava/util/Comparator;Ljava/lang/Object;Ljava/lang/Object;)I> (0x00000000ef43fbe0) thrown at [/build/openjdk-8-S0Y16D/openjdk-8-8u422-b05/src/hotspot/src/share/vm
Event: 102.620 Thread 0x00007f0e10011000 Exception <a 'java/lang/IncompatibleClassChangeError': Found class java.lang.Object, but interface was expected> (0x00000000ef8a7618) thrown at [/build/openjdk-8-S0Y16D/openjdk-8-8u422-b05/src/hotspot/src/share/vm/interpreter/linkResolver.cpp, line 653]

Events (10 events):
Event: 545.372 Executing VM operation: GetCurrentLocation
Event: 545.373 Executing VM operation: GetCurrentLocation done
Event: 545.373 Executing VM operation: ChangeSingleStep
Event: 545.373 Executing VM operation: ChangeSingleStep done
Event: 545.383 Executing VM operation: ChangeSingleStep
Event: 545.391 Executing VM operation: ChangeSingleStep done
Event: 545.392 Executing VM operation: ForceSafepoint
Event: 545.393 Executing VM operation: ForceSafepoint done
Event: 545.482 Executing VM operation: GetOrSetLocal
Event: 545.482 Executing VM operation: GetOrSetLocal done


Dynamic libraries:
c3600000-c5800000 rw-p 00000000 00:00 0 
c5800000-ebd00000 ---p 00000000 00:00 0 
ebd00000-f5000000 rw-p 00000000 00:00 0 
f5000000-100000000 ---p 00000000 00:00 0 
100000000-1004c0000 rw-p 00000000 00:00 0 
1004c0000-140000000 ---p 00000000 00:00 0 
55cb6556d000-55cb6556e000 r--p 00000000 08:05 2753198                    /usr/lib/jvm/java-8-openjdk-amd64/jre/bin/java
55cb6556e000-55cb6556f000 r-xp 00001000 08:05 2753198                    /usr/lib/jvm/java-8-openjdk-amd64/jre/bin/java
55cb6556f000-55cb65570000 r--p 00002000 08:05 2753198                    /usr/lib/jvm/java-8-openjdk-amd64/jre/bin/java
55cb65570000-55cb65571000 r--p 00002000 08:05 2753198                    /usr/lib/jvm/java-8-openjdk-amd64/jre/bin/java
55cb65571000-55cb65572000 rw-p 00003000 08:05 2753198                    /usr/lib/jvm/java-8-openjdk-amd64/jre/bin/java
55cb65aeb000-55cb65b34000 rw-p 00000000 00:00 0                          [heap]
7f0dbbff8000-7f0dbbff9000 ---p 00000000 00:00 0 
7f0dbbff9000-7f0dbc7f9000 rw-p 00000000 00:00 0 
7f0dbe7fd000-7f0dbe7fe000 ---p 00000000 00:00 0 
7f0dbe7fe000-7f0dbeffe000 rw-p 00000000 00:00 0 
7f0dbeffe000-7f0dbefff000 ---p 00000000 00:00 0 
7f0dbefff000-7f0dbf7ff000 rw-p 00000000 00:00 0 
7f0dbf7ff000-7f0dbf800000 ---p 00000000 00:00 0 
7f0dbf800000-7f0dc0000000 rw-p 00000000 00:00 0 
7f0dc0000000-7f0dc004d000 rw-p 00000000 00:00 0 
7f0dc004d000-7f0dc4000000 ---p 00000000 00:00 0 
7f0dc6000000-7f0dc6003000 ---p 00000000 00:00 0 
7f0dc6003000-7f0dc6100000 rw-p 00000000 00:00 0 
7f0dc6100000-7f0dc6103000 ---p 00000000 00:00 0 
7f0dc6103000-7f0dc6200000 rw-p 00000000 00:00 0 
7f0dc6200000-7f0dc6203000 ---p 00000000 00:00 0 
7f0dc6203000-7f0dc6300000 rw-p 00000000 00:00 0 
7f0dc6300000-7f0dc6303000 ---p 00000000 00:00 0 
7f0dc6303000-7f0dc6400000 rw-p 00000000 00:00 0 
7f0dc6400000-7f0dc6403000 ---p 00000000 00:00 0 
7f0dc6403000-7f0dc6500000 rw-p 00000000 00:00 0 
7f0dc6500000-7f0dc6503000 ---p 00000000 00:00 0 
7f0dc6503000-7f0dc67c0000 rw-p 00000000 00:00 0 
7f0dc67c0000-7f0dc6800000 ---p 00000000 00:00 0 
7f0dc6800000-7f0dc6803000 ---p 00000000 00:00 0 
7f0dc6803000-7f0dc6900000 rw-p 00000000 00:00 0 
7f0dc6900000-7f0dc6903000 ---p 00000000 00:00 0 
7f0dc6903000-7f0dc6a00000 rw-p 00000000 00:00 0 
7f0dc6a00000-7f0dc6a03000 ---p 00000000 00:00 0 
7f0dc6a03000-7f0dc6b00000 rw-p 00000000 00:00 0 
7f0dc6b00000-7f0dc6b03000 ---p 00000000 00:00 0 
7f0dc6b03000-7f0dc6c00000 rw-p 00000000 00:00 0 
7f0dc6c00000-7f0dc6c03000 ---p 00000000 00:00 0 
7f0dc6c03000-7f0dc6d00000 rw-p 00000000 00:00 0 
7f0dc6d00000-7f0dc6d03000 ---p 00000000 00:00 0 
7f0dc6d03000-7f0dc6e00000 rw-p 00000000 00:00 0 
7f0dc6e00000-7f0dc6e03000 ---p 00000000 00:00 0 
7f0dc6e03000-7f0dc6f00000 rw-p 00000000 00:00 0 
7f0dc6f00000-7f0dc6f03000 ---p 00000000 00:00 0 
7f0dc6f03000-7f0dc7000000 rw-p 00000000 00:00 0 
7f0dc7000000-7f0dc7003000 ---p 00000000 00:00 0 
7f0dc7003000-7f0dc7300000 rw-p 00000000 00:00 0 
7f0dc7300000-7f0dc7303000 ---p 00000000 00:00 0 
7f0dc7303000-7f0dc7400000 rw-p 00000000 00:00 0 
7f0dc7400000-7f0dc7403000 ---p 00000000 00:00 0 
7f0dc7403000-7f0dc7500000 rw-p 00000000 00:00 0 
7f0dc7500000-7f0dc7503000 ---p 00000000 00:00 0 
7f0dc7503000-7f0dc7600000 rw-p 00000000 00:00 0 
7f0dc7600000-7f0dc7603000 ---p 00000000 00:00 0 
7f0dc7603000-7f0dc7700000 rw-p 00000000 00:00 0 
7f0dc7700000-7f0dc7703000 ---p 00000000 00:00 0 
7f0dc7703000-7f0dc7800000 rw-p 00000000 00:00 0 
7f0dc7800000-7f0dc7803000 ---p 00000000 00:00 0 
7f0dc7803000-7f0dc7900000 rw-p 00000000 00:00 0 
7f0dc7900000-7f0dc7903000 ---p 00000000 00:00 0 
7f0dc7903000-7f0dc7a00000 rw-p 00000000 00:00 0 
7f0dc7a00000-7f0dc7a03000 ---p 00000000 00:00 0 
7f0dc7a03000-7f0dc7b00000 rw-p 00000000 00:00 0 
7f0dc7b00000-7f0dc7b03000 ---p 00000000 00:00 0 
7f0dc7b03000-7f0dc7e00000 rw-p 00000000 00:00 0 
7f0dc7e00000-7f0dc8000000 rw-p 00000000 00:00 0 
7f0dc8000000-7f0dc8021000 rw-p 00000000 00:00 0 
7f0dc8021000-7f0dcc000000 ---p 00000000 00:00 0 
7f0dcc000000-7f0dcc021000 rw-p 00000000 00:00 0 
7f0dcc021000-7f0dd0000000 ---p 00000000 00:00 0 
7f0dd0000000-7f0dd0047000 rw-p 00000000 00:00 0 
7f0dd0047000-7f0dd4000000 ---p 00000000 00:00 0 
7f0dd4000000-7f0dd4523000 rw-p 00000000 00:00 0 
7f0dd4523000-7f0dd8000000 ---p 00000000 00:00 0 
7f0dd8000000-7f0dd81d7000 rw-p 00000000 00:00 0 
7f0dd81d7000-7f0ddc000000 ---p 00000000 00:00 0 
7f0ddc000000-7f0ddc021000 rw-p 00000000 00:00 0 
7f0ddc021000-7f0de0000000 ---p 00000000 00:00 0 
7f0de0000000-7f0de0021000 rw-p 00000000 00:00 0 
7f0de0021000-7f0de4000000 ---p 00000000 00:00 0 
7f0de4000000-7f0de4075000 rw-p 00000000 00:00 0 
7f0de4075000-7f0de8000000 ---p 00000000 00:00 0 
7f0de8000000-7f0de8021000 rw-p 00000000 00:00 0 
7f0de8021000-7f0dec000000 ---p 00000000 00:00 0 
7f0dec000000-7f0dec021000 rw-p 00000000 00:00 0 
7f0dec021000-7f0df0000000 ---p 00000000 00:00 0 
7f0df0000000-7f0df0021000 rw-p 00000000 00:00 0 
7f0df0021000-7f0df4000000 ---p 00000000 00:00 0 
7f0df4000000-7f0df415e000 rw-p 00000000 00:00 0 
7f0df415e000-7f0df8000000 ---p 00000000 00:00 0 
7f0df80fe000-7f0df8101000 ---p 00000000 00:00 0 
7f0df8101000-7f0df83fe000 rw-p 00000000 00:00 0 
7f0df83fe000-7f0df85fe000 rw-p 00000000 00:00 0 
7f0df85fe000-7f0df87fe000 rw-p 00000000 00:00 0 
7f0df87fe000-7f0df89fe000 rw-p 00000000 00:00 0 
7f0df89fe000-7f0df8bfe000 rw-p 00000000 00:00 0 
7f0df8bfe000-7f0df8dfe000 rw-p 00000000 00:00 0 
7f0df8dfe000-7f0df8dff000 ---p 00000000 00:00 0 
7f0df8dff000-7f0df95ff000 rw-p 00000000 00:00 0 
7f0df95ff000-7f0df9600000 ---p 00000000 00:00 0 
7f0df9600000-7f0df9e00000 rw-p 00000000 00:00 0 
7f0df9e00000-7f0dfa929000 r-xp 00000000 08:05 917899                     /tmp/librocksdbjni3655437200566617638.so
7f0dfa929000-7f0dfab28000 ---p 00b29000 08:05 917899                     /tmp/librocksdbjni3655437200566617638.so
7f0dfab28000-7f0dfab49000 r--p 00b28000 08:05 917899                     /tmp/librocksdbjni3655437200566617638.so
7f0dfab49000-7f0dfab57000 rw-p 00b49000 08:05 917899                     /tmp/librocksdbjni3655437200566617638.so
7f0dfab57000-7f0dfab5f000 rw-p 00000000 00:00 0 
7f0dfab68000-7f0dfab6f000 r--p 00000000 08:05 2753241                    /usr/lib/jvm/java-8-openjdk-amd64/jre/lib/amd64/libsunec.so
7f0dfab6f000-7f0dfab88000 r-xp 00007000 08:05 2753241                    /usr/lib/jvm/java-8-openjdk-amd64/jre/lib/amd64/libsunec.so
7f0dfab88000-7f0dfab92000 r--p 00020000 08:05 2753241                    /usr/lib/jvm/java-8-openjdk-amd64/jre/lib/amd64/libsunec.so
7f0dfab92000-7f0dfab96000 r--p 00029000 08:05 2753241                    /usr/lib/jvm/java-8-openjdk-amd64/jre/lib/amd64/libsunec.so
7f0dfab96000-7f0dfab97000 rw-p 0002d000 08:05 2753241                    /usr/lib/jvm/java-8-openjdk-amd64/jre/lib/amd64/libsunec.so
7f0dfab97000-7f0dfab99000 r--s 00016000 08:05 2753279                    /usr/lib/jvm/java-8-openjdk-amd64/jre/lib/jce.jar
7f0dfab99000-7f0dfabab000 r--s 0034c000 08:05 2753290                    /usr/lib/jvm/java-8-openjdk-amd64/jre/lib/resources.jar
7f0dfabab000-7f0dfabae000 ---p 00000000 00:00 0 
7f0dfabae000-7f0dfacab000 rw-p 00000000 00:00 0 
7f0dfacab000-7f0dfacae000 ---p 00000000 00:00 0 
7f0dfacae000-7f0dfadab000 rw-p 00000000 00:00 0 
7f0dfadab000-7f0dfadae000 ---p 00000000 00:00 0 
7f0dfadae000-7f0dfaeab000 rw-p 00000000 00:00 0 
7f0dfaeab000-7f0dfaeae000 ---p 00000000 00:00 0 
7f0dfaeae000-7f0dfaee4000 rw-p 00000000 00:00 0 
7f0dfaee4000-7f0dfaee7000 ---p 00000000 00:00 0 
7f0dfaee7000-7f0dfb1e4000 rw-p 00000000 00:00 0 
7f0dfb1e4000-7f0dfb1eb000 r--s 00000000 08:05 2754531                    /usr/lib/x86_64-linux-gnu/gconv/gconv-modules.cache
7f0dfb1eb000-7f0dfb20d000 r--p 00000000 08:05 280879                     /usr/share/locale-langpack/zh_CN/LC_MESSAGES/libc.mo
7f0dfb20d000-7f0dfb210000 ---p 00000000 00:00 0 
7f0dfb210000-7f0dfb30d000 rw-p 00000000 00:00 0 
7f0dfb30d000-7f0dfb30e000 ---p 00000000 00:00 0 
7f0dfb30e000-7f0dfb40e000 rw-p 00000000 00:00 0 
7f0dfb40e000-7f0dfb411000 ---p 00000000 00:00 0 
7f0dfb411000-7f0dfb50e000 rw-p 00000000 00:00 0 
7f0dfb50e000-7f0dfb51f000 r--s 001c5000 08:05 2753285                    /usr/lib/jvm/java-8-openjdk-amd64/jre/lib/jsse.jar
7f0dfb51f000-7f0dfb522000 r--s 00023000 08:05 1966943                    /home/wj/下载/ideaIU-2024.2.1/idea-IU-242.21829.142/lib/idea_rt.jar
7f0dfb522000-7f0dfb52c000 r--s 00064000 08:05 2102610                    /home/wj/.m2/repository/ch/qos/logback/logback-core/1.2.11/logback-core-1.2.11.jar
7f0dfb52c000-7f0dfb533000 r--s 00041000 08:05 2260627                    /home/wj/.m2/repository/ch/qos/logback/logback-classic/1.2.6/logback-classic-1.2.6.jar
7f0dfb533000-7f0dfb53a000 r--s 03a67000 08:05 2243741                    /home/wj/.m2/repository/org/rocksdb/rocksdbjni/8.8.1/rocksdbjni-8.8.1.jar
7f0dfb53a000-7f0dfb541000 r--s 00054000 08:05 2243723                    /home/wj/.m2/repository/commons-codec/commons-codec/1.17.1/commons-codec-1.17.1.jar
7f0dfb541000-7f0dfb549000 r--s 00072000 08:05 2102530                    /home/wj/.m2/repository/org/apache/commons/commons-lang3/3.7/commons-lang3-3.7.jar
7f0dfb549000-7f0dfb555000 r--s 0002b000 08:05 2102526                    /home/wj/.m2/repository/org/checkerframework/checker-qual/3.19.0/checker-qual-3.19.0.jar
7f0dfb555000-7f0dfb566000 r--s 000ce000 08:05 2102522                    /home/wj/.m2/repository/com/github/ben-manes/caffeine/caffeine/2.9.3/caffeine-2.9.3.jar
7f0dfb566000-7f0dfb56a000 r--s 00025000 08:05 2102515                    /home/wj/.m2/repository/net/dreamlu/tio-utils/3.8.4.v20220920-RELEASE/tio-utils-3.8.4.v20220920-RELEASE.jar
7f0dfb56a000-7f0dfb56e000 r--s 0002c000 08:05 2102487                    /home/wj/.m2/repository/net/dreamlu/tio-core/3.8.4.v20220920-RELEASE/tio-core-3.8.4.v20220920-RELEASE.jar
7f0dfb56e000-7f0dfb589000 r--s 0014f000 08:05 2104649                    /home/wj/.m2/repository/org/springframework/spring-core/5.3.17/spring-core-5.3.17.jar
7f0dfb589000-7f0dfb58e000 r--s 00042000 08:05 2243158                    /home/wj/.m2/repository/org/springframework/spring-expression/5.3.17/spring-expression-5.3.17.jar
7f0dfb58e000-7f0dfb5aa000 r--s 0011c000 08:05 2243159                    /home/wj/.m2/repository/org/springframework/spring-context/5.3.17/spring-context-5.3.17.jar
7f0dfb5aa000-7f0dfb5b3000 r--s 00055000 08:05 2243154                    /home/wj/.m2/repository/org/springframework/spring-aop/5.3.17/spring-aop-5.3.17.jar
7f0dfb5b3000-7f0dfb5c6000 r--s 000e9000 08:05 2243212                    /home/wj/.m2/repository/org/springframework/spring-webmvc/5.3.17/spring-webmvc-5.3.17.jar
7f0dfb5c6000-7f0dfb5d3000 r--s 0009e000 08:05 2243155                    /home/wj/.m2/repository/org/springframework/spring-beans/5.3.17/spring-beans-5.3.17.jar
7f0dfb5d3000-7f0dfb5f2000 r--s 00172000 08:05 2243161                    /home/wj/.m2/repository/org/springframework/spring-web/5.3.17/spring-web-5.3.17.jar
7f0dfb5f2000-7f0dfb5f8000 r--s 0003e000 08:05 2243210                    /home/wj/.m2/repository/org/apache/tomcat/embed/tomcat-embed-websocket/9.0.60/tomcat-embed-websocket-9.0.60.jar
7f0dfb5f8000-7f0dfb5fd000 r--s 0003a000 08:05 2243208                    /home/wj/.m2/repository/org/apache/tomcat/embed/tomcat-embed-el/9.0.60/tomcat-embed-el-9.0.60.jar
7f0dfb5fd000-7f0dfb600000 ---p 00000000 00:00 0 
7f0dfb600000-7f0dfb6fd000 rw-p 00000000 00:00 0 
7f0dfb6fd000-7f0dfb6fe000 ---p 00000000 00:00 0 
7f0dfb6fe000-7f0dfb701000 ---p 00000000 00:00 0 
7f0dfb701000-7f0dfb7fe000 rw-p 00000000 00:00 0 
7f0dfb7fe000-7f0dfb7ff000 ---p 00000000 00:00 0 
7f0dfb7ff000-7f0dfb802000 ---p 00000000 00:00 0 
7f0dfb802000-7f0dfb8ff000 rw-p 00000000 00:00 0 
7f0dfb8ff000-7f0dfb902000 ---p 00000000 00:00 0 
7f0dfb902000-7f0dfb9ff000 rw-p 00000000 00:00 0 
7f0dfb9ff000-7f0dfba02000 ---p 00000000 00:00 0 
7f0dfba02000-7f0dfbaff000 rw-p 00000000 00:00 0 
7f0dfbaff000-7f0dfbb02000 ---p 00000000 00:00 0 
7f0dfbb02000-7f0dfbbff000 rw-p 00000000 00:00 0 
7f0dfbbff000-7f0dfbc02000 ---p 00000000 00:00 0 
7f0dfbc02000-7f0dfbcff000 rw-p 00000000 00:00 0 
7f0dfbcff000-7f0dfbd02000 ---p 00000000 00:00 0 
7f0dfbd02000-7f0dfbdff000 rw-p 00000000 00:00 0 
7f0dfbdff000-7f0dfbe02000 ---p 00000000 00:00 0 
7f0dfbe02000-7f0dfbeff000 rw-p 00000000 00:00 0 
7f0dfbeff000-7f0dfbf00000 ---p 00000000 00:00 0 
7f0dfbf00000-7f0dfc000000 rw-p 00000000 00:00 0 
7f0dfc000000-7f0dfc02d000 rw-p 00000000 00:00 0 
7f0dfc02d000-7f0e00000000 ---p 00000000 00:00 0 
7f0e00000000-7f0e00002000 r--s 00009000 08:05 2102255                    /home/wj/.m2/repository/org/slf4j/slf4j-api/1.7.36/slf4j-api-1.7.36.jar
7f0e00002000-7f0e00003000 r--s 00003000 08:05 2102531                    /home/wj/.m2/repository/com/google/errorprone/error_prone_annotations/2.10.0/error_prone_annotations-2.10.0.jar
7f0e00003000-7f0e00004000 r--s 00005000 08:05 2104657                    /home/wj/.m2/repository/org/springframework/spring-jcl/5.3.17/spring-jcl-5.3.17.jar
7f0e00004000-7f0e0002e000 r--s 00318000 08:05 2243206                    /home/wj/.m2/repository/org/apache/tomcat/embed/tomcat-embed-core/9.0.60/tomcat-embed-core-9.0.60.jar
7f0e0002e000-7f0e0002f000 r--s 00001000 08:05 2243204                    /home/wj/.m2/repository/org/springframework/boot/spring-boot-starter-tomcat/2.6.5/spring-boot-starter-tomcat-2.6.5.jar
7f0e0002f000-7f0e00031000 r--s 00001000 08:05 2104632                    /home/wj/.m2/repository/com/fasterxml/jackson/module/jackson-module-parameter-names/2.13.2/jackson-module-parameter-names-2.13.2.jar
7f0e00031000-7f0e00034000 r--s 0001b000 08:05 2243202                    /home/wj/.m2/repository/com/fasterxml/jackson/datatype/jackson-datatype-jsr310/2.13.2/jackson-datatype-jsr310-2.13.2.jar
7f0e00034000-7f0e00036000 r--s 00007000 08:05 2243198                    /home/wj/.m2/repository/com/fasterxml/jackson/datatype/jackson-datatype-jdk8/2.13.2/jackson-datatype-jdk8-2.13.2.jar
7f0e00036000-7f0e0003b000 r--s 00057000 08:05 2102426                    /home/wj/.m2/repository/com/fasterxml/jackson/core/jackson-core/2.13.2/jackson-core-2.13.2.jar
7f0e0003b000-7f0e0003e000 r--s 00010000 08:05 2102422                    /home/wj/.m2/repository/com/fasterxml/jackson/core/jackson-annotations/2.13.2/jackson-annotations-2.13.2.jar
7f0e0003e000-7f0e00055000 r--s 00160000 08:05 2102389                    /home/wj/.m2/repository/com/fasterxml/jackson/core/jackson-databind/2.13.2/jackson-databind-2.13.2.jar
7f0e00055000-7f0e00056000 r--s 00001000 08:05 2243200                    /home/wj/.m2/repository/org/springframework/boot/spring-boot-starter-json/2.6.5/spring-boot-starter-json-2.6.5.jar
7f0e00056000-7f0e00057000 r--s 00001000 08:05 2243164                    /home/wj/.m2/repository/org/springframework/boot/spring-boot-starter-web/2.6.5/spring-boot-starter-web-2.6.5.jar
7f0e00057000-7f0e0005a000 r--s 0000b000 08:05 2102376                    /home/wj/.m2/repository/org/objenesis/objenesis/2.5.1/objenesis-2.5.1.jar
7f0e0005a000-7f0e0005b000 r--s 00001000 08:05 2102374                    /home/wj/.m2/repository/com/esotericsoftware/minlog/1.3.0/minlog-1.3.0.jar
7f0e0005b000-7f0e0005d000 r--s 0000c000 08:05 2102372                    /home/wj/.m2/repository/org/ow2/asm/asm/5.0.4/asm-5.0.4.jar
7f0e0005d000-7f0e0005f000 r--s 00004000 08:05 2102370                    /home/wj/.m2/repository/com/esotericsoftware/reflectasm/1.11.3/reflectasm-1.11.3.jar
7f0e0005f000-7f0e00066000 r--s 0004c000 08:05 2102360                    /home/wj/.m2/repository/com/esotericsoftware/kryo/4.0.1/kryo-4.0.1.jar
7f0e00066000-7f0e0007f000 r--s 001c4000 08:05 2243170                    /home/wj/.m2/repository/org/projectlombok/lombok/1.18.22/lombok-1.18.22.jar
7f0e0007f000-7f0e00086000 r--s 0004a000 08:05 2243218                    /home/wj/.m2/repository/org/yaml/snakeyaml/1.29/snakeyaml-1.29.jar
7f0e00086000-7f0e00088000 r--s 00005000 08:05 2102562                    /home/wj/.m2/repository/jakarta/annotation/jakarta.annotation-api/1.3.5/jakarta.annotation-api-1.3.5.jar
7f0e00088000-7f0e0008a000 r--s 00000000 08:05 2102616                    /home/wj/.m2/repository/org/slf4j/jul-to-slf4j/1.7.36/jul-to-slf4j-1.7.36.jar
7f0e0008a000-7f0e00090000 r--s 00044000 08:05 2102614                    /home/wj/.m2/repository/org/apache/logging/log4j/log4j-api/2.17.2/log4j-api-2.17.2.jar
7f0e00090000-7f0e00092000 r--s 00003000 08:05 2102612                    /home/wj/.m2/repository/org/apache/logging/log4j/log4j-to-slf4j/2.17.2/log4j-to-slf4j-2.17.2.jar
7f0e00092000-7f0e000bf000 r--s 00162000 08:05 2243178                    /home/wj/.m2/repository/org/springframework/boot/spring-boot-autoconfigure/2.6.5/spring-boot-autoconfigure-2.6.5.jar
7f0e000bf000-7f0e000dd000 r--s 0013e000 08:05 2243173                    /home/wj/.m2/repository/org/springframework/boot/spring-boot/2.6.5/spring-boot-2.6.5.jar
7f0e000dd000-7f0e000f9000 r--s 00394000 08:05 2753259                    /usr/lib/jvm/java-8-openjdk-amd64/jre/lib/ext/cldrdata.jar
7f0e000f9000-7f0e01000000 rw-p 00000000 00:00 0 
7f0e01000000-7f0e016f0000 rwxp 00000000 00:00 0 
7f0e016f0000-7f0e10000000 ---p 00000000 00:00 0 
7f0e10000000-7f0e10e44000 rw-p 00000000 00:00 0 
7f0e10e44000-7f0e14000000 ---p 00000000 00:00 0 
7f0e14000000-7f0e14001000 r--s 00001000 08:05 2243216                    /home/wj/.m2/repository/org/springframework/boot/spring-boot-starter-logging/2.6.5/spring-boot-starter-logging-2.6.5.jar
7f0e14001000-7f0e14002000 r--s 00001000 08:05 2243168                    /home/wj/.m2/repository/org/springframework/boot/spring-boot-starter/2.6.5/spring-boot-starter-2.6.5.jar
7f0e14002000-7f0e14003000 r--s 00000000 08:05 2753288                    /usr/lib/jvm/java-8-openjdk-amd64/jre/lib/management-agent.jar
7f0e14003000-7f0e14006000 r--s 0000f000 08:05 2753261                    /usr/lib/jvm/java-8-openjdk-amd64/jre/lib/ext/icedtea-sound.jar
7f0e14006000-7f0e14009000 r--s 00042000 08:05 2753267                    /usr/lib/jvm/java-8-openjdk-amd64/jre/lib/ext/sunpkcs11.jar
7f0e14009000-7f0e1400b000 r--s 00001000 08:05 2753260                    /usr/lib/jvm/java-8-openjdk-amd64/jre/lib/ext/dnsns.jar
7f0e1400b000-7f0e1400d000 r--s 00008000 08:05 2753265                    /usr/lib/jvm/java-8-openjdk-amd64/jre/lib/ext/sunec.jar
7f0e1400d000-7f0e14017000 r--s 00117000 08:05 2753263                    /usr/lib/jvm/java-8-openjdk-amd64/jre/lib/ext/localedata.jar
7f0e14017000-7f0e14018000 r--s 0000a000 08:05 2753262                    /usr/lib/jvm/java-8-openjdk-amd64/jre/lib/ext/jaccess.jar
7f0e14018000-7f0e1401e000 r--s 0003e000 08:05 2753266                    /usr/lib/jvm/java-8-openjdk-amd64/jre/lib/ext/sunjce_provider.jar
7f0e1401e000-7f0e14020000 r--s 00010000 08:05 2753268                    /usr/lib/jvm/java-8-openjdk-amd64/jre/lib/ext/zipfs.jar
7f0e14020000-7f0e1403b000 r--s 001d6000 08:05 2753264                    /usr/lib/jvm/java-8-openjdk-amd64/jre/lib/ext/nashorn.jar
7f0e1403b000-7f0e1403d000 r--s 0000c000 08:05 2888732                    /usr/share/java/java-atk-wrapper.jar
7f0e1403d000-7f0e14044000 r--p 00000000 08:05 2753237                    /usr/lib/jvm/java-8-openjdk-amd64/jre/lib/amd64/libnio.so
7f0e14044000-7f0e1404d000 r-xp 00007000 08:05 2753237                    /usr/lib/jvm/java-8-openjdk-amd64/jre/lib/amd64/libnio.so
7f0e1404d000-7f0e14050000 r--p 00010000 08:05 2753237                    /usr/lib/jvm/java-8-openjdk-amd64/jre/lib/amd64/libnio.so
7f0e14050000-7f0e14051000 r--p 00012000 08:05 2753237                    /usr/lib/jvm/java-8-openjdk-amd64/jre/lib/amd64/libnio.so
7f0e14051000-7f0e14052000 rw-p 00013000 08:05 2753237                    /usr/lib/jvm/java-8-openjdk-amd64/jre/lib/amd64/libnio.so
7f0e14052000-7f0e14056000 r--p 00000000 08:05 2753234                    /usr/lib/jvm/java-8-openjdk-amd64/jre/lib/amd64/libmanagement.so
7f0e14056000-7f0e1405a000 r-xp 00004000 08:05 2753234                    /usr/lib/jvm/java-8-openjdk-amd64/jre/lib/amd64/libmanagement.so
7f0e1405a000-7f0e1405c000 r--p 00008000 08:05 2753234                    /usr/lib/jvm/java-8-openjdk-amd64/jre/lib/amd64/libmanagement.so
7f0e1405c000-7f0e1405d000 r--p 00009000 08:05 2753234                    /usr/lib/jvm/java-8-openjdk-amd64/jre/lib/amd64/libmanagement.so
7f0e1405d000-7f0e1405e000 rw-p 0000a000 08:05 2753234                    /usr/lib/jvm/java-8-openjdk-amd64/jre/lib/amd64/libmanagement.so
7f0e1405e000-7f0e14063000 r--p 00000000 08:05 2753236                    /usr/lib/jvm/java-8-openjdk-amd64/jre/lib/amd64/libnet.so
7f0e14063000-7f0e14074000 r-xp 00005000 08:05 2753236                    /usr/lib/jvm/java-8-openjdk-amd64/jre/lib/amd64/libnet.so
7f0e14074000-7f0e14078000 r--p 00016000 08:05 2753236                    /usr/lib/jvm/java-8-openjdk-amd64/jre/lib/amd64/libnet.so
7f0e14078000-7f0e14079000 r--p 00019000 08:05 2753236                    /usr/lib/jvm/java-8-openjdk-amd64/jre/lib/amd64/libnet.so
7f0e14079000-7f0e1407a000 rw-p 0001a000 08:05 2753236                    /usr/lib/jvm/java-8-openjdk-amd64/jre/lib/amd64/libnet.so
7f0e1407a000-7f0e14081000 r--s 000d3000 08:05 2753284                    /usr/lib/jvm/java-8-openjdk-amd64/jre/lib/jfr.jar
7f0e14081000-7f0e14087000 r--s 000fa000 08:05 1849657                    /home/wj/下载/ideaIU-2024.2.1/idea-IU-242.21829.142/plugins/java/lib/rt/debugger-agent.jar
7f0e14087000-7f0e142d7000 rw-p 00000000 00:00 0 
7f0e142d7000-7f0e144a9000 r--s 03ccc000 08:05 2753291                    /usr/lib/jvm/java-8-openjdk-amd64/jre/lib/rt.jar
7f0e144a9000-7f0e165c2000 rw-p 00000000 00:00 0 
7f0e165c2000-7f0e165c3000 ---p 00000000 00:00 0 
7f0e165c3000-7f0e166c3000 rw-p 00000000 00:00 0 
7f0e166c3000-7f0e166c4000 ---p 00000000 00:00 0 
7f0e166c4000-7f0e167d5000 rw-p 00000000 00:00 0 
7f0e167d5000-7f0e16908000 ---p 00000000 00:00 0 
7f0e16908000-7f0e16919000 rw-p 00000000 00:00 0 
7f0e16919000-7f0e16a4b000 ---p 00000000 00:00 0 
7f0e16a4b000-7f0e16a95000 rw-p 00000000 00:00 0 
7f0e16a95000-7f0e16aed000 ---p 00000000 00:00 0 
7f0e16aed000-7f0e16b0a000 rw-p 00000000 00:00 0 
7f0e16b0a000-7f0e16eae000 ---p 00000000 00:00 0 
7f0e16eae000-7f0e16eb1000 r--p 00000000 08:05 2753244                    /usr/lib/jvm/java-8-openjdk-amd64/jre/lib/amd64/libzip.so
7f0e16eb1000-7f0e16eb6000 r-xp 00003000 08:05 2753244                    /usr/lib/jvm/java-8-openjdk-amd64/jre/lib/amd64/libzip.so
7f0e16eb6000-7f0e16eb8000 r--p 00008000 08:05 2753244                    /usr/lib/jvm/java-8-openjdk-amd64/jre/lib/amd64/libzip.so
7f0e16eb8000-7f0e16eb9000 r--p 00009000 08:05 2753244                    /usr/lib/jvm/java-8-openjdk-amd64/jre/lib/amd64/libzip.so
7f0e16eb9000-7f0e16eba000 rw-p 0000a000 08:05 2753244                    /usr/lib/jvm/java-8-openjdk-amd64/jre/lib/amd64/libzip.so
7f0e16eba000-7f0e16ec2000 rw-s 00000000 08:05 917546                     /tmp/hsperfdata_wj/781181
7f0e16ec2000-7f0e16ec4000 r--p 00000000 08:05 2753220                    /usr/lib/jvm/java-8-openjdk-amd64/jre/lib/amd64/libinstrument.so
7f0e16ec4000-7f0e16ecb000 r-xp 00002000 08:05 2753220                    /usr/lib/jvm/java-8-openjdk-amd64/jre/lib/amd64/libinstrument.so
7f0e16ecb000-7f0e16ece000 r--p 00009000 08:05 2753220                    /usr/lib/jvm/java-8-openjdk-amd64/jre/lib/amd64/libinstrument.so
7f0e16ece000-7f0e16ecf000 r--p 0000b000 08:05 2753220                    /usr/lib/jvm/java-8-openjdk-amd64/jre/lib/amd64/libinstrument.so
7f0e16ecf000-7f0e16ed0000 rw-p 0000c000 08:05 2753220                    /usr/lib/jvm/java-8-openjdk-amd64/jre/lib/amd64/libinstrument.so
7f0e16ed0000-7f0e17748000 r--p 00000000 08:05 2623780                    /usr/lib/locale/locale-archive
7f0e17748000-7f0e1774a000 r--p 00000000 08:05 2753230                    /usr/lib/jvm/java-8-openjdk-amd64/jre/lib/amd64/libjdwp.so
7f0e1774a000-7f0e17776000 r-xp 00002000 08:05 2753230                    /usr/lib/jvm/java-8-openjdk-amd64/jre/lib/amd64/libjdwp.so
7f0e17776000-7f0e17783000 r--p 0002e000 08:05 2753230                    /usr/lib/jvm/java-8-openjdk-amd64/jre/lib/amd64/libjdwp.so
7f0e17783000-7f0e17784000 r--p 0003a000 08:05 2753230                    /usr/lib/jvm/java-8-openjdk-amd64/jre/lib/amd64/libjdwp.so
7f0e17784000-7f0e17785000 rw-p 0003b000 08:05 2753230                    /usr/lib/jvm/java-8-openjdk-amd64/jre/lib/amd64/libjdwp.so
7f0e17785000-7f0e17792000 r--p 00000000 08:05 2753225                    /usr/lib/jvm/java-8-openjdk-amd64/jre/lib/amd64/libjava.so
7f0e17792000-7f0e177aa000 r-xp 0000d000 08:05 2753225                    /usr/lib/jvm/java-8-openjdk-amd64/jre/lib/amd64/libjava.so
7f0e177aa000-7f0e177b1000 r--p 00025000 08:05 2753225                    /usr/lib/jvm/java-8-openjdk-amd64/jre/lib/amd64/libjava.so
7f0e177b1000-7f0e177b2000 r--p 0002b000 08:05 2753225                    /usr/lib/jvm/java-8-openjdk-amd64/jre/lib/amd64/libjava.so
7f0e177b2000-7f0e177b4000 rw-p 0002c000 08:05 2753225                    /usr/lib/jvm/java-8-openjdk-amd64/jre/lib/amd64/libjava.so
7f0e177b4000-7f0e177b9000 r--p 00000000 08:05 2753243                    /usr/lib/jvm/java-8-openjdk-amd64/jre/lib/amd64/libverify.so
7f0e177b9000-7f0e177c2000 r-xp 00005000 08:05 2753243                    /usr/lib/jvm/java-8-openjdk-amd64/jre/lib/amd64/libverify.so
7f0e177c2000-7f0e177c4000 r--p 0000e000 08:05 2753243                    /usr/lib/jvm/java-8-openjdk-amd64/jre/lib/amd64/libverify.so
7f0e177c4000-7f0e177c6000 r--p 0000f000 08:05 2753243                    /usr/lib/jvm/java-8-openjdk-amd64/jre/lib/amd64/libverify.so
7f0e177c6000-7f0e177c7000 rw-p 00011000 08:05 2753243                    /usr/lib/jvm/java-8-openjdk-amd64/jre/lib/amd64/libverify.so
7f0e177c7000-7f0e177c8000 r--p 00000000 08:05 2623930                    /usr/lib/x86_64-linux-gnu/librt.so.1
7f0e177c8000-7f0e177c9000 r-xp 00001000 08:05 2623930                    /usr/lib/x86_64-linux-gnu/librt.so.1
7f0e177c9000-7f0e177ca000 r--p 00002000 08:05 2623930                    /usr/lib/x86_64-linux-gnu/librt.so.1
7f0e177ca000-7f0e177cb000 r--p 00002000 08:05 2623930                    /usr/lib/x86_64-linux-gnu/librt.so.1
7f0e177cb000-7f0e177cc000 rw-p 00003000 08:05 2623930                    /usr/lib/x86_64-linux-gnu/librt.so.1
7f0e177cc000-7f0e177cd000 ---p 00000000 00:00 0 
7f0e177cd000-7f0e177d0000 ---p 00000000 00:00 0 
7f0e177d0000-7f0e178cd000 rw-p 00000000 00:00 0 
7f0e178cd000-7f0e178d0000 r--p 00000000 08:05 2623667                    /usr/lib/x86_64-linux-gnu/libgcc_s.so.1
7f0e178d0000-7f0e178e2000 r-xp 00003000 08:05 2623667                    /usr/lib/x86_64-linux-gnu/libgcc_s.so.1
7f0e178e2000-7f0e178e6000 r--p 00015000 08:05 2623667                    /usr/lib/x86_64-linux-gnu/libgcc_s.so.1
7f0e178e6000-7f0e178e7000 r--p 00018000 08:05 2623667                    /usr/lib/x86_64-linux-gnu/libgcc_s.so.1
7f0e178e7000-7f0e178e8000 rw-p 00019000 08:05 2623667                    /usr/lib/x86_64-linux-gnu/libgcc_s.so.1
7f0e178e8000-7f0e178f6000 r--p 00000000 08:05 2623910                    /usr/lib/x86_64-linux-gnu/libm.so.6
7f0e178f6000-7f0e17972000 r-xp 0000e000 08:05 2623910                    /usr/lib/x86_64-linux-gnu/libm.so.6
7f0e17972000-7f0e179cd000 r--p 0008a000 08:05 2623910                    /usr/lib/x86_64-linux-gnu/libm.so.6
7f0e179cd000-7f0e179ce000 r--p 000e4000 08:05 2623910                    /usr/lib/x86_64-linux-gnu/libm.so.6
7f0e179ce000-7f0e179cf000 rw-p 000e5000 08:05 2623910                    /usr/lib/x86_64-linux-gnu/libm.so.6
7f0e179cf000-7f0e17a65000 r--p 00000000 08:05 2623640                    /usr/lib/x86_64-linux-gnu/libstdc++.so.6.0.28
7f0e17a65000-7f0e17b56000 r-xp 00096000 08:05 2623640                    /usr/lib/x86_64-linux-gnu/libstdc++.so.6.0.28
7f0e17b56000-7f0e17b9f000 r--p 00187000 08:05 2623640                    /usr/lib/x86_64-linux-gnu/libstdc++.so.6.0.28
7f0e17b9f000-7f0e17ba0000 ---p 001d0000 08:05 2623640                    /usr/lib/x86_64-linux-gnu/libstdc++.so.6.0.28
7f0e17ba0000-7f0e17bab000 r--p 001d0000 08:05 2623640                    /usr/lib/x86_64-linux-gnu/libstdc++.so.6.0.28
7f0e17bab000-7f0e17bae000 rw-p 001db000 08:05 2623640                    /usr/lib/x86_64-linux-gnu/libstdc++.so.6.0.28
7f0e17bae000-7f0e17bb1000 rw-p 00000000 00:00 0 
7f0e17bb1000-7f0e17da7000 r--p 00000000 08:05 2753247                    /usr/lib/jvm/java-8-openjdk-amd64/jre/lib/amd64/server/libjvm.so
7f0e17da7000-7f0e18713000 r-xp 001f6000 08:05 2753247                    /usr/lib/jvm/java-8-openjdk-amd64/jre/lib/amd64/server/libjvm.so
7f0e18713000-7f0e188c6000 r--p 00b62000 08:05 2753247                    /usr/lib/jvm/java-8-openjdk-amd64/jre/lib/amd64/server/libjvm.so
7f0e188c6000-7f0e1895c000 r--p 00d14000 08:05 2753247                    /usr/lib/jvm/java-8-openjdk-amd64/jre/lib/amd64/server/libjvm.so
7f0e1895c000-7f0e18985000 rw-p 00daa000 08:05 2753247                    /usr/lib/jvm/java-8-openjdk-amd64/jre/lib/amd64/server/libjvm.so
7f0e18985000-7f0e189bc000 rw-p 00000000 00:00 0 
7f0e189bc000-7f0e189e4000 r--p 00000000 08:05 2623905                    /usr/lib/x86_64-linux-gnu/libc.so.6
7f0e189e4000-7f0e18b79000 r-xp 00028000 08:05 2623905                    /usr/lib/x86_64-linux-gnu/libc.so.6
7f0e18b79000-7f0e18bd1000 r--p 001bd000 08:05 2623905                    /usr/lib/x86_64-linux-gnu/libc.so.6
7f0e18bd1000-7f0e18bd5000 r--p 00214000 08:05 2623905                    /usr/lib/x86_64-linux-gnu/libc.so.6
7f0e18bd5000-7f0e18bd7000 rw-p 00218000 08:05 2623905                    /usr/lib/x86_64-linux-gnu/libc.so.6
7f0e18bd7000-7f0e18be4000 rw-p 00000000 00:00 0 
7f0e18be4000-7f0e18be5000 r--p 00000000 08:05 2623908                    /usr/lib/x86_64-linux-gnu/libdl.so.2
7f0e18be5000-7f0e18be6000 r-xp 00001000 08:05 2623908                    /usr/lib/x86_64-linux-gnu/libdl.so.2
7f0e18be6000-7f0e18be7000 r--p 00002000 08:05 2623908                    /usr/lib/x86_64-linux-gnu/libdl.so.2
7f0e18be7000-7f0e18be8000 r--p 00002000 08:05 2623908                    /usr/lib/x86_64-linux-gnu/libdl.so.2
7f0e18be8000-7f0e18be9000 rw-p 00003000 08:05 2623908                    /usr/lib/x86_64-linux-gnu/libdl.so.2
7f0e18be9000-7f0e18bec000 r--p 00000000 08:05 2753211                    /usr/lib/jvm/java-8-openjdk-amd64/jre/lib/amd64/jli/libjli.so
7f0e18bec000-7f0e18bf6000 r-xp 00003000 08:05 2753211                    /usr/lib/jvm/java-8-openjdk-amd64/jre/lib/amd64/jli/libjli.so
7f0e18bf6000-7f0e18bf9000 r--p 0000d000 08:05 2753211                    /usr/lib/jvm/java-8-openjdk-amd64/jre/lib/amd64/jli/libjli.so
7f0e18bf9000-7f0e18bfa000 r--p 0000f000 08:05 2753211                    /usr/lib/jvm/java-8-openjdk-amd64/jre/lib/amd64/jli/libjli.so
7f0e18bfa000-7f0e18bfb000 rw-p 00010000 08:05 2753211                    /usr/lib/jvm/java-8-openjdk-amd64/jre/lib/amd64/jli/libjli.so
7f0e18bfb000-7f0e18bfd000 r--p 00000000 08:05 2628913                    /usr/lib/x86_64-linux-gnu/libz.so.1.2.11
7f0e18bfd000-7f0e18c0e000 r-xp 00002000 08:05 2628913                    /usr/lib/x86_64-linux-gnu/libz.so.1.2.11
7f0e18c0e000-7f0e18c14000 r--p 00013000 08:05 2628913                    /usr/lib/x86_64-linux-gnu/libz.so.1.2.11
7f0e18c14000-7f0e18c15000 ---p 00019000 08:05 2628913                    /usr/lib/x86_64-linux-gnu/libz.so.1.2.11
7f0e18c15000-7f0e18c16000 r--p 00019000 08:05 2628913                    /usr/lib/x86_64-linux-gnu/libz.so.1.2.11
7f0e18c16000-7f0e18c17000 rw-p 0001a000 08:05 2628913                    /usr/lib/x86_64-linux-gnu/libz.so.1.2.11
7f0e18c17000-7f0e18c18000 r--p 00000000 08:05 2623926                    /usr/lib/x86_64-linux-gnu/libpthread.so.0
7f0e18c18000-7f0e18c19000 r-xp 00001000 08:05 2623926                    /usr/lib/x86_64-linux-gnu/libpthread.so.0
7f0e18c19000-7f0e18c1a000 r--p 00002000 08:05 2623926                    /usr/lib/x86_64-linux-gnu/libpthread.so.0
7f0e18c1a000-7f0e18c1b000 r--p 00002000 08:05 2623926                    /usr/lib/x86_64-linux-gnu/libpthread.so.0
7f0e18c1b000-7f0e18c1c000 rw-p 00003000 08:05 2623926                    /usr/lib/x86_64-linux-gnu/libpthread.so.0
7f0e18c1c000-7f0e18c1e000 r--p 00000000 08:05 2753217                    /usr/lib/jvm/java-8-openjdk-amd64/jre/lib/amd64/libdt_socket.so
7f0e18c1e000-7f0e18c20000 r-xp 00002000 08:05 2753217                    /usr/lib/jvm/java-8-openjdk-amd64/jre/lib/amd64/libdt_socket.so
7f0e18c20000-7f0e18c21000 r--p 00004000 08:05 2753217                    /usr/lib/jvm/java-8-openjdk-amd64/jre/lib/amd64/libdt_socket.so
7f0e18c21000-7f0e18c22000 r--p 00004000 08:05 2753217                    /usr/lib/jvm/java-8-openjdk-amd64/jre/lib/amd64/libdt_socket.so
7f0e18c22000-7f0e18c23000 rw-p 00005000 08:05 2753217                    /usr/lib/jvm/java-8-openjdk-amd64/jre/lib/amd64/libdt_socket.so
7f0e18c23000-7f0e18c24000 r--p 00000000 08:05 2753238                    /usr/lib/jvm/java-8-openjdk-amd64/jre/lib/amd64/libnpt.so
7f0e18c24000-7f0e18c26000 r-xp 00001000 08:05 2753238                    /usr/lib/jvm/java-8-openjdk-amd64/jre/lib/amd64/libnpt.so
7f0e18c26000-7f0e18c27000 r--p 00003000 08:05 2753238                    /usr/lib/jvm/java-8-openjdk-amd64/jre/lib/amd64/libnpt.so
7f0e18c27000-7f0e18c28000 r--p 00003000 08:05 2753238                    /usr/lib/jvm/java-8-openjdk-amd64/jre/lib/amd64/libnpt.so
7f0e18c28000-7f0e18c29000 rw-p 00004000 08:05 2753238                    /usr/lib/jvm/java-8-openjdk-amd64/jre/lib/amd64/libnpt.so
7f0e18c29000-7f0e18c2c000 rw-p 00000000 00:00 0 
7f0e18c2c000-7f0e18c2e000 r--p 00000000 08:05 2622080                    /usr/lib/x86_64-linux-gnu/ld-linux-x86-64.so.2
7f0e18c2e000-7f0e18c58000 r-xp 00002000 08:05 2622080                    /usr/lib/x86_64-linux-gnu/ld-linux-x86-64.so.2
7f0e18c58000-7f0e18c63000 r--p 0002c000 08:05 2622080                    /usr/lib/x86_64-linux-gnu/ld-linux-x86-64.so.2
7f0e18c63000-7f0e18c64000 r--p 00000000 00:00 0 
7f0e18c64000-7f0e18c66000 r--p 00037000 08:05 2622080                    /usr/lib/x86_64-linux-gnu/ld-linux-x86-64.so.2
7f0e18c66000-7f0e18c68000 rw-p 00039000 08:05 2622080                    /usr/lib/x86_64-linux-gnu/ld-linux-x86-64.so.2
7fff84eb1000-7fff84ed4000 rw-p 00000000 00:00 0                          [stack]
7fff84f88000-7fff84f8c000 r--p 00000000 00:00 0                          [vvar]
7fff84f8c000-7fff84f8e000 r-xp 00000000 00:00 0                          [vdso]
ffffffffff600000-ffffffffff601000 --xp 00000000 00:00 0                  [vsyscall]

VM Arguments:
jvm_args: -agentlib:jdwp=transport=dt_socket,address=127.0.0.1:39889,suspend=y,server=n -XX:TieredStopAtLevel=1 -Xverify:none -Dspring.output.ansi.enabled=always -Dcom.sun.management.jmxremote -Dspring.jmx.enabled=true -Dspring.liveBeansView.mbeanDomain -Dspring.application.admin.enabled=true -Dmanagement.endpoints.jmx.exposure.include=* -javaagent:/home/wj/下载/ideaIU-2024.2.1/idea-IU-242.21829.142/plugins/java/lib/rt/debugger-agent.jar -Dkotlinx.coroutines.debug.enable.creation.stack.trace=false -Ddebugger.agent.enable.coroutines=true -Dfile.encoding=UTF-8 
java_command: com.example.MinerApplication genesis -repo=./data/genesis --spring.config.location=./data/genesis/node.properties
java_class_path (initial): /usr/lib/jvm/java-1.8.0-openjdk-amd64/jre/lib/charsets.jar:/usr/lib/jvm/java-1.8.0-openjdk-amd64/jre/lib/ext/cldrdata.jar:/usr/lib/jvm/java-1.8.0-openjdk-amd64/jre/lib/ext/dnsns.jar:/usr/lib/jvm/java-1.8.0-openjdk-amd64/jre/lib/ext/icedtea-sound.jar:/usr/lib/jvm/java-1.8.0-openjdk-amd64/jre/lib/ext/jaccess.jar:/usr/lib/jvm/java-1.8.0-openjdk-amd64/jre/lib/ext/java-atk-wrapper.jar:/usr/lib/jvm/java-1.8.0-openjdk-amd64/jre/lib/ext/localedata.jar:/usr/lib/jvm/java-1.8.0-openjdk-amd64/jre/lib/ext/nashorn.jar:/usr/lib/jvm/java-1.8.0-openjdk-amd64/jre/lib/ext/sunec.jar:/usr/lib/jvm/java-1.8.0-openjdk-amd64/jre/lib/ext/sunjce_provider.jar:/usr/lib/jvm/java-1.8.0-openjdk-amd64/jre/lib/ext/sunpkcs11.jar:/usr/lib/jvm/java-1.8.0-openjdk-amd64/jre/lib/ext/zipfs.jar:/usr/lib/jvm/java-1.8.0-openjdk-amd64/jre/lib/jce.jar:/usr/lib/jvm/java-1.8.0-openjdk-amd64/jre/lib/jfr.jar:/usr/lib/jvm/java-1.8.0-openjdk-amd64/jre/lib/jsse.jar:/usr/lib/jvm/java-1.8.0-openjdk-amd64/jre/lib/management-agent.jar:/usr/lib/jvm/java-1.8.0-openjdk-amd64/jre/lib/resources.jar:/usr/lib/jvm/java-1.8.0-openjdk-amd64/jre/lib/rt.jar:/home/wj/pofChain/pof-miner/target/classes:/home/wj/pofChain/pof-base/target/classes:/home/wj/.m2/repository/org/springframework/boot/spring-boot-starter/2.6.5/spring-boot-starter-2.6.5.jar:/home/wj/.m2/repository/org/springframework/boot/spring-boot/2.6.5/spring-boot-2.6.5.jar:/home/wj/.m2/repository/org/springframework/boot/spring-boot-autoconfigure/2.6.5/spring-boot-autoconfigure-2.6.5.jar:/home/wj/.m2/repository/org/springframework/boot/spring-boot-starter-logging/2.6.5/spring-boot-starter-logging-2.6.5.jar:/home/wj/.m2/repository/org/apache/logging/log4j/log4j-to-slf4j/2.17.2/log4j-to-slf4j-2.17.2.jar:/home/wj/.m2/repository/org/apache/logging/log4j/log4j-api/2.17.2/log4j-api-2.17.2.jar:/home/wj/.m2/repository/org/slf4j/jul-to-slf4j/1.7.36/jul-to-slf4j-1.7.36.jar:/home/wj/.m2/repository/jakarta/annotation/jakarta.annotation-api/1.3.5/jakarta.annot
Launcher Type: SUN_STANDARD

Environment Variables:
PATH=/usr/local/sbin:/usr/local/bin:/usr/sbin:/usr/bin:/sbin:/bin:/usr/games:/usr/local/games:/snap/bin
USERNAME=wj
SHELL=/bin/bash
DISPLAY=:0

Signal Handlers:
SIGSEGV: [libjvm.so+0xb3b520], sa_mask[0]=11111111011111111101111111111110, sa_flags=SA_RESTART|SA_SIGINFO
SIGBUS: [libjvm.so+0xb3b520], sa_mask[0]=11111111011111111101111111111110, sa_flags=SA_RESTART|SA_SIGINFO
SIGFPE: [libjvm.so+0x97e510], sa_mask[0]=11111111011111111101111111111110, sa_flags=SA_RESTART|SA_SIGINFO
SIGPIPE: [libjvm.so+0x97e510], sa_mask[0]=11111111011111111101111111111110, sa_flags=SA_RESTART|SA_SIGINFO
SIGXFSZ: [libjvm.so+0x97e510], sa_mask[0]=11111111011111111101111111111110, sa_flags=SA_RESTART|SA_SIGINFO
SIGILL: [libjvm.so+0x97e510], sa_mask[0]=11111111011111111101111111111110, sa_flags=SA_RESTART|SA_SIGINFO
SIGUSR1: SIG_DFL, sa_mask[0]=00000000000000000000000000000000, sa_flags=none
SIGUSR2: [libjvm.so+0x97e840], sa_mask[0]=00000000000000000000000000000000, sa_flags=SA_RESTART|SA_SIGINFO
SIGHUP: [libjvm.so+0x97e790], sa_mask[0]=11111111011111111101111111111110, sa_flags=SA_RESTART|SA_SIGINFO
SIGINT: [libjvm.so+0x97e790], sa_mask[0]=11111111011111111101111111111110, sa_flags=SA_RESTART|SA_SIGINFO
SIGTERM: [libjvm.so+0x97e790], sa_mask[0]=11111111011111111101111111111110, sa_flags=SA_RESTART|SA_SIGINFO
SIGQUIT: [libjvm.so+0x97e790], sa_mask[0]=11111111011111111101111111111110, sa_flags=SA_RESTART|SA_SIGINFO


---------------  S Y S T E M  ---------------

OS:DISTRIB_ID=Ubuntu
DISTRIB_RELEASE=20.04
DISTRIB_CODENAME=focal
DISTRIB_DESCRIPTION="Ubuntu 20.04.6 LTS"

uname:Linux 5.15.0-124-generic #134~20.04.1-Ubuntu SMP Tue Oct 1 15:27:33 UTC 2024 x86_64
libc:glibc 2.35 NPTL 2.35 
rlimit: STACK 8192k, CORE 0k, NPROC 15136, NOFILE 1048576, AS infinity
load average:3.21 4.53 3.63

/proc/meminfo:
MemTotal:        3968956 kB
MemFree:          111396 kB
MemAvailable:      44104 kB
Buffers:            2420 kB
Cached:            46216 kB
SwapCached:        62532 kB
Active:          1410344 kB
Inactive:        1862512 kB
Active(anon):    1383872 kB
Inactive(anon):  1844464 kB
Active(file):      26472 kB
Inactive(file):    18048 kB
Unevictable:          16 kB
Mlocked:              16 kB
SwapTotal:       2097148 kB
SwapFree:              0 kB
Dirty:               180 kB
Writeback:             0 kB
AnonPages:       3162136 kB
Mapped:            37716 kB
Shmem:              3824 kB
KReclaimable:      60412 kB
Slab:             151156 kB
SReclaimable:      60412 kB
SUnreclaim:        90744 kB
KernelStack:       12784 kB
PageTables:        27820 kB
NFS_Unstable:          0 kB
Bounce:                0 kB
WritebackTmp:          0 kB
CommitLimit:     4081624 kB
Committed_AS:    8715324 kB
VmallocTotal:   34359738367 kB
VmallocUsed:       61952 kB
VmallocChunk:          0 kB
Percpu:           102400 kB
HardwareCorrupted:     0 kB
AnonHugePages:         0 kB
ShmemHugePages:        0 kB
ShmemPmdMapped:        0 kB
FileHugePages:         0 kB
FilePmdMapped:         0 kB
HugePages_Total:       0
HugePages_Free:        0
HugePages_Rsvd:        0
HugePages_Surp:        0
Hugepagesize:       2048 kB
Hugetlb:               0 kB
DirectMap4k:      290624 kB
DirectMap2M:     3903488 kB
DirectMap1G:     2097152 kB

container (cgroup) information:
container_type: cgroupv1
cpu_cpuset_cpus: 0-1
cpu_memory_nodes: 0
active_processor_count: 2
cpu_quota: -1
cpu_period: 100000
cpu_shares: -1
memory_limit_in_bytes: -1
memory_and_swap_limit_in_bytes: -1
memory_soft_limit_in_bytes: -1
memory_usage_in_bytes: 3326709760
memory_max_usage_in_bytes: 3346784256


CPU:total 2 (initial active 2) (1 cores per cpu, 1 threads per core) family 6 model 191 stepping 2, cmov, cx8, fxsr, mmx, sse, sse2, sse3, ssse3, sse4.1, sse4.2, popcnt, avx, avx2, aes, clmul, erms, 3dnowpref, lzcnt, tsc, tscinvbit, bmi1, bmi2, adx

/proc/cpuinfo:
processor	: 0
vendor_id	: GenuineIntel
cpu family	: 6
model		: 191
model name	: 13th Gen Intel(R) Core(TM) i5-13500HX
stepping	: 2
microcode	: 0x34
cpu MHz		: 2688.001
cache size	: 24576 KB
physical id	: 0
siblings	: 1
core id		: 0
cpu cores	: 1
apicid		: 0
initial apicid	: 0
fpu		: yes
fpu_exception	: yes
cpuid level	: 32
wp		: yes
flags		: fpu vme de pse tsc msr pae mce cx8 apic sep mtrr pge mca cmov pat pse36 clflush mmx fxsr sse sse2 ss syscall nx pdpe1gb rdtscp lm constant_tsc arch_perfmon rep_good nopl xtopology tsc_reliable nonstop_tsc cpuid tsc_known_freq pni pclmulqdq ssse3 fma cx16 pcid sse4_1 sse4_2 x2apic movbe popcnt tsc_deadline_timer aes xsave avx f16c rdrand hypervisor lahf_lm abm 3dnowprefetch invpcid_single ssbd ibrs ibpb stibp ibrs_enhanced fsgsbase tsc_adjust bmi1 avx2 smep bmi2 erms invpcid rdseed adx smap clflushopt clwb sha_ni xsaveopt xsavec xgetbv1 xsaves avx_vnni arat umip pku ospke gfni vaes vpclmulqdq rdpid movdiri movdir64b fsrm md_clear serialize flush_l1d arch_capabilities
bugs		: spectre_v1 spectre_v2 spec_store_bypass swapgs itlb_multihit mmio_unknown eibrs_pbrsb rfds bhi
bogomips	: 5376.00
clflush size	: 64
cache_alignment	: 64
address sizes	: 45 bits physical, 48 bits virtual
power management:

processor	: 1
vendor_id	: GenuineIntel
cpu family	: 6
model		: 191
model name	: 13th Gen Intel(R) Core(TM) i5-13500HX
stepping	: 2
microcode	: 0x34
cpu MHz		: 2688.001
cache size	: 24576 KB
physical id	: 2
siblings	: 1
core id		: 0
cpu cores	: 1
apicid		: 2
initial apicid	: 2
fpu		: yes
fpu_exception	: yes
cpuid level	: 32
wp		: yes
flags		: fpu vme de pse tsc msr pae mce cx8 apic sep mtrr pge mca cmov pat pse36 clflush mmx fxsr sse sse2 ss syscall nx pdpe1gb rdtscp lm constant_tsc arch_perfmon rep_good nopl xtopology tsc_reliable nonstop_tsc cpuid tsc_known_freq pni pclmulqdq ssse3 fma cx16 pcid sse4_1 sse4_2 x2apic movbe popcnt tsc_deadline_timer aes xsave avx f16c rdrand hypervisor lahf_lm abm 3dnowprefetch invpcid_single ssbd ibrs ibpb stibp ibrs_enhanced fsgsbase tsc_adjust bmi1 avx2 smep bmi2 erms invpcid rdseed adx smap clflushopt clwb sha_ni xsaveopt xsavec xgetbv1 xsaves avx_vnni arat umip pku ospke gfni vaes vpclmulqdq rdpid movdiri movdir64b fsrm md_clear serialize flush_l1d arch_capabilities
bugs		: spectre_v1 spectre_v2 spec_store_bypass swapgs itlb_multihit mmio_unknown eibrs_pbrsb rfds bhi
bogomips	: 5376.00
clflush size	: 64
cache_alignment	: 64
address sizes	: 45 bits physical, 48 bits virtual
power management:



Memory: 4k page, physical 3968956k(111900k free), swap 2097148k(0k free)

vm_info: OpenJDK 64-Bit Server VM (25.422-b05) for linux-amd64 JRE (1.8.0_422-8u422-b05-1~20.04-b05), built on Jul 21 2024 21:59:24 by "buildd" with gcc 9.4.0

time: Tue Nov  5 09:12:50 2024
timezone: CST
elapsed time: 551.144458 seconds (0d 0h 9m 11s)

