#
# A fatal error has been detected by the Java Runtime Environment:
#
#  SIGSEGV (0xb) at pc=0x00007fe6e16d7d39, pid=83563, tid=0x00007fe700448640
#
# JRE version: OpenJDK Runtime Environment (8.0_442-b06) (build 1.8.0_442-8u442-b06~us1-0ubuntu1~20.04-b06)
# Java VM: OpenJDK 64-Bit Server VM (25.442-b06 mixed mode linux-amd64 compressed oops)
# Problematic frame:
# C  [librocksdbjni4804335198015521504.so+0x2d7d39]  rocksdb_put_helper(JNIEnv_*, rocksdb::DB*, rocksdb::WriteOptions const&, rocksdb::ColumnFamilyHandle*, _jbyteArray*, int, int, _jbyteArray*, int, int)+0x1d9
#
# Failed to write core dump. Core dumps have been disabled. To enable core dumping, try "ulimit -c unlimited" before starting Java again
#
# If you would like to submit a bug report, please visit:
#   http://bugreport.java.com/bugreport/crash.jsp
# The crash happened outside the Java Virtual Machine in native code.
# See problematic frame for where to report the bug.
#

---------------  T H R E A D  ---------------

Current thread (0x00007fe6fc00e000):  JavaThread "main" [_thread_in_native, id=83565, stack(0x00007fe700349000,0x00007fe700449000)]

siginfo: si_signo: 11 (SIGSEGV), si_code: 1 (SEGV_MAPERR), si_addr: 0x0000000000000060

Registers:
RAX=0x0000000000000000, RBX=0x00007fe6fc00e260, RCX=0x00007fe7004475a0, RDX=0x00007fe6e2156ab0
RSP=0x00007fe700447580, RBP=0x00007fe700447620, RSI=0x00007fe6fc6ba2c0, RDI=0x00007fe7004475e0
R8 =0x00007fe7004475b0, R9 =0x0000000000000079, R10=0x00007fe6ed0183fb, R11=0x00007fe701158a10
R12=0x00007fe6fc6d27d0, R13=0x00007fe7004475e0, R14=0x00007fe6fc6c63a0, R15=0x00007fe6fc6ba2c0
RIP=0x00007fe6e16d7d39, EFLAGS=0x0000000000010246, CSGSFS=0x002b000000000033, ERR=0x0000000000000004
  TRAPNO=0x000000000000000e

Top of Stack: (sp=0x00007fe700447580)
0x00007fe700447580:   00007fe700447580 0000000000000000
0x00007fe700447590:   00007fe6e2156ab0 0000000000000079
0x00007fe7004475a0:   00007fe6fc6d27d0 0000000000000018
0x00007fe7004475b0:   00007fe6fc6c63a0 0000000000000079
0x00007fe7004475c0:   0000000000000000 0000000000000000
0x00007fe7004475d0:   0000000000000000 00000000e0c3fb68
0x00007fe7004475e0:   00007fe7004475e0 00007fe6afc54408
0x00007fe7004475f0:   00007fe700447640 00007fe6fc00e260
0x00007fe700447600:   00007fe6fc6ba2c0 00007fe700447760
0x00007fe700447610:   00007fe700447778 00007fe6fc00e000
0x00007fe700447620:   00007fe700447680 00007fe6e16d7dc8
0x00007fe700447630:   0000000000000018 00007fe700447748
0x00007fe700447640:   0000000000000000 0000000000000079
0x00007fe700447650:   0000000000000000 00007fe7004476e8
0x00007fe700447660:   00007fe7004476b8 00007fe6e8ee3c88
0x00007fe700447670:   0000000000000000 00007fe6e8ee3c80
0x00007fe700447680:   00007fe700447718 00007fe6ed018427
0x00007fe700447690:   00007fe700447748 0000000000000000
0x00007fe7004476a0:   00007fe600000079 00007fe6afc31de4
0x00007fe7004476b0:   00007fe7004476b0 00007fe6afc322f8
0x00007fe7004476c0:   00007fe700447708 00007fe6afc35b88
0x00007fe7004476d0:   0000000000000000 00007fe7004476d8
0x00007fe7004476e0:   0000000000000000 00007fe700447778
0x00007fe7004476f0:   00007fe6e8ee9028 0000000000000000
0x00007fe700447700:   00007fe6e8ee3c88 0000000000000000
0x00007fe700447710:   00007fe700447738 00007fe7004477c0
0x00007fe700447720:   00007fe6ed007ffd 0000000000000000
0x00007fe700447730:   00007fe6ed011a58 0000000000000079
0x00007fe700447740:   0000000000000000 00000000e0c43d08
0x00007fe700447750:   0000000000000018 0000000000000000
0x00007fe700447760:   00000000e0c3e708 00007fe6fc6ba2c0
0x00007fe700447770:   00007fe700447770 00000000e24ff760 

Instructions: (pc=0x00007fe6e16d7d39)
0x00007fe6e16d7d19:   1f 84 00 00 00 00 00 4c 8d 6d c0 48 8d 4d 80 4c
0x00007fe6e16d7d29:   8d 45 90 48 8b 95 70 ff ff ff 4c 89 fe 4c 89 ef
0x00007fe6e16d7d39:   ff 50 60 4c 8d 7d a0 4c 89 ee 4c 89 ff e8 f5 03
0x00007fe6e16d7d49:   f9 ff 48 8b 7d c8 48 85 ff 0f 85 3a ff ff ff e9 

Register to memory mapping:

RAX=0x0000000000000000 is an unknown value
RBX=0x00007fe6fc00e260 is an unknown value
RCX=0x00007fe7004475a0 is pointing into the stack for thread: 0x00007fe6fc00e000
RDX=0x00007fe6e2156ab0: <offset 0xd56ab0> in /tmp/librocksdbjni4804335198015521504.so at 0x00007fe6e1400000
RSP=0x00007fe700447580 is pointing into the stack for thread: 0x00007fe6fc00e000
RBP=0x00007fe700447620 is pointing into the stack for thread: 0x00007fe6fc00e000
RSI=0x00007fe6fc6ba2c0 is an unknown value
RDI=0x00007fe7004475e0 is pointing into the stack for thread: 0x00007fe6fc00e000
R8 =0x00007fe7004475b0 is pointing into the stack for thread: 0x00007fe6fc00e000
R9 =0x0000000000000079 is an unknown value
R10=0x00007fe6ed0183fb is at code_begin+859 in an Interpreter codelet
method entry point (kind = native)  [0x00007fe6ed0180a0, 0x00007fe6ed018a40]  2464 bytes
R11=0x00007fe701158a10: <offset 0xa2ba10> in /usr/lib/jvm/java-8-openjdk-amd64/jre/lib/amd64/server/libjvm.so at 0x00007fe70072d000
R12=0x00007fe6fc6d27d0 is an unknown value
R13=0x00007fe7004475e0 is pointing into the stack for thread: 0x00007fe6fc00e000
R14=0x00007fe6fc6c63a0 is an unknown value
R15=0x00007fe6fc6ba2c0 is an unknown value


Stack: [0x00007fe700349000,0x00007fe700449000],  sp=0x00007fe700447580,  free space=1017k
Native frames: (J=compiled Java code, j=interpreted, Vv=VM code, C=native code)
C  [librocksdbjni4804335198015521504.so+0x2d7d39]  rocksdb_put_helper(JNIEnv_*, rocksdb::DB*, rocksdb::WriteOptions const&, rocksdb::ColumnFamilyHandle*, _jbyteArray*, int, int, _jbyteArray*, int, int)+0x1d9
C  [librocksdbjni4804335198015521504.so+0x2d7dc8]  Java_org_rocksdb_RocksDB_put__J_3BII_3BII+0x48
j  org.rocksdb.RocksDB.put(J[BII[BII)V+0
j  org.rocksdb.RocksDB.put([B[B)V+13
j  com.example.base.store.RocksDBStore.put(Ljava/lang/String;Ljava/lang/Object;)Z+12
j  com.example.base.entities.wallet.MockWalletAndTransactions.main([Ljava/lang/String;)V+338
v  ~StubRoutines::call_stub
V  [libjvm.so+0x6a7385]
V  [libjvm.so+0x72897d]
V  [libjvm.so+0x72b54e]
C  [libjli.so+0x4802]
C  [libjli.so+0x8dc1]
C  [libc.so.6+0x94b43]

Java frames: (J=compiled Java code, j=interpreted, Vv=VM code)
j  org.rocksdb.RocksDB.put(J[BII[BII)V+0
j  org.rocksdb.RocksDB.put([B[B)V+13
j  com.example.base.store.RocksDBStore.put(Ljava/lang/String;Ljava/lang/Object;)Z+12
j  com.example.base.entities.wallet.MockWalletAndTransactions.main([Ljava/lang/String;)V+338
v  ~StubRoutines::call_stub

---------------  P R O C E S S  ---------------

Java Threads: ( => current thread )
  0x000055aa4ec71800 JavaThread "JMX server connection timeout 15" daemon [_thread_blocked, id=83608, stack(0x00007fe6e220a000,0x00007fe6e230a000)]
  0x000055aa4ec6d000 JavaThread "RMI Scheduler(0)" daemon [_thread_blocked, id=83607, stack(0x00007fe6e230a000,0x00007fe6e240a000)]
  0x00007fe6a8001800 JavaThread "RMI TCP Connection(1)-127.0.0.1" daemon [_thread_in_native, id=83606, stack(0x00007fe6e240a000,0x00007fe6e250a000)]
  0x00007fe6b0017000 JavaThread "RMI TCP Accept-0" daemon [_thread_in_native, id=83604, stack(0x00007fe6e250a000,0x00007fe6e260a000)]
  0x00007fe6fc656800 JavaThread "process reaper" daemon [_thread_blocked, id=83597, stack(0x00007fe6e2827000,0x00007fe6e2860000)]
  0x00007fe6c8001000 JavaThread "Attach Listener" daemon [_thread_blocked, id=83593, stack(0x00007fe6e2860000,0x00007fe6e2960000)]
  0x00007fe6fc52e000 JavaThread "Service Thread" daemon [_thread_blocked, id=83589, stack(0x00007fe6e2a8a000,0x00007fe6e2b8a000)]
  0x00007fe6fc528800 JavaThread "C1 CompilerThread1" daemon [_thread_in_vm, id=83588, stack(0x00007fe6e2b8b000,0x00007fe6e2c8b000)]
  0x00007fe6fc527000 JavaThread "C2 CompilerThread0" daemon [_thread_in_vm, id=83587, stack(0x00007fe6e2c8c000,0x00007fe6e2d8c000)]
  0x00007fe6fc522800 JavaThread "Monitor Ctrl-Break" daemon [_thread_in_native, id=83586, stack(0x00007fe6e2d93000,0x00007fe6e2e93000)]
  0x00007fe6fc13f000 JavaThread "Signal Dispatcher" daemon [_thread_blocked, id=83573, stack(0x00007fe6e3185000,0x00007fe6e3285000)]
  0x00007fe6fc10e800 JavaThread "Finalizer" daemon [_thread_blocked, id=83571, stack(0x00007fe6e3afd000,0x00007fe6e3bfd000)]
  0x00007fe6fc10a000 JavaThread "Reference Handler" daemon [_thread_blocked, id=83570, stack(0x00007fe6e3bfd000,0x00007fe6e3cfd000)]
=>0x00007fe6fc00e000 JavaThread "main" [_thread_in_native, id=83565, stack(0x00007fe700349000,0x00007fe700449000)]

Other Threads:
  0x00007fe6fc100800 VMThread [stack: 0x00007fe6e3cfe000,0x00007fe6e3dfe000] [id=83569]
  0x00007fe6fc530800 WatcherThread [stack: 0x00007fe6e298a000,0x00007fe6e2a8a000] [id=83590]

VM state:not at safepoint (normal execution)

VM Mutex/Monitor currently owned by a thread:  ([mutex/lock_event])
[0x00007fe6fc007100] CodeCache_lock - owner thread: 0x00007fe6fc528800
[0x00007fe6fc00d100] Compile_lock - owner thread: 0x00007fe6fc528800
[0x00007fe6fc00d200] MethodCompileQueue_lock - owner thread: 0x00007fe6fc528800

heap address: 0x000000009c200000, size: 1598 MB, Compressed Oops mode: 32-bit
Narrow klass base: 0x0000000000000000, Narrow klass shift: 3
Compressed class space size: 1073741824 Address: 0x0000000100000000

Heap:
 PSYoungGen      total 55296K, used 37920K [0x00000000deb80000, 0x00000000e2580000, 0x0000000100000000)
  eden space 51200K, 66% used [0x00000000deb80000,0x00000000e0c8bbb0,0x00000000e1d80000)
  from space 4096K, 99% used [0x00000000e2180000,0x00000000e257c6a8,0x00000000e2580000)
  to   space 4096K, 0% used [0x00000000e1d80000,0x00000000e1d80000,0x00000000e2180000)
 ParOldGen       total 68608K, used 4372K [0x000000009c200000, 0x00000000a0500000, 0x00000000deb80000)
  object space 68608K, 6% used [0x000000009c200000,0x000000009c645140,0x00000000a0500000)
 Metaspace       used 17309K, capacity 17622K, committed 17792K, reserved 1064960K
  class space    used 2067K, capacity 2166K, committed 2176K, reserved 1048576K

Card table byte_map: [0x00007fe6ec920000,0x00007fe6ecc40000] byte_map_base: 0x00007fe6ec43f000

Marking Bits: (ParMarkBitMap*) 0x00007fe701518740
 Begin Bits: [0x00007fe6e952e000, 0x00007fe6eae26000)
 End Bits:   [0x00007fe6eae26000, 0x00007fe6ec71e000)

Polling page: 0x00007fe7017e1000

CodeCache: size=245760Kb used=4931Kb max_used=4931Kb free=240828Kb
 bounds [0x00007fe6ed000000, 0x00007fe6ed4e0000, 0x00007fe6fc000000]
 total_blobs=2062 nmethods=1614 adapters=360
 compilation: enabled

Compilation events (10 events):
Event: 4.577 Thread 0x00007fe6fc528800 1637       3       org.bouncycastle.math.ec.ECPoint::<init> (12 bytes)
Event: 4.578 Thread 0x00007fe6fc528800 nmethod 1637 0x00007fe6ed4c5210 code [0x00007fe6ed4c5380, 0x00007fe6ed4c5668]
Event: 4.578 Thread 0x00007fe6fc528800 1638       3       org.bouncycastle.math.ec.ECPoint::getInitialZCoords (144 bytes)
Event: 4.578 Thread 0x00007fe6fc528800 nmethod 1638 0x00007fe6ed4c5790 code [0x00007fe6ed4c5980, 0x00007fe6ed4c66d8]
Event: 4.579 Thread 0x00007fe6fc528800 1639       3       org.bouncycastle.math.raw.Nat256::copy (85 bytes)
Event: 4.580 Thread 0x00007fe6fc528800 nmethod 1639 0x00007fe6ed4c6a10 code [0x00007fe6ed4c6ba0, 0x00007fe6ed4c6ed0]
Event: 4.581 Thread 0x00007fe6fc528800 1640       3       org.bouncycastle.math.ec.custom.sec.SecP256K1Curve$1::lookup (109 bytes)
Event: 4.582 Thread 0x00007fe6fc528800 nmethod 1640 0x00007fe6ed4c7210 code [0x00007fe6ed4c7440, 0x00007fe6ed4c7fc8]
Event: 4.582 Thread 0x00007fe6fc528800 1641       3       org.bouncycastle.math.raw.Nat::add33To (66 bytes)
Event: 4.582 Thread 0x00007fe6fc528800 nmethod 1641 0x00007fe6ed4c8910 code [0x00007fe6ed4c8aa0, 0x00007fe6ed4c8e50]

GC Heap History (8 events):
Event: 2.146 GC heap before
{Heap before GC invocations=1 (full 0):
 PSYoungGen      total 29696K, used 25600K [0x00000000deb80000, 0x00000000e0c80000, 0x0000000100000000)
  eden space 25600K, 100% used [0x00000000deb80000,0x00000000e0480000,0x00000000e0480000)
  from space 4096K, 0% used [0x00000000e0880000,0x00000000e0880000,0x00000000e0c80000)
  to   space 4096K, 0% used [0x00000000e0480000,0x00000000e0480000,0x00000000e0880000)
 ParOldGen       total 68608K, used 0K [0x000000009c200000, 0x00000000a0500000, 0x00000000deb80000)
  object space 68608K, 0% used [0x000000009c200000,0x000000009c200000,0x00000000a0500000)
 Metaspace       used 11195K, capacity 11478K, committed 11776K, reserved 1058816K
  class space    used 1334K, capacity 1434K, committed 1536K, reserved 1048576K
Event: 2.158 GC heap after
Heap after GC invocations=1 (full 0):
 PSYoungGen      total 29696K, used 3647K [0x00000000deb80000, 0x00000000e0c80000, 0x0000000100000000)
  eden space 25600K, 0% used [0x00000000deb80000,0x00000000deb80000,0x00000000e0480000)
  from space 4096K, 89% used [0x00000000e0480000,0x00000000e080fc20,0x00000000e0880000)
  to   space 4096K, 0% used [0x00000000e0880000,0x00000000e0880000,0x00000000e0c80000)
 ParOldGen       total 68608K, used 8K [0x000000009c200000, 0x00000000a0500000, 0x00000000deb80000)
  object space 68608K, 0% used [0x000000009c200000,0x000000009c202000,0x00000000a0500000)
 Metaspace       used 11195K, capacity 11478K, committed 11776K, reserved 1058816K
  class space    used 1334K, capacity 1434K, committed 1536K, reserved 1048576K
}
Event: 2.883 GC heap before
{Heap before GC invocations=2 (full 0):
 PSYoungGen      total 29696K, used 29247K [0x00000000deb80000, 0x00000000e0c80000, 0x0000000100000000)
  eden space 25600K, 100% used [0x00000000deb80000,0x00000000e0480000,0x00000000e0480000)
  from space 4096K, 89% used [0x00000000e0480000,0x00000000e080fc20,0x00000000e0880000)
  to   space 4096K, 0% used [0x00000000e0880000,0x00000000e0880000,0x00000000e0c80000)
 ParOldGen       total 68608K, used 8K [0x000000009c200000, 0x00000000a0500000, 0x00000000deb80000)
  object space 68608K, 0% used [0x000000009c200000,0x000000009c202000,0x00000000a0500000)
 Metaspace       used 13027K, capacity 13404K, committed 13696K, reserved 1060864K
  class space    used 1522K, capacity 1645K, committed 1664K, reserved 1048576K
Event: 2.904 GC heap after
Heap after GC invocations=2 (full 0):
 PSYoungGen      total 29696K, used 4089K [0x00000000deb80000, 0x00000000e2580000, 0x0000000100000000)
  eden space 25600K, 0% used [0x00000000deb80000,0x00000000deb80000,0x00000000e0480000)
  from space 4096K, 99% used [0x00000000e0880000,0x00000000e0c7e698,0x00000000e0c80000)
  to   space 4096K, 0% used [0x00000000e0480000,0x00000000e0480000,0x00000000e0880000)
 ParOldGen       total 68608K, used 2108K [0x000000009c200000, 0x00000000a0500000, 0x00000000deb80000)
  object space 68608K, 3% used [0x000000009c200000,0x000000009c40f2b0,0x00000000a0500000)
 Metaspace       used 13027K, capacity 13404K, committed 13696K, reserved 1060864K
  class space    used 1522K, capacity 1645K, committed 1664K, reserved 1048576K
}
Event: 3.612 GC heap before
{Heap before GC invocations=3 (full 0):
 PSYoungGen      total 29696K, used 29689K [0x00000000deb80000, 0x00000000e2580000, 0x0000000100000000)
  eden space 25600K, 100% used [0x00000000deb80000,0x00000000e0480000,0x00000000e0480000)
  from space 4096K, 99% used [0x00000000e0880000,0x00000000e0c7e698,0x00000000e0c80000)
  to   space 4096K, 0% used [0x00000000e0480000,0x00000000e0480000,0x00000000e0880000)
 ParOldGen       total 68608K, used 2108K [0x000000009c200000, 0x00000000a0500000, 0x00000000deb80000)
  object space 68608K, 3% used [0x000000009c200000,0x000000009c40f2b0,0x00000000a0500000)
 Metaspace       used 14227K, capacity 14632K, committed 14976K, reserved 1062912K
  class space    used 1695K, capacity 1839K, committed 1920K, reserved 1048576K
Event: 3.630 GC heap after
Heap after GC invocations=3 (full 0):
 PSYoungGen      total 29696K, used 4073K [0x00000000deb80000, 0x00000000e2580000, 0x0000000100000000)
  eden space 25600K, 0% used [0x00000000deb80000,0x00000000deb80000,0x00000000e0480000)
  from space 4096K, 99% used [0x00000000e0480000,0x00000000e087a6a8,0x00000000e0880000)
  to   space 4096K, 0% used [0x00000000e2180000,0x00000000e2180000,0x00000000e2580000)
 ParOldGen       total 68608K, used 3268K [0x000000009c200000, 0x00000000a0500000, 0x00000000deb80000)
  object space 68608K, 4% used [0x000000009c200000,0x000000009c531270,0x00000000a0500000)
 Metaspace       used 14227K, capacity 14632K, committed 14976K, reserved 1062912K
  class space    used 1695K, capacity 1839K, committed 1920K, reserved 1048576K
}
Event: 4.035 GC heap before
{Heap before GC invocations=4 (full 0):
 PSYoungGen      total 29696K, used 29673K [0x00000000deb80000, 0x00000000e2580000, 0x0000000100000000)
  eden space 25600K, 100% used [0x00000000deb80000,0x00000000e0480000,0x00000000e0480000)
  from space 4096K, 99% used [0x00000000e0480000,0x00000000e087a6a8,0x00000000e0880000)
  to   space 4096K, 0% used [0x00000000e2180000,0x00000000e2180000,0x00000000e2580000)
 ParOldGen       total 68608K, used 3268K [0x000000009c200000, 0x00000000a0500000, 0x00000000deb80000)
  object space 68608K, 4% used [0x000000009c200000,0x000000009c531270,0x00000000a0500000)
 Metaspace       used 15391K, capacity 15700K, committed 15872K, reserved 1062912K
  class space    used 1812K, capacity 1937K, committed 2048K, reserved 1048576K
Event: 4.043 GC heap after
Heap after GC invocations=4 (full 0):
 PSYoungGen      total 55296K, used 4081K [0x00000000deb80000, 0x00000000e2580000, 0x0000000100000000)
  eden space 51200K, 0% used [0x00000000deb80000,0x00000000deb80000,0x00000000e1d80000)
  from space 4096K, 99% used [0x00000000e2180000,0x00000000e257c6a8,0x00000000e2580000)
  to   space 4096K, 0% used [0x00000000e1d80000,0x00000000e1d80000,0x00000000e2180000)
 ParOldGen       total 68608K, used 4372K [0x000000009c200000, 0x00000000a0500000, 0x00000000deb80000)
  object space 68608K, 6% used [0x000000009c200000,0x000000009c645140,0x00000000a0500000)
 Metaspace       used 15391K, capacity 15700K, committed 15872K, reserved 1062912K
  class space    used 1812K, capacity 1937K, committed 2048K, reserved 1048576K
}

Deoptimization events (10 events):
Event: 3.500 Thread 0x00007fe6fc00e000 Uncommon trap: reason=unstable_if action=reinterpret pc=0x00007fe6ed3af5ac method=java.math.BigInteger.compareMagnitude(Ljava/math/BigInteger;)I @ 22
Event: 3.684 Thread 0x00007fe6fc00e000 Uncommon trap: reason=unstable_if action=reinterpret pc=0x00007fe6ed3ce564 method=java.math.BigInteger.multiply(Ljava/math/BigInteger;Z)Ljava/math/BigInteger; @ 109
Event: 3.690 Thread 0x00007fe6fc00e000 Uncommon trap: reason=unstable_if action=reinterpret pc=0x00007fe6ed3b0cd8 method=java.math.BigInteger.bitLength()I @ 21
Event: 3.708 Thread 0x00007fe6fc00e000 Uncommon trap: reason=loop_limit_check action=maybe_recompile pc=0x00007fe6ed3b00cc method=java.math.BigInteger.multiplyToLen([II[II[I)[I @ 119
Event: 3.785 Thread 0x00007fe6fc00e000 Uncommon trap: reason=unstable_if action=reinterpret pc=0x00007fe6ed3d31ac method=java.math.BigInteger.shiftRightImpl(I)Ljava/math/BigInteger; @ 45
Event: 4.152 Thread 0x00007fe6fc00e000 Uncommon trap: reason=bimorphic action=maybe_recompile pc=0x00007fe6ed2c514c method=java.util.HashMap.putVal(ILjava/lang/Object;Ljava/lang/Object;ZZ)Ljava/lang/Object; @ 203
Event: 4.152 Thread 0x00007fe6fc00e000 Uncommon trap: reason=bimorphic action=maybe_recompile pc=0x00007fe6ed2c514c method=java.util.HashMap.putVal(ILjava/lang/Object;Ljava/lang/Object;ZZ)Ljava/lang/Object; @ 203
Event: 4.152 Thread 0x00007fe6fc00e000 Uncommon trap: reason=bimorphic action=maybe_recompile pc=0x00007fe6ed2c514c method=java.util.HashMap.putVal(ILjava/lang/Object;Ljava/lang/Object;ZZ)Ljava/lang/Object; @ 203
Event: 4.152 Thread 0x00007fe6fc00e000 Uncommon trap: reason=bimorphic action=maybe_recompile pc=0x00007fe6ed2c514c method=java.util.HashMap.putVal(ILjava/lang/Object;Ljava/lang/Object;ZZ)Ljava/lang/Object; @ 203
Event: 4.235 Thread 0x00007fe6fc00e000 Uncommon trap: reason=unstable_if action=reinterpret pc=0x00007fe6ed3df800 method=java.math.BigInteger.add(Ljava/math/BigInteger;)Ljava/math/BigInteger; @ 13

Classes redefined (0 events):
No events

Internal exceptions (10 events):
Event: 0.537 Thread 0x00007fe6fc00e000 Exception <a 'java/security/PrivilegedActionException'> (0x00000000df1cdf30) thrown at [/build/openjdk-8-zJa3ZI/openjdk-8-8u442-b06~us1/src/hotspot/src/share/vm/prims/jvm.cpp, line 1512]
Event: 0.537 Thread 0x00007fe6fc00e000 Exception <a 'java/security/PrivilegedActionException'> (0x00000000df1ce140) thrown at [/build/openjdk-8-zJa3ZI/openjdk-8-8u442-b06~us1/src/hotspot/src/share/vm/prims/jvm.cpp, line 1512]
Event: 0.615 Thread 0x00007fe6fc00e000 Exception <a 'java/io/FileNotFoundException'> (0x00000000df3dcd50) thrown at [/build/openjdk-8-zJa3ZI/openjdk-8-8u442-b06~us1/src/hotspot/src/share/vm/prims/jni.cpp, line 712]
Event: 0.827 Thread 0x00007fe6fc00e000 Exception <a 'java/lang/NoSuchMethodError': org.slf4j.impl.StaticMDCBinder.getSingleton()Lorg/slf4j/impl/StaticMDCBinder;> (0x00000000df6a16f0) thrown at [/build/openjdk-8-zJa3ZI/openjdk-8-8u442-b06~us1/src/hotspot/src/share/vm/interpreter/linkResolver.cp
Event: 0.991 Thread 0x00007fe6fc00e000 Exception <a 'java/lang/NoSuchFieldError': method resolution failed> (0x00000000df9183f0) thrown at [/build/openjdk-8-zJa3ZI/openjdk-8-8u442-b06~us1/src/hotspot/src/share/vm/prims/methodHandles.cpp, line 1194]
Event: 1.005 Thread 0x00007fe6fc00e000 Exception <a 'java/lang/NoSuchFieldError': method resolution failed> (0x00000000df9a6540) thrown at [/build/openjdk-8-zJa3ZI/openjdk-8-8u442-b06~us1/src/hotspot/src/share/vm/prims/methodHandles.cpp, line 1194]
Event: 1.630 Thread 0x00007fe6c8001000 Exception <a 'java/lang/ClassNotFoundException': javax/management/remote/rmi/RMIJRMPServerImpl$ExportedWrapper_Stub> (0x00000000dff06978) thrown at [/build/openjdk-8-zJa3ZI/openjdk-8-8u442-b06~us1/src/hotspot/src/share/vm/classfile/systemDictionary.cpp, l
Event: 1.708 Thread 0x00007fe6a8001800 Exception <a 'java/lang/NoSuchMethodError': <clinit>> (0x00000000e009d648) thrown at [/build/openjdk-8-zJa3ZI/openjdk-8-8u442-b06~us1/src/hotspot/src/share/vm/prims/jni.cpp, line 1617]
Event: 1.714 Thread 0x00007fe6a8001800 Exception <a 'java/lang/ClassNotFoundException': javax/management/remote/rmi/RMIConnectionImpl_Skel> (0x00000000e0134b08) thrown at [/build/openjdk-8-zJa3ZI/openjdk-8-8u442-b06~us1/src/hotspot/src/share/vm/classfile/systemDictionary.cpp, line 217]
Event: 2.653 Thread 0x00007fe6fc00e000 Implicit null exception at 0x00007fe6ed2c6c98 to 0x00007fe6ed2c6d26

Events (10 events):
Event: 4.542 loading class org/bouncycastle/crypto/signers/RandomDSAKCalculator
Event: 4.542 loading class org/bouncycastle/crypto/signers/RandomDSAKCalculator done
Event: 4.543 loading class org/bouncycastle/crypto/signers/StandardDSAEncoding
Event: 4.543 loading class org/bouncycastle/crypto/signers/StandardDSAEncoding done
Event: 4.544 loading class org/bouncycastle/crypto/params/ParametersWithRandom
Event: 4.544 loading class org/bouncycastle/crypto/params/ParametersWithRandom done
Event: 4.544 Thread 0x00007fe6fc00e000 DEOPT PACKING pc=0x00007fe6ed1104b5 sp=0x00007fe7004459f0
Event: 4.544 Thread 0x00007fe6fc00e000 DEOPT UNPACKING pc=0x00007fe6ed0474c4 sp=0x00007fe700445760 mode 0
Event: 4.557 Executing VM operation: EnableBiasedLocking
Event: 4.557 Executing VM operation: EnableBiasedLocking done


Dynamic libraries:
9c200000-a0500000 rw-p 00000000 00:00 0 
a0500000-deb80000 ---p 00000000 00:00 0 
deb80000-e2580000 rw-p 00000000 00:00 0 
e2580000-100000000 ---p 00000000 00:00 0 
100000000-100220000 rw-p 00000000 00:00 0 
100220000-140000000 ---p 00000000 00:00 0 
55aa4cf83000-55aa4cf84000 r--p 00000000 08:05 2753418                    /usr/lib/jvm/java-8-openjdk-amd64/jre/bin/java
55aa4cf84000-55aa4cf85000 r-xp 00001000 08:05 2753418                    /usr/lib/jvm/java-8-openjdk-amd64/jre/bin/java
55aa4cf85000-55aa4cf86000 r--p 00002000 08:05 2753418                    /usr/lib/jvm/java-8-openjdk-amd64/jre/bin/java
55aa4cf86000-55aa4cf87000 r--p 00002000 08:05 2753418                    /usr/lib/jvm/java-8-openjdk-amd64/jre/bin/java
55aa4cf87000-55aa4cf88000 rw-p 00003000 08:05 2753418                    /usr/lib/jvm/java-8-openjdk-amd64/jre/bin/java
55aa4ec48000-55aa4ec8a000 rw-p 00000000 00:00 0                          [heap]
7fe6a5ffc000-7fe6a5ffd000 ---p 00000000 00:00 0 
7fe6a5ffd000-7fe6a67fd000 rw-p 00000000 00:00 0 
7fe6a67fd000-7fe6a67fe000 ---p 00000000 00:00 0 
7fe6a67fe000-7fe6a6ffe000 rw-p 00000000 00:00 0 
7fe6a6ffe000-7fe6a6fff000 ---p 00000000 00:00 0 
7fe6a6fff000-7fe6a77ff000 rw-p 00000000 00:00 0 
7fe6a77ff000-7fe6a7800000 ---p 00000000 00:00 0 
7fe6a7800000-7fe6a8000000 rw-p 00000000 00:00 0 
7fe6a8000000-7fe6a8021000 rw-p 00000000 00:00 0 
7fe6a8021000-7fe6ac000000 ---p 00000000 00:00 0 
7fe6afc00000-7fe6afd40000 rw-p 00000000 00:00 0 
7fe6afd40000-7fe6afe00000 ---p 00000000 00:00 0 
7fe6afe00000-7fe6b0000000 rw-p 00000000 00:00 0 
7fe6b0000000-7fe6b0088000 rw-p 00000000 00:00 0 
7fe6b0088000-7fe6b4000000 ---p 00000000 00:00 0 
7fe6b4000000-7fe6b4021000 rw-p 00000000 00:00 0 
7fe6b4021000-7fe6b8000000 ---p 00000000 00:00 0 
7fe6b8000000-7fe6b8021000 rw-p 00000000 00:00 0 
7fe6b8021000-7fe6bc000000 ---p 00000000 00:00 0 
7fe6bc000000-7fe6bc021000 rw-p 00000000 00:00 0 
7fe6bc021000-7fe6c0000000 ---p 00000000 00:00 0 
7fe6c0000000-7fe6c04e0000 rw-p 00000000 00:00 0 
7fe6c04e0000-7fe6c4000000 ---p 00000000 00:00 0 
7fe6c4000000-7fe6c4398000 rw-p 00000000 00:00 0 
7fe6c4398000-7fe6c8000000 ---p 00000000 00:00 0 
7fe6c8000000-7fe6c8021000 rw-p 00000000 00:00 0 
7fe6c8021000-7fe6cc000000 ---p 00000000 00:00 0 
7fe6cc000000-7fe6cc027000 rw-p 00000000 00:00 0 
7fe6cc027000-7fe6d0000000 ---p 00000000 00:00 0 
7fe6d0000000-7fe6d0021000 rw-p 00000000 00:00 0 
7fe6d0021000-7fe6d4000000 ---p 00000000 00:00 0 
7fe6d4000000-7fe6d4021000 rw-p 00000000 00:00 0 
7fe6d4021000-7fe6d8000000 ---p 00000000 00:00 0 
7fe6d8000000-7fe6d8021000 rw-p 00000000 00:00 0 
7fe6d8021000-7fe6dc000000 ---p 00000000 00:00 0 
7fe6dc000000-7fe6dc021000 rw-p 00000000 00:00 0 
7fe6dc021000-7fe6e0000000 ---p 00000000 00:00 0 
7fe6e01fe000-7fe6e03fe000 rw-p 00000000 00:00 0 
7fe6e03fe000-7fe6e03ff000 ---p 00000000 00:00 0 
7fe6e03ff000-7fe6e0bff000 rw-p 00000000 00:00 0 
7fe6e0bff000-7fe6e0c00000 ---p 00000000 00:00 0 
7fe6e0c00000-7fe6e1400000 rw-p 00000000 00:00 0 
7fe6e1400000-7fe6e1f29000 r-xp 00000000 08:05 917575                     /tmp/librocksdbjni4804335198015521504.so
7fe6e1f29000-7fe6e2128000 ---p 00b29000 08:05 917575                     /tmp/librocksdbjni4804335198015521504.so
7fe6e2128000-7fe6e2149000 r--p 00b28000 08:05 917575                     /tmp/librocksdbjni4804335198015521504.so
7fe6e2149000-7fe6e2157000 rw-p 00b49000 08:05 917575                     /tmp/librocksdbjni4804335198015521504.so
7fe6e2157000-7fe6e215f000 rw-p 00000000 00:00 0 
7fe6e21d9000-7fe6e21e0000 r--p 00000000 08:05 2755561                    /usr/lib/jvm/java-8-openjdk-amd64/jre/lib/amd64/libsunec.so
7fe6e21e0000-7fe6e21f9000 r-xp 00007000 08:05 2755561                    /usr/lib/jvm/java-8-openjdk-amd64/jre/lib/amd64/libsunec.so
7fe6e21f9000-7fe6e2203000 r--p 00020000 08:05 2755561                    /usr/lib/jvm/java-8-openjdk-amd64/jre/lib/amd64/libsunec.so
7fe6e2203000-7fe6e2207000 r--p 00029000 08:05 2755561                    /usr/lib/jvm/java-8-openjdk-amd64/jre/lib/amd64/libsunec.so
7fe6e2207000-7fe6e2208000 rw-p 0002d000 08:05 2755561                    /usr/lib/jvm/java-8-openjdk-amd64/jre/lib/amd64/libsunec.so
7fe6e2208000-7fe6e220a000 r--s 00016000 08:05 2755597                    /usr/lib/jvm/java-8-openjdk-amd64/jre/lib/jce.jar
7fe6e220a000-7fe6e220d000 ---p 00000000 00:00 0 
7fe6e220d000-7fe6e230a000 rw-p 00000000 00:00 0 
7fe6e230a000-7fe6e230d000 ---p 00000000 00:00 0 
7fe6e230d000-7fe6e240a000 rw-p 00000000 00:00 0 
7fe6e240a000-7fe6e240d000 ---p 00000000 00:00 0 
7fe6e240d000-7fe6e250a000 rw-p 00000000 00:00 0 
7fe6e250a000-7fe6e250d000 ---p 00000000 00:00 0 
7fe6e250d000-7fe6e280a000 rw-p 00000000 00:00 0 
7fe6e280a000-7fe6e281b000 r--s 001c5000 08:05 2755602                    /usr/lib/jvm/java-8-openjdk-amd64/jre/lib/jsse.jar
7fe6e281b000-7fe6e281f000 r--p 00000000 08:05 2755554                    /usr/lib/jvm/java-8-openjdk-amd64/jre/lib/amd64/libmanagement.so
7fe6e281f000-7fe6e2823000 r-xp 00004000 08:05 2755554                    /usr/lib/jvm/java-8-openjdk-amd64/jre/lib/amd64/libmanagement.so
7fe6e2823000-7fe6e2825000 r--p 00008000 08:05 2755554                    /usr/lib/jvm/java-8-openjdk-amd64/jre/lib/amd64/libmanagement.so
7fe6e2825000-7fe6e2826000 r--p 00009000 08:05 2755554                    /usr/lib/jvm/java-8-openjdk-amd64/jre/lib/amd64/libmanagement.so
7fe6e2826000-7fe6e2827000 rw-p 0000a000 08:05 2755554                    /usr/lib/jvm/java-8-openjdk-amd64/jre/lib/amd64/libmanagement.so
7fe6e2827000-7fe6e282a000 ---p 00000000 00:00 0 
7fe6e282a000-7fe6e2860000 rw-p 00000000 00:00 0 
7fe6e2860000-7fe6e2863000 ---p 00000000 00:00 0 
7fe6e2863000-7fe6e2960000 rw-p 00000000 00:00 0 
7fe6e2960000-7fe6e2967000 r--s 00000000 08:05 2754531                    /usr/lib/x86_64-linux-gnu/gconv/gconv-modules.cache
7fe6e2967000-7fe6e2989000 r--p 00000000 08:05 280879                     /usr/share/locale-langpack/zh_CN/LC_MESSAGES/libc.mo
7fe6e2989000-7fe6e298a000 ---p 00000000 00:00 0 
7fe6e298a000-7fe6e2a8a000 rw-p 00000000 00:00 0 
7fe6e2a8a000-7fe6e2a8d000 ---p 00000000 00:00 0 
7fe6e2a8d000-7fe6e2b8a000 rw-p 00000000 00:00 0 
7fe6e2b8a000-7fe6e2b8b000 ---p 00000000 00:00 0 
7fe6e2b8b000-7fe6e2b8e000 ---p 00000000 00:00 0 
7fe6e2b8e000-7fe6e2c8b000 rw-p 00000000 00:00 0 
7fe6e2c8b000-7fe6e2c8c000 ---p 00000000 00:00 0 
7fe6e2c8c000-7fe6e2c8f000 ---p 00000000 00:00 0 
7fe6e2c8f000-7fe6e2d8c000 rw-p 00000000 00:00 0 
7fe6e2d8c000-7fe6e2d93000 r--s 000d3000 08:05 2755601                    /usr/lib/jvm/java-8-openjdk-amd64/jre/lib/jfr.jar
7fe6e2d93000-7fe6e2d96000 ---p 00000000 00:00 0 
7fe6e2d96000-7fe6e2e93000 rw-p 00000000 00:00 0 
7fe6e2e93000-7fe6e2e98000 r--p 00000000 08:05 2755556                    /usr/lib/jvm/java-8-openjdk-amd64/jre/lib/amd64/libnet.so
7fe6e2e98000-7fe6e2ea9000 r-xp 00005000 08:05 2755556                    /usr/lib/jvm/java-8-openjdk-amd64/jre/lib/amd64/libnet.so
7fe6e2ea9000-7fe6e2ead000 r--p 00016000 08:05 2755556                    /usr/lib/jvm/java-8-openjdk-amd64/jre/lib/amd64/libnet.so
7fe6e2ead000-7fe6e2eae000 r--p 00019000 08:05 2755556                    /usr/lib/jvm/java-8-openjdk-amd64/jre/lib/amd64/libnet.so
7fe6e2eae000-7fe6e2eaf000 rw-p 0001a000 08:05 2755556                    /usr/lib/jvm/java-8-openjdk-amd64/jre/lib/amd64/libnet.so
7fe6e2eaf000-7fe6e2eb6000 r--p 00000000 08:05 2755557                    /usr/lib/jvm/java-8-openjdk-amd64/jre/lib/amd64/libnio.so
7fe6e2eb6000-7fe6e2ebf000 r-xp 00007000 08:05 2755557                    /usr/lib/jvm/java-8-openjdk-amd64/jre/lib/amd64/libnio.so
7fe6e2ebf000-7fe6e2ec2000 r--p 00010000 08:05 2755557                    /usr/lib/jvm/java-8-openjdk-amd64/jre/lib/amd64/libnio.so
7fe6e2ec2000-7fe6e2ec3000 r--p 00012000 08:05 2755557                    /usr/lib/jvm/java-8-openjdk-amd64/jre/lib/amd64/libnio.so
7fe6e2ec3000-7fe6e2ec4000 rw-p 00013000 08:05 2755557                    /usr/lib/jvm/java-8-openjdk-amd64/jre/lib/amd64/libnio.so
7fe6e2ec4000-7fe6e2ec7000 r--s 00023000 08:05 1966943                    /home/wj/下载/ideaIU-2024.2.1/idea-IU-242.21829.142/lib/idea_rt.jar
7fe6e2ec7000-7fe6e2ec8000 r--s 00000000 08:05 2107758                    /home/wj/.m2/repository/net/jcip/jcip-annotations/1.0/jcip-annotations-1.0.jar
7fe6e2ec8000-7fe6e2eca000 r--s 00009000 08:05 2102255                    /home/wj/.m2/repository/org/slf4j/slf4j-api/1.7.36/slf4j-api-1.7.36.jar
7fe6e2eca000-7fe6e2ed4000 r--s 000a5000 08:05 2107756                    /home/wj/.m2/repository/com/google/protobuf/protobuf-javalite/4.26.1/protobuf-javalite-4.26.1.jar
7fe6e2ed4000-7fe6e2f48000 r--s 005e1000 08:05 2107752                    /home/wj/.m2/repository/org/bouncycastle/bcprov-jdk15to18/1.78.1/bcprov-jdk15to18-1.78.1.jar
7fe6e2f48000-7fe6e2f56000 r--s 0012e000 08:05 2107750                    /home/wj/.m2/repository/org/bitcoinj/bitcoinj-core/0.17-alpha5/bitcoinj-core-0.17-alpha5.jar
7fe6e2f56000-7fe6e2f58000 r--s 00005000 08:05 2107159                    /home/wj/.m2/repository/javax/annotation/javax.annotation-api/1.3.2/javax.annotation-api-1.3.2.jar
7fe6e2f58000-7fe6e2fd1000 r--s 00520000 08:05 2107143                    /home/wj/.m2/repository/org/bouncycastle/bcprov-jdk15on/1.70/bcprov-jdk15on-1.70.jar
7fe6e2fd1000-7fe6e2fdc000 r--s 0006b000 08:05 2107145                    /home/wj/.m2/repository/org/bouncycastle/bcutil-jdk15on/1.70/bcutil-jdk15on-1.70.jar
7fe6e2fdc000-7fe6e2ff2000 r--s 000d6000 08:05 2107141                    /home/wj/.m2/repository/org/bouncycastle/bcpkix-jdk15on/1.70/bcpkix-jdk15on-1.70.jar
7fe6e2ff2000-7fe6e2ff4000 r--s 00001000 08:05 2102560                    /home/wj/.m2/repository/com/google/j2objc/j2objc-annotations/1.3/j2objc-annotations-1.3.jar
7fe6e2ff4000-7fe6e2ff5000 r--s 00003000 08:05 2102558                    /home/wj/.m2/repository/com/google/errorprone/error_prone_annotations/2.11.0/error_prone_annotations-2.11.0.jar
7fe6e2ff5000-7fe6e3000000 r--s 00028000 08:05 2102556                    /home/wj/.m2/repository/org/checkerframework/checker-qual/3.12.0/checker-qual-3.12.0.jar
7fe6e3000000-7fe6e3002000 r--s 00003000 08:05 2102554                    /home/wj/.m2/repository/com/google/code/findbugs/jsr305/3.0.2/jsr305-3.0.2.jar
7fe6e3002000-7fe6e3003000 r--s 00000000 08:05 2102552                    /home/wj/.m2/repository/com/google/guava/listenablefuture/9999.0-empty-to-avoid-conflict-with-guava/listenablefuture-9999.0-empty-to-avoid-conflict-with-guava.jar
7fe6e3003000-7fe6e3005000 r--s 00000000 08:05 2102550                    /home/wj/.m2/repository/com/google/guava/failureaccess/1.0.1/failureaccess-1.0.1.jar
7fe6e3005000-7fe6e3039000 r--s 0029f000 08:05 2102540                    /home/wj/.m2/repository/com/google/guava/guava/31.1-jre/guava-31.1-jre.jar
7fe6e3039000-7fe6e3040000 r--s 00050000 08:05 2102383                    /home/wj/.m2/repository/commons-codec/commons-codec/1.15/commons-codec-1.15.jar
7fe6e3040000-7fe6e304a000 r--s 00086000 08:05 2102406                    /home/wj/.m2/repository/org/apache/commons/commons-lang3/3.12.0/commons-lang3-3.12.0.jar
7fe6e304a000-7fe6e3051000 r--s 03a67000 08:05 2243741                    /home/wj/.m2/repository/org/rocksdb/rocksdbjni/8.8.1/rocksdbjni-8.8.1.jar
7fe6e3051000-7fe6e3054000 r--s 0000b000 08:05 2102376                    /home/wj/.m2/repository/org/objenesis/objenesis/2.5.1/objenesis-2.5.1.jar
7fe6e3054000-7fe6e3055000 r--s 00001000 08:05 2102374                    /home/wj/.m2/repository/com/esotericsoftware/minlog/1.3.0/minlog-1.3.0.jar
7fe6e3055000-7fe6e3057000 r--s 0000c000 08:05 2102372                    /home/wj/.m2/repository/org/ow2/asm/asm/5.0.4/asm-5.0.4.jar
7fe6e3057000-7fe6e3059000 r--s 00004000 08:05 2102370                    /home/wj/.m2/repository/com/esotericsoftware/reflectasm/1.11.3/reflectasm-1.11.3.jar
7fe6e3059000-7fe6e3060000 r--s 0004c000 08:05 2102360                    /home/wj/.m2/repository/com/esotericsoftware/kryo/4.0.1/kryo-4.0.1.jar
7fe6e3060000-7fe6e3079000 r--s 001c4000 08:05 2243170                    /home/wj/.m2/repository/org/projectlombok/lombok/1.18.22/lombok-1.18.22.jar
7fe6e3079000-7fe6e307e000 r--s 00042000 08:05 2243158                    /home/wj/.m2/repository/org/springframework/spring-expression/5.3.17/spring-expression-5.3.17.jar
7fe6e307e000-7fe6e3087000 r--s 00055000 08:05 2243154                    /home/wj/.m2/repository/org/springframework/spring-aop/5.3.17/spring-aop-5.3.17.jar
7fe6e3087000-7fe6e309a000 r--s 000e9000 08:05 2243212                    /home/wj/.m2/repository/org/springframework/spring-webmvc/5.3.17/spring-webmvc-5.3.17.jar
7fe6e309a000-7fe6e30a7000 r--s 0009e000 08:05 2243155                    /home/wj/.m2/repository/org/springframework/spring-beans/5.3.17/spring-beans-5.3.17.jar
7fe6e30a7000-7fe6e30c6000 r--s 00172000 08:05 2243161                    /home/wj/.m2/repository/org/springframework/spring-web/5.3.17/spring-web-5.3.17.jar
7fe6e30c6000-7fe6e30cc000 r--s 0003e000 08:05 2243210                    /home/wj/.m2/repository/org/apache/tomcat/embed/tomcat-embed-websocket/9.0.60/tomcat-embed-websocket-9.0.60.jar
7fe6e30cc000-7fe6e30d1000 r--s 0003a000 08:05 2243208                    /home/wj/.m2/repository/org/apache/tomcat/embed/tomcat-embed-el/9.0.60/tomcat-embed-el-9.0.60.jar
7fe6e30d1000-7fe6e30fb000 r--s 00318000 08:05 2243206                    /home/wj/.m2/repository/org/apache/tomcat/embed/tomcat-embed-core/9.0.60/tomcat-embed-core-9.0.60.jar
7fe6e30fb000-7fe6e30fc000 r--s 00001000 08:05 2243204                    /home/wj/.m2/repository/org/springframework/boot/spring-boot-starter-tomcat/2.6.5/spring-boot-starter-tomcat-2.6.5.jar
7fe6e30fc000-7fe6e30fe000 r--s 00001000 08:05 2104632                    /home/wj/.m2/repository/com/fasterxml/jackson/module/jackson-module-parameter-names/2.13.2/jackson-module-parameter-names-2.13.2.jar
7fe6e30fe000-7fe6e3101000 r--s 0001b000 08:05 2243202                    /home/wj/.m2/repository/com/fasterxml/jackson/datatype/jackson-datatype-jsr310/2.13.2/jackson-datatype-jsr310-2.13.2.jar
7fe6e3101000-7fe6e3103000 r--s 00007000 08:05 2243198                    /home/wj/.m2/repository/com/fasterxml/jackson/datatype/jackson-datatype-jdk8/2.13.2/jackson-datatype-jdk8-2.13.2.jar
7fe6e3103000-7fe6e3108000 r--s 00057000 08:05 2102426                    /home/wj/.m2/repository/com/fasterxml/jackson/core/jackson-core/2.13.2/jackson-core-2.13.2.jar
7fe6e3108000-7fe6e310b000 r--s 00010000 08:05 2102422                    /home/wj/.m2/repository/com/fasterxml/jackson/core/jackson-annotations/2.13.2/jackson-annotations-2.13.2.jar
7fe6e310b000-7fe6e3122000 r--s 00160000 08:05 2102389                    /home/wj/.m2/repository/com/fasterxml/jackson/core/jackson-databind/2.13.2/jackson-databind-2.13.2.jar
7fe6e3122000-7fe6e3123000 r--s 00001000 08:05 2243200                    /home/wj/.m2/repository/org/springframework/boot/spring-boot-starter-json/2.6.5/spring-boot-starter-json-2.6.5.jar
7fe6e3123000-7fe6e3124000 r--s 00001000 08:05 2243164                    /home/wj/.m2/repository/org/springframework/boot/spring-boot-starter-web/2.6.5/spring-boot-starter-web-2.6.5.jar
7fe6e3124000-7fe6e312b000 r--s 0004a000 08:05 2243218                    /home/wj/.m2/repository/org/yaml/snakeyaml/1.29/snakeyaml-1.29.jar
7fe6e312b000-7fe6e3146000 r--s 0014f000 08:05 2104649                    /home/wj/.m2/repository/org/springframework/spring-core/5.3.17/spring-core-5.3.17.jar
7fe6e3146000-7fe6e3148000 r--s 00005000 08:05 2102562                    /home/wj/.m2/repository/jakarta/annotation/jakarta.annotation-api/1.3.5/jakarta.annotation-api-1.3.5.jar
7fe6e3148000-7fe6e314e000 r--s 00044000 08:05 2102614                    /home/wj/.m2/repository/org/apache/logging/log4j/log4j-api/2.17.2/log4j-api-2.17.2.jar
7fe6e314e000-7fe6e3158000 r--s 00064000 08:05 2102610                    /home/wj/.m2/repository/ch/qos/logback/logback-core/1.2.11/logback-core-1.2.11.jar
7fe6e3158000-7fe6e3185000 r--s 00162000 08:05 2243178                    /home/wj/.m2/repository/org/springframework/boot/spring-boot-autoconfigure/2.6.5/spring-boot-autoconfigure-2.6.5.jar
7fe6e3185000-7fe6e3188000 ---p 00000000 00:00 0 
7fe6e3188000-7fe6e3285000 rw-p 00000000 00:00 0 
7fe6e3285000-7fe6e3afd000 r--p 00000000 08:05 2623780                    /usr/lib/locale/locale-archive
7fe6e3afd000-7fe6e3b00000 ---p 00000000 00:00 0 
7fe6e3b00000-7fe6e3bfd000 rw-p 00000000 00:00 0 
7fe6e3bfd000-7fe6e3c00000 ---p 00000000 00:00 0 
7fe6e3c00000-7fe6e3cfd000 rw-p 00000000 00:00 0 
7fe6e3cfd000-7fe6e3cfe000 ---p 00000000 00:00 0 
7fe6e3cfe000-7fe6e4000000 rw-p 00000000 00:00 0 
7fe6e4000000-7fe6e4021000 rw-p 00000000 00:00 0 
7fe6e4021000-7fe6e8000000 ---p 00000000 00:00 0 
7fe6e8000000-7fe6e8001000 r--s 00005000 08:05 2104657                    /home/wj/.m2/repository/org/springframework/spring-jcl/5.3.17/spring-jcl-5.3.17.jar
7fe6e8001000-7fe6e8003000 r--s 00000000 08:05 2102616                    /home/wj/.m2/repository/org/slf4j/jul-to-slf4j/1.7.36/jul-to-slf4j-1.7.36.jar
7fe6e8003000-7fe6e8005000 r--s 00003000 08:05 2102612                    /home/wj/.m2/repository/org/apache/logging/log4j/log4j-to-slf4j/2.17.2/log4j-to-slf4j-2.17.2.jar
7fe6e8005000-7fe6e800b000 r--s 00033000 08:05 2102608                    /home/wj/.m2/repository/ch/qos/logback/logback-classic/1.2.11/logback-classic-1.2.11.jar
7fe6e800b000-7fe6e800c000 r--s 00001000 08:05 2243216                    /home/wj/.m2/repository/org/springframework/boot/spring-boot-starter-logging/2.6.5/spring-boot-starter-logging-2.6.5.jar
7fe6e800c000-7fe6e8028000 r--s 0011c000 08:05 2243159                    /home/wj/.m2/repository/org/springframework/spring-context/5.3.17/spring-context-5.3.17.jar
7fe6e8028000-7fe6e8046000 r--s 0013e000 08:05 2243173                    /home/wj/.m2/repository/org/springframework/boot/spring-boot/2.6.5/spring-boot-2.6.5.jar
7fe6e8046000-7fe6e8047000 r--s 00001000 08:05 2243168                    /home/wj/.m2/repository/org/springframework/boot/spring-boot-starter/2.6.5/spring-boot-starter-2.6.5.jar
7fe6e8047000-7fe6e8059000 r--s 0034c000 08:05 2755606                    /usr/lib/jvm/java-8-openjdk-amd64/jre/lib/resources.jar
7fe6e8059000-7fe6e805a000 r--s 00000000 08:05 2755604                    /usr/lib/jvm/java-8-openjdk-amd64/jre/lib/management-agent.jar
7fe6e805a000-7fe6e806b000 r--s 001c5000 08:05 2755602                    /usr/lib/jvm/java-8-openjdk-amd64/jre/lib/jsse.jar
7fe6e806b000-7fe6e8072000 r--s 000d3000 08:05 2755601                    /usr/lib/jvm/java-8-openjdk-amd64/jre/lib/jfr.jar
7fe6e8072000-7fe6e8074000 r--s 00016000 08:05 2755597                    /usr/lib/jvm/java-8-openjdk-amd64/jre/lib/jce.jar
7fe6e8074000-7fe6e8079000 r--s 002fa000 08:05 2755567                    /usr/lib/jvm/java-8-openjdk-amd64/jre/lib/charsets.jar
7fe6e8079000-7fe6e807c000 r--s 0000f000 08:05 2755577                    /usr/lib/jvm/java-8-openjdk-amd64/jre/lib/ext/icedtea-sound.jar
7fe6e807c000-7fe6e807f000 r--s 00042000 08:05 2755587                    /usr/lib/jvm/java-8-openjdk-amd64/jre/lib/ext/sunpkcs11.jar
7fe6e807f000-7fe6e809b000 r--s 00394000 08:05 2755575                    /usr/lib/jvm/java-8-openjdk-amd64/jre/lib/ext/cldrdata.jar
7fe6e809b000-7fe6e80a5000 r--s 00117000 08:05 2755579                    /usr/lib/jvm/java-8-openjdk-amd64/jre/lib/ext/localedata.jar
7fe6e80a5000-7fe6e80c0000 r--s 001d6000 08:05 2755580                    /usr/lib/jvm/java-8-openjdk-amd64/jre/lib/ext/nashorn.jar
7fe6e80c0000-7fe6e87c7000 rw-p 00000000 00:00 0 
7fe6e87c7000-7fe6e8999000 r--s 03cce000 08:05 2755607                    /usr/lib/jvm/java-8-openjdk-amd64/jre/lib/rt.jar
7fe6e8999000-7fe6ec71e000 rw-p 00000000 00:00 0 
7fe6ec71e000-7fe6ec71f000 ---p 00000000 00:00 0 
7fe6ec71f000-7fe6ec81f000 rw-p 00000000 00:00 0 
7fe6ec81f000-7fe6ec820000 ---p 00000000 00:00 0 
7fe6ec820000-7fe6ec942000 rw-p 00000000 00:00 0 
7fe6ec942000-7fe6ecb34000 ---p 00000000 00:00 0 
7fe6ecb34000-7fe6ecb52000 rw-p 00000000 00:00 0 
7fe6ecb52000-7fe6ecc3f000 ---p 00000000 00:00 0 
7fe6ecc3f000-7fe6ecc54000 rw-p 00000000 00:00 0 
7fe6ecc54000-7fe6ed000000 ---p 00000000 00:00 0 
7fe6ed000000-7fe6ed4e0000 rwxp 00000000 00:00 0 
7fe6ed4e0000-7fe6fc000000 ---p 00000000 00:00 0 
7fe6fc000000-7fe6fca2f000 rw-p 00000000 00:00 0 
7fe6fca2f000-7fe700000000 ---p 00000000 00:00 0 
7fe700000000-7fe700002000 r--s 00001000 08:05 2755576                    /usr/lib/jvm/java-8-openjdk-amd64/jre/lib/ext/dnsns.jar
7fe700002000-7fe700004000 r--s 00008000 08:05 2755581                    /usr/lib/jvm/java-8-openjdk-amd64/jre/lib/ext/sunec.jar
7fe700004000-7fe700005000 r--s 0000a000 08:05 2755578                    /usr/lib/jvm/java-8-openjdk-amd64/jre/lib/ext/jaccess.jar
7fe700005000-7fe70000b000 r--s 0003e000 08:05 2755586                    /usr/lib/jvm/java-8-openjdk-amd64/jre/lib/ext/sunjce_provider.jar
7fe70000b000-7fe70000d000 r--s 00010000 08:05 2755588                    /usr/lib/jvm/java-8-openjdk-amd64/jre/lib/ext/zipfs.jar
7fe70000d000-7fe70000f000 r--s 0000c000 08:05 2888732                    /usr/share/java/java-atk-wrapper.jar
7fe70000f000-7fe7000fa000 rw-p 00000000 00:00 0 
7fe7000fa000-7fe7002ed000 ---p 00000000 00:00 0 
7fe7002ed000-7fe7002f0000 r--p 00000000 08:05 2755564                    /usr/lib/jvm/java-8-openjdk-amd64/jre/lib/amd64/libzip.so
7fe7002f0000-7fe7002f5000 r-xp 00003000 08:05 2755564                    /usr/lib/jvm/java-8-openjdk-amd64/jre/lib/amd64/libzip.so
7fe7002f5000-7fe7002f7000 r--p 00008000 08:05 2755564                    /usr/lib/jvm/java-8-openjdk-amd64/jre/lib/amd64/libzip.so
7fe7002f7000-7fe7002f8000 r--p 00009000 08:05 2755564                    /usr/lib/jvm/java-8-openjdk-amd64/jre/lib/amd64/libzip.so
7fe7002f8000-7fe7002f9000 rw-p 0000a000 08:05 2755564                    /usr/lib/jvm/java-8-openjdk-amd64/jre/lib/amd64/libzip.so
7fe7002f9000-7fe700301000 rw-s 00000000 08:05 917573                     /tmp/hsperfdata_wj/83563
7fe700301000-7fe70030e000 r--p 00000000 08:05 2755545                    /usr/lib/jvm/java-8-openjdk-amd64/jre/lib/amd64/libjava.so
7fe70030e000-7fe700326000 r-xp 0000d000 08:05 2755545                    /usr/lib/jvm/java-8-openjdk-amd64/jre/lib/amd64/libjava.so
7fe700326000-7fe70032d000 r--p 00025000 08:05 2755545                    /usr/lib/jvm/java-8-openjdk-amd64/jre/lib/amd64/libjava.so
7fe70032d000-7fe70032e000 r--p 0002b000 08:05 2755545                    /usr/lib/jvm/java-8-openjdk-amd64/jre/lib/amd64/libjava.so
7fe70032e000-7fe700330000 rw-p 0002c000 08:05 2755545                    /usr/lib/jvm/java-8-openjdk-amd64/jre/lib/amd64/libjava.so
7fe700330000-7fe700335000 r--p 00000000 08:05 2755563                    /usr/lib/jvm/java-8-openjdk-amd64/jre/lib/amd64/libverify.so
7fe700335000-7fe70033e000 r-xp 00005000 08:05 2755563                    /usr/lib/jvm/java-8-openjdk-amd64/jre/lib/amd64/libverify.so
7fe70033e000-7fe700340000 r--p 0000e000 08:05 2755563                    /usr/lib/jvm/java-8-openjdk-amd64/jre/lib/amd64/libverify.so
7fe700340000-7fe700342000 r--p 0000f000 08:05 2755563                    /usr/lib/jvm/java-8-openjdk-amd64/jre/lib/amd64/libverify.so
7fe700342000-7fe700343000 rw-p 00011000 08:05 2755563                    /usr/lib/jvm/java-8-openjdk-amd64/jre/lib/amd64/libverify.so
7fe700343000-7fe700344000 r--p 00000000 08:05 2623930                    /usr/lib/x86_64-linux-gnu/librt.so.1
7fe700344000-7fe700345000 r-xp 00001000 08:05 2623930                    /usr/lib/x86_64-linux-gnu/librt.so.1
7fe700345000-7fe700346000 r--p 00002000 08:05 2623930                    /usr/lib/x86_64-linux-gnu/librt.so.1
7fe700346000-7fe700347000 r--p 00002000 08:05 2623930                    /usr/lib/x86_64-linux-gnu/librt.so.1
7fe700347000-7fe700348000 rw-p 00003000 08:05 2623930                    /usr/lib/x86_64-linux-gnu/librt.so.1
7fe700348000-7fe700349000 ---p 00000000 00:00 0 
7fe700349000-7fe70034c000 ---p 00000000 00:00 0 
7fe70034c000-7fe700449000 rw-p 00000000 00:00 0 
7fe700449000-7fe70044c000 r--p 00000000 08:05 2623667                    /usr/lib/x86_64-linux-gnu/libgcc_s.so.1
7fe70044c000-7fe70045e000 r-xp 00003000 08:05 2623667                    /usr/lib/x86_64-linux-gnu/libgcc_s.so.1
7fe70045e000-7fe700462000 r--p 00015000 08:05 2623667                    /usr/lib/x86_64-linux-gnu/libgcc_s.so.1
7fe700462000-7fe700463000 r--p 00018000 08:05 2623667                    /usr/lib/x86_64-linux-gnu/libgcc_s.so.1
7fe700463000-7fe700464000 rw-p 00019000 08:05 2623667                    /usr/lib/x86_64-linux-gnu/libgcc_s.so.1
7fe700464000-7fe700472000 r--p 00000000 08:05 2623910                    /usr/lib/x86_64-linux-gnu/libm.so.6
7fe700472000-7fe7004ee000 r-xp 0000e000 08:05 2623910                    /usr/lib/x86_64-linux-gnu/libm.so.6
7fe7004ee000-7fe700549000 r--p 0008a000 08:05 2623910                    /usr/lib/x86_64-linux-gnu/libm.so.6
7fe700549000-7fe70054a000 r--p 000e4000 08:05 2623910                    /usr/lib/x86_64-linux-gnu/libm.so.6
7fe70054a000-7fe70054b000 rw-p 000e5000 08:05 2623910                    /usr/lib/x86_64-linux-gnu/libm.so.6
7fe70054b000-7fe7005e1000 r--p 00000000 08:05 2623640                    /usr/lib/x86_64-linux-gnu/libstdc++.so.6.0.28
7fe7005e1000-7fe7006d2000 r-xp 00096000 08:05 2623640                    /usr/lib/x86_64-linux-gnu/libstdc++.so.6.0.28
7fe7006d2000-7fe70071b000 r--p 00187000 08:05 2623640                    /usr/lib/x86_64-linux-gnu/libstdc++.so.6.0.28
7fe70071b000-7fe70071c000 ---p 001d0000 08:05 2623640                    /usr/lib/x86_64-linux-gnu/libstdc++.so.6.0.28
7fe70071c000-7fe700727000 r--p 001d0000 08:05 2623640                    /usr/lib/x86_64-linux-gnu/libstdc++.so.6.0.28
7fe700727000-7fe70072a000 rw-p 001db000 08:05 2623640                    /usr/lib/x86_64-linux-gnu/libstdc++.so.6.0.28
7fe70072a000-7fe70072d000 rw-p 00000000 00:00 0 
7fe70072d000-7fe700923000 r--p 00000000 08:05 2755566                    /usr/lib/jvm/java-8-openjdk-amd64/jre/lib/amd64/server/libjvm.so
7fe700923000-7fe70128f000 r-xp 001f6000 08:05 2755566                    /usr/lib/jvm/java-8-openjdk-amd64/jre/lib/amd64/server/libjvm.so
7fe70128f000-7fe701442000 r--p 00b62000 08:05 2755566                    /usr/lib/jvm/java-8-openjdk-amd64/jre/lib/amd64/server/libjvm.so
7fe701442000-7fe701443000 ---p 00d15000 08:05 2755566                    /usr/lib/jvm/java-8-openjdk-amd64/jre/lib/amd64/server/libjvm.so
7fe701443000-7fe7014d9000 r--p 00d15000 08:05 2755566                    /usr/lib/jvm/java-8-openjdk-amd64/jre/lib/amd64/server/libjvm.so
7fe7014d9000-7fe701502000 rw-p 00dab000 08:05 2755566                    /usr/lib/jvm/java-8-openjdk-amd64/jre/lib/amd64/server/libjvm.so
7fe701502000-7fe701539000 rw-p 00000000 00:00 0 
7fe701539000-7fe701561000 r--p 00000000 08:05 2623905                    /usr/lib/x86_64-linux-gnu/libc.so.6
7fe701561000-7fe7016f6000 r-xp 00028000 08:05 2623905                    /usr/lib/x86_64-linux-gnu/libc.so.6
7fe7016f6000-7fe70174e000 r--p 001bd000 08:05 2623905                    /usr/lib/x86_64-linux-gnu/libc.so.6
7fe70174e000-7fe701752000 r--p 00214000 08:05 2623905                    /usr/lib/x86_64-linux-gnu/libc.so.6
7fe701752000-7fe701754000 rw-p 00218000 08:05 2623905                    /usr/lib/x86_64-linux-gnu/libc.so.6
7fe701754000-7fe701761000 rw-p 00000000 00:00 0 
7fe701761000-7fe701762000 r--p 00000000 08:05 2623908                    /usr/lib/x86_64-linux-gnu/libdl.so.2
7fe701762000-7fe701763000 r-xp 00001000 08:05 2623908                    /usr/lib/x86_64-linux-gnu/libdl.so.2
7fe701763000-7fe701764000 r--p 00002000 08:05 2623908                    /usr/lib/x86_64-linux-gnu/libdl.so.2
7fe701764000-7fe701765000 r--p 00002000 08:05 2623908                    /usr/lib/x86_64-linux-gnu/libdl.so.2
7fe701765000-7fe701766000 rw-p 00003000 08:05 2623908                    /usr/lib/x86_64-linux-gnu/libdl.so.2
7fe701766000-7fe701769000 r--p 00000000 08:05 2755529                    /usr/lib/jvm/java-8-openjdk-amd64/jre/lib/amd64/jli/libjli.so
7fe701769000-7fe701773000 r-xp 00003000 08:05 2755529                    /usr/lib/jvm/java-8-openjdk-amd64/jre/lib/amd64/jli/libjli.so
7fe701773000-7fe701776000 r--p 0000d000 08:05 2755529                    /usr/lib/jvm/java-8-openjdk-amd64/jre/lib/amd64/jli/libjli.so
7fe701776000-7fe701777000 r--p 0000f000 08:05 2755529                    /usr/lib/jvm/java-8-openjdk-amd64/jre/lib/amd64/jli/libjli.so
7fe701777000-7fe701778000 rw-p 00010000 08:05 2755529                    /usr/lib/jvm/java-8-openjdk-amd64/jre/lib/amd64/jli/libjli.so
7fe701778000-7fe70177a000 r--p 00000000 08:05 2628913                    /usr/lib/x86_64-linux-gnu/libz.so.1.2.11
7fe70177a000-7fe70178b000 r-xp 00002000 08:05 2628913                    /usr/lib/x86_64-linux-gnu/libz.so.1.2.11
7fe70178b000-7fe701791000 r--p 00013000 08:05 2628913                    /usr/lib/x86_64-linux-gnu/libz.so.1.2.11
7fe701791000-7fe701792000 ---p 00019000 08:05 2628913                    /usr/lib/x86_64-linux-gnu/libz.so.1.2.11
7fe701792000-7fe701793000 r--p 00019000 08:05 2628913                    /usr/lib/x86_64-linux-gnu/libz.so.1.2.11
7fe701793000-7fe701794000 rw-p 0001a000 08:05 2628913                    /usr/lib/x86_64-linux-gnu/libz.so.1.2.11
7fe701794000-7fe701795000 r--p 00000000 08:05 2623926                    /usr/lib/x86_64-linux-gnu/libpthread.so.0
7fe701795000-7fe701796000 r-xp 00001000 08:05 2623926                    /usr/lib/x86_64-linux-gnu/libpthread.so.0
7fe701796000-7fe701797000 r--p 00002000 08:05 2623926                    /usr/lib/x86_64-linux-gnu/libpthread.so.0
7fe701797000-7fe701798000 r--p 00002000 08:05 2623926                    /usr/lib/x86_64-linux-gnu/libpthread.so.0
7fe701798000-7fe701799000 rw-p 00003000 08:05 2623926                    /usr/lib/x86_64-linux-gnu/libpthread.so.0
7fe701799000-7fe70179b000 r--p 00000000 08:05 2755540                    /usr/lib/jvm/java-8-openjdk-amd64/jre/lib/amd64/libinstrument.so
7fe70179b000-7fe7017a2000 r-xp 00002000 08:05 2755540                    /usr/lib/jvm/java-8-openjdk-amd64/jre/lib/amd64/libinstrument.so
7fe7017a2000-7fe7017a5000 r--p 00009000 08:05 2755540                    /usr/lib/jvm/java-8-openjdk-amd64/jre/lib/amd64/libinstrument.so
7fe7017a5000-7fe7017a6000 r--p 0000b000 08:05 2755540                    /usr/lib/jvm/java-8-openjdk-amd64/jre/lib/amd64/libinstrument.so
7fe7017a6000-7fe7017a7000 rw-p 0000c000 08:05 2755540                    /usr/lib/jvm/java-8-openjdk-amd64/jre/lib/amd64/libinstrument.so
7fe7017a7000-7fe7017aa000 rw-p 00000000 00:00 0 
7fe7017aa000-7fe7017ac000 r--p 00000000 08:05 2622080                    /usr/lib/x86_64-linux-gnu/ld-linux-x86-64.so.2
7fe7017ac000-7fe7017d6000 r-xp 00002000 08:05 2622080                    /usr/lib/x86_64-linux-gnu/ld-linux-x86-64.so.2
7fe7017d6000-7fe7017e1000 r--p 0002c000 08:05 2622080                    /usr/lib/x86_64-linux-gnu/ld-linux-x86-64.so.2
7fe7017e1000-7fe7017e2000 r--p 00000000 00:00 0 
7fe7017e2000-7fe7017e4000 r--p 00037000 08:05 2622080                    /usr/lib/x86_64-linux-gnu/ld-linux-x86-64.so.2
7fe7017e4000-7fe7017e6000 rw-p 00039000 08:05 2622080                    /usr/lib/x86_64-linux-gnu/ld-linux-x86-64.so.2
7ffc4ede9000-7ffc4ee0c000 rw-p 00000000 00:00 0                          [stack]
7ffc4ee41000-7ffc4ee45000 r--p 00000000 00:00 0                          [vvar]
7ffc4ee45000-7ffc4ee47000 r-xp 00000000 00:00 0                          [vdso]
ffffffffff600000-ffffffffff601000 --xp 00000000 00:00 0                  [vsyscall]

VM Arguments:
jvm_args: -javaagent:/home/wj/下载/ideaIU-2024.2.1/idea-IU-242.21829.142/lib/idea_rt.jar=45381:/home/wj/下载/ideaIU-2024.2.1/idea-IU-242.21829.142/bin -Dfile.encoding=UTF-8 
java_command: com.example.base.entities.wallet.MockWalletAndTransactions
java_class_path (initial): /usr/lib/jvm/java-1.8.0-openjdk-amd64/jre/lib/charsets.jar:/usr/lib/jvm/java-1.8.0-openjdk-amd64/jre/lib/ext/cldrdata.jar:/usr/lib/jvm/java-1.8.0-openjdk-amd64/jre/lib/ext/dnsns.jar:/usr/lib/jvm/java-1.8.0-openjdk-amd64/jre/lib/ext/icedtea-sound.jar:/usr/lib/jvm/java-1.8.0-openjdk-amd64/jre/lib/ext/jaccess.jar:/usr/lib/jvm/java-1.8.0-openjdk-amd64/jre/lib/ext/java-atk-wrapper.jar:/usr/lib/jvm/java-1.8.0-openjdk-amd64/jre/lib/ext/localedata.jar:/usr/lib/jvm/java-1.8.0-openjdk-amd64/jre/lib/ext/nashorn.jar:/usr/lib/jvm/java-1.8.0-openjdk-amd64/jre/lib/ext/sunec.jar:/usr/lib/jvm/java-1.8.0-openjdk-amd64/jre/lib/ext/sunjce_provider.jar:/usr/lib/jvm/java-1.8.0-openjdk-amd64/jre/lib/ext/sunpkcs11.jar:/usr/lib/jvm/java-1.8.0-openjdk-amd64/jre/lib/ext/zipfs.jar:/usr/lib/jvm/java-1.8.0-openjdk-amd64/jre/lib/jce.jar:/usr/lib/jvm/java-1.8.0-openjdk-amd64/jre/lib/jfr.jar:/usr/lib/jvm/java-1.8.0-openjdk-amd64/jre/lib/jsse.jar:/usr/lib/jvm/java-1.8.0-openjdk-amd64/jre/lib/management-agent.jar:/usr/lib/jvm/java-1.8.0-openjdk-amd64/jre/lib/resources.jar:/usr/lib/jvm/java-1.8.0-openjdk-amd64/jre/lib/rt.jar:/home/wj/dockerAFLdemo/pofChain/pof-base/target/classes:/home/wj/.m2/repository/org/springframework/boot/spring-boot-starter/2.6.5/spring-boot-starter-2.6.5.jar:/home/wj/.m2/repository/org/springframework/boot/spring-boot/2.6.5/spring-boot-2.6.5.jar:/home/wj/.m2/repository/org/springframework/spring-context/5.3.17/spring-context-5.3.17.jar:/home/wj/.m2/repository/org/springframework/boot/spring-boot-autoconfigure/2.6.5/spring-boot-autoconfigure-2.6.5.jar:/home/wj/.m2/repository/org/springframework/boot/spring-boot-starter-logging/2.6.5/spring-boot-starter-logging-2.6.5.jar:/home/wj/.m2/repository/ch/qos/logback/logback-classic/1.2.11/logback-classic-1.2.11.jar:/home/wj/.m2/repository/ch/qos/logback/logback-core/1.2.11/logback-core-1.2.11.jar:/home/wj/.m2/repository/org/apache/logging/log4j/log4j-to-slf4j/2.17.2/log4j-to-slf4j-2.17.2.jar:/home/wj/.m2/re
Launcher Type: SUN_STANDARD

Environment Variables:
PATH=/usr/local/sbin:/usr/local/bin:/usr/sbin:/usr/bin:/sbin:/bin:/usr/games:/usr/local/games:/snap/bin
USERNAME=wj
SHELL=/bin/bash
DISPLAY=:0

Signal Handlers:
SIGSEGV: [libjvm.so+0xb3b440], sa_mask[0]=11111111011111111101111111111110, sa_flags=SA_RESTART|SA_SIGINFO
SIGBUS: [libjvm.so+0xb3b440], sa_mask[0]=11111111011111111101111111111110, sa_flags=SA_RESTART|SA_SIGINFO
SIGFPE: [libjvm.so+0x97e0b0], sa_mask[0]=11111111011111111101111111111110, sa_flags=SA_RESTART|SA_SIGINFO
SIGPIPE: [libjvm.so+0x97e0b0], sa_mask[0]=11111111011111111101111111111110, sa_flags=SA_RESTART|SA_SIGINFO
SIGXFSZ: [libjvm.so+0x97e0b0], sa_mask[0]=11111111011111111101111111111110, sa_flags=SA_RESTART|SA_SIGINFO
SIGILL: [libjvm.so+0x97e0b0], sa_mask[0]=11111111011111111101111111111110, sa_flags=SA_RESTART|SA_SIGINFO
SIGUSR1: SIG_DFL, sa_mask[0]=00000000000000000000000000000000, sa_flags=none
SIGUSR2: [libjvm.so+0x97e3e0], sa_mask[0]=00000000000000000000000000000000, sa_flags=SA_RESTART|SA_SIGINFO
SIGHUP: [libjvm.so+0x97e330], sa_mask[0]=11111111011111111101111111111110, sa_flags=SA_RESTART|SA_SIGINFO
SIGINT: [libjvm.so+0x97e330], sa_mask[0]=11111111011111111101111111111110, sa_flags=SA_RESTART|SA_SIGINFO
SIGTERM: [libjvm.so+0x97e330], sa_mask[0]=11111111011111111101111111111110, sa_flags=SA_RESTART|SA_SIGINFO
SIGQUIT: [libjvm.so+0x97e330], sa_mask[0]=11111111011111111101111111111110, sa_flags=SA_RESTART|SA_SIGINFO


---------------  S Y S T E M  ---------------

OS:DISTRIB_ID=Ubuntu
DISTRIB_RELEASE=20.04
DISTRIB_CODENAME=focal
DISTRIB_DESCRIPTION="Ubuntu 20.04.6 LTS"

uname:Linux 5.15.0-130-generic #140~20.04.1-Ubuntu SMP Wed Dec 18 21:35:34 UTC 2024 x86_64
libc:glibc 2.35 NPTL 2.35 
rlimit: STACK 8192k, CORE 0k, NPROC 25192, NOFILE 1048576, AS infinity
load average:3.89 2.90 2.28

/proc/meminfo:
MemTotal:        6543344 kB
MemFree:          339540 kB
MemAvailable:    1124144 kB
Buffers:           69128 kB
Cached:           864772 kB
SwapCached:        40048 kB
Active:          2987044 kB
Inactive:        2388932 kB
Active(anon):    2476860 kB
Inactive(anon):  1968704 kB
Active(file):     510184 kB
Inactive(file):   420228 kB
Unevictable:          16 kB
Mlocked:              16 kB
SwapTotal:       2097148 kB
SwapFree:        1194268 kB
Dirty:             14168 kB
Writeback:             0 kB
AnonPages:       4427908 kB
Mapped:           337488 kB
Shmem:              3388 kB
KReclaimable:     137736 kB
Slab:             276776 kB
SReclaimable:     137736 kB
SUnreclaim:       139040 kB
KernelStack:       13232 kB
PageTables:        29608 kB
NFS_Unstable:          0 kB
Bounce:                0 kB
WritebackTmp:          0 kB
CommitLimit:     5368820 kB
Committed_AS:    9261624 kB
VmallocTotal:   34359738367 kB
VmallocUsed:       77204 kB
VmallocChunk:          0 kB
Percpu:           141824 kB
HardwareCorrupted:     0 kB
AnonHugePages:         0 kB
ShmemHugePages:        0 kB
ShmemPmdMapped:        0 kB
FileHugePages:         0 kB
FilePmdMapped:         0 kB
HugePages_Total:       0
HugePages_Free:        0
HugePages_Rsvd:        0
HugePages_Surp:        0
Hugepagesize:       2048 kB
Hugetlb:               0 kB
DirectMap4k:      468800 kB
DirectMap2M:     6346752 kB
DirectMap1G:           0 kB

container (cgroup) information:
container_type: cgroupv1
cpu_cpuset_cpus: 0-1
cpu_memory_nodes: 0
active_processor_count: 2
cpu_quota: -1
cpu_period: 100000
cpu_shares: -1
memory_limit_in_bytes: -1
memory_and_swap_limit_in_bytes: -1
memory_soft_limit_in_bytes: -1
memory_usage_in_bytes: 5031256064
memory_max_usage_in_bytes: 5352349696


CPU:total 2 (initial active 2) (1 cores per cpu, 1 threads per core) family 6 model 191 stepping 2, cmov, cx8, fxsr, mmx, sse, sse2, sse3, ssse3, sse4.1, sse4.2, popcnt, avx, avx2, aes, clmul, erms, 3dnowpref, lzcnt, tsc, tscinvbit, bmi1, bmi2, adx

/proc/cpuinfo:
processor	: 0
vendor_id	: GenuineIntel
cpu family	: 6
model		: 191
model name	: 13th Gen Intel(R) Core(TM) i5-13500HX
stepping	: 2
microcode	: 0x34
cpu MHz		: 2688.005
cache size	: 24576 KB
physical id	: 0
siblings	: 1
core id		: 0
cpu cores	: 1
apicid		: 0
initial apicid	: 0
fpu		: yes
fpu_exception	: yes
cpuid level	: 32
wp		: yes
flags		: fpu vme de pse tsc msr pae mce cx8 apic sep mtrr pge mca cmov pat pse36 clflush mmx fxsr sse sse2 ss syscall nx pdpe1gb rdtscp lm constant_tsc arch_perfmon rep_good nopl xtopology tsc_reliable nonstop_tsc cpuid tsc_known_freq pni pclmulqdq ssse3 fma cx16 sse4_1 sse4_2 x2apic movbe popcnt tsc_deadline_timer aes xsave avx f16c rdrand hypervisor lahf_lm abm 3dnowprefetch ssbd ibrs ibpb stibp ibrs_enhanced fsgsbase tsc_adjust bmi1 avx2 smep bmi2 erms invpcid rdseed adx smap clflushopt clwb sha_ni xsaveopt xsavec xgetbv1 xsaves avx_vnni arat umip pku ospke gfni vaes vpclmulqdq rdpid movdiri movdir64b fsrm md_clear serialize flush_l1d arch_capabilities
bugs		: spectre_v1 spectre_v2 spec_store_bypass swapgs itlb_multihit mmio_unknown eibrs_pbrsb rfds bhi
bogomips	: 5376.01
clflush size	: 64
cache_alignment	: 64
address sizes	: 45 bits physical, 48 bits virtual
power management:

processor	: 1
vendor_id	: GenuineIntel
cpu family	: 6
model		: 191
model name	: 13th Gen Intel(R) Core(TM) i5-13500HX
stepping	: 2
microcode	: 0x34
cpu MHz		: 2688.005
cache size	: 24576 KB
physical id	: 2
siblings	: 1
core id		: 0
cpu cores	: 1
apicid		: 2
initial apicid	: 2
fpu		: yes
fpu_exception	: yes
cpuid level	: 32
wp		: yes
flags		: fpu vme de pse tsc msr pae mce cx8 apic sep mtrr pge mca cmov pat pse36 clflush mmx fxsr sse sse2 ss syscall nx pdpe1gb rdtscp lm constant_tsc arch_perfmon rep_good nopl xtopology tsc_reliable nonstop_tsc cpuid tsc_known_freq pni pclmulqdq ssse3 fma cx16 sse4_1 sse4_2 x2apic movbe popcnt tsc_deadline_timer aes xsave avx f16c rdrand hypervisor lahf_lm abm 3dnowprefetch ssbd ibrs ibpb stibp ibrs_enhanced fsgsbase tsc_adjust bmi1 avx2 smep bmi2 erms invpcid rdseed adx smap clflushopt clwb sha_ni xsaveopt xsavec xgetbv1 xsaves avx_vnni arat umip pku ospke gfni vaes vpclmulqdq rdpid movdiri movdir64b fsrm md_clear serialize flush_l1d arch_capabilities
bugs		: spectre_v1 spectre_v2 spec_store_bypass swapgs itlb_multihit mmio_unknown eibrs_pbrsb rfds bhi
bogomips	: 5376.01
clflush size	: 64
cache_alignment	: 64
address sizes	: 45 bits physical, 48 bits virtual
power management:



Memory: 4k page, physical 6543344k(339540k free), swap 2097148k(1194268k free)

vm_info: OpenJDK 64-Bit Server VM (25.442-b06) for linux-amd64 JRE (1.8.0_442-8u442-b06~us1-0ubuntu1~20.04-b06), built on Jan 26 2025 07:38:16 by "buildd" with gcc 9.4.0

time: Thu Feb  6 21:36:23 2025
timezone: CST
elapsed time: 4.611880 seconds (0d 0h 0m 4s)

