#
# A fatal error has been detected by the Java Runtime Environment:
#
#  SIGSEGV (0xb) at pc=0x0000000000000000, pid=120684, tid=0x00007f1bcbfff640
#
# JRE version: OpenJDK Runtime Environment (8.0_432) (build 1.8.0_432-8u432-ga~us1-0ubuntu2~20.04-ga)
# Java VM: OpenJDK 64-Bit Server VM (25.432-bga mixed mode linux-amd64 compressed oops)
# Problematic frame:
# C  0x0000000000000000
#
# Failed to write core dump. Core dumps have been disabled. To enable core dumping, try "ulimit -c unlimited" before starting Java again
#
# If you would like to submit a bug report, please visit:
#   http://bugreport.java.com/bugreport/crash.jsp
# The crash happened outside the Java Virtual Machine in native code.
# See problematic frame for where to report the bug.
#

---------------  T H R E A D  ---------------

Current thread (0x00007f1bfc026000):  JavaThread "tio-group-5" daemon [_thread_in_native, id=121372, stack(0x00007f1bcbf00000,0x00007f1bcc000000)]

siginfo: si_signo: 11 (SIGSEGV), si_code: 1 (SEGV_MAPERR), si_addr: 0x0000000000000000

Registers:
RAX=0x00007f1c1ce4f700, RBX=0x00007f1bfc026260, RCX=0x0000000000000000, RDX=0x00007f1c23a3a9b8
RSP=0x00007f1bcbffd0b8, RBP=0x00007f1bcbffd1a0, RSI=0x0000000000000001, RDI=0x00007f1c1ce322c0
R8 =0x00007f1c00019d60, R9 =0x0000000000000000, R10=0x00007f1c0d0183fb, R11=0x00007f1c2367fa00
R12=0x00007f1bcbffd120, R13=0x00007f1c00019d60, R14=0x00007f1c1ce322c0, R15=0x0000000000000000
RIP=0x0000000000000000, EFLAGS=0x0000000000010246, CSGSFS=0x002b000000000033, ERR=0x0000000000000014
  TRAPNO=0x000000000000000e

Top of Stack: (sp=0x00007f1bcbffd0b8)
0x00007f1bcbffd0b8:   00007f1c086e002a 00007f1bcbffd450
0x00007f1bcbffd0c8:   00007f1bcbffd1c0 00007f1bcbffd328
0x00007f1bcbffd0d8:   0000000000000000 00007f1c00019d60
0x00007f1bcbffd0e8:   0000000000000014 0000000000000000
0x00007f1bcbffd0f8:   0000000000000000 00000000e41b3f88
0x00007f1bcbffd108:   0000000000000014 00000000e41b3f00
0x00007f1bcbffd118:   00007f1c0d75e86c 00007f1c08df9a21
0x00007f1bcbffd128:   0000000000000000 0000000000000000
0x00007f1bcbffd138:   00007f1c0db293fc 00000000e41b3a20
0x00007f1bcbffd148:   0000000000000000 00007f1c22c53558
0x00007f1bcbffd158:   00007f1bcbffd150 00007f1bcbffd300
0x00007f1bcbffd168:   00007f1c0d26e77c 000000009c270e80
0x00007f1bcbffd178:   00007f1bcbffd1c0 0000000000000000
0x00007f1bcbffd188:   00007f1c21854210 00007f1bcbffd340
0x00007f1bcbffd198:   00007f1bfc026000 00007f1bcbffd270
0x00007f1bcbffd1a8:   00007f1c086e01a5 0000000000000014
0x00007f1bcbffd1b8:   00007f1bcbffd200 0000000000000000
0x00007f1bcbffd1c8:   0000000000000000 0000000000000000
0x00007f1bcbffd1d8:   0000000000000000 0000000000000000
0x00007f1bcbffd1e8:   0000000400000000 ffffffffffffffff
0x00007f1bcbffd1f8:   00007f1c0dabd4e4 000000009c4aaa00
0x00007f1bcbffd208:   0000000100000101 0000000000000000
0x00007f1bcbffd218:   0000000000000000 0000000000000000
0x00007f1bcbffd228:   0000000000000000 0000000000000000
0x00007f1bcbffd238:   000000009c26a110 00007f1c08254490
0x00007f1bcbffd248:   0000000000000000 00007f1bcbffd450
0x00007f1bcbffd258:   00007f1c0da30a00 00007f1c21854218
0x00007f1bcbffd268:   0000000000000000 00007f1bcbffd2f8
0x00007f1bcbffd278:   00007f1c0d018427 000000009c270e80
0x00007f1bcbffd288:   00000000e41b3a00 00007f1bcbffd3e8
0x00007f1bcbffd298:   00007f1c0d456774 00000000e41b3e60
0x00007f1bcbffd2a8:   00007f1c0d49732e 00007f1c00000001 

Instructions: (pc=0x0000000000000000)
0xffffffffffffffe0:   

Register to memory mapping:

RAX=0x00007f1c1ce4f700 is an unknown value
RBX=0x00007f1bfc026260 is an unknown value
RCX=0x0000000000000000 is an unknown value
RDX=0x00007f1c23a3a9b8: <offset 0xde69b8> in /usr/lib/jvm/java-8-openjdk-amd64/jre/lib/amd64/server/libjvm.so at 0x00007f1c22c54000
RSP=0x00007f1bcbffd0b8 is pointing into the stack for thread: 0x00007f1bfc026000
RBP=0x00007f1bcbffd1a0 is pointing into the stack for thread: 0x00007f1bfc026000
RSI=0x0000000000000001 is an unknown value
RDI=0x00007f1c1ce322c0 is an unknown value
R8 =0x00007f1c00019d60 is an unknown value
R9 =0x0000000000000000 is an unknown value
R10=0x00007f1c0d0183fb is at code_begin+859 in an Interpreter codelet
method entry point (kind = native)  [0x00007f1c0d0180a0, 0x00007f1c0d018a40]  2464 bytes
R11=0x00007f1c2367fa00: <offset 0xa2ba00> in /usr/lib/jvm/java-8-openjdk-amd64/jre/lib/amd64/server/libjvm.so at 0x00007f1c22c54000
R12=0x00007f1bcbffd120 is pointing into the stack for thread: 0x00007f1bfc026000
R13=0x00007f1c00019d60 is an unknown value
R14=0x00007f1c1ce322c0 is an unknown value
R15=0x0000000000000000 is an unknown value


Stack: [0x00007f1bcbf00000,0x00007f1bcc000000],  sp=0x00007f1bcbffd0b8,  free space=1012k
Java frames: (J=compiled Java code, j=interpreted, Vv=VM code)
j  org.rocksdb.RocksDB.get(J[BII)[B+0
j  org.rocksdb.RocksDB.get([B)[B+9
j  com.example.base.store.RocksDBStore.get(Ljava/lang/String;)Ljava/util/Optional;+8
j  com.example.web.service.impl.PeerServiceImpl.hasPeer(Lcom/example/base/entities/Peer;)Z+26
j  com.example.net.server.MessageServerHandler.newPeerConnect([B)Lcom/example/net/base/MessagePacket;+13
j  com.example.net.server.P2pServerHandler.handler(Lorg/tio/core/intf/Packet;Lorg/tio/core/ChannelContext;)V+185
j  org.tio.core.task.HandlerRunnable.handler(Lorg/tio/core/intf/Packet;)V+123
j  org.tio.core.task.DecodeRunnable.handler(Lorg/tio/core/intf/Packet;I)V+48
j  org.tio.core.task.DecodeRunnable.decode()V+734
j  org.tio.core.ReadCompletionHandler.completed(Ljava/lang/Integer;Ljava/nio/ByteBuffer;)V+338
j  org.tio.core.ReadCompletionHandler.completed(Ljava/lang/Object;Ljava/lang/Object;)V+9
j  sun.nio.ch.Invoker.invokeUnchecked(Ljava/nio/channels/CompletionHandler;Ljava/lang/Object;Ljava/lang/Object;Ljava/lang/Throwable;)V+7
j  sun.nio.ch.Invoker.invokeDirect(Lsun/nio/ch/Invoker$GroupAndInvokeCount;Ljava/nio/channels/CompletionHandler;Ljava/lang/Object;Ljava/lang/Object;Ljava/lang/Throwable;)V+9
j  sun.nio.ch.UnixAsynchronousSocketChannelImpl.implRead(ZLjava/nio/ByteBuffer;[Ljava/nio/ByteBuffer;JLjava/util/concurrent/TimeUnit;Ljava/lang/Object;Ljava/nio/channels/CompletionHandler;)Ljava/util/concurrent/Future;+401
j  sun.nio.ch.AsynchronousSocketChannelImpl.read(ZLjava/nio/ByteBuffer;[Ljava/nio/ByteBuffer;JLjava/util/concurrent/TimeUnit;Ljava/lang/Object;Ljava/nio/channels/CompletionHandler;)Ljava/util/concurrent/Future;+241
j  sun.nio.ch.AsynchronousSocketChannelImpl.read(Ljava/nio/ByteBuffer;JLjava/util/concurrent/TimeUnit;Ljava/lang/Object;Ljava/nio/channels/CompletionHandler;)V+43
j  java.nio.channels.AsynchronousSocketChannel.read(Ljava/nio/ByteBuffer;Ljava/lang/Object;Ljava/nio/channels/CompletionHandler;)V+8
j  org.tio.core.ReadCompletionHandler.read()V+80
j  org.tio.core.ReadCompletionHandler.completed(Ljava/lang/Integer;Ljava/nio/ByteBuffer;)V+467
j  org.tio.core.ReadCompletionHandler.completed(Ljava/lang/Object;Ljava/lang/Object;)V+9
j  sun.nio.ch.Invoker.invokeUnchecked(Ljava/nio/channels/CompletionHandler;Ljava/lang/Object;Ljava/lang/Object;Ljava/lang/Throwable;)V+7
j  sun.nio.ch.Invoker.invokeDirect(Lsun/nio/ch/Invoker$GroupAndInvokeCount;Ljava/nio/channels/CompletionHandler;Ljava/lang/Object;Ljava/lang/Object;Ljava/lang/Throwable;)V+9
j  sun.nio.ch.UnixAsynchronousSocketChannelImpl.implRead(ZLjava/nio/ByteBuffer;[Ljava/nio/ByteBuffer;JLjava/util/concurrent/TimeUnit;Ljava/lang/Object;Ljava/nio/channels/CompletionHandler;)Ljava/util/concurrent/Future;+401
j  sun.nio.ch.AsynchronousSocketChannelImpl.read(ZLjava/nio/ByteBuffer;[Ljava/nio/ByteBuffer;JLjava/util/concurrent/TimeUnit;Ljava/lang/Object;Ljava/nio/channels/CompletionHandler;)Ljava/util/concurrent/Future;+241
j  sun.nio.ch.AsynchronousSocketChannelImpl.read(Ljava/nio/ByteBuffer;JLjava/util/concurrent/TimeUnit;Ljava/lang/Object;Ljava/nio/channels/CompletionHandler;)V+43
j  java.nio.channels.AsynchronousSocketChannel.read(Ljava/nio/ByteBuffer;Ljava/lang/Object;Ljava/nio/channels/CompletionHandler;)V+8
j  org.tio.core.ReadCompletionHandler.read()V+80
j  org.tio.core.ReadCompletionHandler.completed(Ljava/lang/Integer;Ljava/nio/ByteBuffer;)V+467
j  org.tio.core.ReadCompletionHandler.completed(Ljava/lang/Object;Ljava/lang/Object;)V+9
j  sun.nio.ch.Invoker.invokeUnchecked(Ljava/nio/channels/CompletionHandler;Ljava/lang/Object;Ljava/lang/Object;Ljava/lang/Throwable;)V+7
j  sun.nio.ch.Invoker.invokeDirect(Lsun/nio/ch/Invoker$GroupAndInvokeCount;Ljava/nio/channels/CompletionHandler;Ljava/lang/Object;Ljava/lang/Object;Ljava/lang/Throwable;)V+9
j  sun.nio.ch.UnixAsynchronousSocketChannelImpl.implRead(ZLjava/nio/ByteBuffer;[Ljava/nio/ByteBuffer;JLjava/util/concurrent/TimeUnit;Ljava/lang/Object;Ljava/nio/channels/CompletionHandler;)Ljava/util/concurrent/Future;+401
j  sun.nio.ch.AsynchronousSocketChannelImpl.read(ZLjava/nio/ByteBuffer;[Ljava/nio/ByteBuffer;JLjava/util/concurrent/TimeUnit;Ljava/lang/Object;Ljava/nio/channels/CompletionHandler;)Ljava/util/concurrent/Future;+241
j  sun.nio.ch.AsynchronousSocketChannelImpl.read(Ljava/nio/ByteBuffer;JLjava/util/concurrent/TimeUnit;Ljava/lang/Object;Ljava/nio/channels/CompletionHandler;)V+43
j  java.nio.channels.AsynchronousSocketChannel.read(Ljava/nio/ByteBuffer;Ljava/lang/Object;Ljava/nio/channels/CompletionHandler;)V+8
j  org.tio.core.ReadCompletionHandler.read()V+80
j  org.tio.core.ReadCompletionHandler.completed(Ljava/lang/Integer;Ljava/nio/ByteBuffer;)V+467
j  org.tio.core.ReadCompletionHandler.completed(Ljava/lang/Object;Ljava/lang/Object;)V+9
j  sun.nio.ch.Invoker.invokeUnchecked(Ljava/nio/channels/CompletionHandler;Ljava/lang/Object;Ljava/lang/Object;Ljava/lang/Throwable;)V+7
j  sun.nio.ch.Invoker$2.run()V+35
j  sun.nio.ch.AsynchronousChannelGroupImpl$1.run()V+11
j  java.util.concurrent.ThreadPoolExecutor.runWorker(Ljava/util/concurrent/ThreadPoolExecutor$Worker;)V+95
j  java.util.concurrent.ThreadPoolExecutor$Worker.run()V+5
j  java.lang.Thread.run()V+11
v  ~StubRoutines::call_stub

---------------  P R O C E S S  ---------------

Java Threads: ( => current thread )
  0x00007f1be0016000 JavaThread "tio-group-113" daemon [_thread_blocked, id=121567, stack(0x00007f1bbfbf4000,0x00007f1bbfcf4000)]
  0x00007f1c0008a800 JavaThread "tio-worker-59" daemon [_thread_blocked, id=121566, stack(0x00007f1bbfcf4000,0x00007f1bbfdf4000)]
  0x00007f1bd008b800 JavaThread "tio-group-112" daemon [_thread_blocked, id=121565, stack(0x00007f1bbfdf4000,0x00007f1bbfef4000)]
  0x00007f1bd009b000 JavaThread "tio-group-111" daemon [_thread_blocked, id=121564, stack(0x00007f1bbfef4000,0x00007f1bbfff4000)]
  0x00007f1c00089000 JavaThread "tio-worker-58" daemon [_thread_blocked, id=121563, stack(0x00007f1bbfff4000,0x00007f1bc00f4000)]
  0x00007f1c00087000 JavaThread "tio-group-110" daemon [_thread_blocked, id=121562, stack(0x00007f1bc00f4000,0x00007f1bc01f4000)]
  0x00007f1c00085000 JavaThread "tio-group-109" daemon [_thread_blocked, id=121561, stack(0x00007f1bc01f4000,0x00007f1bc02f4000)]
  0x00007f1c00083000 JavaThread "tio-group-108" daemon [_thread_blocked, id=121560, stack(0x00007f1bc02f4000,0x00007f1bc03f4000)]
  0x00007f1c00081800 JavaThread "tio-group-107" daemon [_thread_blocked, id=121559, stack(0x00007f1bc03f4000,0x00007f1bc04f4000)]
  0x00007f1c0007f000 JavaThread "tio-worker-57" daemon [_thread_blocked, id=121558, stack(0x00007f1bc04f4000,0x00007f1bc05f4000)]
  0x00007f1bec01b000 JavaThread "tio-group-106" daemon [_thread_blocked, id=121557, stack(0x00007f1bc05f4000,0x00007f1bc06f4000)]
  0x00007f1bec019800 JavaThread "tio-group-105" daemon [_thread_blocked, id=121556, stack(0x00007f1bc06f4000,0x00007f1bc07f4000)]
  0x00007f1c0007d000 JavaThread "tio-worker-56" daemon [_thread_blocked, id=121555, stack(0x00007f1bc07f4000,0x00007f1bc08f4000)]
  0x00007f1be4005000 JavaThread "tio-group-104" daemon [_thread_blocked, id=121554, stack(0x00007f1bc08f4000,0x00007f1bc09f4000)]
  0x00007f1c04066800 JavaThread "tio-worker-55" daemon [_thread_blocked, id=121553, stack(0x00007f1bc09f4000,0x00007f1bc0af4000)]
  0x00007f1be0014800 JavaThread "tio-group-103" daemon [_thread_blocked, id=121552, stack(0x00007f1bd9bfe000,0x00007f1bd9cfe000)]
  0x00007f1be0013000 JavaThread "tio-group-102" daemon [_thread_blocked, id=121551, stack(0x00007f1bd82fe000,0x00007f1bd83fe000)]
  0x00007f1c0007c000 JavaThread "tio-worker-54" daemon [_thread_blocked, id=121550, stack(0x00007f1bc0af4000,0x00007f1bc0bf4000)]
  0x00007f1bec018800 JavaThread "SIGINT handler" daemon [_thread_blocked, id=121546, stack(0x00007f1bc0cf4000,0x00007f1bc0df4000)]
  0x00007f1c0007a000 JavaThread "tio-group-101" daemon [_thread_blocked, id=121544, stack(0x00007f1bc0df4000,0x00007f1bc0ef4000)]
  0x00007f1c00078800 JavaThread "tio-group-100" daemon [_thread_blocked, id=121543, stack(0x00007f1bc0ef4000,0x00007f1bc0ff4000)]
  0x00007f1c00076800 JavaThread "tio-group-99" daemon [_thread_blocked, id=121542, stack(0x00007f1bc0ff4000,0x00007f1bc10f4000)]
  0x00007f1c00012000 JavaThread "tio-worker-53" daemon [_thread_blocked, id=121541, stack(0x00007f1bc10f4000,0x00007f1bc11f4000)]
  0x00007f1bec014800 JavaThread "tio-group-98" daemon [_thread_blocked, id=121540, stack(0x00007f1bc11f4000,0x00007f1bc12f4000)]
  0x00007f1bec012800 JavaThread "tio-group-97" daemon [_thread_blocked, id=121539, stack(0x00007f1bc12f4000,0x00007f1bc13f4000)]
  0x00007f1c04064800 JavaThread "tio-worker-52" daemon [_thread_blocked, id=121538, stack(0x00007f1bc13f4000,0x00007f1bc14f4000)]
  0x00007f1be801b000 JavaThread "tio-group-96" daemon [_thread_blocked, id=121537, stack(0x00007f1bc14f4000,0x00007f1bc15f4000)]
  0x00007f1be8019800 JavaThread "tio-group-95" daemon [_thread_blocked, id=121536, stack(0x00007f1bc15f4000,0x00007f1bc16f4000)]
  0x00007f1c00010000 JavaThread "tio-worker-51" daemon [_thread_blocked, id=121535, stack(0x00007f1bc16f4000,0x00007f1bc17f4000)]
  0x00007f1bd4011000 JavaThread "tio-group-94" daemon [_thread_blocked, id=121534, stack(0x00007f1bc17f4000,0x00007f1bc18f4000)]
  0x00007f1bd400f800 JavaThread "tio-group-93" daemon [_thread_blocked, id=121533, stack(0x00007f1bc18f4000,0x00007f1bc19f4000)]
  0x00007f1c04062800 JavaThread "tio-worker-50" daemon [_thread_blocked, id=121532, stack(0x00007f1bc19f4000,0x00007f1bc1af4000)]
  0x00007f1bd00d1800 JavaThread "tio-group-92" daemon [_thread_blocked, id=121531, stack(0x00007f1bc1af4000,0x00007f1bc1bf4000)]
  0x00007f1c0000e800 JavaThread "tio-worker-49" daemon [_thread_blocked, id=121530, stack(0x00007f1bc1bf4000,0x00007f1bc1cf4000)]
  0x00007f1c1d0ba800 JavaThread "tio-group-91" daemon [_thread_blocked, id=121529, stack(0x00007f1bc1cf4000,0x00007f1bc1df4000)]
  0x00007f1c04061000 JavaThread "tio-worker-48" daemon [_thread_blocked, id=121528, stack(0x00007f1bc1df4000,0x00007f1bc1ef4000)]
  0x00007f1bfc03f800 JavaThread "tio-group-90" daemon [_thread_blocked, id=121527, stack(0x00007f1bc1ef4000,0x00007f1bc1ff4000)]
  0x00007f1c0000d000 JavaThread "tio-worker-47" daemon [_thread_blocked, id=121526, stack(0x00007f1bc1ff4000,0x00007f1bc20f4000)]
  0x00007f1bf8017800 JavaThread "tio-group-89" daemon [_thread_blocked, id=121525, stack(0x00007f1bc20f4000,0x00007f1bc21f4000)]
  0x00007f1bf8016000 JavaThread "tio-group-88" daemon [_thread_blocked, id=121524, stack(0x00007f1bc21f4000,0x00007f1bc22f4000)]
  0x00007f1c0405f000 JavaThread "tio-worker-46" daemon [_thread_blocked, id=121523, stack(0x00007f1bc22f4000,0x00007f1bc23f4000)]
  0x00007f1be430d000 JavaThread "tio-group-87" daemon [_thread_blocked, id=121522, stack(0x00007f1bc23f4000,0x00007f1bc24f4000)]
  0x00007f1be430b800 JavaThread "tio-group-86" daemon [_thread_blocked, id=121521, stack(0x00007f1bc24f4000,0x00007f1bc25f4000)]
  0x00007f1c0405d000 JavaThread "tio-worker-45" daemon [_thread_blocked, id=121520, stack(0x00007f1bc25f4000,0x00007f1bc26f4000)]
  0x00007f1bdc00b800 JavaThread "tio-group-85" daemon [_thread_blocked, id=121519, stack(0x00007f1bc26f4000,0x00007f1bc27f4000)]
  0x00007f1c00029000 JavaThread "tio-worker-44" daemon [_thread_blocked, id=121518, stack(0x00007f1bc27f4000,0x00007f1bc28f4000)]
  0x00007f1bd400d000 JavaThread "tio-group-84" daemon [_thread_blocked, id=121517, stack(0x00007f1bc28f4000,0x00007f1bc29f4000)]
  0x00007f1c0405c800 JavaThread "tio-worker-43" daemon [_thread_blocked, id=121516, stack(0x00007f1bc29f4000,0x00007f1bc2af4000)]
  0x0000561c4d905800 JavaThread "tio-group-83" daemon [_thread_blocked, id=121515, stack(0x00007f1bc2af4000,0x00007f1bc2bf4000)]
  0x0000561c4d903800 JavaThread "tio-group-82" daemon [_thread_blocked, id=121514, stack(0x00007f1bc2bf4000,0x00007f1bc2cf4000)]
  0x00007f1c00028000 JavaThread "tio-worker-42" daemon [_thread_blocked, id=121513, stack(0x00007f1bc2cf4000,0x00007f1bc2df4000)]
  0x00007f1c04059800 JavaThread "tio-group-81" daemon [_thread_blocked, id=121512, stack(0x00007f1bc2df4000,0x00007f1bc2ef4000)]
  0x00007f1c04031000 JavaThread "tio-worker-41" daemon [_thread_blocked, id=121511, stack(0x00007f1bc2ef4000,0x00007f1bc2ff4000)]
  0x00007f1bf4013000 JavaThread "tio-group-80" daemon [_thread_blocked, id=121510, stack(0x00007f1bc2ff4000,0x00007f1bc30f4000)]
  0x00007f1bf4011800 JavaThread "tio-group-79" daemon [_thread_blocked, id=121509, stack(0x00007f1bc30f4000,0x00007f1bc31f4000)]
  0x00007f1c00027000 JavaThread "tio-worker-40" daemon [_thread_blocked, id=121508, stack(0x00007f1bd93fe000,0x00007f1bd94fe000)]
  0x00007f1bec00f800 JavaThread "tio-group-78" daemon [_thread_blocked, id=121507, stack(0x00007f1bc31f4000,0x00007f1bc32f4000)]
  0x00007f1c0402f800 JavaThread "tio-worker-39" daemon [_thread_blocked, id=121506, stack(0x00007f1bc32f4000,0x00007f1bc33f4000)]
  0x00007f1be4465000 JavaThread "tio-group-77" daemon [_thread_blocked, id=121505, stack(0x00007f1bc33f4000,0x00007f1bc34f4000)]
  0x00007f1c0402d800 JavaThread "tio-worker-38" daemon [_thread_blocked, id=121504, stack(0x00007f1bc34f4000,0x00007f1bc35f4000)]
  0x00007f1be0010800 JavaThread "tio-group-76" daemon [_thread_blocked, id=121503, stack(0x00007f1bc35f4000,0x00007f1bc36f4000)]
  0x00007f1be000e800 JavaThread "tio-group-75" daemon [_thread_blocked, id=121502, stack(0x00007f1bc36f4000,0x00007f1bc37f4000)]
  0x00007f1c00024800 JavaThread "tio-worker-37" daemon [_thread_blocked, id=121501, stack(0x00007f1bc37f4000,0x00007f1bc38f4000)]
  0x00007f1bcc00e000 JavaThread "tio-group-74" daemon [_thread_blocked, id=121500, stack(0x00007f1bc38f4000,0x00007f1bc39f4000)]
  0x00007f1c00022800 JavaThread "tio-worker-36" daemon [_thread_blocked, id=121499, stack(0x00007f1bc39f4000,0x00007f1bc3af4000)]
  0x00007f1c1d0b9800 JavaThread "tio-group-73" daemon [_thread_blocked, id=121498, stack(0x00007f1bc3af4000,0x00007f1bc3bf4000)]
  0x00007f1c1d0a1800 JavaThread "tio-group-72" daemon [_thread_blocked, id=121497, stack(0x00007f1bc3bf4000,0x00007f1bc3cf4000)]
  0x00007f1c0402a800 JavaThread "tio-worker-35" daemon [_thread_blocked, id=121496, stack(0x00007f1bc3cf4000,0x00007f1bc3df4000)]
  0x00007f1bf400f000 JavaThread "tio-group-71" daemon [_thread_blocked, id=121495, stack(0x00007f1bc3df4000,0x00007f1bc3ef4000)]
  0x00007f1bf400d000 JavaThread "tio-group-70" daemon [_thread_blocked, id=121494, stack(0x00007f1bc3ef4000,0x00007f1bc3ff4000)]
  0x00007f1bf400b800 JavaThread "tio-group-69" daemon [_thread_blocked, id=121493, stack(0x00007f1bc3ff4000,0x00007f1bc40f4000)]
  0x00007f1c00072000 JavaThread "tio-worker-34" daemon [_thread_blocked, id=121492, stack(0x00007f1bc40f4000,0x00007f1bc41f4000)]
  0x00007f1bec00d000 JavaThread "tio-group-68" daemon [_thread_blocked, id=121491, stack(0x00007f1bc41f4000,0x00007f1bc42f4000)]
  0x00007f1c00070800 JavaThread "tio-worker-33" daemon [_thread_blocked, id=121490, stack(0x00007f1bc42f4000,0x00007f1bc43f4000)]
  0x00007f1be43b1000 JavaThread "tio-group-67" daemon [_thread_blocked, id=121489, stack(0x00007f1bc43f4000,0x00007f1bc44f4000)]
  0x00007f1c0006e800 JavaThread "tio-worker-32" daemon [_thread_blocked, id=121488, stack(0x00007f1bc44f4000,0x00007f1bc45f4000)]
  0x00007f1bdc009000 JavaThread "tio-group-66" daemon [_thread_blocked, id=121487, stack(0x00007f1bc45f4000,0x00007f1bc46f4000)]
  0x00007f1c04056800 JavaThread "tio-worker-31" daemon [_thread_blocked, id=121486, stack(0x00007f1bc46f4000,0x00007f1bc47f4000)]
  0x00007f1bd400a000 JavaThread "tio-group-65" daemon [_thread_blocked, id=121485, stack(0x00007f1bc47f4000,0x00007f1bc48f4000)]
  0x00007f1c0006d000 JavaThread "tio-worker-30" daemon [_thread_blocked, id=121484, stack(0x00007f1bc48f4000,0x00007f1bc49f4000)]
  0x0000561c4d901000 JavaThread "tio-group-64" daemon [_thread_blocked, id=121483, stack(0x00007f1bc49f4000,0x00007f1bc4af4000)]
  0x0000561c4d8ff000 JavaThread "tio-group-63" daemon [_thread_blocked, id=121482, stack(0x00007f1bc4af4000,0x00007f1bc4bf4000)]
  0x00007f1c0006b000 JavaThread "tio-worker-29" daemon [_thread_blocked, id=121481, stack(0x00007f1bc4bf4000,0x00007f1bc4cf4000)]
  0x00007f1c04054800 JavaThread "tio-group-62" daemon [_thread_blocked, id=121480, stack(0x00007f1bc4cf4000,0x00007f1bc4df4000)]
  0x00007f1c04052800 JavaThread "tio-worker-28" daemon [_thread_blocked, id=121479, stack(0x00007f1bc4df4000,0x00007f1bc4ef4000)]
  0x00007f1c00069800 JavaThread "tio-group-61" daemon [_thread_blocked, id=121478, stack(0x00007f1bc4ef4000,0x00007f1bc4ff4000)]
  0x00007f1c00067000 JavaThread "tio-worker-27" daemon [_thread_blocked, id=121477, stack(0x00007f1bc4ff4000,0x00007f1bc50f4000)]
  0x00007f1bec00b000 JavaThread "tio-group-60" daemon [_thread_blocked, id=121476, stack(0x00007f1bc50f4000,0x00007f1bc51f4000)]
  0x00007f1bec009000 JavaThread "tio-group-59" daemon [_thread_blocked, id=121475, stack(0x00007f1bc51f4000,0x00007f1bc52f4000)]
  0x00007f1c04050800 JavaThread "tio-worker-26" daemon [_thread_blocked, id=121474, stack(0x00007f1bc52f4000,0x00007f1bc53f4000)]
  0x00007f1be43ee000 JavaThread "tio-group-58" daemon [_thread_blocked, id=121473, stack(0x00007f1bc53f4000,0x00007f1bc54f4000)]
  0x00007f1c00065000 JavaThread "tio-worker-25" daemon [_thread_blocked, id=121472, stack(0x00007f1bc54f4000,0x00007f1bc55f4000)]
  0x00007f1be000c000 JavaThread "tio-group-57" daemon [_thread_blocked, id=121471, stack(0x00007f1bc55f4000,0x00007f1bc56f4000)]
  0x00007f1be000a000 JavaThread "tio-group-56" daemon [_thread_blocked, id=121470, stack(0x00007f1bc56f4000,0x00007f1bc57f4000)]
  0x00007f1c00063800 JavaThread "tio-worker-24" daemon [_thread_blocked, id=121469, stack(0x00007f1bc57f4000,0x00007f1bc58f4000)]
  0x00007f1bd00be800 JavaThread "tio-group-55" daemon [_thread_blocked, id=121468, stack(0x00007f1bc58f4000,0x00007f1bc59f4000)]
  0x00007f1bd00ec800 JavaThread "tio-group-54" daemon [_thread_blocked, id=121467, stack(0x00007f1bc59f4000,0x00007f1bc5af4000)]
  0x00007f1c0404e800 JavaThread "tio-worker-23" daemon [_thread_blocked, id=121466, stack(0x00007f1bc5af4000,0x00007f1bc5bf4000)]
  0x00007f1c0404d000 JavaThread "tio-group-53" daemon [_thread_blocked, id=121465, stack(0x00007f1bc5bf4000,0x00007f1bc5cf4000)]
  0x00007f1c0404b000 JavaThread "tio-group-52" daemon [_thread_blocked, id=121464, stack(0x00007f1bc5cf4000,0x00007f1bc5df4000)]
  0x00007f1c04049000 JavaThread "tio-worker-22" daemon [_thread_blocked, id=121463, stack(0x00007f1bc5df4000,0x00007f1bc5ef4000)]
  0x00007f1c00061800 JavaThread "tio-group-51" daemon [_thread_blocked, id=121462, stack(0x00007f1bc5ef4000,0x00007f1bc5ff4000)]
  0x00007f1c04047000 JavaThread "tio-worker-21" daemon [_thread_blocked, id=121461, stack(0x00007f1bc6ffa000,0x00007f1bc70fa000)]
  0x00007f1bf07af000 JavaThread "tio-group-50" daemon [_thread_blocked, id=121460, stack(0x00007f1bc70fa000,0x00007f1bc71fa000)]
  0x00007f1bf0237000 JavaThread "tio-group-49" daemon [_thread_blocked, id=121459, stack(0x00007f1bc71fa000,0x00007f1bc72fa000)]
  0x00007f1bf01a1800 JavaThread "tio-group-48" daemon [_thread_blocked, id=121458, stack(0x00007f1bc72fa000,0x00007f1bc73fa000)]
  0x00007f1c0005f800 JavaThread "tio-worker-20" daemon [_thread_blocked, id=121457, stack(0x00007f1bc73fa000,0x00007f1bc74fa000)]
  0x00007f1bdc007000 JavaThread "tio-group-47" daemon [_thread_blocked, id=121456, stack(0x00007f1bd80fe000,0x00007f1bd81fe000)]
  0x00007f1bdc005000 JavaThread "tio-group-46" daemon [_thread_blocked, id=121455, stack(0x00007f1bc74fa000,0x00007f1bc75fa000)]
  0x00007f1c04045800 JavaThread "tio-worker-19" daemon [_thread_blocked, id=121454, stack(0x00007f1bc75fa000,0x00007f1bc76fa000)]
  0x00007f1bd4007800 JavaThread "tio-group-45" daemon [_thread_blocked, id=121453, stack(0x00007f1bc76fa000,0x00007f1bc77fa000)]
  0x00007f1c0005e000 JavaThread "tio-worker-18" daemon [_thread_blocked, id=121452, stack(0x00007f1bc77fa000,0x00007f1bc78fa000)]
  0x00007f1bd00d6800 JavaThread "tio-group-44" daemon [_thread_blocked, id=121451, stack(0x00007f1bc78fa000,0x00007f1bc79fa000)]
  0x00007f1c04043800 JavaThread "tio-worker-17" daemon [_thread_blocked, id=121450, stack(0x00007f1bc79fa000,0x00007f1bc7afa000)]
  0x00007f1c1d065800 JavaThread "tio-group-43" daemon [_thread_blocked, id=121449, stack(0x00007f1bc7afa000,0x00007f1bc7bfa000)]
  0x00007f1c04042000 JavaThread "tio-worker-16" daemon [_thread_blocked, id=121448, stack(0x00007f1bc7bfa000,0x00007f1bc7cfa000)]
  0x00007f1bfc03b800 JavaThread "tio-group-42" daemon [_thread_blocked, id=121447, stack(0x00007f1bc7cfa000,0x00007f1bc7dfa000)]
  0x00007f1c0403f800 JavaThread "tio-worker-15" daemon [_thread_blocked, id=121446, stack(0x00007f1bc7dfa000,0x00007f1bc7efa000)]
  0x00007f1bf4008800 JavaThread "tio-group-41" daemon [_thread_blocked, id=121445, stack(0x00007f1bc7efa000,0x00007f1bc7ffa000)]
  0x00007f1c0403e000 JavaThread "tio-worker-14" daemon [_thread_blocked, id=121444, stack(0x00007f1bc7ffa000,0x00007f1bc80fa000)]
  0x00007f1bec004800 JavaThread "tio-group-40" daemon [_thread_blocked, id=121443, stack(0x00007f1bc80fa000,0x00007f1bc81fa000)]
  0x00007f1c0004f000 JavaThread "tio-worker-13" daemon [_thread_blocked, id=121442, stack(0x00007f1bc81fa000,0x00007f1bc82fa000)]
  0x00007f1be440d000 JavaThread "tio-group-39" daemon [_thread_blocked, id=121441, stack(0x00007f1bc82fa000,0x00007f1bc83fa000)]
  0x00007f1c0403c800 JavaThread "tio-worker-12" daemon [_thread_blocked, id=121440, stack(0x00007f1bc83fa000,0x00007f1bc84fa000)]
  0x00007f1bcc00a800 JavaThread "tio-group-38" daemon [_thread_blocked, id=121439, stack(0x00007f1bc84fa000,0x00007f1bc85fa000)]
  0x00007f1bcc008800 JavaThread "tio-group-37" daemon [_thread_blocked, id=121438, stack(0x00007f1bc85fa000,0x00007f1bc86fa000)]
  0x00007f1bcc007000 JavaThread "tio-group-36" daemon [_thread_blocked, id=121437, stack(0x00007f1bc86fa000,0x00007f1bc87fa000)]
  0x00007f1bcc005800 JavaThread "tio-group-35" daemon [_thread_blocked, id=121436, stack(0x00007f1bc87fa000,0x00007f1bc88fa000)]
  0x00007f1c0004d000 JavaThread "tio-worker-11" daemon [_thread_blocked, id=121435, stack(0x00007f1bc88fa000,0x00007f1bc89fa000)]
  0x00007f1be8014800 JavaThread "tio-group-34" daemon [_thread_blocked, id=121434, stack(0x00007f1bc89fa000,0x00007f1bc8afa000)]
  0x00007f1be8012800 JavaThread "tio-group-33" daemon [_thread_blocked, id=121433, stack(0x00007f1bc8afa000,0x00007f1bc8bfa000)]
  0x00007f1be8010800 JavaThread "tio-group-32" daemon [_thread_blocked, id=121432, stack(0x00007f1bc8bfa000,0x00007f1bc8cfa000)]
  0x00007f1be800f000 JavaThread "tio-group-31" daemon [_thread_blocked, id=121431, stack(0x00007f1bc8cfa000,0x00007f1bc8dfa000)]
  0x00007f1be800d000 JavaThread "tio-group-30" daemon [_thread_blocked, id=121430, stack(0x00007f1bc8dfa000,0x00007f1bc8efa000)]
  0x00007f1be800b800 JavaThread "tio-group-29" daemon [_thread_blocked, id=121429, stack(0x00007f1bc8efa000,0x00007f1bc8ffa000)]
  0x00007f1be8009800 JavaThread "tio-group-28" daemon [_thread_blocked, id=121428, stack(0x00007f1bca000000,0x00007f1bca100000)]
  0x00007f1be8008000 JavaThread "tio-group-27" daemon [_thread_blocked, id=121427, stack(0x00007f1bca100000,0x00007f1bca200000)]
  0x00007f1be8006000 JavaThread "tio-group-26" daemon [_thread_blocked, id=121426, stack(0x00007f1bca200000,0x00007f1bca300000)]
  0x00007f1be8004800 JavaThread "tio-group-25" daemon [_thread_blocked, id=121425, stack(0x00007f1bca300000,0x00007f1bca400000)]
  0x00007f1be8003000 JavaThread "tio-group-24" daemon [_thread_blocked, id=121424, stack(0x00007f1bca400000,0x00007f1bca500000)]
  0x00007f1c0004b000 JavaThread "tio-worker-10" daemon [_thread_blocked, id=121423, stack(0x00007f1bca500000,0x00007f1bca600000)]
  0x00007f1bd4005000 JavaThread "tio-group-23" daemon [_thread_blocked, id=121422, stack(0x00007f1bca600000,0x00007f1bca700000)]
  0x00007f1bd4003000 JavaThread "tio-group-22" daemon [_thread_blocked, id=121421, stack(0x00007f1bca700000,0x00007f1bca800000)]
  0x00007f1c04039800 JavaThread "tio-worker-9" daemon [_thread_blocked, id=121420, stack(0x00007f1bca800000,0x00007f1bca900000)]
  0x00007f1bfc039000 JavaThread "tio-group-21" daemon [_thread_blocked, id=121419, stack(0x00007f1bca900000,0x00007f1bcaa00000)]
  0x00007f1bfc037000 JavaThread "tio-group-20" daemon [_thread_blocked, id=121418, stack(0x00007f1bcaa00000,0x00007f1bcab00000)]
  0x00007f1bfc035000 JavaThread "tio-group-19" daemon [_thread_blocked, id=121417, stack(0x00007f1bcab00000,0x00007f1bcac00000)]
  0x00007f1bfc033800 JavaThread "tio-group-18" daemon [_thread_blocked, id=121416, stack(0x00007f1bcac00000,0x00007f1bcad00000)]
  0x00007f1bfc031800 JavaThread "tio-group-17" daemon [_thread_blocked, id=121415, stack(0x00007f1bcad00000,0x00007f1bcae00000)]
  0x00007f1c00043800 JavaThread "tio-worker-8" daemon [_thread_blocked, id=121414, stack(0x00007f1bcae00000,0x00007f1bcaf00000)]
  0x00007f1bf8012000 JavaThread "tio-group-16" daemon [_thread_blocked, id=121413, stack(0x00007f1bcaf00000,0x00007f1bcb000000)]
  0x00007f1bf8010000 JavaThread "tio-group-15" daemon [_thread_blocked, id=121412, stack(0x00007f1bcb000000,0x00007f1bcb100000)]
  0x00007f1c04037000 JavaThread "tio-worker-7" daemon [_thread_blocked, id=121411, stack(0x00007f1bcb100000,0x00007f1bcb200000)]
  0x00007f1be4685800 JavaThread "tio-group-14" daemon [_thread_blocked, id=121410, stack(0x00007f1bcb200000,0x00007f1bcb300000)]
  0x00007f1be45ff800 JavaThread "tio-group-13" daemon [_thread_blocked, id=121409, stack(0x00007f1bcb300000,0x00007f1bcb400000)]
  0x00007f1c00042800 JavaThread "tio-worker-6" daemon [_thread_blocked, id=121408, stack(0x00007f1bcb400000,0x00007f1bcb500000)]
  0x00007f1be0006800 JavaThread "tio-group-12" daemon [_thread_blocked, id=121407, stack(0x00007f1bcb500000,0x00007f1bcb600000)]
  0x00007f1be0005000 JavaThread "tio-group-11" daemon [_thread_blocked, id=121406, stack(0x00007f1bcb600000,0x00007f1bcb700000)]
  0x00007f1c04035000 JavaThread "tio-worker-5" daemon [_thread_blocked, id=121405, stack(0x00007f1bcb700000,0x00007f1bcb800000)]
  0x00007f1bcc002800 JavaThread "tio-group-10" daemon [_thread_blocked, id=121404, stack(0x00007f1bcb800000,0x00007f1bcb900000)]
  0x00007f1c04033000 JavaThread "tio-worker-4" daemon [_thread_blocked, id=121403, stack(0x00007f1bcb900000,0x00007f1bcba00000)]
  0x00007f1c1d05f800 JavaThread "tio-group-9" daemon [_thread_blocked, id=121402, stack(0x00007f1bcba00000,0x00007f1bcbb00000)]
  0x00007f1c1d040800 JavaThread "tio-group-8" daemon [_thread_blocked, id=121401, stack(0x00007f1bcbb00000,0x00007f1bcbc00000)]
  0x00007f1c0003c800 JavaThread "tio-worker-3" daemon [_thread_blocked, id=121400, stack(0x00007f1bcbc00000,0x00007f1bcbd00000)]
  0x00007f1bfc02f000 JavaThread "tio-group-7" daemon [_thread_blocked, id=121389, stack(0x00007f1bcbd00000,0x00007f1bcbe00000)]
  0x00007f1bfc028000 JavaThread "tio-group-6" daemon [_thread_blocked, id=121383, stack(0x00007f1bcbe00000,0x00007f1bcbf00000)]
=>0x00007f1bfc026000 JavaThread "tio-group-5" daemon [_thread_in_native, id=121372, stack(0x00007f1bcbf00000,0x00007f1bcc000000)]
  0x00007f1bfc01f800 JavaThread "tio-group-4" daemon [_thread_blocked, id=121365, stack(0x00007f1bd81fe000,0x00007f1bd82fe000)]
  0x00007f1c1c00a000 JavaThread "DestroyJavaVM" [_thread_blocked, id=120685, stack(0x00007f1c22870000,0x00007f1c22970000)]
  0x00007f1c1ca20000 JavaThread "Thread-10" daemon [_thread_in_native, id=120794, stack(0x00007f1bd91fe000,0x00007f1bd92fe000)]
  0x00007f1bec006800 JavaThread "tio-group-3" [_thread_blocked, id=120756, stack(0x00007f1bd94fe000,0x00007f1bd95fe000)]
  0x00007f1c1cece800 JavaThread "tio-worker-2" [_thread_blocked, id=120754, stack(0x00007f1bd95fe000,0x00007f1bd96fe000)]
  0x00007f1bdc002000 JavaThread "tio-group-2" daemon [_thread_blocked, id=120753, stack(0x00007f1bd97fe000,0x00007f1bd98fe000)]
  0x00007f1c1cec7800 JavaThread "tio-timer-reconnect-1" daemon [_thread_blocked, id=120751, stack(0x00007f1bd96fe000,0x00007f1bd97fe000)]
  0x00007f1c1cec1000 JavaThread "Thread-5" daemon [_thread_in_native, id=120749, stack(0x00007f1bd98fe000,0x00007f1bd99fe000)]
  0x00007f1c1ce5c800 JavaThread "tio-group-1" [_thread_blocked, id=120748, stack(0x00007f1bd99fe000,0x00007f1bd9afe000)]
  0x00007f1c1cf2f800 JavaThread "tio-worker-1" [_thread_blocked, id=120747, stack(0x00007f1bd9afe000,0x00007f1bd9bfe000)]
  0x00007f1c1c4b0800 JavaThread "process reaper" daemon [_thread_blocked, id=120699, stack(0x00007f1c0925d000,0x00007f1c09296000)]
  0x00007f1c1c145800 JavaThread "Service Thread" daemon [_thread_blocked, id=120694, stack(0x00007f1c09397000,0x00007f1c09497000)]
  0x00007f1c1c142800 JavaThread "C1 CompilerThread1" daemon [_thread_blocked, id=120693, stack(0x00007f1c09498000,0x00007f1c09598000)]
  0x00007f1c1c13f800 JavaThread "C2 CompilerThread0" daemon [_thread_blocked, id=120692, stack(0x00007f1c200e4000,0x00007f1c201e4000)]
  0x00007f1c1c138000 JavaThread "Signal Dispatcher" daemon [_thread_blocked, id=120691, stack(0x00007f1c201eb000,0x00007f1c202eb000)]
  0x00007f1c1c10a800 JavaThread "Finalizer" daemon [_thread_blocked, id=120690, stack(0x00007f1c202eb000,0x00007f1c203eb000)]
  0x00007f1c1c106000 JavaThread "Reference Handler" daemon [_thread_blocked, id=120689, stack(0x00007f1c203eb000,0x00007f1c204eb000)]

Other Threads:
  0x00007f1c1c0fc000 VMThread [stack: 0x00007f1c204ec000,0x00007f1c205ec000] [id=120688]
  0x00007f1c1c148000 WatcherThread [stack: 0x00007f1c09297000,0x00007f1c09397000] [id=120695]

VM state:not at safepoint (normal execution)

VM Mutex/Monitor currently owned by a thread: None

heap address: 0x000000009c200000, size: 1598 MB, Compressed Oops mode: 32-bit
Narrow klass base: 0x0000000000000000, Narrow klass shift: 3
Compressed class space size: 1073741824 Address: 0x0000000100000000

Heap:
 PSYoungGen      total 165376K, used 88892K [0x00000000deb80000, 0x00000000ed300000, 0x0000000100000000)
  eden space 158720K, 56% used [0x00000000deb80000,0x00000000e424f290,0x00000000e8680000)
  from space 6656K, 0% used [0x00000000e8680000,0x00000000e8680000,0x00000000e8d00000)
  to   space 7680K, 0% used [0x00000000ecb80000,0x00000000ecb80000,0x00000000ed300000)
 ParOldGen       total 68608K, used 11819K [0x000000009c200000, 0x00000000a0500000, 0x00000000deb80000)
  object space 68608K, 17% used [0x000000009c200000,0x000000009cd8ae88,0x00000000a0500000)
 Metaspace       used 33956K, capacity 36321K, committed 36392K, reserved 1081344K
  class space    used 4248K, capacity 4672K, committed 4736K, reserved 1048576K

Card table byte_map: [0x00007f1c2213c000,0x00007f1c2245c000] byte_map_base: 0x00007f1c21c5b000

Marking Bits: (ParMarkBitMap*) 0x00007f1c23a3e740
 Begin Bits: [0x00007f1c09e10000, 0x00007f1c0b708000)
 End Bits:   [0x00007f1c0b708000, 0x00007f1c0d000000)

Polling page: 0x00007f1c23d06000

CodeCache: size=245760Kb used=11156Kb max_used=11440Kb free=234603Kb
 bounds [0x00007f1c0d000000, 0x00007f1c0db40000, 0x00007f1c1c000000]
 total_blobs=4053 nmethods=3598 adapters=367
 compilation: enabled

Compilation events (10 events):
Event: 24.723 Thread 0x00007f1c1c142800 4033       1       java.util.concurrent.ConcurrentHashMap$MapEntry::getValue (5 bytes)
Event: 24.723 Thread 0x00007f1c1c142800 nmethod 4033 0x00007f1c0d15d350 code [0x00007f1c0d15d4a0, 0x00007f1c0d15d5b0]
Event: 24.727 Thread 0x00007f1c1c13f800 nmethod 4034 0x00007f1c0d60b8d0 code [0x00007f1c0d60ba40, 0x00007f1c0d60bd18]
Event: 24.727 Thread 0x00007f1c1c13f800 4036       4       java.util.concurrent.ConcurrentHashMap$Traverser::advance (188 bytes)
Event: 24.740 Thread 0x00007f1c1c13f800 nmethod 4036 0x00007f1c0d380210 code [0x00007f1c0d380360, 0x00007f1c0d380558]
Event: 24.769 Thread 0x00007f1c1c142800 4038       3       ch.qos.logback.core.pattern.FormattingConverter::write (154 bytes)
Event: 24.773 Thread 0x00007f1c1c142800 nmethod 4038 0x00007f1c0d167ad0 code [0x00007f1c0d167d80, 0x00007f1c0d168ff8]
Event: 24.779 Thread 0x00007f1c1c142800 4039       3       java.util.HashMap::clear (50 bytes)
Event: 24.780 Thread 0x00007f1c1c142800 nmethod 4039 0x00007f1c0d300810 code [0x00007f1c0d3009a0, 0x00007f1c0d300d70]
Event: 24.780 Thread 0x00007f1c1c142800 4041       3       java.lang.invoke.InvokerBytecodeGenerator::emitStaticInvoke (246 bytes)

GC Heap History (10 events):
Event: 6.025 GC heap before
{Heap before GC invocations=7 (full 1):
 PSYoungGen      total 107008K, used 4480K [0x00000000deb80000, 0x00000000e5a80000, 0x0000000100000000)
  eden space 101888K, 0% used [0x00000000deb80000,0x00000000deb80000,0x00000000e4f00000)
  from space 5120K, 87% used [0x00000000e5480000,0x00000000e58e0040,0x00000000e5980000)
  to   space 5632K, 0% used [0x00000000e4f00000,0x00000000e4f00000,0x00000000e5480000)
 ParOldGen       total 68608K, used 528K [0x000000009c200000, 0x00000000a0500000, 0x00000000deb80000)
  object space 68608K, 0% used [0x000000009c200000,0x000000009c284000,0x00000000a0500000)
 Metaspace       used 20331K, capacity 21188K, committed 21296K, reserved 1069056K
  class space    used 2474K, capacity 2674K, committed 2688K, reserved 1048576K
Event: 6.122 GC heap after
Heap after GC invocations=7 (full 1):
 PSYoungGen      total 107008K, used 0K [0x00000000deb80000, 0x00000000e5a80000, 0x0000000100000000)
  eden space 101888K, 0% used [0x00000000deb80000,0x00000000deb80000,0x00000000e4f00000)
  from space 5120K, 0% used [0x00000000e5480000,0x00000000e5480000,0x00000000e5980000)
  to   space 5632K, 0% used [0x00000000e4f00000,0x00000000e4f00000,0x00000000e5480000)
 ParOldGen       total 41472K, used 4809K [0x000000009c200000, 0x000000009ea80000, 0x00000000deb80000)
  object space 41472K, 11% used [0x000000009c200000,0x000000009c6b25c8,0x000000009ea80000)
 Metaspace       used 20331K, capacity 21188K, committed 21296K, reserved 1069056K
  class space    used 2474K, capacity 2674K, committed 2688K, reserved 1048576K
}
Event: 8.366 GC heap before
{Heap before GC invocations=8 (full 1):
 PSYoungGen      total 107008K, used 101888K [0x00000000deb80000, 0x00000000e5a80000, 0x0000000100000000)
  eden space 101888K, 100% used [0x00000000deb80000,0x00000000e4f00000,0x00000000e4f00000)
  from space 5120K, 0% used [0x00000000e5480000,0x00000000e5480000,0x00000000e5980000)
  to   space 5632K, 0% used [0x00000000e4f00000,0x00000000e4f00000,0x00000000e5480000)
 ParOldGen       total 41472K, used 4809K [0x000000009c200000, 0x000000009ea80000, 0x00000000deb80000)
  object space 41472K, 11% used [0x000000009c200000,0x000000009c6b25c8,0x000000009ea80000)
 Metaspace       used 23925K, capacity 25146K, committed 25344K, reserved 1071104K
  class space    used 2962K, capacity 3205K, committed 3328K, reserved 1048576K
Event: 8.380 GC heap after
Heap after GC invocations=8 (full 1):
 PSYoungGen      total 107520K, used 2880K [0x00000000deb80000, 0x00000000e9280000, 0x0000000100000000)
  eden space 101888K, 0% used [0x00000000deb80000,0x00000000deb80000,0x00000000e4f00000)
  from space 5632K, 51% used [0x00000000e4f00000,0x00000000e51d0000,0x00000000e5480000)
  to   space 5632K, 0% used [0x00000000e8d00000,0x00000000e8d00000,0x00000000e9280000)
 ParOldGen       total 41472K, used 4817K [0x000000009c200000, 0x000000009ea80000, 0x00000000deb80000)
  object space 41472K, 11% used [0x000000009c200000,0x000000009c6b45c8,0x000000009ea80000)
 Metaspace       used 23925K, capacity 25146K, committed 25344K, reserved 1071104K
  class space    used 2962K, capacity 3205K, committed 3328K, reserved 1048576K
}
Event: 10.745 GC heap before
{Heap before GC invocations=9 (full 1):
 PSYoungGen      total 107520K, used 104768K [0x00000000deb80000, 0x00000000e9280000, 0x0000000100000000)
  eden space 101888K, 100% used [0x00000000deb80000,0x00000000e4f00000,0x00000000e4f00000)
  from space 5632K, 51% used [0x00000000e4f00000,0x00000000e51d0000,0x00000000e5480000)
  to   space 5632K, 0% used [0x00000000e8d00000,0x00000000e8d00000,0x00000000e9280000)
 ParOldGen       total 41472K, used 4817K [0x000000009c200000, 0x000000009ea80000, 0x00000000deb80000)
  object space 41472K, 11% used [0x000000009c200000,0x000000009c6b45c8,0x000000009ea80000)
 Metaspace       used 29891K, capacity 31740K, committed 32128K, reserved 1077248K
  class space    used 3757K, capacity 4124K, committed 4224K, reserved 1048576K
Event: 10.866 GC heap after
Heap after GC invocations=9 (full 1):
 PSYoungGen      total 164352K, used 5620K [0x00000000deb80000, 0x00000000e9b80000, 0x0000000100000000)
  eden space 158720K, 0% used [0x00000000deb80000,0x00000000deb80000,0x00000000e8680000)
  from space 5632K, 99% used [0x00000000e8d00000,0x00000000e927d040,0x00000000e9280000)
  to   space 6656K, 0% used [0x00000000e8680000,0x00000000e8680000,0x00000000e8d00000)
 ParOldGen       total 41472K, used 5265K [0x000000009c200000, 0x000000009ea80000, 0x00000000deb80000)
  object space 41472K, 12% used [0x000000009c200000,0x000000009c7244c8,0x000000009ea80000)
 Metaspace       used 29891K, capacity 31740K, committed 32128K, reserved 1077248K
  class space    used 3757K, capacity 4124K, committed 4224K, reserved 1048576K
}
Event: 14.171 GC heap before
{Heap before GC invocations=10 (full 1):
 PSYoungGen      total 164352K, used 72978K [0x00000000deb80000, 0x00000000e9b80000, 0x0000000100000000)
  eden space 158720K, 42% used [0x00000000deb80000,0x00000000e2d477e0,0x00000000e8680000)
  from space 5632K, 99% used [0x00000000e8d00000,0x00000000e927d040,0x00000000e9280000)
  to   space 6656K, 0% used [0x00000000e8680000,0x00000000e8680000,0x00000000e8d00000)
 ParOldGen       total 41472K, used 5265K [0x000000009c200000, 0x000000009ea80000, 0x00000000deb80000)
  object space 41472K, 12% used [0x000000009c200000,0x000000009c7244c8,0x000000009ea80000)
 Metaspace       used 33098K, capacity 35373K, committed 35496K, reserved 1081344K
  class space    used 4188K, capacity 4608K, committed 4608K, reserved 1048576K
Event: 14.304 GC heap after
Heap after GC invocations=10 (full 1):
 PSYoungGen      total 165376K, used 6632K [0x00000000deb80000, 0x00000000ed300000, 0x0000000100000000)
  eden space 158720K, 0% used [0x00000000deb80000,0x00000000deb80000,0x00000000e8680000)
  from space 6656K, 99% used [0x00000000e8680000,0x00000000e8cfa070,0x00000000e8d00000)
  to   space 7680K, 0% used [0x00000000ecb80000,0x00000000ecb80000,0x00000000ed300000)
 ParOldGen       total 41472K, used 6411K [0x000000009c200000, 0x000000009ea80000, 0x00000000deb80000)
  object space 41472K, 15% used [0x000000009c200000,0x000000009c842ce8,0x000000009ea80000)
 Metaspace       used 33098K, capacity 35373K, committed 35496K, reserved 1081344K
  class space    used 4188K, capacity 4608K, committed 4608K, reserved 1048576K
}
Event: 14.304 GC heap before
{Heap before GC invocations=11 (full 2):
 PSYoungGen      total 165376K, used 6632K [0x00000000deb80000, 0x00000000ed300000, 0x0000000100000000)
  eden space 158720K, 0% used [0x00000000deb80000,0x00000000deb80000,0x00000000e8680000)
  from space 6656K, 99% used [0x00000000e8680000,0x00000000e8cfa070,0x00000000e8d00000)
  to   space 7680K, 0% used [0x00000000ecb80000,0x00000000ecb80000,0x00000000ed300000)
 ParOldGen       total 41472K, used 6411K [0x000000009c200000, 0x000000009ea80000, 0x00000000deb80000)
  object space 41472K, 15% used [0x000000009c200000,0x000000009c842ce8,0x000000009ea80000)
 Metaspace       used 33098K, capacity 35373K, committed 35496K, reserved 1081344K
  class space    used 4188K, capacity 4608K, committed 4608K, reserved 1048576K
Event: 14.817 GC heap after
Heap after GC invocations=11 (full 2):
 PSYoungGen      total 165376K, used 0K [0x00000000deb80000, 0x00000000ed300000, 0x0000000100000000)
  eden space 158720K, 0% used [0x00000000deb80000,0x00000000deb80000,0x00000000e8680000)
  from space 6656K, 0% used [0x00000000e8680000,0x00000000e8680000,0x00000000e8d00000)
  to   space 7680K, 0% used [0x00000000ecb80000,0x00000000ecb80000,0x00000000ed300000)
 ParOldGen       total 68608K, used 11819K [0x000000009c200000, 0x00000000a0500000, 0x00000000deb80000)
  object space 68608K, 17% used [0x000000009c200000,0x000000009cd8ae88,0x00000000a0500000)
 Metaspace       used 33098K, capacity 35373K, committed 35496K, reserved 1081344K
  class space    used 4188K, capacity 4608K, committed 4608K, reserved 1048576K
}

Deoptimization events (10 events):
Event: 15.827 Thread 0x00007f1bfc026000 Uncommon trap: reason=class_check action=maybe_recompile pc=0x00007f1c0d816ea0 method=java.lang.ThreadLocal.set(Ljava/lang/Object;)V @ 26
Event: 15.961 Thread 0x00007f1bfc026000 Uncommon trap: reason=unstable_if action=reinterpret pc=0x00007f1c0d6b8988 method=java.lang.ClassLoader.getClassLoadingLock(Ljava/lang/String;)Ljava/lang/Object; @ 6
Event: 20.994 Thread 0x00007f1bfc02f000 Uncommon trap: reason=null_check action=make_not_entrant pc=0x00007f1c0daef794 method=com.esotericsoftware.kryo.util.ObjectMap.put_internal(Ljava/lang/Object;Ljava/lang/Object;)Ljava/lang/Object; @ 39
Event: 21.335 Thread 0x00007f1bfc026000 Uncommon trap: reason=null_check action=make_not_entrant pc=0x00007f1c0daf58d8 method=com.esotericsoftware.kryo.util.ObjectMap.put_internal(Ljava/lang/Object;Ljava/lang/Object;)Ljava/lang/Object; @ 82
Event: 21.635 Thread 0x00007f1bfc02f000 Uncommon trap: reason=null_check action=make_not_entrant pc=0x00007f1c0db08ce0 method=com.esotericsoftware.kryo.util.ObjectMap.put_internal(Ljava/lang/Object;Ljava/lang/Object;)Ljava/lang/Object; @ 125
Event: 24.074 Thread 0x00007f1c1c138000 Uncommon trap: reason=bimorphic action=maybe_recompile pc=0x00007f1c0d8cd910 method=java.util.Hashtable.get(Ljava/lang/Object;)Ljava/lang/Object; @ 45
Event: 24.074 Thread 0x00007f1c1c138000 Uncommon trap: reason=bimorphic action=maybe_recompile pc=0x00007f1c0d8cd910 method=java.util.Hashtable.get(Ljava/lang/Object;)Ljava/lang/Object; @ 45
Event: 24.636 Thread 0x0000561c4d908000 Uncommon trap: reason=unstable_if action=reinterpret pc=0x00007f1c0d3f0a70 method=java.lang.AbstractStringBuilder.append(Ljava/lang/String;)Ljava/lang/AbstractStringBuilder; @ 1
Event: 24.719 Thread 0x0000561c4d908000 Uncommon trap: reason=unstable_if action=reinterpret pc=0x00007f1c0dabe2dc method=ch.qos.logback.core.pattern.FormattingConverter.write(Ljava/lang/StringBuilder;Ljava/lang/Object;)V @ 65
Event: 24.754 Thread 0x00007f1bfc026000 Uncommon trap: reason=loop_limit_check action=maybe_recompile pc=0x00007f1c0d1e9258 method=com.esotericsoftware.kryo.Kryo.getNextRegistrationId()I @ 9

Classes redefined (0 events):
No events

Internal exceptions (10 events):
Event: 11.568 Thread 0x00007f1c1c00a000 Exception <a 'java/lang/ClassNotFoundException': org/springframework/web/context/ServletContextAwareCustomizer> (0x00000000df969378) thrown at [/build/openjdk-8-JQuJwV/openjdk-8-8u432-ga~us1/src/hotspot/src/share/vm/classfile/systemDictionary.cpp, line 21
Event: 11.580 Thread 0x00007f1c1c00a000 Exception <a 'java/lang/ClassNotFoundException': org/springframework/beans/factory/AwareCustomizer> (0x00000000df99a2d8) thrown at [/build/openjdk-8-JQuJwV/openjdk-8-8u432-ga~us1/src/hotspot/src/share/vm/classfile/systemDictionary.cpp, line 217]
Event: 11.581 Thread 0x00007f1c1c00a000 Implicit null exception at 0x00007f1c0d7d428c to 0x00007f1c0d7d440d
Event: 12.882 Thread 0x00007f1c1c00a000 Exception <a 'java/lang/NoSuchMethodError': java.lang.Object.lambda$thenComparing$36697e65$1(Ljava/util/Comparator;Ljava/lang/Object;Ljava/lang/Object;)I> (0x00000000e14310c0) thrown at [/build/openjdk-8-JQuJwV/openjdk-8-8u432-ga~us1/src/hotspot/src/share
Event: 13.210 Thread 0x00007f1c1c00a000 Exception <a 'java/lang/IncompatibleClassChangeError': Found class java.lang.Object, but interface was expected> (0x00000000e17adaa0) thrown at [/build/openjdk-8-JQuJwV/openjdk-8-8u432-ga~us1/src/hotspot/src/share/vm/interpreter/linkResolver.cpp, line 653
Event: 20.994 Thread 0x00007f1bfc02f000 Implicit null exception at 0x00007f1c0daeeeef to 0x00007f1c0daef775
Event: 21.335 Thread 0x00007f1bfc026000 Implicit null exception at 0x00007f1c0daf4ff5 to 0x00007f1c0daf58a9
Event: 21.635 Thread 0x00007f1bfc02f000 Implicit null exception at 0x00007f1c0db0837e to 0x00007f1c0db08ca9
Event: 24.636 Thread 0x0000561c4d908000 Implicit null exception at 0x00007f1c0d3f06b5 to 0x00007f1c0d3f0a5d
Event: 24.678 Thread 0x00007f1c1c7d1000 Exception <a 'java/lang/InterruptedException': sleep interrupted> (0x00000000e40a7eb0) thrown at [/build/openjdk-8-JQuJwV/openjdk-8-8u432-ga~us1/src/hotspot/src/share/vm/prims/jvm.cpp, line 3374]

Events (10 events):
Event: 24.708 Executing VM operation: RevokeBias
Event: 24.709 Executing VM operation: RevokeBias done
Event: 24.710 Executing VM operation: RevokeBias
Event: 24.711 Executing VM operation: RevokeBias done
Event: 24.719 Thread 0x0000561c4d908000 Uncommon trap: trap_request=0xffffff65 fr.pc=0x00007f1c0dabe2dc
Event: 24.719 Thread 0x0000561c4d908000 DEOPT PACKING pc=0x00007f1c0dabe2dc sp=0x00007f1bc0cf13a0
Event: 24.719 Thread 0x0000561c4d908000 DEOPT UNPACKING pc=0x00007f1c0d04547a sp=0x00007f1bc0cf1358 mode 2
Event: 24.754 Thread 0x00007f1bfc026000 Uncommon trap: trap_request=0xffffff7e fr.pc=0x00007f1c0d1e9258
Event: 24.754 Thread 0x00007f1bfc026000 DEOPT PACKING pc=0x00007f1c0d1e9258 sp=0x00007f1bcbffd180
Event: 24.754 Thread 0x00007f1bfc026000 DEOPT UNPACKING pc=0x00007f1c0d04547a sp=0x00007f1bcbffd0f0 mode 2


Dynamic libraries:
9c200000-a0500000 rw-p 00000000 00:00 0 
a0500000-deb80000 ---p 00000000 00:00 0 
deb80000-ed300000 rw-p 00000000 00:00 0 
ed300000-100000000 ---p 00000000 00:00 0 
100000000-1004a0000 rw-p 00000000 00:00 0 
1004a0000-140000000 ---p 00000000 00:00 0 
561c17d25000-561c17d26000 r--p 00000000 08:05 2753408                    /usr/lib/jvm/java-8-openjdk-amd64/jre/bin/java
561c17d26000-561c17d27000 r-xp 00001000 08:05 2753408                    /usr/lib/jvm/java-8-openjdk-amd64/jre/bin/java
561c17d27000-561c17d28000 r--p 00002000 08:05 2753408                    /usr/lib/jvm/java-8-openjdk-amd64/jre/bin/java
561c17d28000-561c17d29000 r--p 00002000 08:05 2753408                    /usr/lib/jvm/java-8-openjdk-amd64/jre/bin/java
561c17d29000-561c17d2a000 rw-p 00003000 08:05 2753408                    /usr/lib/jvm/java-8-openjdk-amd64/jre/bin/java
561c4d8e5000-561c4d927000 rw-p 00000000 00:00 0                          [heap]
7f1bbfbf4000-7f1bbfbf7000 ---p 00000000 00:00 0 
7f1bbfbf7000-7f1bbfcf4000 rw-p 00000000 00:00 0 
7f1bbfcf4000-7f1bbfcf7000 ---p 00000000 00:00 0 
7f1bbfcf7000-7f1bbfdf4000 rw-p 00000000 00:00 0 
7f1bbfdf4000-7f1bbfdf7000 ---p 00000000 00:00 0 
7f1bbfdf7000-7f1bbfef4000 rw-p 00000000 00:00 0 
7f1bbfef4000-7f1bbfef7000 ---p 00000000 00:00 0 
7f1bbfef7000-7f1bbfff4000 rw-p 00000000 00:00 0 
7f1bbfff4000-7f1bbfff7000 ---p 00000000 00:00 0 
7f1bbfff7000-7f1bc00f4000 rw-p 00000000 00:00 0 
7f1bc00f4000-7f1bc00f7000 ---p 00000000 00:00 0 
7f1bc00f7000-7f1bc01f4000 rw-p 00000000 00:00 0 
7f1bc01f4000-7f1bc01f7000 ---p 00000000 00:00 0 
7f1bc01f7000-7f1bc02f4000 rw-p 00000000 00:00 0 
7f1bc02f4000-7f1bc02f7000 ---p 00000000 00:00 0 
7f1bc02f7000-7f1bc03f4000 rw-p 00000000 00:00 0 
7f1bc03f4000-7f1bc03f7000 ---p 00000000 00:00 0 
7f1bc03f7000-7f1bc04f4000 rw-p 00000000 00:00 0 
7f1bc04f4000-7f1bc04f7000 ---p 00000000 00:00 0 
7f1bc04f7000-7f1bc05f4000 rw-p 00000000 00:00 0 
7f1bc05f4000-7f1bc05f7000 ---p 00000000 00:00 0 
7f1bc05f7000-7f1bc06f4000 rw-p 00000000 00:00 0 
7f1bc06f4000-7f1bc06f7000 ---p 00000000 00:00 0 
7f1bc06f7000-7f1bc07f4000 rw-p 00000000 00:00 0 
7f1bc07f4000-7f1bc07f7000 ---p 00000000 00:00 0 
7f1bc07f7000-7f1bc08f4000 rw-p 00000000 00:00 0 
7f1bc08f4000-7f1bc08f7000 ---p 00000000 00:00 0 
7f1bc08f7000-7f1bc09f4000 rw-p 00000000 00:00 0 
7f1bc09f4000-7f1bc09f7000 ---p 00000000 00:00 0 
7f1bc09f7000-7f1bc0af4000 rw-p 00000000 00:00 0 
7f1bc0af4000-7f1bc0af7000 ---p 00000000 00:00 0 
7f1bc0af7000-7f1bc0bf4000 rw-p 00000000 00:00 0 
7f1bc0bf4000-7f1bc0bf7000 ---p 00000000 00:00 0 
7f1bc0bf7000-7f1bc0cf4000 rw-p 00000000 00:00 0 
7f1bc0cf4000-7f1bc0cf7000 ---p 00000000 00:00 0 
7f1bc0cf7000-7f1bc0df4000 rw-p 00000000 00:00 0 
7f1bc0df4000-7f1bc0df7000 ---p 00000000 00:00 0 
7f1bc0df7000-7f1bc0ef4000 rw-p 00000000 00:00 0 
7f1bc0ef4000-7f1bc0ef7000 ---p 00000000 00:00 0 
7f1bc0ef7000-7f1bc0ff4000 rw-p 00000000 00:00 0 
7f1bc0ff4000-7f1bc0ff7000 ---p 00000000 00:00 0 
7f1bc0ff7000-7f1bc10f4000 rw-p 00000000 00:00 0 
7f1bc10f4000-7f1bc10f7000 ---p 00000000 00:00 0 
7f1bc10f7000-7f1bc11f4000 rw-p 00000000 00:00 0 
7f1bc11f4000-7f1bc11f7000 ---p 00000000 00:00 0 
7f1bc11f7000-7f1bc12f4000 rw-p 00000000 00:00 0 
7f1bc12f4000-7f1bc12f7000 ---p 00000000 00:00 0 
7f1bc12f7000-7f1bc13f4000 rw-p 00000000 00:00 0 
7f1bc13f4000-7f1bc13f7000 ---p 00000000 00:00 0 
7f1bc13f7000-7f1bc14f4000 rw-p 00000000 00:00 0 
7f1bc14f4000-7f1bc14f7000 ---p 00000000 00:00 0 
7f1bc14f7000-7f1bc15f4000 rw-p 00000000 00:00 0 
7f1bc15f4000-7f1bc15f7000 ---p 00000000 00:00 0 
7f1bc15f7000-7f1bc16f4000 rw-p 00000000 00:00 0 
7f1bc16f4000-7f1bc16f7000 ---p 00000000 00:00 0 
7f1bc16f7000-7f1bc17f4000 rw-p 00000000 00:00 0 
7f1bc17f4000-7f1bc17f7000 ---p 00000000 00:00 0 
7f1bc17f7000-7f1bc18f4000 rw-p 00000000 00:00 0 
7f1bc18f4000-7f1bc18f7000 ---p 00000000 00:00 0 
7f1bc18f7000-7f1bc19f4000 rw-p 00000000 00:00 0 
7f1bc19f4000-7f1bc19f7000 ---p 00000000 00:00 0 
7f1bc19f7000-7f1bc1af4000 rw-p 00000000 00:00 0 
7f1bc1af4000-7f1bc1af7000 ---p 00000000 00:00 0 
7f1bc1af7000-7f1bc1bf4000 rw-p 00000000 00:00 0 
7f1bc1bf4000-7f1bc1bf7000 ---p 00000000 00:00 0 
7f1bc1bf7000-7f1bc1cf4000 rw-p 00000000 00:00 0 
7f1bc1cf4000-7f1bc1cf7000 ---p 00000000 00:00 0 
7f1bc1cf7000-7f1bc1df4000 rw-p 00000000 00:00 0 
7f1bc1df4000-7f1bc1df7000 ---p 00000000 00:00 0 
7f1bc1df7000-7f1bc1ef4000 rw-p 00000000 00:00 0 
7f1bc1ef4000-7f1bc1ef7000 ---p 00000000 00:00 0 
7f1bc1ef7000-7f1bc1ff4000 rw-p 00000000 00:00 0 
7f1bc1ff4000-7f1bc1ff7000 ---p 00000000 00:00 0 
7f1bc1ff7000-7f1bc20f4000 rw-p 00000000 00:00 0 
7f1bc20f4000-7f1bc20f7000 ---p 00000000 00:00 0 
7f1bc20f7000-7f1bc21f4000 rw-p 00000000 00:00 0 
7f1bc21f4000-7f1bc21f7000 ---p 00000000 00:00 0 
7f1bc21f7000-7f1bc22f4000 rw-p 00000000 00:00 0 
7f1bc22f4000-7f1bc22f7000 ---p 00000000 00:00 0 
7f1bc22f7000-7f1bc23f4000 rw-p 00000000 00:00 0 
7f1bc23f4000-7f1bc23f7000 ---p 00000000 00:00 0 
7f1bc23f7000-7f1bc24f4000 rw-p 00000000 00:00 0 
7f1bc24f4000-7f1bc24f7000 ---p 00000000 00:00 0 
7f1bc24f7000-7f1bc25f4000 rw-p 00000000 00:00 0 
7f1bc25f4000-7f1bc25f7000 ---p 00000000 00:00 0 
7f1bc25f7000-7f1bc26f4000 rw-p 00000000 00:00 0 
7f1bc26f4000-7f1bc26f7000 ---p 00000000 00:00 0 
7f1bc26f7000-7f1bc27f4000 rw-p 00000000 00:00 0 
7f1bc27f4000-7f1bc27f7000 ---p 00000000 00:00 0 
7f1bc27f7000-7f1bc28f4000 rw-p 00000000 00:00 0 
7f1bc28f4000-7f1bc28f7000 ---p 00000000 00:00 0 
7f1bc28f7000-7f1bc29f4000 rw-p 00000000 00:00 0 
7f1bc29f4000-7f1bc29f7000 ---p 00000000 00:00 0 
7f1bc29f7000-7f1bc2af4000 rw-p 00000000 00:00 0 
7f1bc2af4000-7f1bc2af7000 ---p 00000000 00:00 0 
7f1bc2af7000-7f1bc2bf4000 rw-p 00000000 00:00 0 
7f1bc2bf4000-7f1bc2bf7000 ---p 00000000 00:00 0 
7f1bc2bf7000-7f1bc2cf4000 rw-p 00000000 00:00 0 
7f1bc2cf4000-7f1bc2cf7000 ---p 00000000 00:00 0 
7f1bc2cf7000-7f1bc2df4000 rw-p 00000000 00:00 0 
7f1bc2df4000-7f1bc2df7000 ---p 00000000 00:00 0 
7f1bc2df7000-7f1bc2ef4000 rw-p 00000000 00:00 0 
7f1bc2ef4000-7f1bc2ef7000 ---p 00000000 00:00 0 
7f1bc2ef7000-7f1bc2ff4000 rw-p 00000000 00:00 0 
7f1bc2ff4000-7f1bc2ff7000 ---p 00000000 00:00 0 
7f1bc2ff7000-7f1bc30f4000 rw-p 00000000 00:00 0 
7f1bc30f4000-7f1bc30f7000 ---p 00000000 00:00 0 
7f1bc30f7000-7f1bc31f4000 rw-p 00000000 00:00 0 
7f1bc31f4000-7f1bc31f7000 ---p 00000000 00:00 0 
7f1bc31f7000-7f1bc32f4000 rw-p 00000000 00:00 0 
7f1bc32f4000-7f1bc32f7000 ---p 00000000 00:00 0 
7f1bc32f7000-7f1bc33f4000 rw-p 00000000 00:00 0 
7f1bc33f4000-7f1bc33f7000 ---p 00000000 00:00 0 
7f1bc33f7000-7f1bc34f4000 rw-p 00000000 00:00 0 
7f1bc34f4000-7f1bc34f7000 ---p 00000000 00:00 0 
7f1bc34f7000-7f1bc35f4000 rw-p 00000000 00:00 0 
7f1bc35f4000-7f1bc35f7000 ---p 00000000 00:00 0 
7f1bc35f7000-7f1bc36f4000 rw-p 00000000 00:00 0 
7f1bc36f4000-7f1bc36f7000 ---p 00000000 00:00 0 
7f1bc36f7000-7f1bc37f4000 rw-p 00000000 00:00 0 
7f1bc37f4000-7f1bc37f7000 ---p 00000000 00:00 0 
7f1bc37f7000-7f1bc38f4000 rw-p 00000000 00:00 0 
7f1bc38f4000-7f1bc38f7000 ---p 00000000 00:00 0 
7f1bc38f7000-7f1bc39f4000 rw-p 00000000 00:00 0 
7f1bc39f4000-7f1bc39f7000 ---p 00000000 00:00 0 
7f1bc39f7000-7f1bc3af4000 rw-p 00000000 00:00 0 
7f1bc3af4000-7f1bc3af7000 ---p 00000000 00:00 0 
7f1bc3af7000-7f1bc3bf4000 rw-p 00000000 00:00 0 
7f1bc3bf4000-7f1bc3bf7000 ---p 00000000 00:00 0 
7f1bc3bf7000-7f1bc3cf4000 rw-p 00000000 00:00 0 
7f1bc3cf4000-7f1bc3cf7000 ---p 00000000 00:00 0 
7f1bc3cf7000-7f1bc3df4000 rw-p 00000000 00:00 0 
7f1bc3df4000-7f1bc3df7000 ---p 00000000 00:00 0 
7f1bc3df7000-7f1bc3ef4000 rw-p 00000000 00:00 0 
7f1bc3ef4000-7f1bc3ef7000 ---p 00000000 00:00 0 
7f1bc3ef7000-7f1bc3ff4000 rw-p 00000000 00:00 0 
7f1bc3ff4000-7f1bc3ff7000 ---p 00000000 00:00 0 
7f1bc3ff7000-7f1bc40f4000 rw-p 00000000 00:00 0 
7f1bc40f4000-7f1bc40f7000 ---p 00000000 00:00 0 
7f1bc40f7000-7f1bc41f4000 rw-p 00000000 00:00 0 
7f1bc41f4000-7f1bc41f7000 ---p 00000000 00:00 0 
7f1bc41f7000-7f1bc42f4000 rw-p 00000000 00:00 0 
7f1bc42f4000-7f1bc42f7000 ---p 00000000 00:00 0 
7f1bc42f7000-7f1bc43f4000 rw-p 00000000 00:00 0 
7f1bc43f4000-7f1bc43f7000 ---p 00000000 00:00 0 
7f1bc43f7000-7f1bc44f4000 rw-p 00000000 00:00 0 
7f1bc44f4000-7f1bc44f7000 ---p 00000000 00:00 0 
7f1bc44f7000-7f1bc45f4000 rw-p 00000000 00:00 0 
7f1bc45f4000-7f1bc45f7000 ---p 00000000 00:00 0 
7f1bc45f7000-7f1bc46f4000 rw-p 00000000 00:00 0 
7f1bc46f4000-7f1bc46f7000 ---p 00000000 00:00 0 
7f1bc46f7000-7f1bc47f4000 rw-p 00000000 00:00 0 
7f1bc47f4000-7f1bc47f7000 ---p 00000000 00:00 0 
7f1bc47f7000-7f1bc48f4000 rw-p 00000000 00:00 0 
7f1bc48f4000-7f1bc48f7000 ---p 00000000 00:00 0 
7f1bc48f7000-7f1bc49f4000 rw-p 00000000 00:00 0 
7f1bc49f4000-7f1bc49f7000 ---p 00000000 00:00 0 
7f1bc49f7000-7f1bc4af4000 rw-p 00000000 00:00 0 
7f1bc4af4000-7f1bc4af7000 ---p 00000000 00:00 0 
7f1bc4af7000-7f1bc4bf4000 rw-p 00000000 00:00 0 
7f1bc4bf4000-7f1bc4bf7000 ---p 00000000 00:00 0 
7f1bc4bf7000-7f1bc4cf4000 rw-p 00000000 00:00 0 
7f1bc4cf4000-7f1bc4cf7000 ---p 00000000 00:00 0 
7f1bc4cf7000-7f1bc4df4000 rw-p 00000000 00:00 0 
7f1bc4df4000-7f1bc4df7000 ---p 00000000 00:00 0 
7f1bc4df7000-7f1bc4ef4000 rw-p 00000000 00:00 0 
7f1bc4ef4000-7f1bc4ef7000 ---p 00000000 00:00 0 
7f1bc4ef7000-7f1bc4ff4000 rw-p 00000000 00:00 0 
7f1bc4ff4000-7f1bc4ff7000 ---p 00000000 00:00 0 
7f1bc4ff7000-7f1bc50f4000 rw-p 00000000 00:00 0 
7f1bc50f4000-7f1bc50f7000 ---p 00000000 00:00 0 
7f1bc50f7000-7f1bc51f4000 rw-p 00000000 00:00 0 
7f1bc51f4000-7f1bc51f7000 ---p 00000000 00:00 0 
7f1bc51f7000-7f1bc52f4000 rw-p 00000000 00:00 0 
7f1bc52f4000-7f1bc52f7000 ---p 00000000 00:00 0 
7f1bc52f7000-7f1bc53f4000 rw-p 00000000 00:00 0 
7f1bc53f4000-7f1bc53f7000 ---p 00000000 00:00 0 
7f1bc53f7000-7f1bc54f4000 rw-p 00000000 00:00 0 
7f1bc54f4000-7f1bc54f7000 ---p 00000000 00:00 0 
7f1bc54f7000-7f1bc55f4000 rw-p 00000000 00:00 0 
7f1bc55f4000-7f1bc55f7000 ---p 00000000 00:00 0 
7f1bc55f7000-7f1bc56f4000 rw-p 00000000 00:00 0 
7f1bc56f4000-7f1bc56f7000 ---p 00000000 00:00 0 
7f1bc56f7000-7f1bc57f4000 rw-p 00000000 00:00 0 
7f1bc57f4000-7f1bc57f7000 ---p 00000000 00:00 0 
7f1bc57f7000-7f1bc58f4000 rw-p 00000000 00:00 0 
7f1bc58f4000-7f1bc58f7000 ---p 00000000 00:00 0 
7f1bc58f7000-7f1bc59f4000 rw-p 00000000 00:00 0 
7f1bc59f4000-7f1bc59f7000 ---p 00000000 00:00 0 
7f1bc59f7000-7f1bc5af4000 rw-p 00000000 00:00 0 
7f1bc5af4000-7f1bc5af7000 ---p 00000000 00:00 0 
7f1bc5af7000-7f1bc5bf4000 rw-p 00000000 00:00 0 
7f1bc5bf4000-7f1bc5bf7000 ---p 00000000 00:00 0 
7f1bc5bf7000-7f1bc5cf4000 rw-p 00000000 00:00 0 
7f1bc5cf4000-7f1bc5cf7000 ---p 00000000 00:00 0 
7f1bc5cf7000-7f1bc5df4000 rw-p 00000000 00:00 0 
7f1bc5df4000-7f1bc5df7000 ---p 00000000 00:00 0 
7f1bc5df7000-7f1bc5ef4000 rw-p 00000000 00:00 0 
7f1bc5ef4000-7f1bc5ef7000 ---p 00000000 00:00 0 
7f1bc5ef7000-7f1bc5ff4000 rw-p 00000000 00:00 0 
7f1bc5ff4000-7f1bc5ff5000 ---p 00000000 00:00 0 
7f1bc5ff5000-7f1bc67f5000 rw-p 00000000 00:00 0 
7f1bc67f5000-7f1bc67f6000 ---p 00000000 00:00 0 
7f1bc67f6000-7f1bc6ff6000 rw-p 00000000 00:00 0 
7f1bc6ffa000-7f1bc6ffd000 ---p 00000000 00:00 0 
7f1bc6ffd000-7f1bc70fa000 rw-p 00000000 00:00 0 
7f1bc70fa000-7f1bc70fd000 ---p 00000000 00:00 0 
7f1bc70fd000-7f1bc71fa000 rw-p 00000000 00:00 0 
7f1bc71fa000-7f1bc71fd000 ---p 00000000 00:00 0 
7f1bc71fd000-7f1bc72fa000 rw-p 00000000 00:00 0 
7f1bc72fa000-7f1bc72fd000 ---p 00000000 00:00 0 
7f1bc72fd000-7f1bc73fa000 rw-p 00000000 00:00 0 
7f1bc73fa000-7f1bc73fd000 ---p 00000000 00:00 0 
7f1bc73fd000-7f1bc74fa000 rw-p 00000000 00:00 0 
7f1bc74fa000-7f1bc74fd000 ---p 00000000 00:00 0 
7f1bc74fd000-7f1bc75fa000 rw-p 00000000 00:00 0 
7f1bc75fa000-7f1bc75fd000 ---p 00000000 00:00 0 
7f1bc75fd000-7f1bc76fa000 rw-p 00000000 00:00 0 
7f1bc76fa000-7f1bc76fd000 ---p 00000000 00:00 0 
7f1bc76fd000-7f1bc77fa000 rw-p 00000000 00:00 0 
7f1bc77fa000-7f1bc77fd000 ---p 00000000 00:00 0 
7f1bc77fd000-7f1bc78fa000 rw-p 00000000 00:00 0 
7f1bc78fa000-7f1bc78fd000 ---p 00000000 00:00 0 
7f1bc78fd000-7f1bc79fa000 rw-p 00000000 00:00 0 
7f1bc79fa000-7f1bc79fd000 ---p 00000000 00:00 0 
7f1bc79fd000-7f1bc7afa000 rw-p 00000000 00:00 0 
7f1bc7afa000-7f1bc7afd000 ---p 00000000 00:00 0 
7f1bc7afd000-7f1bc7bfa000 rw-p 00000000 00:00 0 
7f1bc7bfa000-7f1bc7bfd000 ---p 00000000 00:00 0 
7f1bc7bfd000-7f1bc7cfa000 rw-p 00000000 00:00 0 
7f1bc7cfa000-7f1bc7cfd000 ---p 00000000 00:00 0 
7f1bc7cfd000-7f1bc7dfa000 rw-p 00000000 00:00 0 
7f1bc7dfa000-7f1bc7dfd000 ---p 00000000 00:00 0 
7f1bc7dfd000-7f1bc7efa000 rw-p 00000000 00:00 0 
7f1bc7efa000-7f1bc7efd000 ---p 00000000 00:00 0 
7f1bc7efd000-7f1bc7ffa000 rw-p 00000000 00:00 0 
7f1bc7ffa000-7f1bc7ffd000 ---p 00000000 00:00 0 
7f1bc7ffd000-7f1bc80fa000 rw-p 00000000 00:00 0 
7f1bc80fa000-7f1bc80fd000 ---p 00000000 00:00 0 
7f1bc80fd000-7f1bc81fa000 rw-p 00000000 00:00 0 
7f1bc81fa000-7f1bc81fd000 ---p 00000000 00:00 0 
7f1bc81fd000-7f1bc82fa000 rw-p 00000000 00:00 0 
7f1bc82fa000-7f1bc82fd000 ---p 00000000 00:00 0 
7f1bc82fd000-7f1bc83fa000 rw-p 00000000 00:00 0 
7f1bc83fa000-7f1bc83fd000 ---p 00000000 00:00 0 
7f1bc83fd000-7f1bc84fa000 rw-p 00000000 00:00 0 
7f1bc84fa000-7f1bc84fd000 ---p 00000000 00:00 0 
7f1bc84fd000-7f1bc85fa000 rw-p 00000000 00:00 0 
7f1bc85fa000-7f1bc85fd000 ---p 00000000 00:00 0 
7f1bc85fd000-7f1bc86fa000 rw-p 00000000 00:00 0 
7f1bc86fa000-7f1bc86fd000 ---p 00000000 00:00 0 
7f1bc86fd000-7f1bc87fa000 rw-p 00000000 00:00 0 
7f1bc87fa000-7f1bc87fd000 ---p 00000000 00:00 0 
7f1bc87fd000-7f1bc88fa000 rw-p 00000000 00:00 0 
7f1bc88fa000-7f1bc88fd000 ---p 00000000 00:00 0 
7f1bc88fd000-7f1bc89fa000 rw-p 00000000 00:00 0 
7f1bc89fa000-7f1bc89fd000 ---p 00000000 00:00 0 
7f1bc89fd000-7f1bc8afa000 rw-p 00000000 00:00 0 
7f1bc8afa000-7f1bc8afd000 ---p 00000000 00:00 0 
7f1bc8afd000-7f1bc8bfa000 rw-p 00000000 00:00 0 
7f1bc8bfa000-7f1bc8bfd000 ---p 00000000 00:00 0 
7f1bc8bfd000-7f1bc8cfa000 rw-p 00000000 00:00 0 
7f1bc8cfa000-7f1bc8cfd000 ---p 00000000 00:00 0 
7f1bc8cfd000-7f1bc8dfa000 rw-p 00000000 00:00 0 
7f1bc8dfa000-7f1bc8dfd000 ---p 00000000 00:00 0 
7f1bc8dfd000-7f1bc8efa000 rw-p 00000000 00:00 0 
7f1bc8efa000-7f1bc8efd000 ---p 00000000 00:00 0 
7f1bc8efd000-7f1bc8ffa000 rw-p 00000000 00:00 0 
7f1bc8ffa000-7f1bc8ffb000 ---p 00000000 00:00 0 
7f1bc8ffb000-7f1bc97fb000 rw-p 00000000 00:00 0 
7f1bca000000-7f1bca003000 ---p 00000000 00:00 0 
7f1bca003000-7f1bca100000 rw-p 00000000 00:00 0 
7f1bca100000-7f1bca103000 ---p 00000000 00:00 0 
7f1bca103000-7f1bca200000 rw-p 00000000 00:00 0 
7f1bca200000-7f1bca203000 ---p 00000000 00:00 0 
7f1bca203000-7f1bca300000 rw-p 00000000 00:00 0 
7f1bca300000-7f1bca303000 ---p 00000000 00:00 0 
7f1bca303000-7f1bca400000 rw-p 00000000 00:00 0 
7f1bca400000-7f1bca403000 ---p 00000000 00:00 0 
7f1bca403000-7f1bca500000 rw-p 00000000 00:00 0 
7f1bca500000-7f1bca503000 ---p 00000000 00:00 0 
7f1bca503000-7f1bca600000 rw-p 00000000 00:00 0 
7f1bca600000-7f1bca603000 ---p 00000000 00:00 0 
7f1bca603000-7f1bca700000 rw-p 00000000 00:00 0 
7f1bca700000-7f1bca703000 ---p 00000000 00:00 0 
7f1bca703000-7f1bca800000 rw-p 00000000 00:00 0 
7f1bca800000-7f1bca803000 ---p 00000000 00:00 0 
7f1bca803000-7f1bca900000 rw-p 00000000 00:00 0 
7f1bca900000-7f1bca903000 ---p 00000000 00:00 0 
7f1bca903000-7f1bcaa00000 rw-p 00000000 00:00 0 
7f1bcaa00000-7f1bcaa03000 ---p 00000000 00:00 0 
7f1bcaa03000-7f1bcab00000 rw-p 00000000 00:00 0 
7f1bcab00000-7f1bcab03000 ---p 00000000 00:00 0 
7f1bcab03000-7f1bcac00000 rw-p 00000000 00:00 0 
7f1bcac00000-7f1bcac03000 ---p 00000000 00:00 0 
7f1bcac03000-7f1bcad00000 rw-p 00000000 00:00 0 
7f1bcad00000-7f1bcad03000 ---p 00000000 00:00 0 
7f1bcad03000-7f1bcae00000 rw-p 00000000 00:00 0 
7f1bcae00000-7f1bcae03000 ---p 00000000 00:00 0 
7f1bcae03000-7f1bcaf00000 rw-p 00000000 00:00 0 
7f1bcaf00000-7f1bcaf03000 ---p 00000000 00:00 0 
7f1bcaf03000-7f1bcb000000 rw-p 00000000 00:00 0 
7f1bcb000000-7f1bcb003000 ---p 00000000 00:00 0 
7f1bcb003000-7f1bcb100000 rw-p 00000000 00:00 0 
7f1bcb100000-7f1bcb103000 ---p 00000000 00:00 0 
7f1bcb103000-7f1bcb200000 rw-p 00000000 00:00 0 
7f1bcb200000-7f1bcb203000 ---p 00000000 00:00 0 
7f1bcb203000-7f1bcb300000 rw-p 00000000 00:00 0 
7f1bcb300000-7f1bcb303000 ---p 00000000 00:00 0 
7f1bcb303000-7f1bcb400000 rw-p 00000000 00:00 0 
7f1bcb400000-7f1bcb403000 ---p 00000000 00:00 0 
7f1bcb403000-7f1bcb500000 rw-p 00000000 00:00 0 
7f1bcb500000-7f1bcb503000 ---p 00000000 00:00 0 
7f1bcb503000-7f1bcb600000 rw-p 00000000 00:00 0 
7f1bcb600000-7f1bcb603000 ---p 00000000 00:00 0 
7f1bcb603000-7f1bcb700000 rw-p 00000000 00:00 0 
7f1bcb700000-7f1bcb703000 ---p 00000000 00:00 0 
7f1bcb703000-7f1bcb800000 rw-p 00000000 00:00 0 
7f1bcb800000-7f1bcb803000 ---p 00000000 00:00 0 
7f1bcb803000-7f1bcb900000 rw-p 00000000 00:00 0 
7f1bcb900000-7f1bcb903000 ---p 00000000 00:00 0 
7f1bcb903000-7f1bcba00000 rw-p 00000000 00:00 0 
7f1bcba00000-7f1bcba03000 ---p 00000000 00:00 0 
7f1bcba03000-7f1bcbb00000 rw-p 00000000 00:00 0 
7f1bcbb00000-7f1bcbb03000 ---p 00000000 00:00 0 
7f1bcbb03000-7f1bcbc00000 rw-p 00000000 00:00 0 
7f1bcbc00000-7f1bcbc03000 ---p 00000000 00:00 0 
7f1bcbc03000-7f1bcbd00000 rw-p 00000000 00:00 0 
7f1bcbd00000-7f1bcbd03000 ---p 00000000 00:00 0 
7f1bcbd03000-7f1bcbe00000 rw-p 00000000 00:00 0 
7f1bcbe00000-7f1bcbe03000 ---p 00000000 00:00 0 
7f1bcbe03000-7f1bcbf00000 rw-p 00000000 00:00 0 
7f1bcbf00000-7f1bcbf03000 ---p 00000000 00:00 0 
7f1bcbf03000-7f1bcc000000 rw-p 00000000 00:00 0 
7f1bcc000000-7f1bcc021000 rw-p 00000000 00:00 0 
7f1bcc021000-7f1bd0000000 ---p 00000000 00:00 0 
7f1bd0000000-7f1bd0309000 rw-p 00000000 00:00 0 
7f1bd0309000-7f1bd4000000 ---p 00000000 00:00 0 
7f1bd4000000-7f1bd4021000 rw-p 00000000 00:00 0 
7f1bd4021000-7f1bd8000000 ---p 00000000 00:00 0 
7f1bd80fe000-7f1bd8101000 ---p 00000000 00:00 0 
7f1bd8101000-7f1bd81fe000 rw-p 00000000 00:00 0 
7f1bd81fe000-7f1bd8201000 ---p 00000000 00:00 0 
7f1bd8201000-7f1bd82fe000 rw-p 00000000 00:00 0 
7f1bd82fe000-7f1bd8301000 ---p 00000000 00:00 0 
7f1bd8301000-7f1bd84e8000 rw-p 00000000 00:00 0 
7f1bd84e8000-7f1bd8601000 ---p 00000000 00:00 0 
7f1bd8601000-7f1bd86fe000 rw-p 00000000 00:00 0 
7f1bd86fe000-7f1bd8701000 ---p 00000000 00:00 0 
7f1bd8701000-7f1bd87fe000 rw-p 00000000 00:00 0 
7f1bd87fe000-7f1bd8801000 ---p 00000000 00:00 0 
7f1bd8801000-7f1bd88fe000 rw-p 00000000 00:00 0 
7f1bd88fe000-7f1bd8901000 ---p 00000000 00:00 0 
7f1bd8901000-7f1bd89fe000 rw-p 00000000 00:00 0 
7f1bd89fe000-7f1bd8a01000 ---p 00000000 00:00 0 
7f1bd8a01000-7f1bd8afe000 rw-p 00000000 00:00 0 
7f1bd8afe000-7f1bd8b01000 ---p 00000000 00:00 0 
7f1bd8b01000-7f1bd8bfe000 rw-p 00000000 00:00 0 
7f1bd8bfe000-7f1bd8c01000 ---p 00000000 00:00 0 
7f1bd8c01000-7f1bd8cfe000 rw-p 00000000 00:00 0 
7f1bd8cfe000-7f1bd8d01000 ---p 00000000 00:00 0 
7f1bd8d01000-7f1bd8dfe000 rw-p 00000000 00:00 0 
7f1bd8dfe000-7f1bd8e01000 ---p 00000000 00:00 0 
7f1bd8e01000-7f1bd8efe000 rw-p 00000000 00:00 0 
7f1bd8efe000-7f1bd8f01000 ---p 00000000 00:00 0 
7f1bd8f01000-7f1bd91fe000 rw-p 00000000 00:00 0 
7f1bd91fe000-7f1bd9201000 ---p 00000000 00:00 0 
7f1bd9201000-7f1bd92fe000 rw-p 00000000 00:00 0 
7f1bd92fe000-7f1bd9301000 ---p 00000000 00:00 0 
7f1bd9301000-7f1bd93fe000 rw-p 00000000 00:00 0 
7f1bd93fe000-7f1bd9401000 ---p 00000000 00:00 0 
7f1bd9401000-7f1bd94fe000 rw-p 00000000 00:00 0 
7f1bd94fe000-7f1bd9501000 ---p 00000000 00:00 0 
7f1bd9501000-7f1bd95fe000 rw-p 00000000 00:00 0 
7f1bd95fe000-7f1bd9601000 ---p 00000000 00:00 0 
7f1bd9601000-7f1bd96fe000 rw-p 00000000 00:00 0 
7f1bd96fe000-7f1bd9701000 ---p 00000000 00:00 0 
7f1bd9701000-7f1bd97fe000 rw-p 00000000 00:00 0 
7f1bd97fe000-7f1bd9801000 ---p 00000000 00:00 0 
7f1bd9801000-7f1bd98fe000 rw-p 00000000 00:00 0 
7f1bd98fe000-7f1bd9901000 ---p 00000000 00:00 0 
7f1bd9901000-7f1bd99fe000 rw-p 00000000 00:00 0 
7f1bd99fe000-7f1bd9a01000 ---p 00000000 00:00 0 
7f1bd9a01000-7f1bd9afe000 rw-p 00000000 00:00 0 
7f1bd9afe000-7f1bd9b01000 ---p 00000000 00:00 0 
7f1bd9b01000-7f1bd9bfe000 rw-p 00000000 00:00 0 
7f1bd9bfe000-7f1bd9c01000 ---p 00000000 00:00 0 
7f1bd9c01000-7f1bd9cfe000 rw-p 00000000 00:00 0 
7f1bd9cfe000-7f1bd9d01000 ---p 00000000 00:00 0 
7f1bd9d01000-7f1bd9dfe000 rw-p 00000000 00:00 0 
7f1bd9dfe000-7f1bd9e01000 ---p 00000000 00:00 0 
7f1bd9e01000-7f1bda0fe000 rw-p 00000000 00:00 0 
7f1bda0fe000-7f1bda2fe000 rw-p 00000000 00:00 0 
7f1bda2fe000-7f1bda4fe000 rw-p 00000000 00:00 0 
7f1bda4fe000-7f1bda6fe000 rw-p 00000000 00:00 0 
7f1bda6fe000-7f1bda8fe000 rw-p 00000000 00:00 0 
7f1bda8fe000-7f1bdaafe000 rw-p 00000000 00:00 0 
7f1bdaafe000-7f1bdacfe000 rw-p 00000000 00:00 0 
7f1bdacfe000-7f1bdad01000 ---p 00000000 00:00 0 
7f1bdad01000-7f1bdaffe000 rw-p 00000000 00:00 0 
7f1bdaffe000-7f1bdafff000 ---p 00000000 00:00 0 
7f1bdafff000-7f1bdb7ff000 rw-p 00000000 00:00 0 
7f1bdb7ff000-7f1bdb800000 ---p 00000000 00:00 0 
7f1bdb800000-7f1bdc000000 rw-p 00000000 00:00 0 
7f1bdc000000-7f1bdc021000 rw-p 00000000 00:00 0 
7f1bdc021000-7f1be0000000 ---p 00000000 00:00 0 
7f1be0000000-7f1be0021000 rw-p 00000000 00:00 0 
7f1be0021000-7f1be4000000 ---p 00000000 00:00 0 
7f1be4000000-7f1be475c000 rw-p 00000000 00:00 0 
7f1be475c000-7f1be8000000 ---p 00000000 00:00 0 
7f1be8000000-7f1be8021000 rw-p 00000000 00:00 0 
7f1be8021000-7f1bec000000 ---p 00000000 00:00 0 
7f1bec000000-7f1bec021000 rw-p 00000000 00:00 0 
7f1bec021000-7f1bf0000000 ---p 00000000 00:00 0 
7f1bf0000000-7f1bf11a6000 rw-p 00000000 00:00 0 
7f1bf11a6000-7f1bf4000000 ---p 00000000 00:00 0 
7f1bf4000000-7f1bf4021000 rw-p 00000000 00:00 0 
7f1bf4021000-7f1bf8000000 ---p 00000000 00:00 0 
7f1bf8000000-7f1bf8021000 rw-p 00000000 00:00 0 
7f1bf8021000-7f1bfc000000 ---p 00000000 00:00 0 
7f1bfc000000-7f1bfc042000 rw-p 00000000 00:00 0 
7f1bfc042000-7f1c00000000 ---p 00000000 00:00 0 
7f1c00000000-7f1c000da000 rw-p 00000000 00:00 0 
7f1c000da000-7f1c04000000 ---p 00000000 00:00 0 
7f1c04000000-7f1c04068000 rw-p 00000000 00:00 0 
7f1c04068000-7f1c08000000 ---p 00000000 00:00 0 
7f1c08000000-7f1c08200000 rw-p 00000000 00:00 0 
7f1c08200000-7f1c08400000 rw-p 00000000 00:00 0 
7f1c08400000-7f1c08f29000 r-xp 00000000 08:05 917969                     /tmp/librocksdbjni9101326579115808629.so (deleted)
7f1c08f29000-7f1c09128000 ---p 00b29000 08:05 917969                     /tmp/librocksdbjni9101326579115808629.so (deleted)
7f1c09128000-7f1c09149000 r--p 00b28000 08:05 917969                     /tmp/librocksdbjni9101326579115808629.so (deleted)
7f1c09149000-7f1c09157000 rw-p 00b49000 08:05 917969                     /tmp/librocksdbjni9101326579115808629.so (deleted)
7f1c09157000-7f1c0915f000 rw-p 00000000 00:00 0 
7f1c0922e000-7f1c09235000 r--p 00000000 08:05 2754542                    /usr/lib/jvm/java-8-openjdk-amd64/jre/lib/amd64/libsunec.so
7f1c09235000-7f1c0924e000 r-xp 00007000 08:05 2754542                    /usr/lib/jvm/java-8-openjdk-amd64/jre/lib/amd64/libsunec.so
7f1c0924e000-7f1c09258000 r--p 00020000 08:05 2754542                    /usr/lib/jvm/java-8-openjdk-amd64/jre/lib/amd64/libsunec.so
7f1c09258000-7f1c0925c000 r--p 00029000 08:05 2754542                    /usr/lib/jvm/java-8-openjdk-amd64/jre/lib/amd64/libsunec.so
7f1c0925c000-7f1c0925d000 rw-p 0002d000 08:05 2754542                    /usr/lib/jvm/java-8-openjdk-amd64/jre/lib/amd64/libsunec.so
7f1c0925d000-7f1c09260000 ---p 00000000 00:00 0 
7f1c09260000-7f1c09296000 rw-p 00000000 00:00 0 
7f1c09296000-7f1c09297000 ---p 00000000 00:00 0 
7f1c09297000-7f1c09397000 rw-p 00000000 00:00 0 
7f1c09397000-7f1c0939a000 ---p 00000000 00:00 0 
7f1c0939a000-7f1c09497000 rw-p 00000000 00:00 0 
7f1c09497000-7f1c09498000 ---p 00000000 00:00 0 
7f1c09498000-7f1c0949b000 ---p 00000000 00:00 0 
7f1c0949b000-7f1c09598000 rw-p 00000000 00:00 0 
7f1c09598000-7f1c09e10000 r--p 00000000 08:05 2623780                    /usr/lib/locale/locale-archive
7f1c09e10000-7f1c0d000000 rw-p 00000000 00:00 0 
7f1c0d000000-7f1c0db40000 rwxp 00000000 00:00 0 
7f1c0db40000-7f1c1c000000 ---p 00000000 00:00 0 
7f1c1c000000-7f1c1d19e000 rw-p 00000000 00:00 0 
7f1c1d19e000-7f1c20000000 ---p 00000000 00:00 0 
7f1c20001000-7f1c20003000 r--s 00016000 08:05 2754601                    /usr/lib/jvm/java-8-openjdk-amd64/jre/lib/jce.jar
7f1c20003000-7f1c20015000 r--s 0034c000 08:05 2754610                    /usr/lib/jvm/java-8-openjdk-amd64/jre/lib/resources.jar
7f1c20015000-7f1c20019000 r--p 00000000 08:05 2753784                    /usr/lib/jvm/java-8-openjdk-amd64/jre/lib/amd64/libmanagement.so
7f1c20019000-7f1c2001d000 r-xp 00004000 08:05 2753784                    /usr/lib/jvm/java-8-openjdk-amd64/jre/lib/amd64/libmanagement.so
7f1c2001d000-7f1c2001f000 r--p 00008000 08:05 2753784                    /usr/lib/jvm/java-8-openjdk-amd64/jre/lib/amd64/libmanagement.so
7f1c2001f000-7f1c20020000 r--p 00009000 08:05 2753784                    /usr/lib/jvm/java-8-openjdk-amd64/jre/lib/amd64/libmanagement.so
7f1c20020000-7f1c20021000 rw-p 0000a000 08:05 2753784                    /usr/lib/jvm/java-8-openjdk-amd64/jre/lib/amd64/libmanagement.so
7f1c20021000-7f1c20032000 r--s 001c5000 08:05 2754606                    /usr/lib/jvm/java-8-openjdk-amd64/jre/lib/jsse.jar
7f1c20032000-7f1c20039000 r--s 00000000 08:05 2754531                    /usr/lib/x86_64-linux-gnu/gconv/gconv-modules.cache
7f1c20039000-7f1c2005b000 r--p 00000000 08:05 280879                     /usr/share/locale-langpack/zh_CN/LC_MESSAGES/libc.mo
7f1c2005b000-7f1c20060000 r--p 00000000 08:05 2753786                    /usr/lib/jvm/java-8-openjdk-amd64/jre/lib/amd64/libnet.so
7f1c20060000-7f1c20071000 r-xp 00005000 08:05 2753786                    /usr/lib/jvm/java-8-openjdk-amd64/jre/lib/amd64/libnet.so
7f1c20071000-7f1c20075000 r--p 00016000 08:05 2753786                    /usr/lib/jvm/java-8-openjdk-amd64/jre/lib/amd64/libnet.so
7f1c20075000-7f1c20076000 r--p 00019000 08:05 2753786                    /usr/lib/jvm/java-8-openjdk-amd64/jre/lib/amd64/libnet.so
7f1c20076000-7f1c20077000 rw-p 0001a000 08:05 2753786                    /usr/lib/jvm/java-8-openjdk-amd64/jre/lib/amd64/libnet.so
7f1c20077000-7f1c2007e000 r--p 00000000 08:05 2753787                    /usr/lib/jvm/java-8-openjdk-amd64/jre/lib/amd64/libnio.so
7f1c2007e000-7f1c20087000 r-xp 00007000 08:05 2753787                    /usr/lib/jvm/java-8-openjdk-amd64/jre/lib/amd64/libnio.so
7f1c20087000-7f1c2008a000 r--p 00010000 08:05 2753787                    /usr/lib/jvm/java-8-openjdk-amd64/jre/lib/amd64/libnio.so
7f1c2008a000-7f1c2008b000 r--p 00012000 08:05 2753787                    /usr/lib/jvm/java-8-openjdk-amd64/jre/lib/amd64/libnio.so
7f1c2008b000-7f1c2008c000 rw-p 00013000 08:05 2753787                    /usr/lib/jvm/java-8-openjdk-amd64/jre/lib/amd64/libnio.so
7f1c2008c000-7f1c20092000 r--s 05098000 08:05 2361895                    /home/wj/pofChain/pof-miner/target/pof-miner-0.0.1-SNAPSHOT.jar
7f1c20092000-7f1c20095000 r--s 0000f000 08:05 2754585                    /usr/lib/jvm/java-8-openjdk-amd64/jre/lib/ext/icedtea-sound.jar
7f1c20095000-7f1c20098000 r--s 00042000 08:05 2754591                    /usr/lib/jvm/java-8-openjdk-amd64/jre/lib/ext/sunpkcs11.jar
7f1c20098000-7f1c2009a000 r--s 00001000 08:05 2754584                    /usr/lib/jvm/java-8-openjdk-amd64/jre/lib/ext/dnsns.jar
7f1c2009a000-7f1c2009c000 r--s 00008000 08:05 2754589                    /usr/lib/jvm/java-8-openjdk-amd64/jre/lib/ext/sunec.jar
7f1c2009c000-7f1c200b8000 r--s 00394000 08:05 2754583                    /usr/lib/jvm/java-8-openjdk-amd64/jre/lib/ext/cldrdata.jar
7f1c200b8000-7f1c200c2000 r--s 00117000 08:05 2754587                    /usr/lib/jvm/java-8-openjdk-amd64/jre/lib/ext/localedata.jar
7f1c200c2000-7f1c200c8000 r--s 0003e000 08:05 2754590                    /usr/lib/jvm/java-8-openjdk-amd64/jre/lib/ext/sunjce_provider.jar
7f1c200c8000-7f1c200e3000 r--s 001d6000 08:05 2754588                    /usr/lib/jvm/java-8-openjdk-amd64/jre/lib/ext/nashorn.jar
7f1c200e3000-7f1c200e4000 ---p 00000000 00:00 0 
7f1c200e4000-7f1c200e7000 ---p 00000000 00:00 0 
7f1c200e7000-7f1c201e4000 rw-p 00000000 00:00 0 
7f1c201e4000-7f1c201eb000 r--s 000d3000 08:05 2754605                    /usr/lib/jvm/java-8-openjdk-amd64/jre/lib/jfr.jar
7f1c201eb000-7f1c201ee000 ---p 00000000 00:00 0 
7f1c201ee000-7f1c202eb000 rw-p 00000000 00:00 0 
7f1c202eb000-7f1c202ee000 ---p 00000000 00:00 0 
7f1c202ee000-7f1c203eb000 rw-p 00000000 00:00 0 
7f1c203eb000-7f1c203ee000 ---p 00000000 00:00 0 
7f1c203ee000-7f1c204eb000 rw-p 00000000 00:00 0 
7f1c204eb000-7f1c204ec000 ---p 00000000 00:00 0 
7f1c204ec000-7f1c20f43000 rw-p 00000000 00:00 0 
7f1c20f43000-7f1c21115000 r--s 03cce000 08:05 2754611                    /usr/lib/jvm/java-8-openjdk-amd64/jre/lib/rt.jar
7f1c21115000-7f1c21d25000 rw-p 00000000 00:00 0 
7f1c21d25000-7f1c21d26000 ---p 00000000 00:00 0 
7f1c21d26000-7f1c21e26000 rw-p 00000000 00:00 0 
7f1c21e26000-7f1c21e27000 ---p 00000000 00:00 0 
7f1c21e27000-7f1c21f49000 rw-p 00000000 00:00 0 
7f1c21f49000-7f1c2213c000 ---p 00000000 00:00 0 
7f1c2213c000-7f1c2215e000 rw-p 00000000 00:00 0 
7f1c2215e000-7f1c22350000 ---p 00000000 00:00 0 
7f1c22350000-7f1c223c5000 rw-p 00000000 00:00 0 
7f1c223c5000-7f1c2245b000 ---p 00000000 00:00 0 
7f1c2245b000-7f1c22489000 rw-p 00000000 00:00 0 
7f1c22489000-7f1c2281c000 ---p 00000000 00:00 0 
7f1c2281c000-7f1c2281f000 r--p 00000000 08:05 2754545                    /usr/lib/jvm/java-8-openjdk-amd64/jre/lib/amd64/libzip.so
7f1c2281f000-7f1c22824000 r-xp 00003000 08:05 2754545                    /usr/lib/jvm/java-8-openjdk-amd64/jre/lib/amd64/libzip.so
7f1c22824000-7f1c22826000 r--p 00008000 08:05 2754545                    /usr/lib/jvm/java-8-openjdk-amd64/jre/lib/amd64/libzip.so
7f1c22826000-7f1c22827000 r--p 00009000 08:05 2754545                    /usr/lib/jvm/java-8-openjdk-amd64/jre/lib/amd64/libzip.so
7f1c22827000-7f1c22828000 rw-p 0000a000 08:05 2754545                    /usr/lib/jvm/java-8-openjdk-amd64/jre/lib/amd64/libzip.so
7f1c22828000-7f1c22835000 r--p 00000000 08:05 2753758                    /usr/lib/jvm/java-8-openjdk-amd64/jre/lib/amd64/libjava.so
7f1c22835000-7f1c2284d000 r-xp 0000d000 08:05 2753758                    /usr/lib/jvm/java-8-openjdk-amd64/jre/lib/amd64/libjava.so
7f1c2284d000-7f1c22854000 r--p 00025000 08:05 2753758                    /usr/lib/jvm/java-8-openjdk-amd64/jre/lib/amd64/libjava.so
7f1c22854000-7f1c22855000 r--p 0002b000 08:05 2753758                    /usr/lib/jvm/java-8-openjdk-amd64/jre/lib/amd64/libjava.so
7f1c22855000-7f1c22857000 rw-p 0002c000 08:05 2753758                    /usr/lib/jvm/java-8-openjdk-amd64/jre/lib/amd64/libjava.so
7f1c22857000-7f1c2285c000 r--p 00000000 08:05 2754544                    /usr/lib/jvm/java-8-openjdk-amd64/jre/lib/amd64/libverify.so
7f1c2285c000-7f1c22865000 r-xp 00005000 08:05 2754544                    /usr/lib/jvm/java-8-openjdk-amd64/jre/lib/amd64/libverify.so
7f1c22865000-7f1c22867000 r--p 0000e000 08:05 2754544                    /usr/lib/jvm/java-8-openjdk-amd64/jre/lib/amd64/libverify.so
7f1c22867000-7f1c22869000 r--p 0000f000 08:05 2754544                    /usr/lib/jvm/java-8-openjdk-amd64/jre/lib/amd64/libverify.so
7f1c22869000-7f1c2286a000 rw-p 00011000 08:05 2754544                    /usr/lib/jvm/java-8-openjdk-amd64/jre/lib/amd64/libverify.so
7f1c2286a000-7f1c2286b000 r--p 00000000 08:05 2623930                    /usr/lib/x86_64-linux-gnu/librt.so.1
7f1c2286b000-7f1c2286c000 r-xp 00001000 08:05 2623930                    /usr/lib/x86_64-linux-gnu/librt.so.1
7f1c2286c000-7f1c2286d000 r--p 00002000 08:05 2623930                    /usr/lib/x86_64-linux-gnu/librt.so.1
7f1c2286d000-7f1c2286e000 r--p 00002000 08:05 2623930                    /usr/lib/x86_64-linux-gnu/librt.so.1
7f1c2286e000-7f1c2286f000 rw-p 00003000 08:05 2623930                    /usr/lib/x86_64-linux-gnu/librt.so.1
7f1c2286f000-7f1c22870000 ---p 00000000 00:00 0 
7f1c22870000-7f1c22873000 ---p 00000000 00:00 0 
7f1c22873000-7f1c22970000 rw-p 00000000 00:00 0 
7f1c22970000-7f1c22973000 r--p 00000000 08:05 2623667                    /usr/lib/x86_64-linux-gnu/libgcc_s.so.1
7f1c22973000-7f1c22985000 r-xp 00003000 08:05 2623667                    /usr/lib/x86_64-linux-gnu/libgcc_s.so.1
7f1c22985000-7f1c22989000 r--p 00015000 08:05 2623667                    /usr/lib/x86_64-linux-gnu/libgcc_s.so.1
7f1c22989000-7f1c2298a000 r--p 00018000 08:05 2623667                    /usr/lib/x86_64-linux-gnu/libgcc_s.so.1
7f1c2298a000-7f1c2298b000 rw-p 00019000 08:05 2623667                    /usr/lib/x86_64-linux-gnu/libgcc_s.so.1
7f1c2298b000-7f1c22999000 r--p 00000000 08:05 2623910                    /usr/lib/x86_64-linux-gnu/libm.so.6
7f1c22999000-7f1c22a15000 r-xp 0000e000 08:05 2623910                    /usr/lib/x86_64-linux-gnu/libm.so.6
7f1c22a15000-7f1c22a70000 r--p 0008a000 08:05 2623910                    /usr/lib/x86_64-linux-gnu/libm.so.6
7f1c22a70000-7f1c22a71000 r--p 000e4000 08:05 2623910                    /usr/lib/x86_64-linux-gnu/libm.so.6
7f1c22a71000-7f1c22a72000 rw-p 000e5000 08:05 2623910                    /usr/lib/x86_64-linux-gnu/libm.so.6
7f1c22a72000-7f1c22b08000 r--p 00000000 08:05 2623640                    /usr/lib/x86_64-linux-gnu/libstdc++.so.6.0.28
7f1c22b08000-7f1c22bf9000 r-xp 00096000 08:05 2623640                    /usr/lib/x86_64-linux-gnu/libstdc++.so.6.0.28
7f1c22bf9000-7f1c22c42000 r--p 00187000 08:05 2623640                    /usr/lib/x86_64-linux-gnu/libstdc++.so.6.0.28
7f1c22c42000-7f1c22c43000 ---p 001d0000 08:05 2623640                    /usr/lib/x86_64-linux-gnu/libstdc++.so.6.0.28
7f1c22c43000-7f1c22c4e000 r--p 001d0000 08:05 2623640                    /usr/lib/x86_64-linux-gnu/libstdc++.so.6.0.28
7f1c22c4e000-7f1c22c51000 rw-p 001db000 08:05 2623640                    /usr/lib/x86_64-linux-gnu/libstdc++.so.6.0.28
7f1c22c51000-7f1c22c54000 rw-p 00000000 00:00 0 
7f1c22c54000-7f1c22e4a000 r--p 00000000 08:05 2754547                    /usr/lib/jvm/java-8-openjdk-amd64/jre/lib/amd64/server/libjvm.so
7f1c22e4a000-7f1c237b6000 r-xp 001f6000 08:05 2754547                    /usr/lib/jvm/java-8-openjdk-amd64/jre/lib/amd64/server/libjvm.so
7f1c237b6000-7f1c23969000 r--p 00b62000 08:05 2754547                    /usr/lib/jvm/java-8-openjdk-amd64/jre/lib/amd64/server/libjvm.so
7f1c23969000-7f1c239ff000 r--p 00d14000 08:05 2754547                    /usr/lib/jvm/java-8-openjdk-amd64/jre/lib/amd64/server/libjvm.so
7f1c239ff000-7f1c23a28000 rw-p 00daa000 08:05 2754547                    /usr/lib/jvm/java-8-openjdk-amd64/jre/lib/amd64/server/libjvm.so
7f1c23a28000-7f1c23a5f000 rw-p 00000000 00:00 0 
7f1c23a5f000-7f1c23a87000 r--p 00000000 08:05 2623905                    /usr/lib/x86_64-linux-gnu/libc.so.6
7f1c23a87000-7f1c23c1c000 r-xp 00028000 08:05 2623905                    /usr/lib/x86_64-linux-gnu/libc.so.6
7f1c23c1c000-7f1c23c74000 r--p 001bd000 08:05 2623905                    /usr/lib/x86_64-linux-gnu/libc.so.6
7f1c23c74000-7f1c23c78000 r--p 00214000 08:05 2623905                    /usr/lib/x86_64-linux-gnu/libc.so.6
7f1c23c78000-7f1c23c7a000 rw-p 00218000 08:05 2623905                    /usr/lib/x86_64-linux-gnu/libc.so.6
7f1c23c7a000-7f1c23c87000 rw-p 00000000 00:00 0 
7f1c23c87000-7f1c23c88000 r--p 00000000 08:05 2623908                    /usr/lib/x86_64-linux-gnu/libdl.so.2
7f1c23c88000-7f1c23c89000 r-xp 00001000 08:05 2623908                    /usr/lib/x86_64-linux-gnu/libdl.so.2
7f1c23c89000-7f1c23c8a000 r--p 00002000 08:05 2623908                    /usr/lib/x86_64-linux-gnu/libdl.so.2
7f1c23c8a000-7f1c23c8b000 r--p 00002000 08:05 2623908                    /usr/lib/x86_64-linux-gnu/libdl.so.2
7f1c23c8b000-7f1c23c8c000 rw-p 00003000 08:05 2623908                    /usr/lib/x86_64-linux-gnu/libdl.so.2
7f1c23c8c000-7f1c23c8f000 r--p 00000000 08:05 2753598                    /usr/lib/jvm/java-8-openjdk-amd64/jre/lib/amd64/jli/libjli.so
7f1c23c8f000-7f1c23c99000 r-xp 00003000 08:05 2753598                    /usr/lib/jvm/java-8-openjdk-amd64/jre/lib/amd64/jli/libjli.so
7f1c23c99000-7f1c23c9c000 r--p 0000d000 08:05 2753598                    /usr/lib/jvm/java-8-openjdk-amd64/jre/lib/amd64/jli/libjli.so
7f1c23c9c000-7f1c23c9d000 r--p 0000f000 08:05 2753598                    /usr/lib/jvm/java-8-openjdk-amd64/jre/lib/amd64/jli/libjli.so
7f1c23c9d000-7f1c23c9e000 rw-p 00010000 08:05 2753598                    /usr/lib/jvm/java-8-openjdk-amd64/jre/lib/amd64/jli/libjli.so
7f1c23c9e000-7f1c23ca0000 r--p 00000000 08:05 2628913                    /usr/lib/x86_64-linux-gnu/libz.so.1.2.11
7f1c23ca0000-7f1c23cb1000 r-xp 00002000 08:05 2628913                    /usr/lib/x86_64-linux-gnu/libz.so.1.2.11
7f1c23cb1000-7f1c23cb7000 r--p 00013000 08:05 2628913                    /usr/lib/x86_64-linux-gnu/libz.so.1.2.11
7f1c23cb7000-7f1c23cb8000 ---p 00019000 08:05 2628913                    /usr/lib/x86_64-linux-gnu/libz.so.1.2.11
7f1c23cb8000-7f1c23cb9000 r--p 00019000 08:05 2628913                    /usr/lib/x86_64-linux-gnu/libz.so.1.2.11
7f1c23cb9000-7f1c23cba000 rw-p 0001a000 08:05 2628913                    /usr/lib/x86_64-linux-gnu/libz.so.1.2.11
7f1c23cba000-7f1c23cbb000 r--p 00000000 08:05 2623926                    /usr/lib/x86_64-linux-gnu/libpthread.so.0
7f1c23cbb000-7f1c23cbc000 r-xp 00001000 08:05 2623926                    /usr/lib/x86_64-linux-gnu/libpthread.so.0
7f1c23cbc000-7f1c23cbd000 r--p 00002000 08:05 2623926                    /usr/lib/x86_64-linux-gnu/libpthread.so.0
7f1c23cbd000-7f1c23cbe000 r--p 00002000 08:05 2623926                    /usr/lib/x86_64-linux-gnu/libpthread.so.0
7f1c23cbe000-7f1c23cbf000 rw-p 00003000 08:05 2623926                    /usr/lib/x86_64-linux-gnu/libpthread.so.0
7f1c23cbf000-7f1c23cc0000 r--s 0000a000 08:05 2754586                    /usr/lib/jvm/java-8-openjdk-amd64/jre/lib/ext/jaccess.jar
7f1c23cc0000-7f1c23cc2000 r--s 00010000 08:05 2754592                    /usr/lib/jvm/java-8-openjdk-amd64/jre/lib/ext/zipfs.jar
7f1c23cc2000-7f1c23cc4000 r--s 0000c000 08:05 2888732                    /usr/share/java/java-atk-wrapper.jar
7f1c23cc4000-7f1c23ccc000 rw-s 00000000 08:05 917968                     /tmp/hsperfdata_wj/120684
7f1c23ccc000-7f1c23ccf000 rw-p 00000000 00:00 0 
7f1c23ccf000-7f1c23cd1000 r--p 00000000 08:05 2622080                    /usr/lib/x86_64-linux-gnu/ld-linux-x86-64.so.2
7f1c23cd1000-7f1c23cfb000 r-xp 00002000 08:05 2622080                    /usr/lib/x86_64-linux-gnu/ld-linux-x86-64.so.2
7f1c23cfb000-7f1c23d06000 r--p 0002c000 08:05 2622080                    /usr/lib/x86_64-linux-gnu/ld-linux-x86-64.so.2
7f1c23d06000-7f1c23d07000 r--p 00000000 00:00 0 
7f1c23d07000-7f1c23d09000 r--p 00037000 08:05 2622080                    /usr/lib/x86_64-linux-gnu/ld-linux-x86-64.so.2
7f1c23d09000-7f1c23d0b000 rw-p 00039000 08:05 2622080                    /usr/lib/x86_64-linux-gnu/ld-linux-x86-64.so.2
7fffc83c2000-7fffc83e3000 rw-p 00000000 00:00 0                          [stack]
7fffc83e3000-7fffc83e7000 r--p 00000000 00:00 0                          [vvar]
7fffc83e7000-7fffc83e9000 r-xp 00000000 00:00 0                          [vdso]
ffffffffff600000-ffffffffff601000 --xp 00000000 00:00 0                  [vsyscall]

VM Arguments:
java_command: pof-miner/target/pof-miner-0.0.1-SNAPSHOT.jar miner -repo=./datastore/miner2 --spring.config.location=./datastore/miner2/node.properties -api.port=8003 -p2p.port=3457
java_class_path (initial): pof-miner/target/pof-miner-0.0.1-SNAPSHOT.jar
Launcher Type: SUN_STANDARD

Environment Variables:
PATH=/usr/local/sbin:/usr/local/bin:/usr/sbin:/usr/bin:/sbin:/bin:/usr/games:/usr/local/games:/snap/bin
USERNAME=wj
SHELL=/bin/bash
DISPLAY=:0

Signal Handlers:
SIGSEGV: [libjvm.so+0xb3b430], sa_mask[0]=11111111011111111101111111111110, sa_flags=SA_RESTART|SA_SIGINFO
SIGBUS: [libjvm.so+0xb3b430], sa_mask[0]=11111111011111111101111111111110, sa_flags=SA_RESTART|SA_SIGINFO
SIGFPE: [libjvm.so+0x97e0a0], sa_mask[0]=11111111011111111101111111111110, sa_flags=SA_RESTART|SA_SIGINFO
SIGPIPE: [libjvm.so+0x97e0a0], sa_mask[0]=11111111011111111101111111111110, sa_flags=SA_RESTART|SA_SIGINFO
SIGXFSZ: [libjvm.so+0x97e0a0], sa_mask[0]=11111111011111111101111111111110, sa_flags=SA_RESTART|SA_SIGINFO
SIGILL: [libjvm.so+0x97e0a0], sa_mask[0]=11111111011111111101111111111110, sa_flags=SA_RESTART|SA_SIGINFO
SIGUSR1: SIG_DFL, sa_mask[0]=00000000000000000000000000000000, sa_flags=none
SIGUSR2: [libjvm.so+0x97e3d0], sa_mask[0]=00100000000000000000000000000000, sa_flags=SA_RESTART|SA_SIGINFO
SIGHUP: [libjvm.so+0x97e320], sa_mask[0]=11111111011111111101111111111110, sa_flags=SA_RESTART|SA_SIGINFO
SIGINT: [libjvm.so+0x97e320], sa_mask[0]=11111111011111111101111111111110, sa_flags=SA_RESTART|SA_SIGINFO
SIGTERM: [libjvm.so+0x97e320], sa_mask[0]=11111111011111111101111111111110, sa_flags=SA_RESTART|SA_SIGINFO
SIGQUIT: [libjvm.so+0x97e320], sa_mask[0]=11111111011111111101111111111110, sa_flags=SA_RESTART|SA_SIGINFO


---------------  S Y S T E M  ---------------

OS:DISTRIB_ID=Ubuntu
DISTRIB_RELEASE=20.04
DISTRIB_CODENAME=focal
DISTRIB_DESCRIPTION="Ubuntu 20.04.6 LTS"

uname:Linux 5.15.0-125-generic #135~20.04.1-Ubuntu SMP Mon Oct 7 13:56:22 UTC 2024 x86_64
libc:glibc 2.35 NPTL 2.35 
rlimit: STACK 8192k, CORE 0k, NPROC 25192, NOFILE 1048576, AS infinity
load average:3.92 2.76 2.18

/proc/meminfo:
MemTotal:        6543328 kB
MemFree:          113952 kB
MemAvailable:     708676 kB
Buffers:           29512 kB
Cached:           734300 kB
SwapCached:        19456 kB
Active:          4246676 kB
Inactive:        1475804 kB
Active(anon):    3810228 kB
Inactive(anon):  1153380 kB
Active(file):     436448 kB
Inactive(file):   322424 kB
Unevictable:          16 kB
Mlocked:              16 kB
SwapTotal:       2097148 kB
SwapFree:         944952 kB
Dirty:             13752 kB
Writeback:             0 kB
AnonPages:       4948516 kB
Mapped:           322528 kB
Shmem:              4940 kB
KReclaimable:     101052 kB
Slab:             211264 kB
SReclaimable:     101052 kB
SUnreclaim:       110212 kB
KernelStack:       27960 kB
PageTables:        35700 kB
NFS_Unstable:          0 kB
Bounce:                0 kB
WritebackTmp:          0 kB
CommitLimit:     5368812 kB
Committed_AS:   11615684 kB
VmallocTotal:   34359738367 kB
VmallocUsed:       77228 kB
VmallocChunk:          0 kB
Percpu:           108544 kB
HardwareCorrupted:     0 kB
AnonHugePages:         0 kB
ShmemHugePages:        0 kB
ShmemPmdMapped:        0 kB
FileHugePages:         0 kB
FilePmdMapped:         0 kB
HugePages_Total:       0
HugePages_Free:        0
HugePages_Rsvd:        0
HugePages_Surp:        0
Hugepagesize:       2048 kB
Hugetlb:               0 kB
DirectMap4k:      350016 kB
DirectMap2M:     6465536 kB
DirectMap1G:           0 kB

container (cgroup) information:
container_type: cgroupv1
cpu_cpuset_cpus: 0-1
cpu_memory_nodes: 0
active_processor_count: 2
cpu_quota: -1
cpu_period: 100000
cpu_shares: -1
memory_limit_in_bytes: -1
memory_and_swap_limit_in_bytes: -1
memory_soft_limit_in_bytes: -1
memory_usage_in_bytes: 5710966784
memory_max_usage_in_bytes: 5715177472


CPU:total 2 (initial active 2) (1 cores per cpu, 1 threads per core) family 6 model 191 stepping 2, cmov, cx8, fxsr, mmx, sse, sse2, sse3, ssse3, sse4.1, sse4.2, popcnt, avx, avx2, aes, clmul, erms, 3dnowpref, lzcnt, tsc, tscinvbit, bmi1, bmi2, adx

/proc/cpuinfo:
processor	: 0
vendor_id	: GenuineIntel
cpu family	: 6
model		: 191
model name	: 13th Gen Intel(R) Core(TM) i5-13500HX
stepping	: 2
microcode	: 0x34
cpu MHz		: 2688.004
cache size	: 24576 KB
physical id	: 0
siblings	: 1
core id		: 0
cpu cores	: 1
apicid		: 0
initial apicid	: 0
fpu		: yes
fpu_exception	: yes
cpuid level	: 32
wp		: yes
flags		: fpu vme de pse tsc msr pae mce cx8 apic sep mtrr pge mca cmov pat pse36 clflush mmx fxsr sse sse2 ss syscall nx pdpe1gb rdtscp lm constant_tsc arch_perfmon rep_good nopl xtopology tsc_reliable nonstop_tsc cpuid tsc_known_freq pni pclmulqdq ssse3 fma cx16 pcid sse4_1 sse4_2 x2apic movbe popcnt tsc_deadline_timer aes xsave avx f16c rdrand hypervisor lahf_lm abm 3dnowprefetch invpcid_single ssbd ibrs ibpb stibp ibrs_enhanced fsgsbase tsc_adjust bmi1 avx2 smep bmi2 erms invpcid rdseed adx smap clflushopt clwb sha_ni xsaveopt xsavec xgetbv1 xsaves avx_vnni arat umip pku ospke gfni vaes vpclmulqdq rdpid movdiri movdir64b fsrm md_clear serialize flush_l1d arch_capabilities
bugs		: spectre_v1 spectre_v2 spec_store_bypass swapgs itlb_multihit mmio_unknown eibrs_pbrsb rfds bhi
bogomips	: 5376.00
clflush size	: 64
cache_alignment	: 64
address sizes	: 45 bits physical, 48 bits virtual
power management:

processor	: 1
vendor_id	: GenuineIntel
cpu family	: 6
model		: 191
model name	: 13th Gen Intel(R) Core(TM) i5-13500HX
stepping	: 2
microcode	: 0x34
cpu MHz		: 2688.004
cache size	: 24576 KB
physical id	: 2
siblings	: 1
core id		: 0
cpu cores	: 1
apicid		: 2
initial apicid	: 2
fpu		: yes
fpu_exception	: yes
cpuid level	: 32
wp		: yes
flags		: fpu vme de pse tsc msr pae mce cx8 apic sep mtrr pge mca cmov pat pse36 clflush mmx fxsr sse sse2 ss syscall nx pdpe1gb rdtscp lm constant_tsc arch_perfmon rep_good nopl xtopology tsc_reliable nonstop_tsc cpuid tsc_known_freq pni pclmulqdq ssse3 fma cx16 pcid sse4_1 sse4_2 x2apic movbe popcnt tsc_deadline_timer aes xsave avx f16c rdrand hypervisor lahf_lm abm 3dnowprefetch invpcid_single ssbd ibrs ibpb stibp ibrs_enhanced fsgsbase tsc_adjust bmi1 avx2 smep bmi2 erms invpcid rdseed adx smap clflushopt clwb sha_ni xsaveopt xsavec xgetbv1 xsaves avx_vnni arat umip pku ospke gfni vaes vpclmulqdq rdpid movdiri movdir64b fsrm md_clear serialize flush_l1d arch_capabilities
bugs		: spectre_v1 spectre_v2 spec_store_bypass swapgs itlb_multihit mmio_unknown eibrs_pbrsb rfds bhi
bogomips	: 5376.00
clflush size	: 64
cache_alignment	: 64
address sizes	: 45 bits physical, 48 bits virtual
power management:



Memory: 4k page, physical 6543328k(113952k free), swap 2097148k(944952k free)

vm_info: OpenJDK 64-Bit Server VM (25.432-bga) for linux-amd64 JRE (1.8.0_432-8u432-ga~us1-0ubuntu2~20.04-ga), built on Oct 30 2024 13:54:35 by "buildd" with gcc 9.4.0

time: Sat Nov 30 20:13:33 2024
timezone: CST
elapsed time: 24.845438 seconds (0d 0h 0m 24s)

