#
# A fatal error has been detected by the Java Runtime Environment:
#
#  SIGSEGV (0xb) at pc=0x00007f6a96cd7d39, pid=82898, tid=0x00007f6ad15b2640
#
# JRE version: OpenJDK Runtime Environment (8.0_442-b06) (build 1.8.0_442-8u442-b06~us1-0ubuntu1~20.04-b06)
# Java VM: OpenJDK 64-Bit Server VM (25.442-b06 mixed mode linux-amd64 compressed oops)
# Problematic frame:
# C  [librocksdbjni1535601890701757529.so+0x2d7d39]  rocksdb_put_helper(JNIEnv_*, rocksdb::DB*, rocksdb::WriteOptions const&, rocksdb::ColumnFamilyHandle*, _jbyteArray*, int, int, _jbyteArray*, int, int)+0x1d9
#
# Failed to write core dump. Core dumps have been disabled. To enable core dumping, try "ulimit -c unlimited" before starting Java again
#
# If you would like to submit a bug report, please visit:
#   http://bugreport.java.com/bugreport/crash.jsp
# The crash happened outside the Java Virtual Machine in native code.
# See problematic frame for where to report the bug.
#

---------------  T H R E A D  ---------------

Current thread (0x00007f6acc011000):  JavaThread "main" [_thread_in_native, id=82899, stack(0x00007f6ad14b3000,0x00007f6ad15b3000)]

siginfo: si_signo: 11 (SIGSEGV), si_code: 1 (SEGV_MAPERR), si_addr: 0x0000000000000060

Registers:
RAX=0x0000000000000000, RBX=0x00007f6acc011260, RCX=0x00007f6ad15b15a0, RDX=0x00007f6a97756ab0
RSP=0x00007f6ad15b1580, RBP=0x00007f6ad15b1620, RSI=0x00007f6acc6e46c0, RDI=0x00007f6ad15b15e0
R8 =0x00007f6ad15b15b0, R9 =0x0000000000000079, R10=0x00007f6abd02081c, R11=0x00007f6ad22c2a10
R12=0x00007f6acc1b9d90, R13=0x00007f6ad15b15e0, R14=0x00007f6acc637110, R15=0x00007f6acc6e46c0
RIP=0x00007f6a96cd7d39, EFLAGS=0x0000000000010246, CSGSFS=0x002b000000000033, ERR=0x0000000000000004
  TRAPNO=0x000000000000000e

Top of Stack: (sp=0x00007f6ad15b1580)
0x00007f6ad15b1580:   0000000000000001 0000000000000000
0x00007f6ad15b1590:   00007f6a97756ab0 0000000000000079
0x00007f6ad15b15a0:   00007f6acc1b9d90 0000000000000018
0x00007f6ad15b15b0:   00007f6acc637110 0000000000000079
0x00007f6ad15b15c0:   0000000000000000 0000000000000000
0x00007f6ad15b15d0:   0000000000000000 0000000000000000
0x00007f6ad15b15e0:   00000000e115e780 00007f6ad15b15e8
0x00007f6ad15b15f0:   00007f6a957bdf30 00007f6acc011260
0x00007f6ad15b1600:   00007f6acc6e46c0 00007f6ad15b1768
0x00007f6ad15b1610:   00007f6ad15b1780 00007f6acc011000
0x00007f6ad15b1620:   00007f6ad15b1680 00007f6a96cd7dc8
0x00007f6ad15b1630:   0000000000000018 00007f6ad15b1750
0x00007f6ad15b1640:   0000000000000000 0000000000000079
0x00007f6ad15b1650:   0000000000000000 00007f6ad15b16f0
0x00007f6ad15b1660:   00007f6ad15b16b8 00007f6abc9a29b8
0x00007f6ad15b1670:   0000000000000000 00007f6abc9a29b0
0x00007f6ad15b1680:   00007f6ad15b1720 00007f6abd020848
0x00007f6ad15b1690:   00007f6ad15b1750 0000000000000000
0x00007f6ad15b16a0:   0000000000000079 00000000000000bc
0x00007f6ad15b16b0:   00007f6acc011000 00007f6ad15b16b8
0x00007f6ad15b16c0:   00007f6a9579a628 00007f6ad15b1710
0x00007f6ad15b16d0:   00007f6a9579dfc0 00007f6a954d7658
0x00007f6ad15b16e0:   00007f6ad15b16e0 0000000000000000
0x00007f6ad15b16f0:   00007f6ad15b1780 00007f6abc9a8310
0x00007f6ad15b1700:   0000000000000000 00007f6abc9a29b8
0x00007f6ad15b1710:   0000000000000000 00007f6ad15b1740
0x00007f6ad15b1720:   00007f6ad15b17c8 00007f6abd00809d
0x00007f6ad15b1730:   0000000000000000 00007f6abd016a78
0x00007f6ad15b1740:   0000000000000079 0000000000000000
0x00007f6ad15b1750:   00000000e1162920 0000000000000018
0x00007f6ad15b1760:   0000000000000000 00000000e115d320
0x00007f6ad15b1770:   00007f6acc6e46c0 00007f6ad15b1778 

Instructions: (pc=0x00007f6a96cd7d39)
0x00007f6a96cd7d19:   1f 84 00 00 00 00 00 4c 8d 6d c0 48 8d 4d 80 4c
0x00007f6a96cd7d29:   8d 45 90 48 8b 95 70 ff ff ff 4c 89 fe 4c 89 ef
0x00007f6a96cd7d39:   ff 50 60 4c 8d 7d a0 4c 89 ee 4c 89 ff e8 f5 03
0x00007f6a96cd7d49:   f9 ff 48 8b 7d c8 48 85 ff 0f 85 3a ff ff ff e9 

Register to memory mapping:

RAX=0x0000000000000000 is an unknown value
RBX=0x00007f6acc011260 is an unknown value
RCX=0x00007f6ad15b15a0 is pointing into the stack for thread: 0x00007f6acc011000
RDX=0x00007f6a97756ab0: <offset 0xd56ab0> in /tmp/librocksdbjni1535601890701757529.so at 0x00007f6a96a00000
RSP=0x00007f6ad15b1580 is pointing into the stack for thread: 0x00007f6acc011000
RBP=0x00007f6ad15b1620 is pointing into the stack for thread: 0x00007f6acc011000
RSI=0x00007f6acc6e46c0 is an unknown value
RDI=0x00007f6ad15b15e0 is pointing into the stack for thread: 0x00007f6acc011000
R8 =0x00007f6ad15b15b0 is pointing into the stack for thread: 0x00007f6acc011000
R9 =0x0000000000000079 is an unknown value
R10=0x00007f6abd02081c is at code_begin+1596 in an Interpreter codelet
method entry point (kind = native)  [0x00007f6abd0201e0, 0x00007f6abd0211c0]  4064 bytes
R11=0x00007f6ad22c2a10: <offset 0xa2ba10> in /usr/lib/jvm/java-8-openjdk-amd64/jre/lib/amd64/server/libjvm.so at 0x00007f6ad1897000
R12=0x00007f6acc1b9d90 is an unknown value
R13=0x00007f6ad15b15e0 is pointing into the stack for thread: 0x00007f6acc011000
R14=0x00007f6acc637110 is an unknown value
R15=0x00007f6acc6e46c0 is an unknown value


Stack: [0x00007f6ad14b3000,0x00007f6ad15b3000],  sp=0x00007f6ad15b1580,  free space=1017k
Native frames: (J=compiled Java code, j=interpreted, Vv=VM code, C=native code)
C  [librocksdbjni1535601890701757529.so+0x2d7d39]  rocksdb_put_helper(JNIEnv_*, rocksdb::DB*, rocksdb::WriteOptions const&, rocksdb::ColumnFamilyHandle*, _jbyteArray*, int, int, _jbyteArray*, int, int)+0x1d9
C  [librocksdbjni1535601890701757529.so+0x2d7dc8]  Java_org_rocksdb_RocksDB_put__J_3BII_3BII+0x48
j  org.rocksdb.RocksDB.put(J[BII[BII)V+0
j  org.rocksdb.RocksDB.put([B[B)V+13
j  com.example.base.store.RocksDBStore.put(Ljava/lang/String;Ljava/lang/Object;)Z+12
j  com.example.base.entities.wallet.MockWalletAndTransactions.main([Ljava/lang/String;)V+352
v  ~StubRoutines::call_stub
V  [libjvm.so+0x6a7385]
V  [libjvm.so+0x72897d]
V  [libjvm.so+0x72b54e]
C  [libjli.so+0x4802]
C  [libjli.so+0x8dc1]
C  [libc.so.6+0x94b43]

Java frames: (J=compiled Java code, j=interpreted, Vv=VM code)
j  org.rocksdb.RocksDB.put(J[BII[BII)V+0
j  org.rocksdb.RocksDB.put([B[B)V+13
j  com.example.base.store.RocksDBStore.put(Ljava/lang/String;Ljava/lang/Object;)Z+12
j  com.example.base.entities.wallet.MockWalletAndTransactions.main([Ljava/lang/String;)V+352
v  ~StubRoutines::call_stub

---------------  P R O C E S S  ---------------

Java Threads: ( => current thread )
  0x00007f6acc172800 JavaThread "Service Thread" daemon [_thread_blocked, id=82921, stack(0x00007f6a97cfe000,0x00007f6a97dfe000)]
  0x00007f6acc16f000 JavaThread "C1 CompilerThread1" daemon [_thread_blocked, id=82920, stack(0x00007f6a97dff000,0x00007f6a97eff000)]
  0x00007f6acc16c800 JavaThread "C2 CompilerThread0" daemon [_thread_blocked, id=82918, stack(0x00007f6a97f00000,0x00007f6a98000000)]
  0x00007f6acc15a000 JavaThread "JDWP Event Helper Thread" daemon [_thread_blocked, id=82914, stack(0x00007f6ab4108000,0x00007f6ab4208000)]
  0x00007f6acc140800 JavaThread "Signal Dispatcher" daemon [_thread_blocked, id=82911, stack(0x00007f6ab4308000,0x00007f6ab4408000)]
  0x00007f6acc111800 JavaThread "Finalizer" daemon [_thread_blocked, id=82910, stack(0x00007f6ab4408000,0x00007f6ab4508000)]
  0x00007f6acc10d000 JavaThread "Reference Handler" daemon [_thread_blocked, id=82909, stack(0x00007f6ab4508000,0x00007f6ab4608000)]
=>0x00007f6acc011000 JavaThread "main" [_thread_in_native, id=82899, stack(0x00007f6ad14b3000,0x00007f6ad15b3000)]

Other Threads:
  0x00007f6acc103000 VMThread [stack: 0x00007f6ab4609000,0x00007f6ab4709000] [id=82908]
  0x00007f6acc175000 WatcherThread [stack: 0x00007f6a97bfe000,0x00007f6a97cfe000] [id=82922]

VM state:not at safepoint (normal execution)

VM Mutex/Monitor currently owned by a thread: None

heap address: 0x000000009c200000, size: 1598 MB, Compressed Oops mode: 32-bit
Narrow klass base: 0x0000000000000000, Narrow klass shift: 3
Compressed class space size: 1073741824 Address: 0x0000000100000000

Heap:
 PSYoungGen      total 55296K, used 43409K [0x00000000deb80000, 0x00000000e2580000, 0x0000000100000000)
  eden space 51200K, 76% used [0x00000000deb80000,0x00000000e11e9f40,0x00000000e1d80000)
  from space 4096K, 99% used [0x00000000e2180000,0x00000000e257a688,0x00000000e2580000)
  to   space 4096K, 0% used [0x00000000e1d80000,0x00000000e1d80000,0x00000000e2180000)
 ParOldGen       total 68608K, used 4683K [0x000000009c200000, 0x00000000a0500000, 0x00000000deb80000)
  object space 68608K, 6% used [0x000000009c200000,0x000000009c692cf8,0x00000000a0500000)
 Metaspace       used 14642K, capacity 14890K, committed 15104K, reserved 1062912K
  class space    used 1672K, capacity 1777K, committed 1792K, reserved 1048576K

Card table byte_map: [0x00007f6ad04bc000,0x00007f6ad07dc000] byte_map_base: 0x00007f6acffdb000

Marking Bits: (ParMarkBitMap*) 0x00007f6ad2682740
 Begin Bits: [0x00007f6ab4e10000, 0x00007f6ab6708000)
 End Bits:   [0x00007f6ab6708000, 0x00007f6ab8000000)

Polling page: 0x00007f6ad2951000

CodeCache: size=245760Kb used=4753Kb max_used=5400Kb free=241006Kb
 bounds [0x00007f6abd000000, 0x00007f6abd550000, 0x00007f6acc000000]
 total_blobs=1826 nmethods=1413 adapters=334
 compilation: enabled

Compilation events (10 events):
Event: 573.087 Thread 0x00007f6acc16f000 1627       3       com.esotericsoftware.kryo.util.ObjectMap::nextPowerOfTwo (45 bytes)
Event: 573.094 Thread 0x00007f6acc16f000 nmethod 1627 0x00007f6abd2aef50 code [0x00007f6abd2af0c0, 0x00007f6abd2af270]
Event: 573.094 Thread 0x00007f6acc16f000 1629       3       java.lang.reflect.Modifier::isTransient (14 bytes)
Event: 573.094 Thread 0x00007f6acc16f000 nmethod 1629 0x00007f6abd43c190 code [0x00007f6abd43c300, 0x00007f6abd43c490]
Event: 573.094 Thread 0x00007f6acc16f000 1628       3       java.lang.Math::ceil (5 bytes)
Event: 573.099 Thread 0x00007f6acc16f000 nmethod 1628 0x00007f6abd44d510 code [0x00007f6abd44d6c0, 0x00007f6abd44d8a8]
Event: 573.099 Thread 0x00007f6acc16f000 1631       3       com.esotericsoftware.kryo.util.IdentityObjectIntMap::hash3 (19 bytes)
Event: 573.099 Thread 0x00007f6acc16f000 nmethod 1631 0x00007f6abd142850 code [0x00007f6abd1429a0, 0x00007f6abd142b10]
Event: 573.099 Thread 0x00007f6acc16f000 1630       3       com.esotericsoftware.kryo.util.IdentityObjectIntMap::hash2 (19 bytes)
Event: 573.100 Thread 0x00007f6acc16f000 nmethod 1630 0x00007f6abd16b890 code [0x00007f6abd16b9e0, 0x00007f6abd16bb50]

GC Heap History (8 events):
Event: 1.984 GC heap before
{Heap before GC invocations=1 (full 0):
 PSYoungGen      total 29696K, used 25600K [0x00000000deb80000, 0x00000000e0c80000, 0x0000000100000000)
  eden space 25600K, 100% used [0x00000000deb80000,0x00000000e0480000,0x00000000e0480000)
  from space 4096K, 0% used [0x00000000e0880000,0x00000000e0880000,0x00000000e0c80000)
  to   space 4096K, 0% used [0x00000000e0480000,0x00000000e0480000,0x00000000e0880000)
 ParOldGen       total 68608K, used 0K [0x000000009c200000, 0x00000000a0500000, 0x00000000deb80000)
  object space 68608K, 0% used [0x000000009c200000,0x000000009c200000,0x00000000a0500000)
 Metaspace       used 8174K, capacity 8398K, committed 8448K, reserved 1056768K
  class space    used 907K, capacity 1013K, committed 1024K, reserved 1048576K
Event: 1.998 GC heap after
Heap after GC invocations=1 (full 0):
 PSYoungGen      total 29696K, used 4081K [0x00000000deb80000, 0x00000000e0c80000, 0x0000000100000000)
  eden space 25600K, 0% used [0x00000000deb80000,0x00000000deb80000,0x00000000e0480000)
  from space 4096K, 99% used [0x00000000e0480000,0x00000000e087c768,0x00000000e0880000)
  to   space 4096K, 0% used [0x00000000e0880000,0x00000000e0880000,0x00000000e0c80000)
 ParOldGen       total 68608K, used 791K [0x000000009c200000, 0x00000000a0500000, 0x00000000deb80000)
  object space 68608K, 1% used [0x000000009c200000,0x000000009c2c5fe0,0x00000000a0500000)
 Metaspace       used 8174K, capacity 8398K, committed 8448K, reserved 1056768K
  class space    used 907K, capacity 1013K, committed 1024K, reserved 1048576K
}
Event: 2.830 GC heap before
{Heap before GC invocations=2 (full 0):
 PSYoungGen      total 29696K, used 29681K [0x00000000deb80000, 0x00000000e0c80000, 0x0000000100000000)
  eden space 25600K, 100% used [0x00000000deb80000,0x00000000e0480000,0x00000000e0480000)
  from space 4096K, 99% used [0x00000000e0480000,0x00000000e087c768,0x00000000e0880000)
  to   space 4096K, 0% used [0x00000000e0880000,0x00000000e0880000,0x00000000e0c80000)
 ParOldGen       total 68608K, used 791K [0x000000009c200000, 0x00000000a0500000, 0x00000000deb80000)
  object space 68608K, 1% used [0x000000009c200000,0x000000009c2c5fe0,0x00000000a0500000)
 Metaspace       used 10292K, capacity 10502K, committed 10752K, reserved 1058816K
  class space    used 1131K, capacity 1221K, committed 1280K, reserved 1048576K
Event: 2.846 GC heap after
Heap after GC invocations=2 (full 0):
 PSYoungGen      total 29696K, used 4089K [0x00000000deb80000, 0x00000000e2580000, 0x0000000100000000)
  eden space 25600K, 0% used [0x00000000deb80000,0x00000000deb80000,0x00000000e0480000)
  from space 4096K, 99% used [0x00000000e0880000,0x00000000e0c7e698,0x00000000e0c80000)
  to   space 4096K, 0% used [0x00000000e0480000,0x00000000e0480000,0x00000000e0880000)
 ParOldGen       total 68608K, used 2263K [0x000000009c200000, 0x00000000a0500000, 0x00000000deb80000)
  object space 68608K, 3% used [0x000000009c200000,0x000000009c435db8,0x00000000a0500000)
 Metaspace       used 10292K, capacity 10502K, committed 10752K, reserved 1058816K
  class space    used 1131K, capacity 1221K, committed 1280K, reserved 1048576K
}
Event: 3.446 GC heap before
{Heap before GC invocations=3 (full 0):
 PSYoungGen      total 29696K, used 29689K [0x00000000deb80000, 0x00000000e2580000, 0x0000000100000000)
  eden space 25600K, 100% used [0x00000000deb80000,0x00000000e0480000,0x00000000e0480000)
  from space 4096K, 99% used [0x00000000e0880000,0x00000000e0c7e698,0x00000000e0c80000)
  to   space 4096K, 0% used [0x00000000e0480000,0x00000000e0480000,0x00000000e0880000)
 ParOldGen       total 68608K, used 2263K [0x000000009c200000, 0x00000000a0500000, 0x00000000deb80000)
  object space 68608K, 3% used [0x000000009c200000,0x000000009c435db8,0x00000000a0500000)
 Metaspace       used 11165K, capacity 11430K, committed 11648K, reserved 1058816K
  class space    used 1266K, capacity 1381K, committed 1408K, reserved 1048576K
Event: 3.452 GC heap after
Heap after GC invocations=3 (full 0):
 PSYoungGen      total 29696K, used 4073K [0x00000000deb80000, 0x00000000e2580000, 0x0000000100000000)
  eden space 25600K, 0% used [0x00000000deb80000,0x00000000deb80000,0x00000000e0480000)
  from space 4096K, 99% used [0x00000000e0480000,0x00000000e087a688,0x00000000e0880000)
  to   space 4096K, 0% used [0x00000000e2180000,0x00000000e2180000,0x00000000e2580000)
 ParOldGen       total 68608K, used 3235K [0x000000009c200000, 0x00000000a0500000, 0x00000000deb80000)
  object space 68608K, 4% used [0x000000009c200000,0x000000009c528dd8,0x00000000a0500000)
 Metaspace       used 11165K, capacity 11430K, committed 11648K, reserved 1058816K
  class space    used 1266K, capacity 1381K, committed 1408K, reserved 1048576K
}
Event: 4.117 GC heap before
{Heap before GC invocations=4 (full 0):
 PSYoungGen      total 29696K, used 29673K [0x00000000deb80000, 0x00000000e2580000, 0x0000000100000000)
  eden space 25600K, 100% used [0x00000000deb80000,0x00000000e0480000,0x00000000e0480000)
  from space 4096K, 99% used [0x00000000e0480000,0x00000000e087a688,0x00000000e0880000)
  to   space 4096K, 0% used [0x00000000e2180000,0x00000000e2180000,0x00000000e2580000)
 ParOldGen       total 68608K, used 3235K [0x000000009c200000, 0x00000000a0500000, 0x00000000deb80000)
  object space 68608K, 4% used [0x000000009c200000,0x000000009c528dd8,0x00000000a0500000)
 Metaspace       used 12488K, capacity 12716K, committed 12800K, reserved 1060864K
  class space    used 1399K, capacity 1510K, committed 1536K, reserved 1048576K
Event: 4.126 GC heap after
Heap after GC invocations=4 (full 0):
 PSYoungGen      total 55296K, used 4073K [0x00000000deb80000, 0x00000000e2580000, 0x0000000100000000)
  eden space 51200K, 0% used [0x00000000deb80000,0x00000000deb80000,0x00000000e1d80000)
  from space 4096K, 99% used [0x00000000e2180000,0x00000000e257a688,0x00000000e2580000)
  to   space 4096K, 0% used [0x00000000e1d80000,0x00000000e1d80000,0x00000000e2180000)
 ParOldGen       total 68608K, used 4683K [0x000000009c200000, 0x00000000a0500000, 0x00000000deb80000)
  object space 68608K, 6% used [0x000000009c200000,0x000000009c692cf8,0x00000000a0500000)
 Metaspace       used 12488K, capacity 12716K, committed 12800K, reserved 1060864K
  class space    used 1399K, capacity 1510K, committed 1536K, reserved 1048576K
}

Deoptimization events (10 events):
Event: 3.644 Thread 0x00007f6acc011000 Uncommon trap: reason=loop_limit_check action=maybe_recompile pc=0x00007f6abd3c8fc4 method=java.math.BigInteger.multiplyToLen([II[II[I)[I @ 119
Event: 3.696 Thread 0x00007f6acc011000 Uncommon trap: reason=unstable_if action=reinterpret pc=0x00007f6abd3d1a3c method=java.math.BigInteger.shiftRightImpl(I)Ljava/math/BigInteger; @ 45
Event: 4.257 Thread 0x00007f6acc011000 Uncommon trap: reason=class_check action=maybe_recompile pc=0x00007f6abd307708 method=java.util.HashMap.putVal(ILjava/lang/Object;Ljava/lang/Object;ZZ)Ljava/lang/Object; @ 203
Event: 4.257 Thread 0x00007f6acc011000 Uncommon trap: reason=class_check action=maybe_recompile pc=0x00007f6abd307708 method=java.util.HashMap.putVal(ILjava/lang/Object;Ljava/lang/Object;ZZ)Ljava/lang/Object; @ 203
Event: 4.257 Thread 0x00007f6acc011000 Uncommon trap: reason=class_check action=maybe_recompile pc=0x00007f6abd307708 method=java.util.HashMap.putVal(ILjava/lang/Object;Ljava/lang/Object;ZZ)Ljava/lang/Object; @ 203
Event: 4.257 Thread 0x00007f6acc011000 Uncommon trap: reason=class_check action=maybe_recompile pc=0x00007f6abd307708 method=java.util.HashMap.putVal(ILjava/lang/Object;Ljava/lang/Object;ZZ)Ljava/lang/Object; @ 203
Event: 4.427 Thread 0x00007f6acc011000 Uncommon trap: reason=unstable_if action=reinterpret pc=0x00007f6abd3e54d8 method=java.math.BigInteger.add(Ljava/math/BigInteger;)Ljava/math/BigInteger; @ 13
Event: 4.729 Thread 0x00007f6acc011000 Uncommon trap: reason=unstable_if action=reinterpret pc=0x00007f6abd3c84a0 method=java.lang.Integer.numberOfLeadingZeros(I)I @ 1
Event: 33.661 Thread 0x00007f6acc011000 Uncommon trap: reason=bimorphic action=maybe_recompile pc=0x00007f6abd36076c method=java.lang.StringCoding$StringDecoder.charsetName()Ljava/lang/String; @ 17
Event: 33.711 Thread 0x00007f6acc011000 Uncommon trap: reason=unstable_if action=reinterpret pc=0x00007f6abd15cb18 method=sun.nio.cs.UTF_8$Encoder.encode([CII[B)I @ 33

Classes redefined (0 events):
No events

Internal exceptions (10 events):
Event: 0.584 Thread 0x00007f6acc011000 Exception <a 'java/security/PrivilegedActionException'> (0x00000000ded63718) thrown at [/build/openjdk-8-zJa3ZI/openjdk-8-8u442-b06~us1/src/hotspot/src/share/vm/prims/jvm.cpp, line 1512]
Event: 0.833 Thread 0x00007f6acc011000 Exception <a 'java/security/PrivilegedActionException'> (0x00000000df2f8aa8) thrown at [/build/openjdk-8-zJa3ZI/openjdk-8-8u442-b06~us1/src/hotspot/src/share/vm/prims/jvm.cpp, line 1512]
Event: 0.834 Thread 0x00007f6acc011000 Exception <a 'java/security/PrivilegedActionException'> (0x00000000df2f8cb8) thrown at [/build/openjdk-8-zJa3ZI/openjdk-8-8u442-b06~us1/src/hotspot/src/share/vm/prims/jvm.cpp, line 1512]
Event: 0.834 Thread 0x00007f6acc011000 Exception <a 'java/security/PrivilegedActionException'> (0x00000000df2fb3d8) thrown at [/build/openjdk-8-zJa3ZI/openjdk-8-8u442-b06~us1/src/hotspot/src/share/vm/prims/jvm.cpp, line 1512]
Event: 0.834 Thread 0x00007f6acc011000 Exception <a 'java/security/PrivilegedActionException'> (0x00000000df2fb5e8) thrown at [/build/openjdk-8-zJa3ZI/openjdk-8-8u442-b06~us1/src/hotspot/src/share/vm/prims/jvm.cpp, line 1512]
Event: 0.899 Thread 0x00007f6acc011000 Exception <a 'java/io/FileNotFoundException'> (0x00000000df4edb50) thrown at [/build/openjdk-8-zJa3ZI/openjdk-8-8u442-b06~us1/src/hotspot/src/share/vm/prims/jni.cpp, line 712]
Event: 1.060 Thread 0x00007f6acc011000 Exception <a 'java/lang/NoSuchMethodError': org.slf4j.impl.StaticMDCBinder.getSingleton()Lorg/slf4j/impl/StaticMDCBinder;> (0x00000000df872e10) thrown at [/build/openjdk-8-zJa3ZI/openjdk-8-8u442-b06~us1/src/hotspot/src/share/vm/interpreter/linkResolver.cp
Event: 1.345 Thread 0x00007f6acc011000 Exception <a 'java/lang/NoSuchFieldError': method resolution failed> (0x00000000dfb7e8b0) thrown at [/build/openjdk-8-zJa3ZI/openjdk-8-8u442-b06~us1/src/hotspot/src/share/vm/prims/methodHandles.cpp, line 1194]
Event: 1.348 Thread 0x00007f6acc011000 Exception <a 'java/lang/NoSuchFieldError': method resolution failed> (0x00000000dfb8d110) thrown at [/build/openjdk-8-zJa3ZI/openjdk-8-8u442-b06~us1/src/hotspot/src/share/vm/prims/methodHandles.cpp, line 1194]
Event: 4.374 Thread 0x00007f6acc011000 Exception <a 'java/lang/NoSuchMethodError': <clinit>> (0x00000000df935f10) thrown at [/build/openjdk-8-zJa3ZI/openjdk-8-8u442-b06~us1/src/hotspot/src/share/vm/prims/jni.cpp, line 1617]

Events (10 events):
Event: 573.100 Thread 0x00007f6acc011000 DEOPT PACKING pc=0x00007f6abd381a84 sp=0x00007f6ad15b10f0
Event: 573.100 Thread 0x00007f6acc011000 DEOPT UNPACKING pc=0x00007f6abd0474c4 sp=0x00007f6ad15b0e50 mode 1
Event: 573.100 Thread 0x00007f6acc011000 DEOPT PACKING pc=0x00007f6abd374304 sp=0x00007f6ad15b1000
Event: 573.100 Thread 0x00007f6acc011000 DEOPT UNPACKING pc=0x00007f6abd0474c4 sp=0x00007f6ad15b0dc0 mode 1
Event: 573.100 Thread 0x00007f6acc011000 DEOPT PACKING pc=0x00007f6abd381a84 sp=0x00007f6ad15b10f0
Event: 573.100 Thread 0x00007f6acc011000 DEOPT UNPACKING pc=0x00007f6abd0474c4 sp=0x00007f6ad15b0e50 mode 1
Event: 573.100 Thread 0x00007f6acc011000 DEOPT PACKING pc=0x00007f6abd374304 sp=0x00007f6ad15b1000
Event: 573.100 Thread 0x00007f6acc011000 DEOPT UNPACKING pc=0x00007f6abd0474c4 sp=0x00007f6ad15b0dc0 mode 1
Event: 573.100 Thread 0x00007f6acc011000 DEOPT PACKING pc=0x00007f6abd381a84 sp=0x00007f6ad15b10f0
Event: 573.100 Thread 0x00007f6acc011000 DEOPT UNPACKING pc=0x00007f6abd0474c4 sp=0x00007f6ad15b0e50 mode 1


Dynamic libraries:
9c200000-a0500000 rw-p 00000000 00:00 0 
a0500000-deb80000 ---p 00000000 00:00 0 
deb80000-e2580000 rw-p 00000000 00:00 0 
e2580000-100000000 ---p 00000000 00:00 0 
100000000-1001c0000 rw-p 00000000 00:00 0 
1001c0000-140000000 ---p 00000000 00:00 0 
55959d7fe000-55959d7ff000 r--p 00000000 08:05 2753418                    /usr/lib/jvm/java-8-openjdk-amd64/jre/bin/java
55959d7ff000-55959d800000 r-xp 00001000 08:05 2753418                    /usr/lib/jvm/java-8-openjdk-amd64/jre/bin/java
55959d800000-55959d801000 r--p 00002000 08:05 2753418                    /usr/lib/jvm/java-8-openjdk-amd64/jre/bin/java
55959d801000-55959d802000 r--p 00002000 08:05 2753418                    /usr/lib/jvm/java-8-openjdk-amd64/jre/bin/java
55959d802000-55959d803000 rw-p 00003000 08:05 2753418                    /usr/lib/jvm/java-8-openjdk-amd64/jre/bin/java
5595bb6c0000-5595bb6e1000 rw-p 00000000 00:00 0                          [heap]
7f6a757f3000-7f6a757f4000 ---p 00000000 00:00 0 
7f6a757f4000-7f6a75ff4000 rw-p 00000000 00:00 0 
7f6a77ff8000-7f6a77ff9000 ---p 00000000 00:00 0 
7f6a77ff9000-7f6a787f9000 rw-p 00000000 00:00 0 
7f6a787f9000-7f6a787fa000 ---p 00000000 00:00 0 
7f6a787fa000-7f6a78ffa000 rw-p 00000000 00:00 0 
7f6a78ffa000-7f6a78ffb000 ---p 00000000 00:00 0 
7f6a78ffb000-7f6a797fb000 rw-p 00000000 00:00 0 
7f6a7c000000-7f6a7c021000 rw-p 00000000 00:00 0 
7f6a7c021000-7f6a80000000 ---p 00000000 00:00 0 
7f6a80000000-7f6a80021000 rw-p 00000000 00:00 0 
7f6a80021000-7f6a84000000 ---p 00000000 00:00 0 
7f6a84000000-7f6a84478000 rw-p 00000000 00:00 0 
7f6a84478000-7f6a88000000 ---p 00000000 00:00 0 
7f6a88000000-7f6a88021000 rw-p 00000000 00:00 0 
7f6a88021000-7f6a8c000000 ---p 00000000 00:00 0 
7f6a8c000000-7f6a8c888000 rw-p 00000000 00:00 0 
7f6a8c888000-7f6a90000000 ---p 00000000 00:00 0 
7f6a90000000-7f6a90021000 rw-p 00000000 00:00 0 
7f6a90021000-7f6a94000000 ---p 00000000 00:00 0 
7f6a953fe000-7f6a954fe000 rw-p 00000000 00:00 0 
7f6a954fe000-7f6a955fe000 ---p 00000000 00:00 0 
7f6a955fe000-7f6a957fe000 rw-p 00000000 00:00 0 
7f6a957fe000-7f6a959fe000 rw-p 00000000 00:00 0 
7f6a959fe000-7f6a959ff000 ---p 00000000 00:00 0 
7f6a959ff000-7f6a961ff000 rw-p 00000000 00:00 0 
7f6a961ff000-7f6a96200000 ---p 00000000 00:00 0 
7f6a96200000-7f6a96a00000 rw-p 00000000 00:00 0 
7f6a96a00000-7f6a97529000 r-xp 00000000 08:05 917568                     /tmp/librocksdbjni1535601890701757529.so
7f6a97529000-7f6a97728000 ---p 00b29000 08:05 917568                     /tmp/librocksdbjni1535601890701757529.so
7f6a97728000-7f6a97749000 r--p 00b28000 08:05 917568                     /tmp/librocksdbjni1535601890701757529.so
7f6a97749000-7f6a97757000 rw-p 00b49000 08:05 917568                     /tmp/librocksdbjni1535601890701757529.so
7f6a97757000-7f6a9775f000 rw-p 00000000 00:00 0 
7f6a97806000-7f6a9780d000 r--p 00000000 08:05 2755561                    /usr/lib/jvm/java-8-openjdk-amd64/jre/lib/amd64/libsunec.so
7f6a9780d000-7f6a97826000 r-xp 00007000 08:05 2755561                    /usr/lib/jvm/java-8-openjdk-amd64/jre/lib/amd64/libsunec.so
7f6a97826000-7f6a97830000 r--p 00020000 08:05 2755561                    /usr/lib/jvm/java-8-openjdk-amd64/jre/lib/amd64/libsunec.so
7f6a97830000-7f6a97834000 r--p 00029000 08:05 2755561                    /usr/lib/jvm/java-8-openjdk-amd64/jre/lib/amd64/libsunec.so
7f6a97834000-7f6a97835000 rw-p 0002d000 08:05 2755561                    /usr/lib/jvm/java-8-openjdk-amd64/jre/lib/amd64/libsunec.so
7f6a97835000-7f6a97837000 r--s 00016000 08:05 2755597                    /usr/lib/jvm/java-8-openjdk-amd64/jre/lib/jce.jar
7f6a97837000-7f6a97848000 r--s 001c5000 08:05 2755602                    /usr/lib/jvm/java-8-openjdk-amd64/jre/lib/jsse.jar
7f6a97881000-7f6a97888000 r--s 00000000 08:05 2754531                    /usr/lib/x86_64-linux-gnu/gconv/gconv-modules.cache
7f6a97888000-7f6a978aa000 r--p 00000000 08:05 280879                     /usr/share/locale-langpack/zh_CN/LC_MESSAGES/libc.mo
7f6a978aa000-7f6a978ad000 r--s 00023000 08:05 1966943                    /home/wj/下载/ideaIU-2024.2.1/idea-IU-242.21829.142/lib/idea_rt.jar
7f6a978ad000-7f6a978ae000 r--s 00000000 08:05 2107758                    /home/wj/.m2/repository/net/jcip/jcip-annotations/1.0/jcip-annotations-1.0.jar
7f6a978ae000-7f6a978b0000 r--s 00009000 08:05 2102255                    /home/wj/.m2/repository/org/slf4j/slf4j-api/1.7.36/slf4j-api-1.7.36.jar
7f6a978b0000-7f6a978ba000 r--s 000a5000 08:05 2107756                    /home/wj/.m2/repository/com/google/protobuf/protobuf-javalite/4.26.1/protobuf-javalite-4.26.1.jar
7f6a978ba000-7f6a9792e000 r--s 005e1000 08:05 2107752                    /home/wj/.m2/repository/org/bouncycastle/bcprov-jdk15to18/1.78.1/bcprov-jdk15to18-1.78.1.jar
7f6a9792e000-7f6a9793c000 r--s 0012e000 08:05 2107750                    /home/wj/.m2/repository/org/bitcoinj/bitcoinj-core/0.17-alpha5/bitcoinj-core-0.17-alpha5.jar
7f6a9793c000-7f6a9793e000 r--s 00005000 08:05 2107159                    /home/wj/.m2/repository/javax/annotation/javax.annotation-api/1.3.2/javax.annotation-api-1.3.2.jar
7f6a9793e000-7f6a979b7000 r--s 00520000 08:05 2107143                    /home/wj/.m2/repository/org/bouncycastle/bcprov-jdk15on/1.70/bcprov-jdk15on-1.70.jar
7f6a979b7000-7f6a979c2000 r--s 0006b000 08:05 2107145                    /home/wj/.m2/repository/org/bouncycastle/bcutil-jdk15on/1.70/bcutil-jdk15on-1.70.jar
7f6a979c2000-7f6a979d8000 r--s 000d6000 08:05 2107141                    /home/wj/.m2/repository/org/bouncycastle/bcpkix-jdk15on/1.70/bcpkix-jdk15on-1.70.jar
7f6a979d8000-7f6a979da000 r--s 00001000 08:05 2102560                    /home/wj/.m2/repository/com/google/j2objc/j2objc-annotations/1.3/j2objc-annotations-1.3.jar
7f6a979da000-7f6a979db000 r--s 00003000 08:05 2102558                    /home/wj/.m2/repository/com/google/errorprone/error_prone_annotations/2.11.0/error_prone_annotations-2.11.0.jar
7f6a979db000-7f6a979e6000 r--s 00028000 08:05 2102556                    /home/wj/.m2/repository/org/checkerframework/checker-qual/3.12.0/checker-qual-3.12.0.jar
7f6a979e6000-7f6a979e8000 r--s 00003000 08:05 2102554                    /home/wj/.m2/repository/com/google/code/findbugs/jsr305/3.0.2/jsr305-3.0.2.jar
7f6a979e8000-7f6a979e9000 r--s 00000000 08:05 2102552                    /home/wj/.m2/repository/com/google/guava/listenablefuture/9999.0-empty-to-avoid-conflict-with-guava/listenablefuture-9999.0-empty-to-avoid-conflict-with-guava.jar
7f6a979e9000-7f6a979eb000 r--s 00000000 08:05 2102550                    /home/wj/.m2/repository/com/google/guava/failureaccess/1.0.1/failureaccess-1.0.1.jar
7f6a979eb000-7f6a97a1f000 r--s 0029f000 08:05 2102540                    /home/wj/.m2/repository/com/google/guava/guava/31.1-jre/guava-31.1-jre.jar
7f6a97a1f000-7f6a97a26000 r--s 00050000 08:05 2102383                    /home/wj/.m2/repository/commons-codec/commons-codec/1.15/commons-codec-1.15.jar
7f6a97a26000-7f6a97a30000 r--s 00086000 08:05 2102406                    /home/wj/.m2/repository/org/apache/commons/commons-lang3/3.12.0/commons-lang3-3.12.0.jar
7f6a97a30000-7f6a97a37000 r--s 03a67000 08:05 2243741                    /home/wj/.m2/repository/org/rocksdb/rocksdbjni/8.8.1/rocksdbjni-8.8.1.jar
7f6a97a37000-7f6a97a3a000 r--s 0000b000 08:05 2102376                    /home/wj/.m2/repository/org/objenesis/objenesis/2.5.1/objenesis-2.5.1.jar
7f6a97a3a000-7f6a97a3b000 r--s 00001000 08:05 2102374                    /home/wj/.m2/repository/com/esotericsoftware/minlog/1.3.0/minlog-1.3.0.jar
7f6a97a3b000-7f6a97a3d000 r--s 0000c000 08:05 2102372                    /home/wj/.m2/repository/org/ow2/asm/asm/5.0.4/asm-5.0.4.jar
7f6a97a3d000-7f6a97a3f000 r--s 00004000 08:05 2102370                    /home/wj/.m2/repository/com/esotericsoftware/reflectasm/1.11.3/reflectasm-1.11.3.jar
7f6a97a3f000-7f6a97a46000 r--s 0004c000 08:05 2102360                    /home/wj/.m2/repository/com/esotericsoftware/kryo/4.0.1/kryo-4.0.1.jar
7f6a97a46000-7f6a97a5f000 r--s 001c4000 08:05 2243170                    /home/wj/.m2/repository/org/projectlombok/lombok/1.18.22/lombok-1.18.22.jar
7f6a97a5f000-7f6a97a64000 r--s 00042000 08:05 2243158                    /home/wj/.m2/repository/org/springframework/spring-expression/5.3.17/spring-expression-5.3.17.jar
7f6a97a64000-7f6a97a6d000 r--s 00055000 08:05 2243154                    /home/wj/.m2/repository/org/springframework/spring-aop/5.3.17/spring-aop-5.3.17.jar
7f6a97a6d000-7f6a97a80000 r--s 000e9000 08:05 2243212                    /home/wj/.m2/repository/org/springframework/spring-webmvc/5.3.17/spring-webmvc-5.3.17.jar
7f6a97a80000-7f6a97a8d000 r--s 0009e000 08:05 2243155                    /home/wj/.m2/repository/org/springframework/spring-beans/5.3.17/spring-beans-5.3.17.jar
7f6a97a8d000-7f6a97aac000 r--s 00172000 08:05 2243161                    /home/wj/.m2/repository/org/springframework/spring-web/5.3.17/spring-web-5.3.17.jar
7f6a97aac000-7f6a97ab2000 r--s 0003e000 08:05 2243210                    /home/wj/.m2/repository/org/apache/tomcat/embed/tomcat-embed-websocket/9.0.60/tomcat-embed-websocket-9.0.60.jar
7f6a97ab2000-7f6a97ab7000 r--s 0003a000 08:05 2243208                    /home/wj/.m2/repository/org/apache/tomcat/embed/tomcat-embed-el/9.0.60/tomcat-embed-el-9.0.60.jar
7f6a97ab7000-7f6a97ae1000 r--s 00318000 08:05 2243206                    /home/wj/.m2/repository/org/apache/tomcat/embed/tomcat-embed-core/9.0.60/tomcat-embed-core-9.0.60.jar
7f6a97ae1000-7f6a97ae2000 r--s 00001000 08:05 2243204                    /home/wj/.m2/repository/org/springframework/boot/spring-boot-starter-tomcat/2.6.5/spring-boot-starter-tomcat-2.6.5.jar
7f6a97ae2000-7f6a97ae4000 r--s 00001000 08:05 2104632                    /home/wj/.m2/repository/com/fasterxml/jackson/module/jackson-module-parameter-names/2.13.2/jackson-module-parameter-names-2.13.2.jar
7f6a97ae4000-7f6a97ae7000 r--s 0001b000 08:05 2243202                    /home/wj/.m2/repository/com/fasterxml/jackson/datatype/jackson-datatype-jsr310/2.13.2/jackson-datatype-jsr310-2.13.2.jar
7f6a97ae7000-7f6a97ae9000 r--s 00007000 08:05 2243198                    /home/wj/.m2/repository/com/fasterxml/jackson/datatype/jackson-datatype-jdk8/2.13.2/jackson-datatype-jdk8-2.13.2.jar
7f6a97ae9000-7f6a97aee000 r--s 00057000 08:05 2102426                    /home/wj/.m2/repository/com/fasterxml/jackson/core/jackson-core/2.13.2/jackson-core-2.13.2.jar
7f6a97aee000-7f6a97af1000 r--s 00010000 08:05 2102422                    /home/wj/.m2/repository/com/fasterxml/jackson/core/jackson-annotations/2.13.2/jackson-annotations-2.13.2.jar
7f6a97af1000-7f6a97b08000 r--s 00160000 08:05 2102389                    /home/wj/.m2/repository/com/fasterxml/jackson/core/jackson-databind/2.13.2/jackson-databind-2.13.2.jar
7f6a97b08000-7f6a97b09000 r--s 00001000 08:05 2243200                    /home/wj/.m2/repository/org/springframework/boot/spring-boot-starter-json/2.6.5/spring-boot-starter-json-2.6.5.jar
7f6a97b09000-7f6a97b0a000 r--s 00001000 08:05 2243164                    /home/wj/.m2/repository/org/springframework/boot/spring-boot-starter-web/2.6.5/spring-boot-starter-web-2.6.5.jar
7f6a97b0a000-7f6a97b11000 r--s 0004a000 08:05 2243218                    /home/wj/.m2/repository/org/yaml/snakeyaml/1.29/snakeyaml-1.29.jar
7f6a97b11000-7f6a97b2c000 r--s 0014f000 08:05 2104649                    /home/wj/.m2/repository/org/springframework/spring-core/5.3.17/spring-core-5.3.17.jar
7f6a97b2c000-7f6a97b2e000 r--s 00005000 08:05 2102562                    /home/wj/.m2/repository/jakarta/annotation/jakarta.annotation-api/1.3.5/jakarta.annotation-api-1.3.5.jar
7f6a97b2e000-7f6a97b30000 r--s 00000000 08:05 2102616                    /home/wj/.m2/repository/org/slf4j/jul-to-slf4j/1.7.36/jul-to-slf4j-1.7.36.jar
7f6a97b30000-7f6a97b36000 r--s 00044000 08:05 2102614                    /home/wj/.m2/repository/org/apache/logging/log4j/log4j-api/2.17.2/log4j-api-2.17.2.jar
7f6a97b36000-7f6a97b38000 r--s 00003000 08:05 2102612                    /home/wj/.m2/repository/org/apache/logging/log4j/log4j-to-slf4j/2.17.2/log4j-to-slf4j-2.17.2.jar
7f6a97b38000-7f6a97b42000 r--s 00064000 08:05 2102610                    /home/wj/.m2/repository/ch/qos/logback/logback-core/1.2.11/logback-core-1.2.11.jar
7f6a97b42000-7f6a97b6f000 r--s 00162000 08:05 2243178                    /home/wj/.m2/repository/org/springframework/boot/spring-boot-autoconfigure/2.6.5/spring-boot-autoconfigure-2.6.5.jar
7f6a97b6f000-7f6a97b8b000 r--s 0011c000 08:05 2243159                    /home/wj/.m2/repository/org/springframework/spring-context/5.3.17/spring-context-5.3.17.jar
7f6a97b8b000-7f6a97ba9000 r--s 0013e000 08:05 2243173                    /home/wj/.m2/repository/org/springframework/boot/spring-boot/2.6.5/spring-boot-2.6.5.jar
7f6a97ba9000-7f6a97bae000 r--p 00000000 08:05 2755556                    /usr/lib/jvm/java-8-openjdk-amd64/jre/lib/amd64/libnet.so
7f6a97bae000-7f6a97bbf000 r-xp 00005000 08:05 2755556                    /usr/lib/jvm/java-8-openjdk-amd64/jre/lib/amd64/libnet.so
7f6a97bbf000-7f6a97bc3000 r--p 00016000 08:05 2755556                    /usr/lib/jvm/java-8-openjdk-amd64/jre/lib/amd64/libnet.so
7f6a97bc3000-7f6a97bc4000 r--p 00019000 08:05 2755556                    /usr/lib/jvm/java-8-openjdk-amd64/jre/lib/amd64/libnet.so
7f6a97bc4000-7f6a97bc5000 rw-p 0001a000 08:05 2755556                    /usr/lib/jvm/java-8-openjdk-amd64/jre/lib/amd64/libnet.so
7f6a97bc5000-7f6a97bcc000 r--p 00000000 08:05 2755557                    /usr/lib/jvm/java-8-openjdk-amd64/jre/lib/amd64/libnio.so
7f6a97bcc000-7f6a97bd5000 r-xp 00007000 08:05 2755557                    /usr/lib/jvm/java-8-openjdk-amd64/jre/lib/amd64/libnio.so
7f6a97bd5000-7f6a97bd8000 r--p 00010000 08:05 2755557                    /usr/lib/jvm/java-8-openjdk-amd64/jre/lib/amd64/libnio.so
7f6a97bd8000-7f6a97bd9000 r--p 00012000 08:05 2755557                    /usr/lib/jvm/java-8-openjdk-amd64/jre/lib/amd64/libnio.so
7f6a97bd9000-7f6a97bda000 rw-p 00013000 08:05 2755557                    /usr/lib/jvm/java-8-openjdk-amd64/jre/lib/amd64/libnio.so
7f6a97bda000-7f6a97bec000 r--s 0034c000 08:05 2755606                    /usr/lib/jvm/java-8-openjdk-amd64/jre/lib/resources.jar
7f6a97bec000-7f6a97bfd000 r--s 001c5000 08:05 2755602                    /usr/lib/jvm/java-8-openjdk-amd64/jre/lib/jsse.jar
7f6a97bfd000-7f6a97bfe000 ---p 00000000 00:00 0 
7f6a97bfe000-7f6a97cfe000 rw-p 00000000 00:00 0 
7f6a97cfe000-7f6a97d01000 ---p 00000000 00:00 0 
7f6a97d01000-7f6a97dfe000 rw-p 00000000 00:00 0 
7f6a97dfe000-7f6a97dff000 ---p 00000000 00:00 0 
7f6a97dff000-7f6a97e02000 ---p 00000000 00:00 0 
7f6a97e02000-7f6a97eff000 rw-p 00000000 00:00 0 
7f6a97eff000-7f6a97f00000 ---p 00000000 00:00 0 
7f6a97f00000-7f6a97f03000 ---p 00000000 00:00 0 
7f6a97f03000-7f6a98000000 rw-p 00000000 00:00 0 
7f6a98000000-7f6a9802c000 rw-p 00000000 00:00 0 
7f6a9802c000-7f6a9c000000 ---p 00000000 00:00 0 
7f6a9c000000-7f6a9c044000 rw-p 00000000 00:00 0 
7f6a9c044000-7f6aa0000000 ---p 00000000 00:00 0 
7f6aa0000000-7f6aa0021000 rw-p 00000000 00:00 0 
7f6aa0021000-7f6aa4000000 ---p 00000000 00:00 0 
7f6aa4000000-7f6aa4021000 rw-p 00000000 00:00 0 
7f6aa4021000-7f6aa8000000 ---p 00000000 00:00 0 
7f6aa8000000-7f6aa8021000 rw-p 00000000 00:00 0 
7f6aa8021000-7f6aac000000 ---p 00000000 00:00 0 
7f6aac000000-7f6aac021000 rw-p 00000000 00:00 0 
7f6aac021000-7f6ab0000000 ---p 00000000 00:00 0 
7f6ab0000000-7f6ab0021000 rw-p 00000000 00:00 0 
7f6ab0021000-7f6ab4000000 ---p 00000000 00:00 0 
7f6ab4000000-7f6ab4001000 r--s 00005000 08:05 2104657                    /home/wj/.m2/repository/org/springframework/spring-jcl/5.3.17/spring-jcl-5.3.17.jar
7f6ab4001000-7f6ab4007000 r--s 00033000 08:05 2102608                    /home/wj/.m2/repository/ch/qos/logback/logback-classic/1.2.11/logback-classic-1.2.11.jar
7f6ab4007000-7f6ab4008000 r--s 00001000 08:05 2243216                    /home/wj/.m2/repository/org/springframework/boot/spring-boot-starter-logging/2.6.5/spring-boot-starter-logging-2.6.5.jar
7f6ab4008000-7f6ab400b000 ---p 00000000 00:00 0 
7f6ab400b000-7f6ab4108000 rw-p 00000000 00:00 0 
7f6ab4108000-7f6ab410b000 ---p 00000000 00:00 0 
7f6ab410b000-7f6ab4208000 rw-p 00000000 00:00 0 
7f6ab4208000-7f6ab420b000 ---p 00000000 00:00 0 
7f6ab420b000-7f6ab4308000 rw-p 00000000 00:00 0 
7f6ab4308000-7f6ab430b000 ---p 00000000 00:00 0 
7f6ab430b000-7f6ab4408000 rw-p 00000000 00:00 0 
7f6ab4408000-7f6ab440b000 ---p 00000000 00:00 0 
7f6ab440b000-7f6ab4508000 rw-p 00000000 00:00 0 
7f6ab4508000-7f6ab450b000 ---p 00000000 00:00 0 
7f6ab450b000-7f6ab4608000 rw-p 00000000 00:00 0 
7f6ab4608000-7f6ab4609000 ---p 00000000 00:00 0 
7f6ab4609000-7f6ab8000000 rw-p 00000000 00:00 0 
7f6ab8000000-7f6ab8021000 rw-p 00000000 00:00 0 
7f6ab8021000-7f6abc000000 ---p 00000000 00:00 0 
7f6abc000000-7f6abc001000 r--s 00001000 08:05 2243168                    /home/wj/.m2/repository/org/springframework/boot/spring-boot-starter/2.6.5/spring-boot-starter-2.6.5.jar
7f6abc001000-7f6abc003000 r--s 00016000 08:05 2755597                    /usr/lib/jvm/java-8-openjdk-amd64/jre/lib/jce.jar
7f6abc003000-7f6abc008000 r--s 002fa000 08:05 2755567                    /usr/lib/jvm/java-8-openjdk-amd64/jre/lib/charsets.jar
7f6abc008000-7f6abc00b000 r--s 0000f000 08:05 2755577                    /usr/lib/jvm/java-8-openjdk-amd64/jre/lib/ext/icedtea-sound.jar
7f6abc00b000-7f6abc00e000 r--s 00042000 08:05 2755587                    /usr/lib/jvm/java-8-openjdk-amd64/jre/lib/ext/sunpkcs11.jar
7f6abc00e000-7f6abc010000 r--s 00001000 08:05 2755576                    /usr/lib/jvm/java-8-openjdk-amd64/jre/lib/ext/dnsns.jar
7f6abc010000-7f6abc012000 r--s 00008000 08:05 2755581                    /usr/lib/jvm/java-8-openjdk-amd64/jre/lib/ext/sunec.jar
7f6abc012000-7f6abc02e000 r--s 00394000 08:05 2755575                    /usr/lib/jvm/java-8-openjdk-amd64/jre/lib/ext/cldrdata.jar
7f6abc02e000-7f6abc049000 r--s 001d6000 08:05 2755580                    /usr/lib/jvm/java-8-openjdk-amd64/jre/lib/ext/nashorn.jar
7f6abc049000-7f6abc299000 rw-p 00000000 00:00 0 
7f6abc299000-7f6abc46b000 r--s 03cce000 08:05 2755607                    /usr/lib/jvm/java-8-openjdk-amd64/jre/lib/rt.jar
7f6abc46b000-7f6abd000000 rw-p 00000000 00:00 0 
7f6abd000000-7f6abd550000 rwxp 00000000 00:00 0 
7f6abd550000-7f6acc000000 ---p 00000000 00:00 0 
7f6acc000000-7f6acca8f000 rw-p 00000000 00:00 0 
7f6acca8f000-7f6ad0000000 ---p 00000000 00:00 0 
7f6ad0000000-7f6ad0001000 r--s 00000000 08:05 2755604                    /usr/lib/jvm/java-8-openjdk-amd64/jre/lib/management-agent.jar
7f6ad0001000-7f6ad000b000 r--s 00117000 08:05 2755579                    /usr/lib/jvm/java-8-openjdk-amd64/jre/lib/ext/localedata.jar
7f6ad000b000-7f6ad000c000 r--s 0000a000 08:05 2755578                    /usr/lib/jvm/java-8-openjdk-amd64/jre/lib/ext/jaccess.jar
7f6ad000c000-7f6ad0012000 r--s 0003e000 08:05 2755586                    /usr/lib/jvm/java-8-openjdk-amd64/jre/lib/ext/sunjce_provider.jar
7f6ad0012000-7f6ad0014000 r--s 00010000 08:05 2755588                    /usr/lib/jvm/java-8-openjdk-amd64/jre/lib/ext/zipfs.jar
7f6ad0014000-7f6ad0016000 r--s 0000c000 08:05 2888732                    /usr/share/java/java-atk-wrapper.jar
7f6ad0016000-7f6ad001d000 r--s 000d3000 08:05 2755601                    /usr/lib/jvm/java-8-openjdk-amd64/jre/lib/jfr.jar
7f6ad001d000-7f6ad0023000 r--s 000fa000 08:05 1849657                    /home/wj/下载/ideaIU-2024.2.1/idea-IU-242.21829.142/plugins/java/lib/rt/debugger-agent.jar
7f6ad0023000-7f6ad0025000 r--p 00000000 08:05 2755537                    /usr/lib/jvm/java-8-openjdk-amd64/jre/lib/amd64/libdt_socket.so
7f6ad0025000-7f6ad0027000 r-xp 00002000 08:05 2755537                    /usr/lib/jvm/java-8-openjdk-amd64/jre/lib/amd64/libdt_socket.so
7f6ad0027000-7f6ad0028000 r--p 00004000 08:05 2755537                    /usr/lib/jvm/java-8-openjdk-amd64/jre/lib/amd64/libdt_socket.so
7f6ad0028000-7f6ad0029000 r--p 00004000 08:05 2755537                    /usr/lib/jvm/java-8-openjdk-amd64/jre/lib/amd64/libdt_socket.so
7f6ad0029000-7f6ad002a000 rw-p 00005000 08:05 2755537                    /usr/lib/jvm/java-8-openjdk-amd64/jre/lib/amd64/libdt_socket.so
7f6ad002a000-7f6ad00a5000 rw-p 00000000 00:00 0 
7f6ad00a5000-7f6ad00a6000 ---p 00000000 00:00 0 
7f6ad00a6000-7f6ad01a6000 rw-p 00000000 00:00 0 
7f6ad01a6000-7f6ad01a7000 ---p 00000000 00:00 0 
7f6ad01a7000-7f6ad02c9000 rw-p 00000000 00:00 0 
7f6ad02c9000-7f6ad04bc000 ---p 00000000 00:00 0 
7f6ad04bc000-7f6ad04de000 rw-p 00000000 00:00 0 
7f6ad04de000-7f6ad06d0000 ---p 00000000 00:00 0 
7f6ad06d0000-7f6ad06ee000 rw-p 00000000 00:00 0 
7f6ad06ee000-7f6ad07db000 ---p 00000000 00:00 0 
7f6ad07db000-7f6ad07f2000 rw-p 00000000 00:00 0 
7f6ad07f2000-7f6ad0b9c000 ---p 00000000 00:00 0 
7f6ad0b9c000-7f6ad0b9f000 r--p 00000000 08:05 2755564                    /usr/lib/jvm/java-8-openjdk-amd64/jre/lib/amd64/libzip.so
7f6ad0b9f000-7f6ad0ba4000 r-xp 00003000 08:05 2755564                    /usr/lib/jvm/java-8-openjdk-amd64/jre/lib/amd64/libzip.so
7f6ad0ba4000-7f6ad0ba6000 r--p 00008000 08:05 2755564                    /usr/lib/jvm/java-8-openjdk-amd64/jre/lib/amd64/libzip.so
7f6ad0ba6000-7f6ad0ba7000 r--p 00009000 08:05 2755564                    /usr/lib/jvm/java-8-openjdk-amd64/jre/lib/amd64/libzip.so
7f6ad0ba7000-7f6ad0ba8000 rw-p 0000a000 08:05 2755564                    /usr/lib/jvm/java-8-openjdk-amd64/jre/lib/amd64/libzip.so
7f6ad0ba8000-7f6ad0baa000 r--p 00000000 08:05 2755540                    /usr/lib/jvm/java-8-openjdk-amd64/jre/lib/amd64/libinstrument.so
7f6ad0baa000-7f6ad0bb1000 r-xp 00002000 08:05 2755540                    /usr/lib/jvm/java-8-openjdk-amd64/jre/lib/amd64/libinstrument.so
7f6ad0bb1000-7f6ad0bb4000 r--p 00009000 08:05 2755540                    /usr/lib/jvm/java-8-openjdk-amd64/jre/lib/amd64/libinstrument.so
7f6ad0bb4000-7f6ad0bb5000 r--p 0000b000 08:05 2755540                    /usr/lib/jvm/java-8-openjdk-amd64/jre/lib/amd64/libinstrument.so
7f6ad0bb5000-7f6ad0bb6000 rw-p 0000c000 08:05 2755540                    /usr/lib/jvm/java-8-openjdk-amd64/jre/lib/amd64/libinstrument.so
7f6ad0bb6000-7f6ad142e000 r--p 00000000 08:05 2623780                    /usr/lib/locale/locale-archive
7f6ad142e000-7f6ad1430000 r--p 00000000 08:05 2755550                    /usr/lib/jvm/java-8-openjdk-amd64/jre/lib/amd64/libjdwp.so
7f6ad1430000-7f6ad145c000 r-xp 00002000 08:05 2755550                    /usr/lib/jvm/java-8-openjdk-amd64/jre/lib/amd64/libjdwp.so
7f6ad145c000-7f6ad1469000 r--p 0002e000 08:05 2755550                    /usr/lib/jvm/java-8-openjdk-amd64/jre/lib/amd64/libjdwp.so
7f6ad1469000-7f6ad146a000 r--p 0003a000 08:05 2755550                    /usr/lib/jvm/java-8-openjdk-amd64/jre/lib/amd64/libjdwp.so
7f6ad146a000-7f6ad146b000 rw-p 0003b000 08:05 2755550                    /usr/lib/jvm/java-8-openjdk-amd64/jre/lib/amd64/libjdwp.so
7f6ad146b000-7f6ad1478000 r--p 00000000 08:05 2755545                    /usr/lib/jvm/java-8-openjdk-amd64/jre/lib/amd64/libjava.so
7f6ad1478000-7f6ad1490000 r-xp 0000d000 08:05 2755545                    /usr/lib/jvm/java-8-openjdk-amd64/jre/lib/amd64/libjava.so
7f6ad1490000-7f6ad1497000 r--p 00025000 08:05 2755545                    /usr/lib/jvm/java-8-openjdk-amd64/jre/lib/amd64/libjava.so
7f6ad1497000-7f6ad1498000 r--p 0002b000 08:05 2755545                    /usr/lib/jvm/java-8-openjdk-amd64/jre/lib/amd64/libjava.so
7f6ad1498000-7f6ad149a000 rw-p 0002c000 08:05 2755545                    /usr/lib/jvm/java-8-openjdk-amd64/jre/lib/amd64/libjava.so
7f6ad149a000-7f6ad149f000 r--p 00000000 08:05 2755563                    /usr/lib/jvm/java-8-openjdk-amd64/jre/lib/amd64/libverify.so
7f6ad149f000-7f6ad14a8000 r-xp 00005000 08:05 2755563                    /usr/lib/jvm/java-8-openjdk-amd64/jre/lib/amd64/libverify.so
7f6ad14a8000-7f6ad14aa000 r--p 0000e000 08:05 2755563                    /usr/lib/jvm/java-8-openjdk-amd64/jre/lib/amd64/libverify.so
7f6ad14aa000-7f6ad14ac000 r--p 0000f000 08:05 2755563                    /usr/lib/jvm/java-8-openjdk-amd64/jre/lib/amd64/libverify.so
7f6ad14ac000-7f6ad14ad000 rw-p 00011000 08:05 2755563                    /usr/lib/jvm/java-8-openjdk-amd64/jre/lib/amd64/libverify.so
7f6ad14ad000-7f6ad14ae000 r--p 00000000 08:05 2623930                    /usr/lib/x86_64-linux-gnu/librt.so.1
7f6ad14ae000-7f6ad14af000 r-xp 00001000 08:05 2623930                    /usr/lib/x86_64-linux-gnu/librt.so.1
7f6ad14af000-7f6ad14b0000 r--p 00002000 08:05 2623930                    /usr/lib/x86_64-linux-gnu/librt.so.1
7f6ad14b0000-7f6ad14b1000 r--p 00002000 08:05 2623930                    /usr/lib/x86_64-linux-gnu/librt.so.1
7f6ad14b1000-7f6ad14b2000 rw-p 00003000 08:05 2623930                    /usr/lib/x86_64-linux-gnu/librt.so.1
7f6ad14b2000-7f6ad14b3000 ---p 00000000 00:00 0 
7f6ad14b3000-7f6ad14b6000 ---p 00000000 00:00 0 
7f6ad14b6000-7f6ad15b3000 rw-p 00000000 00:00 0 
7f6ad15b3000-7f6ad15b6000 r--p 00000000 08:05 2623667                    /usr/lib/x86_64-linux-gnu/libgcc_s.so.1
7f6ad15b6000-7f6ad15c8000 r-xp 00003000 08:05 2623667                    /usr/lib/x86_64-linux-gnu/libgcc_s.so.1
7f6ad15c8000-7f6ad15cc000 r--p 00015000 08:05 2623667                    /usr/lib/x86_64-linux-gnu/libgcc_s.so.1
7f6ad15cc000-7f6ad15cd000 r--p 00018000 08:05 2623667                    /usr/lib/x86_64-linux-gnu/libgcc_s.so.1
7f6ad15cd000-7f6ad15ce000 rw-p 00019000 08:05 2623667                    /usr/lib/x86_64-linux-gnu/libgcc_s.so.1
7f6ad15ce000-7f6ad15dc000 r--p 00000000 08:05 2623910                    /usr/lib/x86_64-linux-gnu/libm.so.6
7f6ad15dc000-7f6ad1658000 r-xp 0000e000 08:05 2623910                    /usr/lib/x86_64-linux-gnu/libm.so.6
7f6ad1658000-7f6ad16b3000 r--p 0008a000 08:05 2623910                    /usr/lib/x86_64-linux-gnu/libm.so.6
7f6ad16b3000-7f6ad16b4000 r--p 000e4000 08:05 2623910                    /usr/lib/x86_64-linux-gnu/libm.so.6
7f6ad16b4000-7f6ad16b5000 rw-p 000e5000 08:05 2623910                    /usr/lib/x86_64-linux-gnu/libm.so.6
7f6ad16b5000-7f6ad174b000 r--p 00000000 08:05 2623640                    /usr/lib/x86_64-linux-gnu/libstdc++.so.6.0.28
7f6ad174b000-7f6ad183c000 r-xp 00096000 08:05 2623640                    /usr/lib/x86_64-linux-gnu/libstdc++.so.6.0.28
7f6ad183c000-7f6ad1885000 r--p 00187000 08:05 2623640                    /usr/lib/x86_64-linux-gnu/libstdc++.so.6.0.28
7f6ad1885000-7f6ad1886000 ---p 001d0000 08:05 2623640                    /usr/lib/x86_64-linux-gnu/libstdc++.so.6.0.28
7f6ad1886000-7f6ad1891000 r--p 001d0000 08:05 2623640                    /usr/lib/x86_64-linux-gnu/libstdc++.so.6.0.28
7f6ad1891000-7f6ad1894000 rw-p 001db000 08:05 2623640                    /usr/lib/x86_64-linux-gnu/libstdc++.so.6.0.28
7f6ad1894000-7f6ad1897000 rw-p 00000000 00:00 0 
7f6ad1897000-7f6ad1a8d000 r--p 00000000 08:05 2755566                    /usr/lib/jvm/java-8-openjdk-amd64/jre/lib/amd64/server/libjvm.so
7f6ad1a8d000-7f6ad23f9000 r-xp 001f6000 08:05 2755566                    /usr/lib/jvm/java-8-openjdk-amd64/jre/lib/amd64/server/libjvm.so
7f6ad23f9000-7f6ad25ac000 r--p 00b62000 08:05 2755566                    /usr/lib/jvm/java-8-openjdk-amd64/jre/lib/amd64/server/libjvm.so
7f6ad25ac000-7f6ad25ad000 ---p 00d15000 08:05 2755566                    /usr/lib/jvm/java-8-openjdk-amd64/jre/lib/amd64/server/libjvm.so
7f6ad25ad000-7f6ad2643000 r--p 00d15000 08:05 2755566                    /usr/lib/jvm/java-8-openjdk-amd64/jre/lib/amd64/server/libjvm.so
7f6ad2643000-7f6ad266c000 rw-p 00dab000 08:05 2755566                    /usr/lib/jvm/java-8-openjdk-amd64/jre/lib/amd64/server/libjvm.so
7f6ad266c000-7f6ad26a3000 rw-p 00000000 00:00 0 
7f6ad26a3000-7f6ad26cb000 r--p 00000000 08:05 2623905                    /usr/lib/x86_64-linux-gnu/libc.so.6
7f6ad26cb000-7f6ad2860000 r-xp 00028000 08:05 2623905                    /usr/lib/x86_64-linux-gnu/libc.so.6
7f6ad2860000-7f6ad28b8000 r--p 001bd000 08:05 2623905                    /usr/lib/x86_64-linux-gnu/libc.so.6
7f6ad28b8000-7f6ad28bc000 r--p 00214000 08:05 2623905                    /usr/lib/x86_64-linux-gnu/libc.so.6
7f6ad28bc000-7f6ad28be000 rw-p 00218000 08:05 2623905                    /usr/lib/x86_64-linux-gnu/libc.so.6
7f6ad28be000-7f6ad28cb000 rw-p 00000000 00:00 0 
7f6ad28cb000-7f6ad28cc000 r--p 00000000 08:05 2623908                    /usr/lib/x86_64-linux-gnu/libdl.so.2
7f6ad28cc000-7f6ad28cd000 r-xp 00001000 08:05 2623908                    /usr/lib/x86_64-linux-gnu/libdl.so.2
7f6ad28cd000-7f6ad28ce000 r--p 00002000 08:05 2623908                    /usr/lib/x86_64-linux-gnu/libdl.so.2
7f6ad28ce000-7f6ad28cf000 r--p 00002000 08:05 2623908                    /usr/lib/x86_64-linux-gnu/libdl.so.2
7f6ad28cf000-7f6ad28d0000 rw-p 00003000 08:05 2623908                    /usr/lib/x86_64-linux-gnu/libdl.so.2
7f6ad28d0000-7f6ad28d3000 r--p 00000000 08:05 2755529                    /usr/lib/jvm/java-8-openjdk-amd64/jre/lib/amd64/jli/libjli.so
7f6ad28d3000-7f6ad28dd000 r-xp 00003000 08:05 2755529                    /usr/lib/jvm/java-8-openjdk-amd64/jre/lib/amd64/jli/libjli.so
7f6ad28dd000-7f6ad28e0000 r--p 0000d000 08:05 2755529                    /usr/lib/jvm/java-8-openjdk-amd64/jre/lib/amd64/jli/libjli.so
7f6ad28e0000-7f6ad28e1000 r--p 0000f000 08:05 2755529                    /usr/lib/jvm/java-8-openjdk-amd64/jre/lib/amd64/jli/libjli.so
7f6ad28e1000-7f6ad28e2000 rw-p 00010000 08:05 2755529                    /usr/lib/jvm/java-8-openjdk-amd64/jre/lib/amd64/jli/libjli.so
7f6ad28e2000-7f6ad28e4000 r--p 00000000 08:05 2628913                    /usr/lib/x86_64-linux-gnu/libz.so.1.2.11
7f6ad28e4000-7f6ad28f5000 r-xp 00002000 08:05 2628913                    /usr/lib/x86_64-linux-gnu/libz.so.1.2.11
7f6ad28f5000-7f6ad28fb000 r--p 00013000 08:05 2628913                    /usr/lib/x86_64-linux-gnu/libz.so.1.2.11
7f6ad28fb000-7f6ad28fc000 ---p 00019000 08:05 2628913                    /usr/lib/x86_64-linux-gnu/libz.so.1.2.11
7f6ad28fc000-7f6ad28fd000 r--p 00019000 08:05 2628913                    /usr/lib/x86_64-linux-gnu/libz.so.1.2.11
7f6ad28fd000-7f6ad28fe000 rw-p 0001a000 08:05 2628913                    /usr/lib/x86_64-linux-gnu/libz.so.1.2.11
7f6ad28fe000-7f6ad28ff000 r--p 00000000 08:05 2623926                    /usr/lib/x86_64-linux-gnu/libpthread.so.0
7f6ad28ff000-7f6ad2900000 r-xp 00001000 08:05 2623926                    /usr/lib/x86_64-linux-gnu/libpthread.so.0
7f6ad2900000-7f6ad2901000 r--p 00002000 08:05 2623926                    /usr/lib/x86_64-linux-gnu/libpthread.so.0
7f6ad2901000-7f6ad2902000 r--p 00002000 08:05 2623926                    /usr/lib/x86_64-linux-gnu/libpthread.so.0
7f6ad2902000-7f6ad2903000 rw-p 00003000 08:05 2623926                    /usr/lib/x86_64-linux-gnu/libpthread.so.0
7f6ad2903000-7f6ad290b000 rw-s 00000000 08:05 917532                     /tmp/hsperfdata_wj/82898
7f6ad290b000-7f6ad290c000 r--p 00000000 08:05 2755558                    /usr/lib/jvm/java-8-openjdk-amd64/jre/lib/amd64/libnpt.so
7f6ad290c000-7f6ad290e000 r-xp 00001000 08:05 2755558                    /usr/lib/jvm/java-8-openjdk-amd64/jre/lib/amd64/libnpt.so
7f6ad290e000-7f6ad290f000 r--p 00003000 08:05 2755558                    /usr/lib/jvm/java-8-openjdk-amd64/jre/lib/amd64/libnpt.so
7f6ad290f000-7f6ad2910000 r--p 00003000 08:05 2755558                    /usr/lib/jvm/java-8-openjdk-amd64/jre/lib/amd64/libnpt.so
7f6ad2910000-7f6ad2911000 rw-p 00004000 08:05 2755558                    /usr/lib/jvm/java-8-openjdk-amd64/jre/lib/amd64/libnpt.so
7f6ad2911000-7f6ad2914000 rw-p 00000000 00:00 0 
7f6ad2914000-7f6ad2918000 r--p 00000000 00:00 0                          [vvar]
7f6ad2918000-7f6ad291a000 r-xp 00000000 00:00 0                          [vdso]
7f6ad291a000-7f6ad291c000 r--p 00000000 08:05 2622080                    /usr/lib/x86_64-linux-gnu/ld-linux-x86-64.so.2
7f6ad291c000-7f6ad2946000 r-xp 00002000 08:05 2622080                    /usr/lib/x86_64-linux-gnu/ld-linux-x86-64.so.2
7f6ad2946000-7f6ad2951000 r--p 0002c000 08:05 2622080                    /usr/lib/x86_64-linux-gnu/ld-linux-x86-64.so.2
7f6ad2951000-7f6ad2952000 r--p 00000000 00:00 0 
7f6ad2952000-7f6ad2954000 r--p 00037000 08:05 2622080                    /usr/lib/x86_64-linux-gnu/ld-linux-x86-64.so.2
7f6ad2954000-7f6ad2956000 rw-p 00039000 08:05 2622080                    /usr/lib/x86_64-linux-gnu/ld-linux-x86-64.so.2
7fff57993000-7fff579b6000 rw-p 00000000 00:00 0                          [stack]
ffffffffff600000-ffffffffff601000 --xp 00000000 00:00 0                  [vsyscall]

VM Arguments:
jvm_args: -agentlib:jdwp=transport=dt_socket,address=127.0.0.1:33981,suspend=y,server=n -javaagent:/home/wj/下载/ideaIU-2024.2.1/idea-IU-242.21829.142/plugins/java/lib/rt/debugger-agent.jar -Dkotlinx.coroutines.debug.enable.creation.stack.trace=false -Ddebugger.agent.enable.coroutines=true -Dfile.encoding=UTF-8 
java_command: com.example.base.entities.wallet.MockWalletAndTransactions
java_class_path (initial): /usr/lib/jvm/java-1.8.0-openjdk-amd64/jre/lib/charsets.jar:/usr/lib/jvm/java-1.8.0-openjdk-amd64/jre/lib/ext/cldrdata.jar:/usr/lib/jvm/java-1.8.0-openjdk-amd64/jre/lib/ext/dnsns.jar:/usr/lib/jvm/java-1.8.0-openjdk-amd64/jre/lib/ext/icedtea-sound.jar:/usr/lib/jvm/java-1.8.0-openjdk-amd64/jre/lib/ext/jaccess.jar:/usr/lib/jvm/java-1.8.0-openjdk-amd64/jre/lib/ext/java-atk-wrapper.jar:/usr/lib/jvm/java-1.8.0-openjdk-amd64/jre/lib/ext/localedata.jar:/usr/lib/jvm/java-1.8.0-openjdk-amd64/jre/lib/ext/nashorn.jar:/usr/lib/jvm/java-1.8.0-openjdk-amd64/jre/lib/ext/sunec.jar:/usr/lib/jvm/java-1.8.0-openjdk-amd64/jre/lib/ext/sunjce_provider.jar:/usr/lib/jvm/java-1.8.0-openjdk-amd64/jre/lib/ext/sunpkcs11.jar:/usr/lib/jvm/java-1.8.0-openjdk-amd64/jre/lib/ext/zipfs.jar:/usr/lib/jvm/java-1.8.0-openjdk-amd64/jre/lib/jce.jar:/usr/lib/jvm/java-1.8.0-openjdk-amd64/jre/lib/jfr.jar:/usr/lib/jvm/java-1.8.0-openjdk-amd64/jre/lib/jsse.jar:/usr/lib/jvm/java-1.8.0-openjdk-amd64/jre/lib/management-agent.jar:/usr/lib/jvm/java-1.8.0-openjdk-amd64/jre/lib/resources.jar:/usr/lib/jvm/java-1.8.0-openjdk-amd64/jre/lib/rt.jar:/home/wj/dockerAFLdemo/pofChain/pof-base/target/classes:/home/wj/.m2/repository/org/springframework/boot/spring-boot-starter/2.6.5/spring-boot-starter-2.6.5.jar:/home/wj/.m2/repository/org/springframework/boot/spring-boot/2.6.5/spring-boot-2.6.5.jar:/home/wj/.m2/repository/org/springframework/spring-context/5.3.17/spring-context-5.3.17.jar:/home/wj/.m2/repository/org/springframework/boot/spring-boot-autoconfigure/2.6.5/spring-boot-autoconfigure-2.6.5.jar:/home/wj/.m2/repository/org/springframework/boot/spring-boot-starter-logging/2.6.5/spring-boot-starter-logging-2.6.5.jar:/home/wj/.m2/repository/ch/qos/logback/logback-classic/1.2.11/logback-classic-1.2.11.jar:/home/wj/.m2/repository/ch/qos/logback/logback-core/1.2.11/logback-core-1.2.11.jar:/home/wj/.m2/repository/org/apache/logging/log4j/log4j-to-slf4j/2.17.2/log4j-to-slf4j-2.17.2.jar:/home/wj/.m2/re
Launcher Type: SUN_STANDARD

Environment Variables:
PATH=/usr/local/sbin:/usr/local/bin:/usr/sbin:/usr/bin:/sbin:/bin:/usr/games:/usr/local/games:/snap/bin
USERNAME=wj
SHELL=/bin/bash
DISPLAY=:0

Signal Handlers:
SIGSEGV: [libjvm.so+0xb3b440], sa_mask[0]=11111111011111111101111111111110, sa_flags=SA_RESTART|SA_SIGINFO
SIGBUS: [libjvm.so+0xb3b440], sa_mask[0]=11111111011111111101111111111110, sa_flags=SA_RESTART|SA_SIGINFO
SIGFPE: [libjvm.so+0x97e0b0], sa_mask[0]=11111111011111111101111111111110, sa_flags=SA_RESTART|SA_SIGINFO
SIGPIPE: [libjvm.so+0x97e0b0], sa_mask[0]=11111111011111111101111111111110, sa_flags=SA_RESTART|SA_SIGINFO
SIGXFSZ: [libjvm.so+0x97e0b0], sa_mask[0]=11111111011111111101111111111110, sa_flags=SA_RESTART|SA_SIGINFO
SIGILL: [libjvm.so+0x97e0b0], sa_mask[0]=11111111011111111101111111111110, sa_flags=SA_RESTART|SA_SIGINFO
SIGUSR1: SIG_DFL, sa_mask[0]=00000000000000000000000000000000, sa_flags=none
SIGUSR2: [libjvm.so+0x97e3e0], sa_mask[0]=00000000000000000000000000000000, sa_flags=SA_RESTART|SA_SIGINFO
SIGHUP: [libjvm.so+0x97e330], sa_mask[0]=11111111011111111101111111111110, sa_flags=SA_RESTART|SA_SIGINFO
SIGINT: [libjvm.so+0x97e330], sa_mask[0]=11111111011111111101111111111110, sa_flags=SA_RESTART|SA_SIGINFO
SIGTERM: [libjvm.so+0x97e330], sa_mask[0]=11111111011111111101111111111110, sa_flags=SA_RESTART|SA_SIGINFO
SIGQUIT: [libjvm.so+0x97e330], sa_mask[0]=11111111011111111101111111111110, sa_flags=SA_RESTART|SA_SIGINFO


---------------  S Y S T E M  ---------------

OS:DISTRIB_ID=Ubuntu
DISTRIB_RELEASE=20.04
DISTRIB_CODENAME=focal
DISTRIB_DESCRIPTION="Ubuntu 20.04.6 LTS"

uname:Linux 5.15.0-130-generic #140~20.04.1-Ubuntu SMP Wed Dec 18 21:35:34 UTC 2024 x86_64
libc:glibc 2.35 NPTL 2.35 
rlimit: STACK 8192k, CORE 0k, NPROC 25192, NOFILE 1048576, AS infinity
load average:2.87 2.38 2.07

/proc/meminfo:
MemTotal:        6543344 kB
MemFree:          194908 kB
MemAvailable:     994796 kB
Buffers:           73396 kB
Cached:           879668 kB
SwapCached:        41000 kB
Active:          3091272 kB
Inactive:        2377200 kB
Active(anon):    2557060 kB
Inactive(anon):  1961676 kB
Active(file):     534212 kB
Inactive(file):   415524 kB
Unevictable:          16 kB
Mlocked:              16 kB
SwapTotal:       2097148 kB
SwapFree:        1199412 kB
Dirty:               516 kB
Writeback:             0 kB
AnonPages:       4500272 kB
Mapped:           343340 kB
Shmem:              3328 kB
KReclaimable:     137844 kB
Slab:             276860 kB
SReclaimable:     137844 kB
SUnreclaim:       139016 kB
KernelStack:       13304 kB
PageTables:        29760 kB
NFS_Unstable:          0 kB
Bounce:                0 kB
WritebackTmp:          0 kB
CommitLimit:     5368820 kB
Committed_AS:    9201864 kB
VmallocTotal:   34359738367 kB
VmallocUsed:       77284 kB
VmallocChunk:          0 kB
Percpu:           141824 kB
HardwareCorrupted:     0 kB
AnonHugePages:         0 kB
ShmemHugePages:        0 kB
ShmemPmdMapped:        0 kB
FileHugePages:         0 kB
FilePmdMapped:         0 kB
HugePages_Total:       0
HugePages_Free:        0
HugePages_Rsvd:        0
HugePages_Surp:        0
Hugepagesize:       2048 kB
Hugetlb:               0 kB
DirectMap4k:      468800 kB
DirectMap2M:     6346752 kB
DirectMap1G:           0 kB

container (cgroup) information:
container_type: cgroupv1
cpu_cpuset_cpus: 0-1
cpu_memory_nodes: 0
active_processor_count: 2
cpu_quota: -1
cpu_period: 100000
cpu_shares: -1
memory_limit_in_bytes: -1
memory_and_swap_limit_in_bytes: -1
memory_soft_limit_in_bytes: -1
memory_usage_in_bytes: 5097005056
memory_max_usage_in_bytes: 5352349696


CPU:total 2 (initial active 2) (1 cores per cpu, 1 threads per core) family 6 model 191 stepping 2, cmov, cx8, fxsr, mmx, sse, sse2, sse3, ssse3, sse4.1, sse4.2, popcnt, avx, avx2, aes, clmul, erms, 3dnowpref, lzcnt, tsc, tscinvbit, bmi1, bmi2, adx

/proc/cpuinfo:
processor	: 0
vendor_id	: GenuineIntel
cpu family	: 6
model		: 191
model name	: 13th Gen Intel(R) Core(TM) i5-13500HX
stepping	: 2
microcode	: 0x34
cpu MHz		: 2688.005
cache size	: 24576 KB
physical id	: 0
siblings	: 1
core id		: 0
cpu cores	: 1
apicid		: 0
initial apicid	: 0
fpu		: yes
fpu_exception	: yes
cpuid level	: 32
wp		: yes
flags		: fpu vme de pse tsc msr pae mce cx8 apic sep mtrr pge mca cmov pat pse36 clflush mmx fxsr sse sse2 ss syscall nx pdpe1gb rdtscp lm constant_tsc arch_perfmon rep_good nopl xtopology tsc_reliable nonstop_tsc cpuid tsc_known_freq pni pclmulqdq ssse3 fma cx16 sse4_1 sse4_2 x2apic movbe popcnt tsc_deadline_timer aes xsave avx f16c rdrand hypervisor lahf_lm abm 3dnowprefetch ssbd ibrs ibpb stibp ibrs_enhanced fsgsbase tsc_adjust bmi1 avx2 smep bmi2 erms invpcid rdseed adx smap clflushopt clwb sha_ni xsaveopt xsavec xgetbv1 xsaves avx_vnni arat umip pku ospke gfni vaes vpclmulqdq rdpid movdiri movdir64b fsrm md_clear serialize flush_l1d arch_capabilities
bugs		: spectre_v1 spectre_v2 spec_store_bypass swapgs itlb_multihit mmio_unknown eibrs_pbrsb rfds bhi
bogomips	: 5376.01
clflush size	: 64
cache_alignment	: 64
address sizes	: 45 bits physical, 48 bits virtual
power management:

processor	: 1
vendor_id	: GenuineIntel
cpu family	: 6
model		: 191
model name	: 13th Gen Intel(R) Core(TM) i5-13500HX
stepping	: 2
microcode	: 0x34
cpu MHz		: 2688.005
cache size	: 24576 KB
physical id	: 2
siblings	: 1
core id		: 0
cpu cores	: 1
apicid		: 2
initial apicid	: 2
fpu		: yes
fpu_exception	: yes
cpuid level	: 32
wp		: yes
flags		: fpu vme de pse tsc msr pae mce cx8 apic sep mtrr pge mca cmov pat pse36 clflush mmx fxsr sse sse2 ss syscall nx pdpe1gb rdtscp lm constant_tsc arch_perfmon rep_good nopl xtopology tsc_reliable nonstop_tsc cpuid tsc_known_freq pni pclmulqdq ssse3 fma cx16 sse4_1 sse4_2 x2apic movbe popcnt tsc_deadline_timer aes xsave avx f16c rdrand hypervisor lahf_lm abm 3dnowprefetch ssbd ibrs ibpb stibp ibrs_enhanced fsgsbase tsc_adjust bmi1 avx2 smep bmi2 erms invpcid rdseed adx smap clflushopt clwb sha_ni xsaveopt xsavec xgetbv1 xsaves avx_vnni arat umip pku ospke gfni vaes vpclmulqdq rdpid movdiri movdir64b fsrm md_clear serialize flush_l1d arch_capabilities
bugs		: spectre_v1 spectre_v2 spec_store_bypass swapgs itlb_multihit mmio_unknown eibrs_pbrsb rfds bhi
bogomips	: 5376.01
clflush size	: 64
cache_alignment	: 64
address sizes	: 45 bits physical, 48 bits virtual
power management:



Memory: 4k page, physical 6543344k(194908k free), swap 2097148k(1199412k free)

vm_info: OpenJDK 64-Bit Server VM (25.442-b06) for linux-amd64 JRE (1.8.0_442-8u442-b06~us1-0ubuntu1~20.04-b06), built on Jan 26 2025 07:38:16 by "buildd" with gcc 9.4.0

time: Thu Feb  6 21:35:20 2025
timezone: CST
elapsed time: 573.132242 seconds (0d 0h 9m 33s)

