#
# A fatal error has been detected by the Java Runtime Environment:
#
#  SIGSEGV (0xb) at pc=0x00007fc5b0ffc4f3, pid=921843, tid=0x00007fc57a3fe640
#
# JRE version: OpenJDK Runtime Environment (8.0_422-b05) (build 1.8.0_422-8u422-b05-1~20.04-b05)
# Java VM: OpenJDK 64-Bit Server VM (25.422-b05 mixed mode linux-amd64 compressed oops)
# Problematic frame:
# C  [librocksdbjni5113096278811014476.so+0x3fc4f3]  rocksdb::DBImpl::FailIfCfHasTs(rocksdb::ColumnFamilyHandle const*) const+0x23
#
# Failed to write core dump. Core dumps have been disabled. To enable core dumping, try "ulimit -c unlimited" before starting Java again
#
# If you would like to submit a bug report, please visit:
#   http://bugreport.java.com/bugreport/crash.jsp
# The crash happened outside the Java Virtual Machine in native code.
# See problematic frame for where to report the bug.
#

---------------  T H R E A D  ---------------

Current thread (0x00007fc57c04a000):  JavaThread "Thread-28" daemon [_thread_in_native, id=921997, stack(0x00007fc57a2ff000,0x00007fc57a3ff000)]

siginfo: si_signo: 11 (SIGSEGV), si_code: 1 (SEGV_MAPERR), si_addr: 0x0000000000000000

Registers:
RAX=0x0000000000000000, RBX=0x00007fc57a3fd150, RCX=0x0000000000000000, RDX=0x0000000000000000
RSP=0x00007fc57a3fcd60, RBP=0x00007fc57a3fcf30, RSI=0x00007fc5c4c26780, RDI=0x00007fc5c4c26780
R8 =0x00007fc57a3fd270, R9 =0x00007fc57a3fd490, R10=0x00007fc5b50183fb, R11=0x00007fc5cb21fe30
R12=0x0000000000000000, R13=0x00007fc57a3fd490, R14=0x00007fc57a3fd310, R15=0x00007fc5c4c26780
RIP=0x00007fc5b0ffc4f3, EFLAGS=0x0000000000010246, CSGSFS=0x002b000000000033, ERR=0x0000000000000004
  TRAPNO=0x000000000000000e

Top of Stack: (sp=0x00007fc57a3fcd60)
0x00007fc57a3fcd60:   00000000c3600690 00007fc5b517a914
0x00007fc57a3fcd70:   00007fc57a3fcf80 00007fc5b51c0bf4
0x00007fc57a3fcd80:   00007fc57a3fd608 00007fc5b517a2cc
0x00007fc57a3fcd90:   00000000c3600690 00007fc5b5114ff4
0x00007fc57a3fcda0:   00000000ef242d88 0000000100000002
0x00007fc57a3fcdb0:   00000000c38f4868 00000000ef23a358
0x00007fc57a3fcdc0:   0000000000000001 00000000ef242d88
0x00007fc57a3fcdd0:   00000000ef23a358 00007fc57c04a000
0x00007fc57a3fcde0:   00007fc57a3fd608 0000000100015910
0x00007fc57a3fcdf0:   00000000c38f48b0 00007fc57c04a000
0x00007fc57a3fce00:   00007fc57c04a000 00007fc57a3fceb0
0x00007fc57a3fce10:   00007fc57c04a000 00007fc57a3fce50
0x00007fc57a3fce20:   00000000ef242d88 00000000c3eead30
0x00007fc57a3fce30:   00000000edffdb30 0000002000000000
0x00007fc57a3fce40:   00000000ed051f28 00000000c3eead30
0x00007fc57a3fce50:   00007fc57a3fd608 00007fc5b54d2cb4
0x00007fc57a3fce60:   00007fc57a3fd698 b3e702e73c1a2800
0x00007fc57a3fce70:   00000000ed051f00 00007fc57c04a000
0x00007fc57a3fce80:   0000000000000000 00000000ef242d88
0x00007fc57a3fce90:   00000000c38f4850 00007fc5ffffffff
0x00007fc57a3fcea0:   00007fc57a3fcf80 00007fc5b51c0154
0x00007fc57a3fceb0:   00007fc57a3fd608 00007fc5b551ef34
0x00007fc57a3fcec0:   00007fc57a3fcf40 00007fc5cb22983e
0x00007fc57a3fced0:   00007fc5c9280358 0000000000000000
0x00007fc57a3fcee0:   00000000ef23a650 00000000ef242d88
0x00007fc57a3fcef0:   00007fc57a3fcf80 00007fc5b50004e7
0x00007fc57a3fcf00:   00000000c38f4818 00007fc57a3fd310
0x00007fc57a3fcf10:   00007fc57a3fd270 00007fc57a3fd490
0x00007fc57a3fcf20:   00007fc57a3fd310 00007fc5c4c26780
0x00007fc57a3fcf30:   00007fc57a3fd260 00007fc5b101df95
0x00007fc57a3fcf40:   00007fc57c04a000 00007fc5c90ce3d8
0x00007fc57a3fcf50:   00007fc57a3fd020 00007fc57a3fd248 

Instructions: (pc=0x00007fc5b0ffc4f3)
0x00007fc5b0ffc4d3:   e5 41 57 41 56 41 55 41 54 49 89 d4 53 48 89 fb
0x00007fc5b0ffc4e3:   48 81 ec a8 01 00 00 48 85 d2 0f 84 45 03 00 00
0x00007fc5b0ffc4f3:   49 8b 04 24 4c 89 e7 ff 50 28 48 83 78 28 00 75
0x00007fc5b0ffc503:   34 c6 03 00 c6 43 01 00 c6 43 02 00 c6 43 03 00 

Register to memory mapping:

RAX=0x0000000000000000 is an unknown value
RBX=0x00007fc57a3fd150 is pointing into the stack for thread: 0x00007fc57c04a000
RCX=0x0000000000000000 is an unknown value
RDX=0x0000000000000000 is an unknown value
RSP=0x00007fc57a3fcd60 is pointing into the stack for thread: 0x00007fc57c04a000
RBP=0x00007fc57a3fcf30 is pointing into the stack for thread: 0x00007fc57c04a000
RSI=0x00007fc5c4c26780 is an unknown value
RDI=0x00007fc5c4c26780 is an unknown value
R8 =0x00007fc57a3fd270 is pointing into the stack for thread: 0x00007fc57c04a000
R9 =0x00007fc57a3fd490 is pointing into the stack for thread: 0x00007fc57c04a000
R10=0x00007fc5b50183fb is at code_begin+859 in an Interpreter codelet
method entry point (kind = native)  [0x00007fc5b50180a0, 0x00007fc5b5018a40]  2464 bytes
R11=0x00007fc5cb21fe30: <offset 0xa2be30> in /usr/lib/jvm/java-8-openjdk-amd64/jre/lib/amd64/server/libjvm.so at 0x00007fc5ca7f4000
R12=0x0000000000000000 is an unknown value
R13=0x00007fc57a3fd490 is pointing into the stack for thread: 0x00007fc57c04a000
R14=0x00007fc57a3fd310 is pointing into the stack for thread: 0x00007fc57c04a000
R15=0x00007fc5c4c26780 is an unknown value


Stack: [0x00007fc57a2ff000,0x00007fc57a3ff000],  sp=0x00007fc57a3fcd60,  free space=1015k
Native frames: (J=compiled Java code, j=interpreted, Vv=VM code, C=native code)
C  [librocksdbjni5113096278811014476.so+0x3fc4f3]  rocksdb::DBImpl::FailIfCfHasTs(rocksdb::ColumnFamilyHandle const*) const+0x23
C  [librocksdbjni5113096278811014476.so+0x41df95]  rocksdb::DBImpl::GetImpl(rocksdb::ReadOptions const&, rocksdb::Slice const&, rocksdb::DBImpl::GetImplOptions&)+0x7d5
C  [librocksdbjni5113096278811014476.so+0x4011d2]  rocksdb::DBImpl::GetImpl(rocksdb::ReadOptions const&, rocksdb::ColumnFamilyHandle*, rocksdb::Slice const&, rocksdb::PinnableSlice*, std::string*)+0x52
C  [librocksdbjni5113096278811014476.so+0x401310]  rocksdb::DBImpl::Get(rocksdb::ReadOptions const&, rocksdb::ColumnFamilyHandle*, rocksdb::Slice const&, rocksdb::PinnableSlice*, std::string*)+0x110
C  [librocksdbjni5113096278811014476.so+0x3fd457]  rocksdb::DBImpl::Get(rocksdb::ReadOptions const&, rocksdb::ColumnFamilyHandle*, rocksdb::Slice const&, rocksdb::PinnableSlice*)+0x17
C  [librocksdbjni5113096278811014476.so+0x2e0054]  rocksdb_get_helper(JNIEnv_*, rocksdb::DB*, rocksdb::ReadOptions const&, rocksdb::ColumnFamilyHandle*, _jbyteArray*, int, int)+0x244
C  [librocksdbjni5113096278811014476.so+0x2e01a5]  Java_org_rocksdb_RocksDB_get__J_3BII+0xe5
j  org.rocksdb.RocksDB.get(J[BII)[B+0
j  org.rocksdb.RocksDB.get([B)[B+9
j  com.example.base.store.RocksDBStore.get(Ljava/lang/String;)Ljava/util/Optional;+8
j  com.example.web.service.BlockServiceImpl.getLatestBlock()Lcom/example/base/entities/Block;+14
j  com.example.web.service.BlockServiceImpl.executeCommand()V+194
j  com.example.web.service.BlockServiceImpl.lambda$startMining$0()V+11
j  com.example.web.service.BlockServiceImpl$$Lambda$602.run()V+4
j  java.lang.Thread.run()V+11
v  ~StubRoutines::call_stub
V  [libjvm.so+0x6a7575]
V  [libjvm.so+0x6a4cbf]
V  [libjvm.so+0x6a52b4]
V  [libjvm.so+0x74b250]
V  [libjvm.so+0xadf39f]
V  [libjvm.so+0xadf693]
V  [libjvm.so+0x9804d0]
C  [libc.so.6+0x94b43]

Java frames: (J=compiled Java code, j=interpreted, Vv=VM code)
j  org.rocksdb.RocksDB.get(J[BII)[B+0
j  org.rocksdb.RocksDB.get([B)[B+9
j  com.example.base.store.RocksDBStore.get(Ljava/lang/String;)Ljava/util/Optional;+8
j  com.example.web.service.BlockServiceImpl.getLatestBlock()Lcom/example/base/entities/Block;+14
j  com.example.web.service.BlockServiceImpl.executeCommand()V+194
j  com.example.web.service.BlockServiceImpl.lambda$startMining$0()V+11
j  com.example.web.service.BlockServiceImpl$$Lambda$602.run()V+4
j  java.lang.Thread.run()V+11
v  ~StubRoutines::call_stub

---------------  P R O C E S S  ---------------

Java Threads: ( => current thread )
=>0x00007fc57c04a000 JavaThread "Thread-28" daemon [_thread_in_native, id=921997, stack(0x00007fc57a2ff000,0x00007fc57a3ff000)]
  0x00007fc588005000 JavaThread "RMI TCP Connection(idle)" daemon [_thread_blocked, id=921983, stack(0x00007fc5791ff000,0x00007fc5792ff000)]
  0x00007fc5c400e000 JavaThread "DestroyJavaVM" [_thread_blocked, id=921844, stack(0x00007fc5ca410000,0x00007fc5ca510000)]
  0x00007fc5c4dbf800 JavaThread "http-nio-127.0.0.1-8001-Acceptor" daemon [_thread_in_native, id=921979, stack(0x00007fc5792ff000,0x00007fc5793ff000)]
  0x00007fc5c4da2800 JavaThread "http-nio-127.0.0.1-8001-Poller" daemon [_thread_in_native, id=921978, stack(0x00007fc5793ff000,0x00007fc5794ff000)]
  0x00007fc5c4da0000 JavaThread "http-nio-127.0.0.1-8001-exec-10" daemon [_thread_blocked, id=921977, stack(0x00007fc5794ff000,0x00007fc5795ff000)]
  0x00007fc5c4d9e000 JavaThread "http-nio-127.0.0.1-8001-exec-9" daemon [_thread_blocked, id=921976, stack(0x00007fc5795ff000,0x00007fc5796ff000)]
  0x00007fc5c4d9c000 JavaThread "http-nio-127.0.0.1-8001-exec-8" daemon [_thread_blocked, id=921975, stack(0x00007fc5796ff000,0x00007fc5797ff000)]
  0x00007fc5c4d9a000 JavaThread "http-nio-127.0.0.1-8001-exec-7" daemon [_thread_blocked, id=921974, stack(0x00007fc5797ff000,0x00007fc5798ff000)]
  0x00007fc5c4d98000 JavaThread "http-nio-127.0.0.1-8001-exec-6" daemon [_thread_blocked, id=921973, stack(0x00007fc5798ff000,0x00007fc5799ff000)]
  0x00007fc5c4d96000 JavaThread "http-nio-127.0.0.1-8001-exec-5" daemon [_thread_blocked, id=921972, stack(0x00007fc5799ff000,0x00007fc579aff000)]
  0x00007fc5c4d93800 JavaThread "http-nio-127.0.0.1-8001-exec-4" daemon [_thread_blocked, id=921971, stack(0x00007fc579aff000,0x00007fc579bff000)]
  0x00007fc5c4d91800 JavaThread "http-nio-127.0.0.1-8001-exec-3" daemon [_thread_blocked, id=921970, stack(0x00007fc579bff000,0x00007fc579cff000)]
  0x00007fc5c4d90000 JavaThread "http-nio-127.0.0.1-8001-exec-2" daemon [_thread_blocked, id=921969, stack(0x00007fc579cff000,0x00007fc579dff000)]
  0x00007fc5c4d8f000 JavaThread "http-nio-127.0.0.1-8001-exec-1" daemon [_thread_blocked, id=921968, stack(0x00007fc579fff000,0x00007fc57a0ff000)]
  0x00007fc5c4cc1000 JavaThread "Thread-21" daemon [_thread_in_native, id=921962, stack(0x00007fc57a0ff000,0x00007fc57a1ff000)]
  0x00007fc5c4c8f800 JavaThread "tio-timer-reconnect-1" daemon [_thread_blocked, id=921958, stack(0x00007fc57a1ff000,0x00007fc57a2ff000)]
  0x00007fc5c4d23800 JavaThread "Thread-18" daemon [_thread_in_native, id=921956, stack(0x00007fc57a3ff000,0x00007fc57a4ff000)]
  0x00007fc5c4d21000 JavaThread "tio-group-1" [_thread_blocked, id=921955, stack(0x00007fc57a4ff000,0x00007fc57a5ff000)]
  0x00007fc5c4d1d000 JavaThread "tio-worker-1" [_thread_blocked, id=921954, stack(0x00007fc57a5ff000,0x00007fc57a6ff000)]
  0x00007fc5c4c55000 JavaThread "TioSystemTimer" daemon [_thread_blocked, id=921953, stack(0x00007fc57a6ff000,0x00007fc57a7ff000)]
  0x00007fc5c4c18800 JavaThread "container-0" [_thread_blocked, id=921936, stack(0x00007fc57a7ff000,0x00007fc57a8ff000)]
  0x00007fc5c4c15800 JavaThread "Catalina-utility-2" [_thread_blocked, id=921935, stack(0x00007fc5b00ff000,0x00007fc5b01ff000)]
  0x00007fc5c4c14800 JavaThread "Catalina-utility-1" [_thread_blocked, id=921934, stack(0x00007fc57b2ff000,0x00007fc57b3ff000)]
  0x00007fc588004000 JavaThread "RMI TCP Connection(2)-127.0.0.1" daemon [_thread_in_native, id=921904, stack(0x00007fc5b1a0d000,0x00007fc5b1b0d000)]
  0x00007fc5c4622800 JavaThread "process reaper" daemon [_thread_in_native, id=921876, stack(0x00007fc5b1b0d000,0x00007fc5b1b46000)]
  0x00007fc574017800 JavaThread "JMX server connection timeout 14" daemon [_thread_blocked, id=921872, stack(0x00007fc5b1b46000,0x00007fc5b1c46000)]
  0x00007fc574013000 JavaThread "RMI Scheduler(0)" daemon [_thread_blocked, id=921871, stack(0x00007fc5b1c46000,0x00007fc5b1d46000)]
  0x00007fc588001800 JavaThread "RMI TCP Connection(idle)" daemon [_thread_blocked, id=921870, stack(0x00007fc5b1d46000,0x00007fc5b1e46000)]
  0x00007fc594001000 JavaThread "Attach Listener" daemon [_thread_blocked, id=921867, stack(0x00007fc5b2046000,0x00007fc5b2146000)]
  0x00007fc5c4599800 JavaThread "RMI TCP Accept-0" daemon [_thread_in_native, id=921865, stack(0x00007fc5b2270000,0x00007fc5b2370000)]
  0x00007fc5c447c800 JavaThread "Service Thread" daemon [_thread_blocked, id=921862, stack(0x00007fc5b238d000,0x00007fc5b248d000)]
  0x00007fc5c4476800 JavaThread "C1 CompilerThread1" daemon [_thread_blocked, id=921861, stack(0x00007fc5b248e000,0x00007fc5b258e000)]
  0x00007fc5c4474800 JavaThread "C2 CompilerThread0" daemon [_thread_blocked, id=921860, stack(0x00007fc5b258f000,0x00007fc5b268f000)]
  0x00007fc5c4471000 JavaThread "Monitor Ctrl-Break" daemon [_thread_in_native, id=921859, stack(0x00007fc5b2696000,0x00007fc5b2796000)]
  0x00007fc5c413f000 JavaThread "Signal Dispatcher" daemon [_thread_blocked, id=921851, stack(0x00007fc5c80cf000,0x00007fc5c81cf000)]
  0x00007fc5c410e800 JavaThread "Finalizer" daemon [_thread_blocked, id=921850, stack(0x00007fc5c81cf000,0x00007fc5c82cf000)]
  0x00007fc5c410a000 JavaThread "Reference Handler" daemon [_thread_blocked, id=921849, stack(0x00007fc5c82cf000,0x00007fc5c83cf000)]

Other Threads:
  0x00007fc5c4100800 VMThread [stack: 0x00007fc5c83d0000,0x00007fc5c84d0000] [id=921847]
  0x00007fc5c45a7000 WatcherThread [stack: 0x00007fc5b2170000,0x00007fc5b2270000] [id=921866]

VM state:not at safepoint (normal execution)

VM Mutex/Monitor currently owned by a thread: None

heap address: 0x00000000c3600000, size: 970 MB, Compressed Oops mode: 32-bit
Narrow klass base: 0x0000000000000000, Narrow klass shift: 3
Compressed class space size: 1073741824 Address: 0x0000000100000000

Heap:
 PSYoungGen      total 132608K, used 63407K [0x00000000ebd00000, 0x00000000f6e00000, 0x0000000100000000)
  eden space 124928K, 44% used [0x00000000ebd00000,0x00000000ef3714a0,0x00000000f3700000)
  from space 7680K, 99% used [0x00000000f3700000,0x00000000f3e7a788,0x00000000f3e80000)
  to   space 10752K, 0% used [0x00000000f6380000,0x00000000f6380000,0x00000000f6e00000)
 ParOldGen       total 35840K, used 13662K [0x00000000c3600000, 0x00000000c5900000, 0x00000000ebd00000)
  object space 35840K, 38% used [0x00000000c3600000,0x00000000c4357b48,0x00000000c5900000)
 Metaspace       used 32246K, capacity 34539K, committed 34736K, reserved 1079296K
  class space    used 4299K, capacity 4723K, committed 4784K, reserved 1048576K

Card table byte_map: [0x00007fc5c9e08000,0x00007fc5c9fee000] byte_map_base: 0x00007fc5c97ed000

Marking Bits: (ParMarkBitMap*) 0x00007fc5cb5de740
 Begin Bits: [0x00007fc5b31b0000, 0x00007fc5b40d8000)
 End Bits:   [0x00007fc5b40d8000, 0x00007fc5b5000000)

Polling page: 0x00007fc5cb8a6000

CodeCache: size=245760Kb used=6587Kb max_used=6587Kb free=239172Kb
 bounds [0x00007fc5b5000000, 0x00007fc5b5670000, 0x00007fc5c4000000]
 total_blobs=3851 nmethods=3373 adapters=390
 compilation: enabled

Compilation events (10 events):
Event: 46.510 Thread 0x00007fc5c4476800 3412       1       java.lang.String::getBytes (95 bytes)
Event: 46.511 Thread 0x00007fc5c4476800 nmethod 3412 0x00007fc5b566bc90 code [0x00007fc5b566be40, 0x00007fc5b566c1d8]
Event: 46.511 Thread 0x00007fc5c4476800 3411       1       com.esotericsoftware.kryo.util.IdentityObjectIntMap::push (468 bytes)
Event: 46.519 Thread 0x00007fc5c4476800 nmethod 3411 0x00007fc5b566c590 code [0x00007fc5b566c7c0, 0x00007fc5b566d428]
Event: 46.547 Thread 0x00007fc5c4476800 3413       1       com.esotericsoftware.kryo.factories.ReflectionSerializerFactory::<init> (10 bytes)
Event: 46.548 Thread 0x00007fc5c4476800 nmethod 3413 0x00007fc5b566e410 code [0x00007fc5b566e560, 0x00007fc5b566e690]
Event: 46.548 Thread 0x00007fc5c4476800 3414       1       com.esotericsoftware.kryo.Kryo::addDefaultSerializer (66 bytes)
Event: 46.549 Thread 0x00007fc5c4476800 nmethod 3414 0x00007fc5b566e710 code [0x00007fc5b566e8a0, 0x00007fc5b566ec28]
Event: 46.555 Thread 0x00007fc5c4476800 3415       1       ch.qos.logback.core.pattern.FormattingConverter::write (154 bytes)
Event: 46.562 Thread 0x00007fc5c4476800 nmethod 3415 0x00007fc5b566ee10 code [0x00007fc5b566f020, 0x00007fc5b566f458]

GC Heap History (10 events):
Event: 5.449 GC heap before
{Heap before GC invocations=4 (full 0):
 PSYoungGen      total 34304K, used 34274K [0x00000000ebd00000, 0x00000000f0000000, 0x0000000100000000)
  eden space 31744K, 100% used [0x00000000ebd00000,0x00000000edc00000,0x00000000edc00000)
  from space 2560K, 98% used [0x00000000edc00000,0x00000000ede788a8,0x00000000ede80000)
  to   space 2560K, 0% used [0x00000000efd80000,0x00000000efd80000,0x00000000f0000000)
 ParOldGen       total 42496K, used 4668K [0x00000000c3600000, 0x00000000c5f80000, 0x00000000ebd00000)
  object space 42496K, 10% used [0x00000000c3600000,0x00000000c3a8f190,0x00000000c5f80000)
 Metaspace       used 18152K, capacity 18994K, committed 19200K, reserved 1067008K
  class space    used 2325K, capacity 2524K, committed 2560K, reserved 1048576K
Event: 5.485 GC heap after
Heap after GC invocations=4 (full 0):
 PSYoungGen      total 66048K, used 2551K [0x00000000ebd00000, 0x00000000f0000000, 0x0000000100000000)
  eden space 63488K, 0% used [0x00000000ebd00000,0x00000000ebd00000,0x00000000efb00000)
  from space 2560K, 99% used [0x00000000efd80000,0x00000000efffdd00,0x00000000f0000000)
  to   space 2560K, 0% used [0x00000000efb00000,0x00000000efb00000,0x00000000efd80000)
 ParOldGen       total 42496K, used 7968K [0x00000000c3600000, 0x00000000c5f80000, 0x00000000ebd00000)
  object space 42496K, 18% used [0x00000000c3600000,0x00000000c3dc8390,0x00000000c5f80000)
 Metaspace       used 18152K, capacity 18994K, committed 19200K, reserved 1067008K
  class space    used 2325K, capacity 2524K, committed 2560K, reserved 1048576K
}
Event: 5.980 GC heap before
{Heap before GC invocations=5 (full 0):
 PSYoungGen      total 66048K, used 29954K [0x00000000ebd00000, 0x00000000f0000000, 0x0000000100000000)
  eden space 63488K, 43% used [0x00000000ebd00000,0x00000000ed7c2e70,0x00000000efb00000)
  from space 2560K, 99% used [0x00000000efd80000,0x00000000efffdd00,0x00000000f0000000)
  to   space 2560K, 0% used [0x00000000efb00000,0x00000000efb00000,0x00000000efd80000)
 ParOldGen       total 42496K, used 7968K [0x00000000c3600000, 0x00000000c5f80000, 0x00000000ebd00000)
  object space 42496K, 18% used [0x00000000c3600000,0x00000000c3dc8390,0x00000000c5f80000)
 Metaspace       used 20339K, capacity 21283K, committed 21296K, reserved 1067008K
  class space    used 2636K, capacity 2851K, committed 2864K, reserved 1048576K
Event: 6.006 GC heap after
Heap after GC invocations=5 (full 0):
 PSYoungGen      total 66048K, used 2551K [0x00000000ebd00000, 0x00000000f4700000, 0x0000000100000000)
  eden space 63488K, 0% used [0x00000000ebd00000,0x00000000ebd00000,0x00000000efb00000)
  from space 2560K, 99% used [0x00000000efb00000,0x00000000efd7ded0,0x00000000efd80000)
  to   space 7168K, 0% used [0x00000000f4000000,0x00000000f4000000,0x00000000f4700000)
 ParOldGen       total 42496K, used 10475K [0x00000000c3600000, 0x00000000c5f80000, 0x00000000ebd00000)
  object space 42496K, 24% used [0x00000000c3600000,0x00000000c403ae30,0x00000000c5f80000)
 Metaspace       used 20339K, capacity 21283K, committed 21296K, reserved 1067008K
  class space    used 2636K, capacity 2851K, committed 2864K, reserved 1048576K
}
Event: 6.006 GC heap before
{Heap before GC invocations=6 (full 1):
 PSYoungGen      total 66048K, used 2551K [0x00000000ebd00000, 0x00000000f4700000, 0x0000000100000000)
  eden space 63488K, 0% used [0x00000000ebd00000,0x00000000ebd00000,0x00000000efb00000)
  from space 2560K, 99% used [0x00000000efb00000,0x00000000efd7ded0,0x00000000efd80000)
  to   space 7168K, 0% used [0x00000000f4000000,0x00000000f4000000,0x00000000f4700000)
 ParOldGen       total 42496K, used 10475K [0x00000000c3600000, 0x00000000c5f80000, 0x00000000ebd00000)
  object space 42496K, 24% used [0x00000000c3600000,0x00000000c403ae30,0x00000000c5f80000)
 Metaspace       used 20339K, capacity 21283K, committed 21296K, reserved 1067008K
  class space    used 2636K, capacity 2851K, committed 2864K, reserved 1048576K
Event: 6.112 GC heap after
Heap after GC invocations=6 (full 1):
 PSYoungGen      total 66048K, used 0K [0x00000000ebd00000, 0x00000000f4700000, 0x0000000100000000)
  eden space 63488K, 0% used [0x00000000ebd00000,0x00000000ebd00000,0x00000000efb00000)
  from space 2560K, 0% used [0x00000000efb00000,0x00000000efb00000,0x00000000efd80000)
  to   space 7168K, 0% used [0x00000000f4000000,0x00000000f4000000,0x00000000f4700000)
 ParOldGen       total 35840K, used 9191K [0x00000000c3600000, 0x00000000c5900000, 0x00000000ebd00000)
  object space 35840K, 25% used [0x00000000c3600000,0x00000000c3ef9e28,0x00000000c5900000)
 Metaspace       used 20339K, capacity 21283K, committed 21296K, reserved 1067008K
  class space    used 2636K, capacity 2851K, committed 2864K, reserved 1048576K
}
Event: 8.044 GC heap before
{Heap before GC invocations=7 (full 1):
 PSYoungGen      total 66048K, used 63488K [0x00000000ebd00000, 0x00000000f4700000, 0x0000000100000000)
  eden space 63488K, 100% used [0x00000000ebd00000,0x00000000efb00000,0x00000000efb00000)
  from space 2560K, 0% used [0x00000000efb00000,0x00000000efb00000,0x00000000efd80000)
  to   space 7168K, 0% used [0x00000000f4000000,0x00000000f4000000,0x00000000f4700000)
 ParOldGen       total 35840K, used 9191K [0x00000000c3600000, 0x00000000c5900000, 0x00000000ebd00000)
  object space 35840K, 25% used [0x00000000c3600000,0x00000000c3ef9e28,0x00000000c5900000)
 Metaspace       used 23203K, capacity 24429K, committed 24624K, reserved 1071104K
  class space    used 3065K, capacity 3318K, committed 3376K, reserved 1048576K
Event: 8.061 GC heap after
Heap after GC invocations=7 (full 1):
 PSYoungGen      total 107520K, used 5875K [0x00000000ebd00000, 0x00000000f4600000, 0x0000000100000000)
  eden space 101376K, 0% used [0x00000000ebd00000,0x00000000ebd00000,0x00000000f2000000)
  from space 6144K, 95% used [0x00000000f4000000,0x00000000f45bceb8,0x00000000f4600000)
  to   space 7680K, 0% used [0x00000000f3700000,0x00000000f3700000,0x00000000f3e80000)
 ParOldGen       total 35840K, used 9199K [0x00000000c3600000, 0x00000000c5900000, 0x00000000ebd00000)
  object space 35840K, 25% used [0x00000000c3600000,0x00000000c3efbe28,0x00000000c5900000)
 Metaspace       used 23203K, capacity 24429K, committed 24624K, reserved 1071104K
  class space    used 3065K, capacity 3318K, committed 3376K, reserved 1048576K
}
Event: 11.339 GC heap before
{Heap before GC invocations=8 (full 1):
 PSYoungGen      total 107520K, used 107251K [0x00000000ebd00000, 0x00000000f4600000, 0x0000000100000000)
  eden space 101376K, 100% used [0x00000000ebd00000,0x00000000f2000000,0x00000000f2000000)
  from space 6144K, 95% used [0x00000000f4000000,0x00000000f45bceb8,0x00000000f4600000)
  to   space 7680K, 0% used [0x00000000f3700000,0x00000000f3700000,0x00000000f3e80000)
 ParOldGen       total 35840K, used 9199K [0x00000000c3600000, 0x00000000c5900000, 0x00000000ebd00000)
  object space 35840K, 25% used [0x00000000c3600000,0x00000000c3efbe28,0x00000000c5900000)
 Metaspace       used 30570K, capacity 32847K, committed 33072K, reserved 1077248K
  class space    used 4101K, capacity 4535K, committed 4656K, reserved 1048576K
Event: 11.401 GC heap after
Heap after GC invocations=8 (full 1):
 PSYoungGen      total 132608K, used 7657K [0x00000000ebd00000, 0x00000000f6e00000, 0x0000000100000000)
  eden space 124928K, 0% used [0x00000000ebd00000,0x00000000ebd00000,0x00000000f3700000)
  from space 7680K, 99% used [0x00000000f3700000,0x00000000f3e7a788,0x00000000f3e80000)
  to   space 10752K, 0% used [0x00000000f6380000,0x00000000f6380000,0x00000000f6e00000)
 ParOldGen       total 35840K, used 13662K [0x00000000c3600000, 0x00000000c5900000, 0x00000000ebd00000)
  object space 35840K, 38% used [0x00000000c3600000,0x00000000c4357b48,0x00000000c5900000)
 Metaspace       used 30570K, capacity 32847K, committed 33072K, reserved 1077248K
  class space    used 4101K, capacity 4535K, committed 4656K, reserved 1048576K
}

Deoptimization events (0 events):
No events

Classes redefined (0 events):
No events

Internal exceptions (10 events):
Event: 10.021 Thread 0x00007fc5c400e000 Exception <a 'java/lang/ClassNotFoundException': org/springframework/web/servlet/config/annotation/DelegatingWebMvcConfigurationCustomizer> (0x00000000efcf9c80) thrown at [/build/openjdk-8-S0Y16D/openjdk-8-8u422-b05/src/hotspot/src/share/vm/classfile/syst
Event: 10.023 Thread 0x00007fc5c400e000 Exception <a 'java/lang/ClassNotFoundException': org/springframework/boot/autoconfigure/web/servlet/WebMvcAutoConfiguration$EnableWebMvcConfigurationCustomizer> (0x00000000efd228e8) thrown at [/build/openjdk-8-S0Y16D/openjdk-8-8u422-b05/src/hotspot/src/sh
Event: 10.029 Thread 0x00007fc5c400e000 Exception <a 'java/lang/ClassNotFoundException': org/springframework/context/ResourceLoaderAwareCustomizer> (0x00000000efd4db40) thrown at [/build/openjdk-8-S0Y16D/openjdk-8-8u422-b05/src/hotspot/src/share/vm/classfile/systemDictionary.cpp, line 217]
Event: 10.030 Thread 0x00007fc5c400e000 Exception <a 'java/lang/ClassNotFoundException': org/springframework/beans/factory/AwareCustomizer> (0x00000000efd62d48) thrown at [/build/openjdk-8-S0Y16D/openjdk-8-8u422-b05/src/hotspot/src/share/vm/classfile/systemDictionary.cpp, line 217]
Event: 10.030 Thread 0x00007fc5c400e000 Exception <a 'java/lang/ClassNotFoundException': org/springframework/context/ApplicationContextAwareCustomizer> (0x00000000efd7a3c0) thrown at [/build/openjdk-8-S0Y16D/openjdk-8-8u422-b05/src/hotspot/src/share/vm/classfile/systemDictionary.cpp, line 217]
Event: 10.031 Thread 0x00007fc5c400e000 Exception <a 'java/lang/ClassNotFoundException': org/springframework/beans/factory/AwareCustomizer> (0x00000000efd8fbe0) thrown at [/build/openjdk-8-S0Y16D/openjdk-8-8u422-b05/src/hotspot/src/share/vm/classfile/systemDictionary.cpp, line 217]
Event: 10.031 Thread 0x00007fc5c400e000 Exception <a 'java/lang/ClassNotFoundException': org/springframework/web/context/ServletContextAwareCustomizer> (0x00000000efda7220) thrown at [/build/openjdk-8-S0Y16D/openjdk-8-8u422-b05/src/hotspot/src/share/vm/classfile/systemDictionary.cpp, line 217]
Event: 10.032 Thread 0x00007fc5c400e000 Exception <a 'java/lang/ClassNotFoundException': org/springframework/beans/factory/AwareCustomizer> (0x00000000efdbc5a8) thrown at [/build/openjdk-8-S0Y16D/openjdk-8-8u422-b05/src/hotspot/src/share/vm/classfile/systemDictionary.cpp, line 217]
Event: 10.499 Thread 0x00007fc5c400e000 Exception <a 'java/lang/NoSuchMethodError': java.lang.Object.lambda$thenComparing$36697e65$1(Ljava/util/Comparator;Ljava/lang/Object;Ljava/lang/Object;)I> (0x00000000f0e95638) thrown at [/build/openjdk-8-S0Y16D/openjdk-8-8u422-b05/src/hotspot/src/share/vm
Event: 10.602 Thread 0x00007fc5c400e000 Exception <a 'java/lang/IncompatibleClassChangeError': Found class java.lang.Object, but interface was expected> (0x00000000f11a8550) thrown at [/build/openjdk-8-S0Y16D/openjdk-8-8u422-b05/src/hotspot/src/share/vm/interpreter/linkResolver.cpp, line 653]

Events (10 events):
Event: 46.060 loading class com/esotericsoftware/kryo/Kryo$DefaultInstantiatorStrategy$1
Event: 46.060 loading class com/esotericsoftware/kryo/Kryo$DefaultInstantiatorStrategy$1 done
Event: 46.060 loading class org/objenesis/instantiator/ObjectInstantiator
Event: 46.060 loading class org/objenesis/instantiator/ObjectInstantiator done
Event: 46.061 loading class reflectasm/java/util/ArrayListConstructorAccess
Event: 46.061 loading class reflectasm/java/util/ArrayListConstructorAccess done
Event: 46.061 loading class reflectasm/java/util/ArrayListConstructorAccess
Event: 46.061 loading class reflectasm/java/util/ArrayListConstructorAccess done
Event: 46.104 Executing VM operation: RevokeBias
Event: 46.104 Executing VM operation: RevokeBias done


Dynamic libraries:
c3600000-c5900000 rw-p 00000000 00:00 0 
c5900000-ebd00000 ---p 00000000 00:00 0 
ebd00000-f6e00000 rw-p 00000000 00:00 0 
f6e00000-100000000 ---p 00000000 00:00 0 
100000000-1004ac000 rw-p 00000000 00:00 0 
1004ac000-140000000 ---p 00000000 00:00 0 
55925bf19000-55925bf1a000 r--p 00000000 08:05 2753198                    /usr/lib/jvm/java-8-openjdk-amd64/jre/bin/java
55925bf1a000-55925bf1b000 r-xp 00001000 08:05 2753198                    /usr/lib/jvm/java-8-openjdk-amd64/jre/bin/java
55925bf1b000-55925bf1c000 r--p 00002000 08:05 2753198                    /usr/lib/jvm/java-8-openjdk-amd64/jre/bin/java
55925bf1c000-55925bf1d000 r--p 00002000 08:05 2753198                    /usr/lib/jvm/java-8-openjdk-amd64/jre/bin/java
55925bf1d000-55925bf1e000 rw-p 00003000 08:05 2753198                    /usr/lib/jvm/java-8-openjdk-amd64/jre/bin/java
55925d98c000-55925d9ad000 rw-p 00000000 00:00 0                          [heap]
7fc56e7f5000-7fc56e7f6000 ---p 00000000 00:00 0 
7fc56e7f6000-7fc56eff6000 rw-p 00000000 00:00 0 
7fc56eff6000-7fc56eff7000 ---p 00000000 00:00 0 
7fc56eff7000-7fc56f7f7000 rw-p 00000000 00:00 0 
7fc5717fb000-7fc5717fc000 ---p 00000000 00:00 0 
7fc5717fc000-7fc571ffc000 rw-p 00000000 00:00 0 
7fc571ffc000-7fc571ffd000 ---p 00000000 00:00 0 
7fc571ffd000-7fc5727fd000 rw-p 00000000 00:00 0 
7fc574000000-7fc574037000 rw-p 00000000 00:00 0 
7fc574037000-7fc578000000 ---p 00000000 00:00 0 
7fc578cff000-7fc578e3f000 rw-p 00000000 00:00 0 
7fc578e3f000-7fc578f02000 ---p 00000000 00:00 0 
7fc578f02000-7fc578fff000 rw-p 00000000 00:00 0 
7fc578fff000-7fc579002000 ---p 00000000 00:00 0 
7fc579002000-7fc5790ff000 rw-p 00000000 00:00 0 
7fc5790ff000-7fc579102000 ---p 00000000 00:00 0 
7fc579102000-7fc5791ff000 rw-p 00000000 00:00 0 
7fc5791ff000-7fc579202000 ---p 00000000 00:00 0 
7fc579202000-7fc5792ff000 rw-p 00000000 00:00 0 
7fc5792ff000-7fc579302000 ---p 00000000 00:00 0 
7fc579302000-7fc5793ff000 rw-p 00000000 00:00 0 
7fc5793ff000-7fc579402000 ---p 00000000 00:00 0 
7fc579402000-7fc5794ff000 rw-p 00000000 00:00 0 
7fc5794ff000-7fc579502000 ---p 00000000 00:00 0 
7fc579502000-7fc5795ff000 rw-p 00000000 00:00 0 
7fc5795ff000-7fc579602000 ---p 00000000 00:00 0 
7fc579602000-7fc5796ff000 rw-p 00000000 00:00 0 
7fc5796ff000-7fc579702000 ---p 00000000 00:00 0 
7fc579702000-7fc5797ff000 rw-p 00000000 00:00 0 
7fc5797ff000-7fc579802000 ---p 00000000 00:00 0 
7fc579802000-7fc5798ff000 rw-p 00000000 00:00 0 
7fc5798ff000-7fc579902000 ---p 00000000 00:00 0 
7fc579902000-7fc5799ff000 rw-p 00000000 00:00 0 
7fc5799ff000-7fc579a02000 ---p 00000000 00:00 0 
7fc579a02000-7fc579aff000 rw-p 00000000 00:00 0 
7fc579aff000-7fc579b02000 ---p 00000000 00:00 0 
7fc579b02000-7fc579bff000 rw-p 00000000 00:00 0 
7fc579bff000-7fc579c02000 ---p 00000000 00:00 0 
7fc579c02000-7fc579cff000 rw-p 00000000 00:00 0 
7fc579cff000-7fc579d02000 ---p 00000000 00:00 0 
7fc579d02000-7fc579fff000 rw-p 00000000 00:00 0 
7fc579fff000-7fc57a002000 ---p 00000000 00:00 0 
7fc57a002000-7fc57a0ff000 rw-p 00000000 00:00 0 
7fc57a0ff000-7fc57a102000 ---p 00000000 00:00 0 
7fc57a102000-7fc57a1ff000 rw-p 00000000 00:00 0 
7fc57a1ff000-7fc57a202000 ---p 00000000 00:00 0 
7fc57a202000-7fc57a2ff000 rw-p 00000000 00:00 0 
7fc57a2ff000-7fc57a302000 ---p 00000000 00:00 0 
7fc57a302000-7fc57a3ff000 rw-p 00000000 00:00 0 
7fc57a3ff000-7fc57a402000 ---p 00000000 00:00 0 
7fc57a402000-7fc57a4ff000 rw-p 00000000 00:00 0 
7fc57a4ff000-7fc57a502000 ---p 00000000 00:00 0 
7fc57a502000-7fc57a5ff000 rw-p 00000000 00:00 0 
7fc57a5ff000-7fc57a602000 ---p 00000000 00:00 0 
7fc57a602000-7fc57a6ff000 rw-p 00000000 00:00 0 
7fc57a6ff000-7fc57a702000 ---p 00000000 00:00 0 
7fc57a702000-7fc57a7ff000 rw-p 00000000 00:00 0 
7fc57a7ff000-7fc57a802000 ---p 00000000 00:00 0 
7fc57a802000-7fc57aaff000 rw-p 00000000 00:00 0 
7fc57aaff000-7fc57acff000 rw-p 00000000 00:00 0 
7fc57acff000-7fc57aeff000 rw-p 00000000 00:00 0 
7fc57aeff000-7fc57b0ff000 rw-p 00000000 00:00 0 
7fc57b0ff000-7fc57b2ff000 rw-p 00000000 00:00 0 
7fc57b2ff000-7fc57b302000 ---p 00000000 00:00 0 
7fc57b302000-7fc57b5ff000 rw-p 00000000 00:00 0 
7fc57b5ff000-7fc57b7ff000 rw-p 00000000 00:00 0 
7fc57b7ff000-7fc57b800000 ---p 00000000 00:00 0 
7fc57b800000-7fc57c000000 rw-p 00000000 00:00 0 
7fc57c000000-7fc57c091000 rw-p 00000000 00:00 0 
7fc57c091000-7fc580000000 ---p 00000000 00:00 0 
7fc580000000-7fc580021000 rw-p 00000000 00:00 0 
7fc580021000-7fc584000000 ---p 00000000 00:00 0 
7fc584000000-7fc584021000 rw-p 00000000 00:00 0 
7fc584021000-7fc588000000 ---p 00000000 00:00 0 
7fc588000000-7fc588132000 rw-p 00000000 00:00 0 
7fc588132000-7fc58c000000 ---p 00000000 00:00 0 
7fc58c000000-7fc58c04e000 rw-p 00000000 00:00 0 
7fc58c04e000-7fc590000000 ---p 00000000 00:00 0 
7fc590000000-7fc590505000 rw-p 00000000 00:00 0 
7fc590505000-7fc594000000 ---p 00000000 00:00 0 
7fc594000000-7fc594021000 rw-p 00000000 00:00 0 
7fc594021000-7fc598000000 ---p 00000000 00:00 0 
7fc598000000-7fc598021000 rw-p 00000000 00:00 0 
7fc598021000-7fc59c000000 ---p 00000000 00:00 0 
7fc59c000000-7fc59c021000 rw-p 00000000 00:00 0 
7fc59c021000-7fc5a0000000 ---p 00000000 00:00 0 
7fc5a0000000-7fc5a013f000 rw-p 00000000 00:00 0 
7fc5a013f000-7fc5a4000000 ---p 00000000 00:00 0 
7fc5a4000000-7fc5a402b000 rw-p 00000000 00:00 0 
7fc5a402b000-7fc5a8000000 ---p 00000000 00:00 0 
7fc5a8000000-7fc5a804b000 rw-p 00000000 00:00 0 
7fc5a804b000-7fc5ac000000 ---p 00000000 00:00 0 
7fc5ac000000-7fc5ac028000 rw-p 00000000 00:00 0 
7fc5ac028000-7fc5b0000000 ---p 00000000 00:00 0 
7fc5b00ff000-7fc5b0102000 ---p 00000000 00:00 0 
7fc5b0102000-7fc5b03ff000 rw-p 00000000 00:00 0 
7fc5b03ff000-7fc5b0400000 ---p 00000000 00:00 0 
7fc5b0400000-7fc5b0c00000 rw-p 00000000 00:00 0 
7fc5b0c00000-7fc5b1729000 r-xp 00000000 08:05 917939                     /tmp/librocksdbjni5113096278811014476.so
7fc5b1729000-7fc5b1928000 ---p 00b29000 08:05 917939                     /tmp/librocksdbjni5113096278811014476.so
7fc5b1928000-7fc5b1949000 r--p 00b28000 08:05 917939                     /tmp/librocksdbjni5113096278811014476.so
7fc5b1949000-7fc5b1957000 rw-p 00b49000 08:05 917939                     /tmp/librocksdbjni5113096278811014476.so
7fc5b1957000-7fc5b195f000 rw-p 00000000 00:00 0 
7fc5b19dc000-7fc5b19e3000 r--p 00000000 08:05 2753241                    /usr/lib/jvm/java-8-openjdk-amd64/jre/lib/amd64/libsunec.so
7fc5b19e3000-7fc5b19fc000 r-xp 00007000 08:05 2753241                    /usr/lib/jvm/java-8-openjdk-amd64/jre/lib/amd64/libsunec.so
7fc5b19fc000-7fc5b1a06000 r--p 00020000 08:05 2753241                    /usr/lib/jvm/java-8-openjdk-amd64/jre/lib/amd64/libsunec.so
7fc5b1a06000-7fc5b1a0a000 r--p 00029000 08:05 2753241                    /usr/lib/jvm/java-8-openjdk-amd64/jre/lib/amd64/libsunec.so
7fc5b1a0a000-7fc5b1a0b000 rw-p 0002d000 08:05 2753241                    /usr/lib/jvm/java-8-openjdk-amd64/jre/lib/amd64/libsunec.so
7fc5b1a0b000-7fc5b1a0d000 r--s 00016000 08:05 2753279                    /usr/lib/jvm/java-8-openjdk-amd64/jre/lib/jce.jar
7fc5b1a0d000-7fc5b1a10000 ---p 00000000 00:00 0 
7fc5b1a10000-7fc5b1b0d000 rw-p 00000000 00:00 0 
7fc5b1b0d000-7fc5b1b10000 ---p 00000000 00:00 0 
7fc5b1b10000-7fc5b1b46000 rw-p 00000000 00:00 0 
7fc5b1b46000-7fc5b1b49000 ---p 00000000 00:00 0 
7fc5b1b49000-7fc5b1c46000 rw-p 00000000 00:00 0 
7fc5b1c46000-7fc5b1c49000 ---p 00000000 00:00 0 
7fc5b1c49000-7fc5b1d46000 rw-p 00000000 00:00 0 
7fc5b1d46000-7fc5b1d49000 ---p 00000000 00:00 0 
7fc5b1d49000-7fc5b2046000 rw-p 00000000 00:00 0 
7fc5b2046000-7fc5b2049000 ---p 00000000 00:00 0 
7fc5b2049000-7fc5b2146000 rw-p 00000000 00:00 0 
7fc5b2146000-7fc5b214d000 r--s 00000000 08:05 2754531                    /usr/lib/x86_64-linux-gnu/gconv/gconv-modules.cache
7fc5b214d000-7fc5b216f000 r--p 00000000 08:05 280879                     /usr/share/locale-langpack/zh_CN/LC_MESSAGES/libc.mo
7fc5b216f000-7fc5b2170000 ---p 00000000 00:00 0 
7fc5b2170000-7fc5b2270000 rw-p 00000000 00:00 0 
7fc5b2270000-7fc5b2273000 ---p 00000000 00:00 0 
7fc5b2273000-7fc5b2370000 rw-p 00000000 00:00 0 
7fc5b2370000-7fc5b2381000 r--s 001c5000 08:05 2753285                    /usr/lib/jvm/java-8-openjdk-amd64/jre/lib/jsse.jar
7fc5b2381000-7fc5b2385000 r--p 00000000 08:05 2753234                    /usr/lib/jvm/java-8-openjdk-amd64/jre/lib/amd64/libmanagement.so
7fc5b2385000-7fc5b2389000 r-xp 00004000 08:05 2753234                    /usr/lib/jvm/java-8-openjdk-amd64/jre/lib/amd64/libmanagement.so
7fc5b2389000-7fc5b238b000 r--p 00008000 08:05 2753234                    /usr/lib/jvm/java-8-openjdk-amd64/jre/lib/amd64/libmanagement.so
7fc5b238b000-7fc5b238c000 r--p 00009000 08:05 2753234                    /usr/lib/jvm/java-8-openjdk-amd64/jre/lib/amd64/libmanagement.so
7fc5b238c000-7fc5b238d000 rw-p 0000a000 08:05 2753234                    /usr/lib/jvm/java-8-openjdk-amd64/jre/lib/amd64/libmanagement.so
7fc5b238d000-7fc5b2390000 ---p 00000000 00:00 0 
7fc5b2390000-7fc5b248d000 rw-p 00000000 00:00 0 
7fc5b248d000-7fc5b248e000 ---p 00000000 00:00 0 
7fc5b248e000-7fc5b2491000 ---p 00000000 00:00 0 
7fc5b2491000-7fc5b258e000 rw-p 00000000 00:00 0 
7fc5b258e000-7fc5b258f000 ---p 00000000 00:00 0 
7fc5b258f000-7fc5b2592000 ---p 00000000 00:00 0 
7fc5b2592000-7fc5b268f000 rw-p 00000000 00:00 0 
7fc5b268f000-7fc5b2696000 r--s 000d3000 08:05 2753284                    /usr/lib/jvm/java-8-openjdk-amd64/jre/lib/jfr.jar
7fc5b2696000-7fc5b2699000 ---p 00000000 00:00 0 
7fc5b2699000-7fc5b2796000 rw-p 00000000 00:00 0 
7fc5b2796000-7fc5b279b000 r--p 00000000 08:05 2753236                    /usr/lib/jvm/java-8-openjdk-amd64/jre/lib/amd64/libnet.so
7fc5b279b000-7fc5b27ac000 r-xp 00005000 08:05 2753236                    /usr/lib/jvm/java-8-openjdk-amd64/jre/lib/amd64/libnet.so
7fc5b27ac000-7fc5b27b0000 r--p 00016000 08:05 2753236                    /usr/lib/jvm/java-8-openjdk-amd64/jre/lib/amd64/libnet.so
7fc5b27b0000-7fc5b27b1000 r--p 00019000 08:05 2753236                    /usr/lib/jvm/java-8-openjdk-amd64/jre/lib/amd64/libnet.so
7fc5b27b1000-7fc5b27b2000 rw-p 0001a000 08:05 2753236                    /usr/lib/jvm/java-8-openjdk-amd64/jre/lib/amd64/libnet.so
7fc5b27b2000-7fc5b27b9000 r--p 00000000 08:05 2753237                    /usr/lib/jvm/java-8-openjdk-amd64/jre/lib/amd64/libnio.so
7fc5b27b9000-7fc5b27c2000 r-xp 00007000 08:05 2753237                    /usr/lib/jvm/java-8-openjdk-amd64/jre/lib/amd64/libnio.so
7fc5b27c2000-7fc5b27c5000 r--p 00010000 08:05 2753237                    /usr/lib/jvm/java-8-openjdk-amd64/jre/lib/amd64/libnio.so
7fc5b27c5000-7fc5b27c6000 r--p 00012000 08:05 2753237                    /usr/lib/jvm/java-8-openjdk-amd64/jre/lib/amd64/libnio.so
7fc5b27c6000-7fc5b27c7000 rw-p 00013000 08:05 2753237                    /usr/lib/jvm/java-8-openjdk-amd64/jre/lib/amd64/libnio.so
7fc5b27c7000-7fc5b27ca000 r--s 00023000 08:05 1966943                    /home/wj/下载/ideaIU-2024.2.1/idea-IU-242.21829.142/lib/idea_rt.jar
7fc5b27ca000-7fc5b27d4000 r--s 00064000 08:05 2102610                    /home/wj/.m2/repository/ch/qos/logback/logback-core/1.2.11/logback-core-1.2.11.jar
7fc5b27d4000-7fc5b27db000 r--s 00041000 08:05 2260627                    /home/wj/.m2/repository/ch/qos/logback/logback-classic/1.2.6/logback-classic-1.2.6.jar
7fc5b27db000-7fc5b27dd000 r--s 00009000 08:05 2102255                    /home/wj/.m2/repository/org/slf4j/slf4j-api/1.7.36/slf4j-api-1.7.36.jar
7fc5b27dd000-7fc5b27e4000 r--s 03a67000 08:05 2243741                    /home/wj/.m2/repository/org/rocksdb/rocksdbjni/8.8.1/rocksdbjni-8.8.1.jar
7fc5b27e4000-7fc5b27eb000 r--s 00054000 08:05 2243723                    /home/wj/.m2/repository/commons-codec/commons-codec/1.17.1/commons-codec-1.17.1.jar
7fc5b27eb000-7fc5b27f3000 r--s 00072000 08:05 2102530                    /home/wj/.m2/repository/org/apache/commons/commons-lang3/3.7/commons-lang3-3.7.jar
7fc5b27f3000-7fc5b27f4000 r--s 00003000 08:05 2102531                    /home/wj/.m2/repository/com/google/errorprone/error_prone_annotations/2.10.0/error_prone_annotations-2.10.0.jar
7fc5b27f4000-7fc5b2800000 r--s 0002b000 08:05 2102526                    /home/wj/.m2/repository/org/checkerframework/checker-qual/3.19.0/checker-qual-3.19.0.jar
7fc5b2800000-7fc5b2811000 r--s 000ce000 08:05 2102522                    /home/wj/.m2/repository/com/github/ben-manes/caffeine/caffeine/2.9.3/caffeine-2.9.3.jar
7fc5b2811000-7fc5b2815000 r--s 00025000 08:05 2102515                    /home/wj/.m2/repository/net/dreamlu/tio-utils/3.8.4.v20220920-RELEASE/tio-utils-3.8.4.v20220920-RELEASE.jar
7fc5b2815000-7fc5b2819000 r--s 0002c000 08:05 2102487                    /home/wj/.m2/repository/net/dreamlu/tio-core/3.8.4.v20220920-RELEASE/tio-core-3.8.4.v20220920-RELEASE.jar
7fc5b2819000-7fc5b281a000 r--s 00005000 08:05 2104657                    /home/wj/.m2/repository/org/springframework/spring-jcl/5.3.17/spring-jcl-5.3.17.jar
7fc5b281a000-7fc5b2835000 r--s 0014f000 08:05 2104649                    /home/wj/.m2/repository/org/springframework/spring-core/5.3.17/spring-core-5.3.17.jar
7fc5b2835000-7fc5b283a000 r--s 00042000 08:05 2243158                    /home/wj/.m2/repository/org/springframework/spring-expression/5.3.17/spring-expression-5.3.17.jar
7fc5b283a000-7fc5b2856000 r--s 0011c000 08:05 2243159                    /home/wj/.m2/repository/org/springframework/spring-context/5.3.17/spring-context-5.3.17.jar
7fc5b2856000-7fc5b285f000 r--s 00055000 08:05 2243154                    /home/wj/.m2/repository/org/springframework/spring-aop/5.3.17/spring-aop-5.3.17.jar
7fc5b285f000-7fc5b2872000 r--s 000e9000 08:05 2243212                    /home/wj/.m2/repository/org/springframework/spring-webmvc/5.3.17/spring-webmvc-5.3.17.jar
7fc5b2872000-7fc5b287f000 r--s 0009e000 08:05 2243155                    /home/wj/.m2/repository/org/springframework/spring-beans/5.3.17/spring-beans-5.3.17.jar
7fc5b287f000-7fc5b289e000 r--s 00172000 08:05 2243161                    /home/wj/.m2/repository/org/springframework/spring-web/5.3.17/spring-web-5.3.17.jar
7fc5b289e000-7fc5b28a4000 r--s 0003e000 08:05 2243210                    /home/wj/.m2/repository/org/apache/tomcat/embed/tomcat-embed-websocket/9.0.60/tomcat-embed-websocket-9.0.60.jar
7fc5b28a4000-7fc5b28a9000 r--s 0003a000 08:05 2243208                    /home/wj/.m2/repository/org/apache/tomcat/embed/tomcat-embed-el/9.0.60/tomcat-embed-el-9.0.60.jar
7fc5b28a9000-7fc5b28d3000 r--s 00318000 08:05 2243206                    /home/wj/.m2/repository/org/apache/tomcat/embed/tomcat-embed-core/9.0.60/tomcat-embed-core-9.0.60.jar
7fc5b28d3000-7fc5b28d4000 r--s 00001000 08:05 2243204                    /home/wj/.m2/repository/org/springframework/boot/spring-boot-starter-tomcat/2.6.5/spring-boot-starter-tomcat-2.6.5.jar
7fc5b28d4000-7fc5b28d6000 r--s 00001000 08:05 2104632                    /home/wj/.m2/repository/com/fasterxml/jackson/module/jackson-module-parameter-names/2.13.2/jackson-module-parameter-names-2.13.2.jar
7fc5b28d6000-7fc5b28d9000 r--s 0001b000 08:05 2243202                    /home/wj/.m2/repository/com/fasterxml/jackson/datatype/jackson-datatype-jsr310/2.13.2/jackson-datatype-jsr310-2.13.2.jar
7fc5b28d9000-7fc5b28db000 r--s 00007000 08:05 2243198                    /home/wj/.m2/repository/com/fasterxml/jackson/datatype/jackson-datatype-jdk8/2.13.2/jackson-datatype-jdk8-2.13.2.jar
7fc5b28db000-7fc5b28e0000 r--s 00057000 08:05 2102426                    /home/wj/.m2/repository/com/fasterxml/jackson/core/jackson-core/2.13.2/jackson-core-2.13.2.jar
7fc5b28e0000-7fc5b28e3000 r--s 00010000 08:05 2102422                    /home/wj/.m2/repository/com/fasterxml/jackson/core/jackson-annotations/2.13.2/jackson-annotations-2.13.2.jar
7fc5b28e3000-7fc5b28fa000 r--s 00160000 08:05 2102389                    /home/wj/.m2/repository/com/fasterxml/jackson/core/jackson-databind/2.13.2/jackson-databind-2.13.2.jar
7fc5b28fa000-7fc5b28fb000 r--s 00001000 08:05 2243200                    /home/wj/.m2/repository/org/springframework/boot/spring-boot-starter-json/2.6.5/spring-boot-starter-json-2.6.5.jar
7fc5b28fb000-7fc5b28fc000 r--s 00001000 08:05 2243164                    /home/wj/.m2/repository/org/springframework/boot/spring-boot-starter-web/2.6.5/spring-boot-starter-web-2.6.5.jar
7fc5b28fc000-7fc5b28ff000 r--s 0000b000 08:05 2102376                    /home/wj/.m2/repository/org/objenesis/objenesis/2.5.1/objenesis-2.5.1.jar
7fc5b28ff000-7fc5b2900000 r--s 00001000 08:05 2102374                    /home/wj/.m2/repository/com/esotericsoftware/minlog/1.3.0/minlog-1.3.0.jar
7fc5b2900000-7fc5b2902000 r--s 0000c000 08:05 2102372                    /home/wj/.m2/repository/org/ow2/asm/asm/5.0.4/asm-5.0.4.jar
7fc5b2902000-7fc5b2904000 r--s 00004000 08:05 2102370                    /home/wj/.m2/repository/com/esotericsoftware/reflectasm/1.11.3/reflectasm-1.11.3.jar
7fc5b2904000-7fc5b290b000 r--s 0004c000 08:05 2102360                    /home/wj/.m2/repository/com/esotericsoftware/kryo/4.0.1/kryo-4.0.1.jar
7fc5b290b000-7fc5b2924000 r--s 001c4000 08:05 2243170                    /home/wj/.m2/repository/org/projectlombok/lombok/1.18.22/lombok-1.18.22.jar
7fc5b2924000-7fc5b292b000 r--s 0004a000 08:05 2243218                    /home/wj/.m2/repository/org/yaml/snakeyaml/1.29/snakeyaml-1.29.jar
7fc5b292b000-7fc5b292d000 r--s 00005000 08:05 2102562                    /home/wj/.m2/repository/jakarta/annotation/jakarta.annotation-api/1.3.5/jakarta.annotation-api-1.3.5.jar
7fc5b292d000-7fc5b292f000 r--s 00000000 08:05 2102616                    /home/wj/.m2/repository/org/slf4j/jul-to-slf4j/1.7.36/jul-to-slf4j-1.7.36.jar
7fc5b292f000-7fc5b2935000 r--s 00044000 08:05 2102614                    /home/wj/.m2/repository/org/apache/logging/log4j/log4j-api/2.17.2/log4j-api-2.17.2.jar
7fc5b2935000-7fc5b2937000 r--s 00003000 08:05 2102612                    /home/wj/.m2/repository/org/apache/logging/log4j/log4j-to-slf4j/2.17.2/log4j-to-slf4j-2.17.2.jar
7fc5b2937000-7fc5b2938000 r--s 00001000 08:05 2243216                    /home/wj/.m2/repository/org/springframework/boot/spring-boot-starter-logging/2.6.5/spring-boot-starter-logging-2.6.5.jar
7fc5b2938000-7fc5b31b0000 r--p 00000000 08:05 2623780                    /usr/lib/locale/locale-archive
7fc5b31b0000-7fc5b5000000 rw-p 00000000 00:00 0 
7fc5b5000000-7fc5b5670000 rwxp 00000000 00:00 0 
7fc5b5670000-7fc5c4000000 ---p 00000000 00:00 0 
7fc5c4000000-7fc5c4dca000 rw-p 00000000 00:00 0 
7fc5c4dca000-7fc5c8000000 ---p 00000000 00:00 0 
7fc5c8000000-7fc5c802d000 r--s 00162000 08:05 2243178                    /home/wj/.m2/repository/org/springframework/boot/spring-boot-autoconfigure/2.6.5/spring-boot-autoconfigure-2.6.5.jar
7fc5c802d000-7fc5c804b000 r--s 0013e000 08:05 2243173                    /home/wj/.m2/repository/org/springframework/boot/spring-boot/2.6.5/spring-boot-2.6.5.jar
7fc5c804b000-7fc5c804c000 r--s 00001000 08:05 2243168                    /home/wj/.m2/repository/org/springframework/boot/spring-boot-starter/2.6.5/spring-boot-starter-2.6.5.jar
7fc5c804c000-7fc5c805e000 r--s 0034c000 08:05 2753290                    /usr/lib/jvm/java-8-openjdk-amd64/jre/lib/resources.jar
7fc5c805e000-7fc5c805f000 r--s 00000000 08:05 2753288                    /usr/lib/jvm/java-8-openjdk-amd64/jre/lib/management-agent.jar
7fc5c805f000-7fc5c8070000 r--s 001c5000 08:05 2753285                    /usr/lib/jvm/java-8-openjdk-amd64/jre/lib/jsse.jar
7fc5c8070000-7fc5c8077000 r--s 000d3000 08:05 2753284                    /usr/lib/jvm/java-8-openjdk-amd64/jre/lib/jfr.jar
7fc5c8077000-7fc5c8079000 r--s 00016000 08:05 2753279                    /usr/lib/jvm/java-8-openjdk-amd64/jre/lib/jce.jar
7fc5c8079000-7fc5c807e000 r--s 002fa000 08:05 2753249                    /usr/lib/jvm/java-8-openjdk-amd64/jre/lib/charsets.jar
7fc5c807e000-7fc5c8081000 r--s 0000f000 08:05 2753261                    /usr/lib/jvm/java-8-openjdk-amd64/jre/lib/ext/icedtea-sound.jar
7fc5c8081000-7fc5c8084000 r--s 00042000 08:05 2753267                    /usr/lib/jvm/java-8-openjdk-amd64/jre/lib/ext/sunpkcs11.jar
7fc5c8084000-7fc5c8086000 r--s 00001000 08:05 2753260                    /usr/lib/jvm/java-8-openjdk-amd64/jre/lib/ext/dnsns.jar
7fc5c8086000-7fc5c8088000 r--s 00008000 08:05 2753265                    /usr/lib/jvm/java-8-openjdk-amd64/jre/lib/ext/sunec.jar
7fc5c8088000-7fc5c80a4000 r--s 00394000 08:05 2753259                    /usr/lib/jvm/java-8-openjdk-amd64/jre/lib/ext/cldrdata.jar
7fc5c80a4000-7fc5c80ae000 r--s 00117000 08:05 2753263                    /usr/lib/jvm/java-8-openjdk-amd64/jre/lib/ext/localedata.jar
7fc5c80ae000-7fc5c80b4000 r--s 0003e000 08:05 2753266                    /usr/lib/jvm/java-8-openjdk-amd64/jre/lib/ext/sunjce_provider.jar
7fc5c80b4000-7fc5c80cf000 r--s 001d6000 08:05 2753264                    /usr/lib/jvm/java-8-openjdk-amd64/jre/lib/ext/nashorn.jar
7fc5c80cf000-7fc5c80d2000 ---p 00000000 00:00 0 
7fc5c80d2000-7fc5c81cf000 rw-p 00000000 00:00 0 
7fc5c81cf000-7fc5c81d2000 ---p 00000000 00:00 0 
7fc5c81d2000-7fc5c82cf000 rw-p 00000000 00:00 0 
7fc5c82cf000-7fc5c82d2000 ---p 00000000 00:00 0 
7fc5c82d2000-7fc5c83cf000 rw-p 00000000 00:00 0 
7fc5c83cf000-7fc5c83d0000 ---p 00000000 00:00 0 
7fc5c83d0000-7fc5c8e27000 rw-p 00000000 00:00 0 
7fc5c8e27000-7fc5c8ff9000 r--s 03ccc000 08:05 2753291                    /usr/lib/jvm/java-8-openjdk-amd64/jre/lib/rt.jar
7fc5c8ff9000-7fc5c9ac2000 rw-p 00000000 00:00 0 
7fc5c9ac2000-7fc5c9ac3000 ---p 00000000 00:00 0 
7fc5c9ac3000-7fc5c9bc3000 rw-p 00000000 00:00 0 
7fc5c9bc3000-7fc5c9bc4000 ---p 00000000 00:00 0 
7fc5c9bc4000-7fc5c9cd6000 rw-p 00000000 00:00 0 
7fc5c9cd6000-7fc5c9e08000 ---p 00000000 00:00 0 
7fc5c9e08000-7fc5c9e1a000 rw-p 00000000 00:00 0 
7fc5c9e1a000-7fc5c9f4b000 ---p 00000000 00:00 0 
7fc5c9f4b000-7fc5c9fa4000 rw-p 00000000 00:00 0 
7fc5c9fa4000-7fc5c9fed000 ---p 00000000 00:00 0 
7fc5c9fed000-7fc5ca008000 rw-p 00000000 00:00 0 
7fc5ca008000-7fc5ca3ae000 ---p 00000000 00:00 0 
7fc5ca3ae000-7fc5ca3b1000 r--p 00000000 08:05 2753244                    /usr/lib/jvm/java-8-openjdk-amd64/jre/lib/amd64/libzip.so
7fc5ca3b1000-7fc5ca3b6000 r-xp 00003000 08:05 2753244                    /usr/lib/jvm/java-8-openjdk-amd64/jre/lib/amd64/libzip.so
7fc5ca3b6000-7fc5ca3b8000 r--p 00008000 08:05 2753244                    /usr/lib/jvm/java-8-openjdk-amd64/jre/lib/amd64/libzip.so
7fc5ca3b8000-7fc5ca3b9000 r--p 00009000 08:05 2753244                    /usr/lib/jvm/java-8-openjdk-amd64/jre/lib/amd64/libzip.so
7fc5ca3b9000-7fc5ca3ba000 rw-p 0000a000 08:05 2753244                    /usr/lib/jvm/java-8-openjdk-amd64/jre/lib/amd64/libzip.so
7fc5ca3ba000-7fc5ca3bc000 r--p 00000000 08:05 2753220                    /usr/lib/jvm/java-8-openjdk-amd64/jre/lib/amd64/libinstrument.so
7fc5ca3bc000-7fc5ca3c3000 r-xp 00002000 08:05 2753220                    /usr/lib/jvm/java-8-openjdk-amd64/jre/lib/amd64/libinstrument.so
7fc5ca3c3000-7fc5ca3c6000 r--p 00009000 08:05 2753220                    /usr/lib/jvm/java-8-openjdk-amd64/jre/lib/amd64/libinstrument.so
7fc5ca3c6000-7fc5ca3c7000 r--p 0000b000 08:05 2753220                    /usr/lib/jvm/java-8-openjdk-amd64/jre/lib/amd64/libinstrument.so
7fc5ca3c7000-7fc5ca3c8000 rw-p 0000c000 08:05 2753220                    /usr/lib/jvm/java-8-openjdk-amd64/jre/lib/amd64/libinstrument.so
7fc5ca3c8000-7fc5ca3d5000 r--p 00000000 08:05 2753225                    /usr/lib/jvm/java-8-openjdk-amd64/jre/lib/amd64/libjava.so
7fc5ca3d5000-7fc5ca3ed000 r-xp 0000d000 08:05 2753225                    /usr/lib/jvm/java-8-openjdk-amd64/jre/lib/amd64/libjava.so
7fc5ca3ed000-7fc5ca3f4000 r--p 00025000 08:05 2753225                    /usr/lib/jvm/java-8-openjdk-amd64/jre/lib/amd64/libjava.so
7fc5ca3f4000-7fc5ca3f5000 r--p 0002b000 08:05 2753225                    /usr/lib/jvm/java-8-openjdk-amd64/jre/lib/amd64/libjava.so
7fc5ca3f5000-7fc5ca3f7000 rw-p 0002c000 08:05 2753225                    /usr/lib/jvm/java-8-openjdk-amd64/jre/lib/amd64/libjava.so
7fc5ca3f7000-7fc5ca3fc000 r--p 00000000 08:05 2753243                    /usr/lib/jvm/java-8-openjdk-amd64/jre/lib/amd64/libverify.so
7fc5ca3fc000-7fc5ca405000 r-xp 00005000 08:05 2753243                    /usr/lib/jvm/java-8-openjdk-amd64/jre/lib/amd64/libverify.so
7fc5ca405000-7fc5ca407000 r--p 0000e000 08:05 2753243                    /usr/lib/jvm/java-8-openjdk-amd64/jre/lib/amd64/libverify.so
7fc5ca407000-7fc5ca409000 r--p 0000f000 08:05 2753243                    /usr/lib/jvm/java-8-openjdk-amd64/jre/lib/amd64/libverify.so
7fc5ca409000-7fc5ca40a000 rw-p 00011000 08:05 2753243                    /usr/lib/jvm/java-8-openjdk-amd64/jre/lib/amd64/libverify.so
7fc5ca40a000-7fc5ca40b000 r--p 00000000 08:05 2623930                    /usr/lib/x86_64-linux-gnu/librt.so.1
7fc5ca40b000-7fc5ca40c000 r-xp 00001000 08:05 2623930                    /usr/lib/x86_64-linux-gnu/librt.so.1
7fc5ca40c000-7fc5ca40d000 r--p 00002000 08:05 2623930                    /usr/lib/x86_64-linux-gnu/librt.so.1
7fc5ca40d000-7fc5ca40e000 r--p 00002000 08:05 2623930                    /usr/lib/x86_64-linux-gnu/librt.so.1
7fc5ca40e000-7fc5ca40f000 rw-p 00003000 08:05 2623930                    /usr/lib/x86_64-linux-gnu/librt.so.1
7fc5ca40f000-7fc5ca410000 ---p 00000000 00:00 0 
7fc5ca410000-7fc5ca413000 ---p 00000000 00:00 0 
7fc5ca413000-7fc5ca510000 rw-p 00000000 00:00 0 
7fc5ca510000-7fc5ca513000 r--p 00000000 08:05 2623667                    /usr/lib/x86_64-linux-gnu/libgcc_s.so.1
7fc5ca513000-7fc5ca525000 r-xp 00003000 08:05 2623667                    /usr/lib/x86_64-linux-gnu/libgcc_s.so.1
7fc5ca525000-7fc5ca529000 r--p 00015000 08:05 2623667                    /usr/lib/x86_64-linux-gnu/libgcc_s.so.1
7fc5ca529000-7fc5ca52a000 r--p 00018000 08:05 2623667                    /usr/lib/x86_64-linux-gnu/libgcc_s.so.1
7fc5ca52a000-7fc5ca52b000 rw-p 00019000 08:05 2623667                    /usr/lib/x86_64-linux-gnu/libgcc_s.so.1
7fc5ca52b000-7fc5ca539000 r--p 00000000 08:05 2623910                    /usr/lib/x86_64-linux-gnu/libm.so.6
7fc5ca539000-7fc5ca5b5000 r-xp 0000e000 08:05 2623910                    /usr/lib/x86_64-linux-gnu/libm.so.6
7fc5ca5b5000-7fc5ca610000 r--p 0008a000 08:05 2623910                    /usr/lib/x86_64-linux-gnu/libm.so.6
7fc5ca610000-7fc5ca611000 r--p 000e4000 08:05 2623910                    /usr/lib/x86_64-linux-gnu/libm.so.6
7fc5ca611000-7fc5ca612000 rw-p 000e5000 08:05 2623910                    /usr/lib/x86_64-linux-gnu/libm.so.6
7fc5ca612000-7fc5ca6a8000 r--p 00000000 08:05 2623640                    /usr/lib/x86_64-linux-gnu/libstdc++.so.6.0.28
7fc5ca6a8000-7fc5ca799000 r-xp 00096000 08:05 2623640                    /usr/lib/x86_64-linux-gnu/libstdc++.so.6.0.28
7fc5ca799000-7fc5ca7e2000 r--p 00187000 08:05 2623640                    /usr/lib/x86_64-linux-gnu/libstdc++.so.6.0.28
7fc5ca7e2000-7fc5ca7e3000 ---p 001d0000 08:05 2623640                    /usr/lib/x86_64-linux-gnu/libstdc++.so.6.0.28
7fc5ca7e3000-7fc5ca7ee000 r--p 001d0000 08:05 2623640                    /usr/lib/x86_64-linux-gnu/libstdc++.so.6.0.28
7fc5ca7ee000-7fc5ca7f1000 rw-p 001db000 08:05 2623640                    /usr/lib/x86_64-linux-gnu/libstdc++.so.6.0.28
7fc5ca7f1000-7fc5ca7f4000 rw-p 00000000 00:00 0 
7fc5ca7f4000-7fc5ca9ea000 r--p 00000000 08:05 2753247                    /usr/lib/jvm/java-8-openjdk-amd64/jre/lib/amd64/server/libjvm.so
7fc5ca9ea000-7fc5cb356000 r-xp 001f6000 08:05 2753247                    /usr/lib/jvm/java-8-openjdk-amd64/jre/lib/amd64/server/libjvm.so
7fc5cb356000-7fc5cb509000 r--p 00b62000 08:05 2753247                    /usr/lib/jvm/java-8-openjdk-amd64/jre/lib/amd64/server/libjvm.so
7fc5cb509000-7fc5cb59f000 r--p 00d14000 08:05 2753247                    /usr/lib/jvm/java-8-openjdk-amd64/jre/lib/amd64/server/libjvm.so
7fc5cb59f000-7fc5cb5c8000 rw-p 00daa000 08:05 2753247                    /usr/lib/jvm/java-8-openjdk-amd64/jre/lib/amd64/server/libjvm.so
7fc5cb5c8000-7fc5cb5ff000 rw-p 00000000 00:00 0 
7fc5cb5ff000-7fc5cb627000 r--p 00000000 08:05 2623905                    /usr/lib/x86_64-linux-gnu/libc.so.6
7fc5cb627000-7fc5cb7bc000 r-xp 00028000 08:05 2623905                    /usr/lib/x86_64-linux-gnu/libc.so.6
7fc5cb7bc000-7fc5cb814000 r--p 001bd000 08:05 2623905                    /usr/lib/x86_64-linux-gnu/libc.so.6
7fc5cb814000-7fc5cb818000 r--p 00214000 08:05 2623905                    /usr/lib/x86_64-linux-gnu/libc.so.6
7fc5cb818000-7fc5cb81a000 rw-p 00218000 08:05 2623905                    /usr/lib/x86_64-linux-gnu/libc.so.6
7fc5cb81a000-7fc5cb827000 rw-p 00000000 00:00 0 
7fc5cb827000-7fc5cb828000 r--p 00000000 08:05 2623908                    /usr/lib/x86_64-linux-gnu/libdl.so.2
7fc5cb828000-7fc5cb829000 r-xp 00001000 08:05 2623908                    /usr/lib/x86_64-linux-gnu/libdl.so.2
7fc5cb829000-7fc5cb82a000 r--p 00002000 08:05 2623908                    /usr/lib/x86_64-linux-gnu/libdl.so.2
7fc5cb82a000-7fc5cb82b000 r--p 00002000 08:05 2623908                    /usr/lib/x86_64-linux-gnu/libdl.so.2
7fc5cb82b000-7fc5cb82c000 rw-p 00003000 08:05 2623908                    /usr/lib/x86_64-linux-gnu/libdl.so.2
7fc5cb82c000-7fc5cb82f000 r--p 00000000 08:05 2753211                    /usr/lib/jvm/java-8-openjdk-amd64/jre/lib/amd64/jli/libjli.so
7fc5cb82f000-7fc5cb839000 r-xp 00003000 08:05 2753211                    /usr/lib/jvm/java-8-openjdk-amd64/jre/lib/amd64/jli/libjli.so
7fc5cb839000-7fc5cb83c000 r--p 0000d000 08:05 2753211                    /usr/lib/jvm/java-8-openjdk-amd64/jre/lib/amd64/jli/libjli.so
7fc5cb83c000-7fc5cb83d000 r--p 0000f000 08:05 2753211                    /usr/lib/jvm/java-8-openjdk-amd64/jre/lib/amd64/jli/libjli.so
7fc5cb83d000-7fc5cb83e000 rw-p 00010000 08:05 2753211                    /usr/lib/jvm/java-8-openjdk-amd64/jre/lib/amd64/jli/libjli.so
7fc5cb83e000-7fc5cb840000 r--p 00000000 08:05 2628913                    /usr/lib/x86_64-linux-gnu/libz.so.1.2.11
7fc5cb840000-7fc5cb851000 r-xp 00002000 08:05 2628913                    /usr/lib/x86_64-linux-gnu/libz.so.1.2.11
7fc5cb851000-7fc5cb857000 r--p 00013000 08:05 2628913                    /usr/lib/x86_64-linux-gnu/libz.so.1.2.11
7fc5cb857000-7fc5cb858000 ---p 00019000 08:05 2628913                    /usr/lib/x86_64-linux-gnu/libz.so.1.2.11
7fc5cb858000-7fc5cb859000 r--p 00019000 08:05 2628913                    /usr/lib/x86_64-linux-gnu/libz.so.1.2.11
7fc5cb859000-7fc5cb85a000 rw-p 0001a000 08:05 2628913                    /usr/lib/x86_64-linux-gnu/libz.so.1.2.11
7fc5cb85a000-7fc5cb85b000 r--p 00000000 08:05 2623926                    /usr/lib/x86_64-linux-gnu/libpthread.so.0
7fc5cb85b000-7fc5cb85c000 r-xp 00001000 08:05 2623926                    /usr/lib/x86_64-linux-gnu/libpthread.so.0
7fc5cb85c000-7fc5cb85d000 r--p 00002000 08:05 2623926                    /usr/lib/x86_64-linux-gnu/libpthread.so.0
7fc5cb85d000-7fc5cb85e000 r--p 00002000 08:05 2623926                    /usr/lib/x86_64-linux-gnu/libpthread.so.0
7fc5cb85e000-7fc5cb85f000 rw-p 00003000 08:05 2623926                    /usr/lib/x86_64-linux-gnu/libpthread.so.0
7fc5cb85f000-7fc5cb860000 r--s 0000a000 08:05 2753262                    /usr/lib/jvm/java-8-openjdk-amd64/jre/lib/ext/jaccess.jar
7fc5cb860000-7fc5cb862000 r--s 00010000 08:05 2753268                    /usr/lib/jvm/java-8-openjdk-amd64/jre/lib/ext/zipfs.jar
7fc5cb862000-7fc5cb864000 r--s 0000c000 08:05 2888732                    /usr/share/java/java-atk-wrapper.jar
7fc5cb864000-7fc5cb86c000 rw-s 00000000 08:05 917932                     /tmp/hsperfdata_wj/921843
7fc5cb86c000-7fc5cb86f000 rw-p 00000000 00:00 0 
7fc5cb86f000-7fc5cb871000 r--p 00000000 08:05 2622080                    /usr/lib/x86_64-linux-gnu/ld-linux-x86-64.so.2
7fc5cb871000-7fc5cb89b000 r-xp 00002000 08:05 2622080                    /usr/lib/x86_64-linux-gnu/ld-linux-x86-64.so.2
7fc5cb89b000-7fc5cb8a6000 r--p 0002c000 08:05 2622080                    /usr/lib/x86_64-linux-gnu/ld-linux-x86-64.so.2
7fc5cb8a6000-7fc5cb8a7000 r--p 00000000 00:00 0 
7fc5cb8a7000-7fc5cb8a9000 r--p 00037000 08:05 2622080                    /usr/lib/x86_64-linux-gnu/ld-linux-x86-64.so.2
7fc5cb8a9000-7fc5cb8ab000 rw-p 00039000 08:05 2622080                    /usr/lib/x86_64-linux-gnu/ld-linux-x86-64.so.2
7ffddeb98000-7ffddebbb000 rw-p 00000000 00:00 0                          [stack]
7ffddebdb000-7ffddebdf000 r--p 00000000 00:00 0                          [vvar]
7ffddebdf000-7ffddebe1000 r-xp 00000000 00:00 0                          [vdso]
ffffffffff600000-ffffffffff601000 --xp 00000000 00:00 0                  [vsyscall]

VM Arguments:
jvm_args: -XX:TieredStopAtLevel=1 -Xverify:none -Dspring.output.ansi.enabled=always -Dcom.sun.management.jmxremote -Dspring.jmx.enabled=true -Dspring.liveBeansView.mbeanDomain -Dspring.application.admin.enabled=true -Dmanagement.endpoints.jmx.exposure.include=* -javaagent:/home/wj/下载/ideaIU-2024.2.1/idea-IU-242.21829.142/lib/idea_rt.jar=45059:/home/wj/下载/ideaIU-2024.2.1/idea-IU-242.21829.142/bin -Dfile.encoding=UTF-8 
java_command: com.example.MinerApplication genesis -repo=./data/genesis --spring.config.location=./data/genesis/node.properties
java_class_path (initial): /usr/lib/jvm/java-1.8.0-openjdk-amd64/jre/lib/charsets.jar:/usr/lib/jvm/java-1.8.0-openjdk-amd64/jre/lib/ext/cldrdata.jar:/usr/lib/jvm/java-1.8.0-openjdk-amd64/jre/lib/ext/dnsns.jar:/usr/lib/jvm/java-1.8.0-openjdk-amd64/jre/lib/ext/icedtea-sound.jar:/usr/lib/jvm/java-1.8.0-openjdk-amd64/jre/lib/ext/jaccess.jar:/usr/lib/jvm/java-1.8.0-openjdk-amd64/jre/lib/ext/java-atk-wrapper.jar:/usr/lib/jvm/java-1.8.0-openjdk-amd64/jre/lib/ext/localedata.jar:/usr/lib/jvm/java-1.8.0-openjdk-amd64/jre/lib/ext/nashorn.jar:/usr/lib/jvm/java-1.8.0-openjdk-amd64/jre/lib/ext/sunec.jar:/usr/lib/jvm/java-1.8.0-openjdk-amd64/jre/lib/ext/sunjce_provider.jar:/usr/lib/jvm/java-1.8.0-openjdk-amd64/jre/lib/ext/sunpkcs11.jar:/usr/lib/jvm/java-1.8.0-openjdk-amd64/jre/lib/ext/zipfs.jar:/usr/lib/jvm/java-1.8.0-openjdk-amd64/jre/lib/jce.jar:/usr/lib/jvm/java-1.8.0-openjdk-amd64/jre/lib/jfr.jar:/usr/lib/jvm/java-1.8.0-openjdk-amd64/jre/lib/jsse.jar:/usr/lib/jvm/java-1.8.0-openjdk-amd64/jre/lib/management-agent.jar:/usr/lib/jvm/java-1.8.0-openjdk-amd64/jre/lib/resources.jar:/usr/lib/jvm/java-1.8.0-openjdk-amd64/jre/lib/rt.jar:/home/wj/pofChain/pof-miner/target/classes:/home/wj/pofChain/pof-base/target/classes:/home/wj/.m2/repository/org/springframework/boot/spring-boot-starter/2.6.5/spring-boot-starter-2.6.5.jar:/home/wj/.m2/repository/org/springframework/boot/spring-boot/2.6.5/spring-boot-2.6.5.jar:/home/wj/.m2/repository/org/springframework/boot/spring-boot-autoconfigure/2.6.5/spring-boot-autoconfigure-2.6.5.jar:/home/wj/.m2/repository/org/springframework/boot/spring-boot-starter-logging/2.6.5/spring-boot-starter-logging-2.6.5.jar:/home/wj/.m2/repository/org/apache/logging/log4j/log4j-to-slf4j/2.17.2/log4j-to-slf4j-2.17.2.jar:/home/wj/.m2/repository/org/apache/logging/log4j/log4j-api/2.17.2/log4j-api-2.17.2.jar:/home/wj/.m2/repository/org/slf4j/jul-to-slf4j/1.7.36/jul-to-slf4j-1.7.36.jar:/home/wj/.m2/repository/jakarta/annotation/jakarta.annotation-api/1.3.5/jakarta.annot
Launcher Type: SUN_STANDARD

Environment Variables:
PATH=/usr/local/sbin:/usr/local/bin:/usr/sbin:/usr/bin:/sbin:/bin:/usr/games:/usr/local/games:/snap/bin
USERNAME=wj
SHELL=/bin/bash
DISPLAY=:0

Signal Handlers:
SIGSEGV: [libjvm.so+0xb3b520], sa_mask[0]=11111111011111111101111111111110, sa_flags=SA_RESTART|SA_SIGINFO
SIGBUS: [libjvm.so+0xb3b520], sa_mask[0]=11111111011111111101111111111110, sa_flags=SA_RESTART|SA_SIGINFO
SIGFPE: [libjvm.so+0x97e510], sa_mask[0]=11111111011111111101111111111110, sa_flags=SA_RESTART|SA_SIGINFO
SIGPIPE: [libjvm.so+0x97e510], sa_mask[0]=11111111011111111101111111111110, sa_flags=SA_RESTART|SA_SIGINFO
SIGXFSZ: [libjvm.so+0x97e510], sa_mask[0]=11111111011111111101111111111110, sa_flags=SA_RESTART|SA_SIGINFO
SIGILL: [libjvm.so+0x97e510], sa_mask[0]=11111111011111111101111111111110, sa_flags=SA_RESTART|SA_SIGINFO
SIGUSR1: SIG_DFL, sa_mask[0]=00000000000000000000000000000000, sa_flags=none
SIGUSR2: [libjvm.so+0x97e840], sa_mask[0]=00000000000000000000000000000000, sa_flags=SA_RESTART|SA_SIGINFO
SIGHUP: [libjvm.so+0x97e790], sa_mask[0]=11111111011111111101111111111110, sa_flags=SA_RESTART|SA_SIGINFO
SIGINT: [libjvm.so+0x97e790], sa_mask[0]=11111111011111111101111111111110, sa_flags=SA_RESTART|SA_SIGINFO
SIGTERM: [libjvm.so+0x97e790], sa_mask[0]=11111111011111111101111111111110, sa_flags=SA_RESTART|SA_SIGINFO
SIGQUIT: [libjvm.so+0x97e790], sa_mask[0]=11111111011111111101111111111110, sa_flags=SA_RESTART|SA_SIGINFO


---------------  S Y S T E M  ---------------

OS:DISTRIB_ID=Ubuntu
DISTRIB_RELEASE=20.04
DISTRIB_CODENAME=focal
DISTRIB_DESCRIPTION="Ubuntu 20.04.6 LTS"

uname:Linux 5.15.0-124-generic #134~20.04.1-Ubuntu SMP Tue Oct 1 15:27:33 UTC 2024 x86_64
libc:glibc 2.35 NPTL 2.35 
rlimit: STACK 8192k, CORE 0k, NPROC 15136, NOFILE 1048576, AS infinity
load average:4.42 1.76 1.15

/proc/meminfo:
MemTotal:        3968956 kB
MemFree:          106464 kB
MemAvailable:     310844 kB
Buffers:           14852 kB
Cached:           365208 kB
SwapCached:        55048 kB
Active:          1403580 kB
Inactive:        1866324 kB
Active(anon):    1161924 kB
Inactive(anon):  1730644 kB
Active(file):     241656 kB
Inactive(file):   135680 kB
Unevictable:          16 kB
Mlocked:              16 kB
SwapTotal:       2097148 kB
SwapFree:        1037272 kB
Dirty:              4628 kB
Writeback:             0 kB
AnonPages:       2840980 kB
Mapped:           161676 kB
Shmem:              2724 kB
KReclaimable:      62536 kB
Slab:             153232 kB
SReclaimable:      62536 kB
SUnreclaim:        90696 kB
KernelStack:       12780 kB
PageTables:        25024 kB
NFS_Unstable:          0 kB
Bounce:                0 kB
WritebackTmp:          0 kB
CommitLimit:     4081624 kB
Committed_AS:    7353056 kB
VmallocTotal:   34359738367 kB
VmallocUsed:       61856 kB
VmallocChunk:          0 kB
Percpu:           102400 kB
HardwareCorrupted:     0 kB
AnonHugePages:         0 kB
ShmemHugePages:        0 kB
ShmemPmdMapped:        0 kB
FileHugePages:         0 kB
FilePmdMapped:         0 kB
HugePages_Total:       0
HugePages_Free:        0
HugePages_Rsvd:        0
HugePages_Surp:        0
Hugepagesize:       2048 kB
Hugetlb:               0 kB
DirectMap4k:      290624 kB
DirectMap2M:     3903488 kB
DirectMap1G:     2097152 kB

container (cgroup) information:
container_type: cgroupv1
cpu_cpuset_cpus: 0-1
cpu_memory_nodes: 0
active_processor_count: 2
cpu_quota: -1
cpu_period: 100000
cpu_shares: -1
memory_limit_in_bytes: -1
memory_and_swap_limit_in_bytes: -1
memory_soft_limit_in_bytes: -1
memory_usage_in_bytes: 3226566656
memory_max_usage_in_bytes: 3377381376


CPU:total 2 (initial active 2) (1 cores per cpu, 1 threads per core) family 6 model 191 stepping 2, cmov, cx8, fxsr, mmx, sse, sse2, sse3, ssse3, sse4.1, sse4.2, popcnt, avx, avx2, aes, clmul, erms, 3dnowpref, lzcnt, tsc, tscinvbit, bmi1, bmi2, adx

/proc/cpuinfo:
processor	: 0
vendor_id	: GenuineIntel
cpu family	: 6
model		: 191
model name	: 13th Gen Intel(R) Core(TM) i5-13500HX
stepping	: 2
microcode	: 0x34
cpu MHz		: 2688.001
cache size	: 24576 KB
physical id	: 0
siblings	: 1
core id		: 0
cpu cores	: 1
apicid		: 0
initial apicid	: 0
fpu		: yes
fpu_exception	: yes
cpuid level	: 32
wp		: yes
flags		: fpu vme de pse tsc msr pae mce cx8 apic sep mtrr pge mca cmov pat pse36 clflush mmx fxsr sse sse2 ss syscall nx pdpe1gb rdtscp lm constant_tsc arch_perfmon rep_good nopl xtopology tsc_reliable nonstop_tsc cpuid tsc_known_freq pni pclmulqdq ssse3 fma cx16 pcid sse4_1 sse4_2 x2apic movbe popcnt tsc_deadline_timer aes xsave avx f16c rdrand hypervisor lahf_lm abm 3dnowprefetch invpcid_single ssbd ibrs ibpb stibp ibrs_enhanced fsgsbase tsc_adjust bmi1 avx2 smep bmi2 erms invpcid rdseed adx smap clflushopt clwb sha_ni xsaveopt xsavec xgetbv1 xsaves avx_vnni arat umip pku ospke gfni vaes vpclmulqdq rdpid movdiri movdir64b fsrm md_clear serialize flush_l1d arch_capabilities
bugs		: spectre_v1 spectre_v2 spec_store_bypass swapgs itlb_multihit mmio_unknown eibrs_pbrsb rfds bhi
bogomips	: 5376.00
clflush size	: 64
cache_alignment	: 64
address sizes	: 45 bits physical, 48 bits virtual
power management:

processor	: 1
vendor_id	: GenuineIntel
cpu family	: 6
model		: 191
model name	: 13th Gen Intel(R) Core(TM) i5-13500HX
stepping	: 2
microcode	: 0x34
cpu MHz		: 2688.001
cache size	: 24576 KB
physical id	: 2
siblings	: 1
core id		: 0
cpu cores	: 1
apicid		: 2
initial apicid	: 2
fpu		: yes
fpu_exception	: yes
cpuid level	: 32
wp		: yes
flags		: fpu vme de pse tsc msr pae mce cx8 apic sep mtrr pge mca cmov pat pse36 clflush mmx fxsr sse sse2 ss syscall nx pdpe1gb rdtscp lm constant_tsc arch_perfmon rep_good nopl xtopology tsc_reliable nonstop_tsc cpuid tsc_known_freq pni pclmulqdq ssse3 fma cx16 pcid sse4_1 sse4_2 x2apic movbe popcnt tsc_deadline_timer aes xsave avx f16c rdrand hypervisor lahf_lm abm 3dnowprefetch invpcid_single ssbd ibrs ibpb stibp ibrs_enhanced fsgsbase tsc_adjust bmi1 avx2 smep bmi2 erms invpcid rdseed adx smap clflushopt clwb sha_ni xsaveopt xsavec xgetbv1 xsaves avx_vnni arat umip pku ospke gfni vaes vpclmulqdq rdpid movdiri movdir64b fsrm md_clear serialize flush_l1d arch_capabilities
bugs		: spectre_v1 spectre_v2 spec_store_bypass swapgs itlb_multihit mmio_unknown eibrs_pbrsb rfds bhi
bogomips	: 5376.00
clflush size	: 64
cache_alignment	: 64
address sizes	: 45 bits physical, 48 bits virtual
power management:



Memory: 4k page, physical 3968956k(106464k free), swap 2097148k(1037272k free)

vm_info: OpenJDK 64-Bit Server VM (25.422-b05) for linux-amd64 JRE (1.8.0_422-8u422-b05-1~20.04-b05), built on Jul 21 2024 21:59:24 by "buildd" with gcc 9.4.0

time: Tue Nov  5 10:47:18 2024
timezone: CST
elapsed time: 47.256063 seconds (0d 0h 0m 47s)

